"File: DDELog(Excel:M13	1	1)::C:\Users\user\Desktop\clemens\20_07_22_DRG_AOP\M13_DRG_20_7\M13.LOG"
"Date: Wed Jul 20 2022 11:3:11.233"
0.0000, "Wavelength Names:	340	385	GFP	Wavelength 4	555"
"Time (sec)"
54.8040
114.1950
157.8030
0.0000, "Clock reset to 0.0"
"Region 1: [Location: (104, 68), Size: (74, 57), Area: 3256]"
"Region 2: [Location: (314, 125), Size: (33, 34), Area: 858]"
"Region 3: [Location: (252, 174), Size: (29, 33), Area: 737]"
"Region 4: [Location: (283, 230), Size: (42, 36), Area: 1164]"
"Region 5: [Location: (60, 156), Size: (30, 25), Area: 582]"
"Region 6: [Location: (38, 375), Size: (39, 41), Area: 1239]"
"Time (sec)", "R1 W1 Avg", "R1 W2 Avg", "R2 W1 Avg", "R2 W2 Avg", "R3 W1 Avg", "R3 W2 Avg", "R4 W1 Avg", "R4 W2 Avg", "R5 W1 Avg", "R5 W2 Avg", "R6 W1 Avg", "R6 W2 Avg"
1.6570, 1717.8805, 5050.7912, 1674.5396, 3559.3648, 1661.5034, 3016.1113, 1655.5662, 2829.9648, 1602.7131, 1621.4227, 1601.1001, 1617.9475
2.6570, 1706.0126, 5049.0393, 1663.8147, 3553.2762, 1652.1723, 3016.8548, 1645.5387, 2829.7612, 1586.3660, 1620.5825, 1587.5496, 1616.0533
4.1160, 1706.0372, 5048.5857, 1663.3776, 3556.8741, 1652.6526, 3015.2782, 1644.0997, 2829.4622, 1587.9107, 1620.1598, 1587.0767, 1615.5577
5.1160, 1705.4134, 5046.9312, 1661.1702, 3552.2261, 1652.2714, 3011.9417, 1645.9622, 2829.0017, 1587.9656, 1619.6615, 1588.8257, 1616.2058
6.1160, 1705.1244, 5047.6830, 1663.4767, 3554.2867, 1652.0312, 3015.6581, 1643.6143, 2826.0507, 1588.9210, 1620.5979, 1586.5004, 1616.6457
7.1160, 1706.1496, 5043.5040, 1664.6469, 3552.4487, 1651.0407, 3013.6228, 1644.5799, 2825.3110, 1588.7062, 1619.2595, 1587.0266, 1617.0065
8.1160, 1705.2850, 5041.7445, 1662.4674, 3549.7226, 1651.9145, 3016.4274, 1645.8797, 2823.7758, 1588.3213, 1619.7010, 1586.0073, 1615.8935
9.1160, 1706.0946, 5042.7718, 1662.8613, 3550.9476, 1651.6974, 3017.2049, 1645.1005, 2821.5438, 1587.5653, 1619.2921, 1586.9952, 1616.2082
10.1160, 1706.4103, 5037.2042, 1663.8124, 3553.5781, 1652.4396, 3012.8942, 1643.7655, 2824.1100, 1587.7938, 1620.6220, 1587.6441, 1616.7474
11.1160, 1704.7297, 5038.2359, 1663.6620, 3546.3858, 1650.9498, 3010.6309, 1645.4038, 2826.2483, 1587.0430, 1618.7784, 1585.8087, 1616.4415
12.1160, 1705.7515, 5036.2325, 1663.8963, 3550.4056, 1652.0651, 3007.9688, 1644.6761, 2823.7706, 1587.5533, 1621.4519, 1587.0444, 1616.1542
13.1160, 1705.0402, 5036.6450, 1663.6037, 3547.3613, 1649.8820, 3010.7015, 1645.7637, 2825.1684, 1589.0842, 1619.6237, 1587.5835, 1615.8370
14.1160, 1705.7534, 5032.5946, 1662.5326, 3538.9382, 1651.1031, 3010.1085, 1644.3943, 2823.9553, 1587.9210, 1620.2199, 1586.8257, 1616.5311
15.1160, 1706.7116, 5032.1766, 1661.3007, 3535.8590, 1651.2293, 3016.7585, 1645.8806, 2823.5876, 1586.5292, 1620.1907, 1587.0823, 1616.6384
33.8620, 1711.0310, 5003.6861, 1670.2436, 3514.4441, 1656.1642, 3000.7422, 1652.3213, 2819.5318, 1596.9519, 1619.6787, 1597.1348, 1616.4560
34.8620, 1704.4693, 5001.8698, 1662.3823, 3512.9312, 1650.9186, 2997.7910, 1645.6503, 2818.4725, 1587.1684, 1621.3282, 1587.3963, 1616.1881
35.8620, 1704.3646, 5001.2795, 1664.7191, 3517.4406, 1652.2212, 2995.9118, 1643.6770, 2813.7096, 1589.0292, 1618.7887, 1587.0097, 1616.1041
36.8620, 1703.9708, 4997.9251, 1661.6387, 3512.0478, 1651.7965, 2994.2890, 1643.8651, 2814.4089, 1587.6168, 1617.7749, 1586.5940, 1616.7030
37.8620, 1703.0909, 4996.2411, 1661.2261, 3511.1876, 1649.6119, 2993.4152, 1644.1194, 2812.6495, 1588.1254, 1619.5292, 1587.1235, 1616.7022
38.8620, 1705.2233, 4991.8940, 1663.3916, 3516.9534, 1650.6242, 2992.4776, 1645.9974, 2813.8952, 1588.6770, 1620.2749, 1586.8386, 1615.3398
39.8620, 1703.6787, 4994.4997, 1661.3706, 3507.3322, 1649.6282, 2993.4613, 1642.7431, 2811.0945, 1588.0928, 1619.0550, 1586.9338, 1615.2534
40.8620, 1704.1081, 4993.6440, 1663.0000, 3506.6329, 1652.1058, 2994.7965, 1643.9210, 2810.2672, 1587.1031, 1619.2457, 1586.5480, 1614.7732
41.8620, 1704.6459, 4985.6769, 1662.5583, 3503.8112, 1651.2537, 2999.8223, 1645.8694, 2811.1710, 1588.6718, 1618.9210, 1586.1203, 1615.3769
42.8620, 1703.9767, 4993.6284, 1661.7821, 3502.5396, 1648.7775, 2999.8847, 1644.9064, 2814.9278, 1588.3179, 1619.4674, 1586.5892, 1616.0129
43.8620, 1704.8716, 4988.7583, 1662.0233, 3503.8834, 1650.1452, 2994.7517, 1645.2732, 2809.7259, 1585.3540, 1618.9158, 1587.8321, 1615.2220
44.8620, 1705.0513, 4988.2973, 1662.1538, 3502.0804, 1651.4790, 2991.8440, 1644.6881, 2807.1813, 1588.1976, 1617.7629, 1587.7409, 1616.2373
45.8620, 1704.4432, 4987.2260, 1662.4371, 3502.6527, 1650.8412, 2992.1818, 1644.9132, 2810.2354, 1588.0189, 1619.0120, 1586.7595, 1615.8168
46.8620, 1704.5516, 4988.0362, 1662.4510, 3503.4627, 1650.5441, 2991.6350, 1644.4880, 2810.3282, 1586.6306, 1618.5859, 1587.3503, 1616.4124
47.8620, 1703.8176, 4990.5931, 1662.0012, 3503.0315, 1651.2524, 2999.0760, 1644.6357, 2812.3625, 1587.7096, 1619.0515, 1586.8410, 1615.9685
48.8620, 1704.3870, 4988.0384, 1662.9254, 3503.9907, 1650.0936, 2995.3908, 1643.4768, 2812.5584, 1587.7302, 1619.4691, 1588.1146, 1615.5408
49.8620, 1703.3492, 4989.2353, 1661.3007, 3505.1725, 1649.7001, 3006.1411, 1643.4536, 2815.1125, 1587.1546, 1619.8471, 1586.7232, 1616.8967
50.8620, 1704.8034, 4986.5660, 1662.9441, 3501.6620, 1651.0122, 2998.2497, 1644.1615, 2817.2603, 1586.7887, 1618.8746, 1587.5529, 1615.8951
51.8620, 1704.8738, 4983.6953, 1661.7366, 3501.1445, 1650.6269, 2997.0190, 1645.3419, 2812.5885, 1587.2680, 1618.6100, 1586.0662, 1615.4003
52.8620, 1703.7752, 4982.1106, 1662.1434, 3504.1270, 1649.7639, 2996.4573, 1643.5988, 2812.6942, 1586.1512, 1618.5893, 1586.7942, 1616.9871
53.8620, 1704.3600, 4981.8612, 1662.1527, 3503.6352, 1649.3202, 3001.7028, 1645.6813, 2813.5215, 1586.4003, 1618.7251, 1587.4512, 1617.0743
54.8620, 1704.6883, 4979.2601, 1663.7937, 3503.9033, 1651.6174, 2994.7910, 1645.0498, 2814.9089, 1586.3522, 1619.5911, 1586.4189, 1616.5924
55.8620, 1703.7245, 4979.2002, 1662.1119, 3500.2809, 1650.1710, 3005.3121, 1644.7096, 2815.9802, 1587.5825, 1619.0893, 1588.3236, 1616.2034
56.8620, 1703.8974, 4977.2537, 1663.0524, 3498.8462, 1652.5224, 3001.2592, 1645.1400, 2813.2182, 1587.7440, 1620.3058, 1587.3850, 1615.1001
57.8620, 1703.5795, 4977.1775, 1661.8869, 3498.8788, 1652.5875, 3003.6513, 1644.8754, 2815.4304, 1586.9330, 1621.2973, 1587.8943, 1615.8281
58.8620, 1703.9011, 4977.6714, 1662.9510, 3494.6515, 1650.7137, 3001.1601, 1644.4948, 2817.2363, 1586.0155, 1620.2715, 1586.1162, 1615.5706
59.8620, 1702.6634, 4976.4635, 1661.9557, 3498.2751, 1649.6825, 2993.4586, 1643.0292, 2810.1856, 1586.7491, 1618.8385, 1586.5044, 1615.9354
60.8620, 1704.0866, 4977.5083, 1660.9196, 3496.8007, 1650.7693, 2999.2062, 1644.5936, 2812.3247, 1586.1821, 1617.6890, 1587.2090, 1616.0702
61.8620, 1702.8851, 4976.3385, 1662.5117, 3497.7249, 1650.6038, 3001.9308, 1645.1632, 2810.7680, 1585.8935, 1619.9588, 1587.3454, 1615.7175
62.8620, 1703.2755, 4975.9358, 1660.4464, 3496.0128, 1648.8684, 2999.4858, 1644.0112, 2813.6512, 1585.6718, 1619.3677, 1587.0347, 1616.1703
63.8620, 1702.7021, 4972.6367, 1660.7179, 3489.8776, 1649.7693, 3004.1995, 1643.0979, 2812.1409, 1585.0533, 1618.8230, 1587.3939, 1616.0807
64.8620, 1701.7098, 4973.8397, 1661.9336, 3495.2005, 1648.0529, 3007.8887, 1645.1607, 2809.2088, 1587.0361, 1620.1495, 1587.5908, 1616.2607
65.8620, 1702.4911, 4971.5034, 1661.9522, 3491.3019, 1650.6228, 3002.2822, 1644.7002, 2813.0593, 1587.9278, 1619.1065, 1586.2946, 1615.8773
66.8620, 1703.9020, 4967.2058, 1659.4429, 3491.4219, 1650.6839, 2998.3514, 1645.0473, 2813.4854, 1586.0412, 1618.2938, 1586.7910, 1614.8297
67.8620, 1703.4478, 4970.8876, 1660.9044, 3492.2133, 1650.9227, 2992.3894, 1644.2723, 2811.5507, 1586.6632, 1618.4605, 1586.9088, 1615.5424
68.8620, 1704.0012, 4970.9447, 1660.7914, 3493.5291, 1651.7788, 2994.2076, 1643.2474, 2811.5258, 1587.7543, 1619.0069, 1587.3123, 1616.0839
69.8620, 1702.4318, 4971.7878, 1662.3590, 3489.7121, 1650.0095, 2990.6662, 1644.7869, 2811.8187, 1585.5412, 1620.4485, 1586.2849, 1615.3293
70.8620, 1703.3584, 4968.2033, 1660.8415, 3493.5373, 1651.0176, 2987.0801, 1642.8488, 2805.8909, 1585.7268, 1619.0172, 1587.3204, 1615.7062
71.8620, 1703.7512, 4966.7374, 1661.5839, 3489.5291, 1650.4518, 2994.1791, 1643.4399, 2807.1718, 1587.9107, 1617.0533, 1587.3874, 1615.3454
72.8620, 1702.7850, 4968.5928, 1661.1795, 3487.5233, 1647.3324, 2999.9335, 1644.4510, 2806.8617, 1586.7096, 1618.8694, 1587.4996, 1616.3454
73.8620, 1702.8056, 4963.1330, 1661.4231, 3487.3065, 1650.6174, 2990.1357, 1644.9364, 2808.0747, 1586.0739, 1617.9828, 1586.5803, 1615.9758
74.8620, 1703.9853, 4964.3557, 1659.8695, 3490.1981, 1650.0597, 2979.9959, 1642.5945, 2808.9966, 1587.0275, 1618.8368, 1586.6360, 1615.1646
75.8620, 1703.8357, 4963.1170, 1661.5664, 3487.5408, 1651.0923, 2967.0706, 1643.7131, 2798.5043, 1586.3900, 1619.0000, 1586.8983, 1614.7417
76.8620, 1702.3277, 4960.0292, 1662.0408, 3486.3438, 1651.7503, 2965.2130, 1643.8574, 2804.5567, 1587.6770, 1619.4570, 1586.5997, 1614.7320
77.8620, 1703.0430, 4958.8689, 1661.2296, 3488.7786, 1649.4084, 2953.8630, 1643.8943, 2799.9983, 1586.0172, 1618.3522, 1586.0799, 1615.1469
78.8620, 1703.6591, 4959.6901, 1661.1550, 3495.6503, 1650.7802, 2952.8697, 1644.8789, 2800.3763, 1586.6787, 1620.6375, 1587.7070, 1615.4447
79.8620, 1702.6287, 4959.7847, 1662.2622, 3483.5594, 1651.1452, 2948.2795, 1644.6125, 2795.7706, 1586.8299, 1617.7990, 1586.5763, 1615.1840
80.8620, 1702.0762, 4955.8904, 1660.3193, 3477.5524, 1651.3243, 2942.3202, 1644.5885, 2793.7887, 1587.4450, 1619.4107, 1588.2914, 1616.2098
81.8620, 1703.2933, 4963.1984, 1661.0035, 3480.4522, 1650.8168, 2942.3691, 1644.2500, 2787.7070, 1585.3557, 1617.9708, 1587.4681, 1615.2696
82.8620, 1702.5829, 4957.5415, 1660.7448, 3482.3007, 1649.1452, 2941.0746, 1644.1383, 2783.4768, 1585.6340, 1618.6632, 1587.2575, 1615.3801
83.8620, 1703.4214, 4955.8618, 1660.6294, 3477.1527, 1650.2483, 2939.3962, 1644.1821, 2783.2148, 1586.8368, 1617.4278, 1587.1388, 1615.7805
84.8620, 1702.3584, 4955.5206, 1658.0058, 3479.4056, 1652.1940, 2934.6581, 1644.6735, 2783.7466, 1586.7062, 1618.5361, 1586.2389, 1616.5779
85.8620, 1702.8277, 4955.8974, 1659.9720, 3476.8963, 1651.3976, 2930.0882, 1642.0610, 2783.2363, 1585.8574, 1618.7509, 1586.3269, 1615.5843
86.8620, 1701.9509, 4955.1705, 1659.6678, 3474.3974, 1650.9050, 2926.1465, 1643.1916, 2783.5043, 1585.5601, 1618.4227, 1585.1396, 1615.6077
87.8620, 1702.4622, 4955.7841, 1660.0886, 3472.6422, 1650.0692, 2924.6771, 1643.3892, 2776.8119, 1585.6787, 1619.0515, 1586.3438, 1615.7813
88.8620, 1702.2571, 4953.7061, 1659.2296, 3472.4604, 1649.5468, 2921.4247, 1645.4399, 2729.4227, 1586.8746, 1618.8351, 1587.3245, 1615.4116
89.8620, 1702.9444, 4951.5660, 1661.0618, 3468.3182, 1650.1289, 2924.9769, 1646.6323, 2647.9089, 1587.1168, 1618.7268, 1586.6215, 1615.8539
90.8620, 1703.4303, 4951.2690, 1660.1270, 3474.0140, 1651.7354, 2922.1791, 1646.4905, 2689.9974, 1586.7543, 1618.3866, 1587.4576, 1616.4778
91.8620, 1703.0673, 4949.8729, 1660.1084, 3471.8065, 1651.0611, 2926.5875, 1645.4012, 2711.0206, 1586.7835, 1617.6667, 1586.1776, 1615.1396
92.8620, 1701.3185, 4948.2779, 1659.8252, 3477.4091, 1651.1737, 2920.4573, 1644.7113, 2731.4742, 1585.4897, 1618.6701, 1585.6094, 1615.6941
93.8620, 1702.6966, 4948.1622, 1659.8951, 3473.1072, 1650.1465, 2925.6133, 1645.0876, 2743.5670, 1586.5945, 1619.3162, 1586.7619, 1615.3309
94.8620, 1703.2313, 4943.8535, 1659.0641, 3466.9580, 1652.0583, 2918.9389, 1644.2775, 2749.7002, 1586.7818, 1617.5378, 1587.2849, 1615.4939
95.8620, 1702.6124, 4942.5086, 1659.2121, 3470.2389, 1649.6309, 2918.0204, 1644.4227, 2753.4708, 1585.6546, 1618.8368, 1586.6053, 1614.5932
96.8620, 1702.9072, 4942.3658, 1658.7517, 3467.3100, 1653.7341, 2923.1316, 1643.8883, 2757.0438, 1586.3093, 1619.0000, 1586.6416, 1616.1469
97.8620, 1701.8381, 4943.8388, 1659.6119, 3470.1550, 1649.6649, 2918.2144, 1644.7646, 2766.5387, 1586.1735, 1617.2045, 1586.3010, 1615.3059
98.8620, 1702.2626, 4941.5519, 1659.1131, 3467.5420, 1650.3677, 2922.3324, 1643.2045, 2766.4699, 1587.6735, 1618.3196, 1587.3236, 1615.4479
99.8620, 1701.0817, 4941.3111, 1660.1935, 3470.0548, 1651.4043, 2923.1438, 1644.8058, 2770.7741, 1585.6392, 1617.9072, 1587.3446, 1615.1864
100.8620, 1703.1643, 4944.0728, 1660.1597, 3466.6107, 1651.4410, 2924.4464, 1644.5687, 2773.5919, 1586.7938, 1617.9674, 1587.8144, 1615.6320
101.8620, 1702.8194, 4939.4361, 1660.4732, 3467.3823, 1650.8128, 2920.1248, 1644.8136, 2776.7242, 1586.2010, 1617.9845, 1587.0282, 1616.0395
102.8620, 1701.7346, 4939.6339, 1658.7086, 3464.4441, 1649.7218, 2921.4274, 1644.6598, 2776.5326, 1586.2165, 1617.1959, 1586.9443, 1615.4052
103.8620, 1701.8953, 4940.0900, 1659.0501, 3462.7716, 1650.4695, 2922.6934, 1645.7294, 2773.8222, 1587.1409, 1619.1684, 1586.6820, 1614.7256
104.8620, 1701.4598, 4935.1843, 1659.8776, 3467.2296, 1649.3718, 2921.5360, 1644.5765, 2772.7225, 1588.1203, 1619.5395, 1586.0161, 1615.4762
105.8620, 1701.5608, 4937.8071, 1660.8555, 3463.9138, 1649.2008, 2922.5129, 1642.9132, 2774.9064, 1587.5309, 1618.3351, 1587.3341, 1615.5730
106.8620, 1702.8372, 4940.4229, 1660.4394, 3469.2133, 1651.4193, 2918.9009, 1643.5318, 2772.3351, 1586.0017, 1616.5636, 1587.1517, 1614.7821
107.8620, 1703.4705, 4938.8348, 1659.1340, 3462.9429, 1651.4545, 2918.9362, 1644.2689, 2776.6847, 1587.4227, 1618.1392, 1587.0960, 1614.4810
108.8620, 1701.5341, 4936.1978, 1660.8124, 3463.5105, 1650.5957, 2919.0733, 1644.4785, 2780.4502, 1587.6890, 1618.2509, 1587.1743, 1614.2559
109.8620, 1701.8087, 4933.6563, 1659.5198, 3460.4184, 1651.9349, 2917.1343, 1644.2904, 2772.1065, 1588.1959, 1619.2027, 1586.4584, 1615.3236
110.8620, 1702.8065, 4935.1569, 1659.4639, 3457.3869, 1650.9444, 2917.8236, 1645.0911, 2774.7869, 1586.0979, 1618.4364, 1587.0710, 1614.1033
111.8620, 1702.1615, 4935.0648, 1659.9359, 3456.1888, 1650.6635, 2914.4071, 1644.1813, 2774.9948, 1586.6615, 1619.2010, 1586.0726, 1614.4399
112.8620, 1702.0525, 4934.0467, 1660.2028, 3452.6795, 1649.3881, 2914.8385, 1643.3247, 2779.2088, 1585.6753, 1617.0155, 1586.9588, 1612.8531
113.8620, 1701.5872, 4932.5344, 1659.5536, 3452.9044, 1649.8630, 2910.4383, 1644.9845, 2778.9210, 1586.8265, 1618.5361, 1586.1921, 1614.7651
114.8620, 1701.9441, 4932.3913, 1657.6935, 3451.2040, 1652.2008, 2910.1479, 1644.2294, 2775.6856, 1586.0292, 1618.2543, 1586.4980, 1614.4237
115.8620, 1701.1846, 4932.4315, 1658.9172, 3453.2786, 1651.0339, 2909.2198, 1643.2655, 2777.3282, 1585.9691, 1617.9708, 1586.2776, 1613.9483
116.8620, 1702.3900, 4930.6250, 1659.6573, 3448.2249, 1650.1655, 2911.1682, 1643.5782, 2775.3479, 1587.7491, 1618.0739, 1587.3850, 1614.0097
117.8620, 1702.2208, 4932.1453, 1660.2739, 3453.2517, 1650.1995, 2912.5197, 1643.6478, 2772.8230, 1588.2182, 1615.9725, 1585.7716, 1613.5763
118.8620, 1701.7813, 4928.9306, 1659.2471, 3447.0035, 1651.3799, 2911.2388, 1643.9046, 2768.4562, 1587.9227, 1617.4966, 1586.9524, 1614.9435
119.8620, 1701.4837, 4928.5977, 1658.0909, 3447.2284, 1649.8548, 2918.1696, 1643.8780, 2767.6014, 1585.9983, 1616.4759, 1586.5819, 1614.5214
120.8620, 1701.9097, 4924.9005, 1658.2343, 3446.1131, 1649.7531, 2919.2130, 1643.0009, 2771.8144, 1586.2955, 1617.4948, 1586.2583, 1614.7248
121.8620, 1701.4997, 4927.5670, 1659.7669, 3445.9510, 1649.6716, 2916.6689, 1642.9579, 2771.0378, 1586.5515, 1618.1220, 1585.4843, 1616.1759
122.8620, 1701.1130, 4924.7174, 1661.1993, 3448.0245, 1648.8521, 2917.1750, 1643.4450, 2769.5550, 1585.7887, 1617.8522, 1585.6723, 1614.1138
123.8620, 1700.4601, 4923.3243, 1659.2564, 3442.7879, 1651.4179, 2910.5590, 1644.0318, 2769.2225, 1587.1271, 1619.2165, 1586.8773, 1614.8531
124.8620, 1702.0473, 4923.2571, 1660.0175, 3445.9033, 1649.7639, 2916.0692, 1644.4296, 2771.1091, 1586.7354, 1618.7577, 1585.6529, 1615.5908
125.8620, 1701.9349, 4923.8879, 1658.6970, 3447.6702, 1650.5957, 2910.1452, 1643.4759, 2774.8179, 1585.7887, 1617.7027, 1587.3132, 1614.2098
126.8620, 1701.2936, 4919.4813, 1658.8007, 3441.5070, 1650.6798, 2910.3867, 1643.3282, 2773.4562, 1585.2113, 1618.1581, 1587.3204, 1615.0299
127.8620, 1700.9776, 4918.7383, 1659.0478, 3437.6480, 1649.6988, 2911.1669, 1643.0163, 2770.9648, 1586.8213, 1618.6976, 1585.1985, 1615.1090
128.8620, 1700.5872, 4918.6225, 1659.3159, 3438.4883, 1649.2008, 2910.2877, 1642.4802, 2771.3136, 1587.3419, 1617.4674, 1586.9298, 1614.5892
129.8620, 1700.6400, 4918.1456, 1658.3718, 3437.8776, 1649.3012, 2910.0977, 1644.5567, 2773.9699, 1585.7663, 1617.9381, 1586.4383, 1615.2970
130.8620, 1701.3544, 4922.1646, 1659.4114, 3442.5408, 1649.8114, 2912.8820, 1643.1942, 2777.5799, 1583.9966, 1615.5000, 1586.7175, 1615.3890
131.8620, 1700.8354, 4924.4435, 1657.4685, 3440.4452, 1649.9213, 2917.1777, 1644.3136, 2778.0034, 1585.2698, 1617.5086, 1585.4713, 1615.7199
132.8620, 1702.0967, 4924.4106, 1658.2867, 3442.6667, 1651.2822, 2919.6852, 1643.5206, 2778.2655, 1585.3918, 1618.9622, 1587.0920, 1614.5004
133.8620, 1702.4576, 4925.8864, 1658.9441, 3446.5501, 1652.5617, 2916.7300, 1642.9416, 2778.6890, 1586.5653, 1617.9674, 1587.7950, 1614.7361
134.8620, 1702.7528, 4927.7494, 1660.4254, 3442.6434, 1650.4858, 2917.5970, 1643.3058, 2780.3471, 1586.4948, 1618.0447, 1585.8967, 1616.0404
135.8620, 1702.4684, 4930.2703, 1658.9242, 3441.4510, 1650.4437, 2922.9145, 1643.7938, 2783.3668, 1585.4072, 1618.9107, 1587.1961, 1615.3083
136.8620, 1701.7448, 4926.0418, 1659.1317, 3441.3916, 1649.7585, 2919.8033, 1643.9631, 2778.8883, 1586.1907, 1617.3729, 1586.7119, 1614.0710
137.8620, 1701.0556, 4928.7285, 1659.8392, 3439.0012, 1649.5455, 2918.4980, 1642.7595, 2780.9734, 1586.9364, 1618.5412, 1587.0137, 1614.7910
138.8620, 1702.1158, 4923.2353, 1658.6795, 3441.7506, 1650.6662, 2919.0353, 1644.2113, 2781.8969, 1585.3729, 1619.2955, 1588.0178, 1614.6069
139.8620, 1701.6597, 4922.9604, 1658.4219, 3439.2599, 1650.2714, 2920.5237, 1644.2414, 2781.1649, 1585.6271, 1618.6615, 1586.3091, 1614.2357
140.8620, 1701.5587, 4925.8710, 1659.4103, 3437.1760, 1651.8100, 2919.4315, 1643.9931, 2781.2534, 1586.7457, 1618.7165, 1585.8136, 1615.7942
141.8620, 1702.4899, 4922.1318, 1659.1923, 3439.2249, 1651.7354, 2922.0366, 1643.7414, 2781.1349, 1587.7320, 1618.0395, 1587.2680, 1614.7998
142.8620, 1702.2672, 4922.6576, 1658.6993, 3445.8077, 1650.5305, 2917.8589, 1642.2534, 2779.3651, 1587.3797, 1617.9863, 1587.3818, 1614.8265
143.8620, 1702.1164, 4920.9042, 1660.2343, 3441.7343, 1650.5156, 2919.1452, 1642.7586, 2779.7655, 1587.0945, 1618.5825, 1587.5569, 1614.4374
144.8620, 1702.2528, 4918.9125, 1659.8811, 3442.3648, 1651.9905, 2919.2415, 1645.1572, 2780.6366, 1585.4313, 1618.9966, 1586.7240, 1614.2236
145.8620, 1700.9631, 4922.7331, 1659.2774, 3441.8846, 1650.9810, 2920.4491, 1643.7973, 2780.8127, 1586.3351, 1617.7852, 1586.0557, 1615.0428
146.8620, 1701.8532, 4920.4760, 1658.9429, 3433.0350, 1648.1289, 2920.6649, 1643.1082, 2781.1813, 1586.1890, 1618.9639, 1585.3923, 1614.1299
147.8620, 1701.3968, 4916.7678, 1660.0746, 3433.8228, 1650.5170, 2920.2307, 1643.1796, 2779.4991, 1587.1512, 1618.4089, 1587.2914, 1614.0000
148.8620, 1701.4874, 4919.3606, 1658.2145, 3437.9091, 1650.6621, 2922.9145, 1643.4725, 2779.5756, 1587.3883, 1617.1546, 1586.8894, 1613.3535
149.8620, 1701.2184, 4916.7316, 1657.5303, 3431.8508, 1649.9254, 2921.1547, 1644.7672, 2780.0610, 1584.3780, 1619.2784, 1585.9831, 1614.4383
150.8620, 1702.0230, 4917.1314, 1658.7284, 3428.0385, 1650.1655, 2919.0461, 1643.1357, 2782.4347, 1586.4467, 1619.9381, 1586.6303, 1615.3987
151.8620, 1701.7951, 4914.1447, 1658.8800, 3436.8613, 1650.4559, 2918.4871, 1643.6899, 2781.7079, 1586.1031, 1616.9364, 1586.4052, 1614.3261
152.8620, 1701.3692, 4913.4721, 1660.0734, 3435.2249, 1649.4749, 2920.9701, 1642.4974, 2782.2818, 1585.5584, 1618.6684, 1587.0880, 1614.4657
153.8620, 1701.7058, 4911.5891, 1658.4394, 3437.1585, 1649.5414, 2918.9593, 1643.8196, 2777.3729, 1586.3488, 1617.9055, 1585.6295, 1613.6086
154.8620, 1701.5046, 4907.4549, 1658.0571, 3431.7413, 1649.3175, 2916.5821, 1643.3342, 2779.9811, 1585.9983, 1615.8986, 1585.5940, 1614.4939
155.8620, 1701.7420, 4908.2067, 1658.1550, 3433.3112, 1651.3487, 2914.0122, 1643.5541, 2776.5713, 1587.5808, 1617.9674, 1585.2526, 1614.5262
156.8620, 1700.6241, 4909.7159, 1658.9126, 3430.3065, 1651.1995, 2915.1669, 1643.5344, 2772.8814, 1586.6512, 1617.7199, 1586.6901, 1614.2696
157.8620, 1700.8056, 4908.1164, 1657.9918, 3431.9266, 1651.5794, 2916.0963, 1642.8239, 2772.1521, 1586.1976, 1618.3419, 1586.5738, 1613.9322
158.8620, 1700.4877, 4906.4266, 1658.8182, 3435.5513, 1649.7856, 2916.3270, 1644.2191, 2776.2801, 1587.3694, 1618.4381, 1586.3479, 1612.3777
159.8620, 1701.2294, 4905.0470, 1658.8473, 3430.4848, 1650.9199, 2913.8548, 1642.9158, 2776.3162, 1586.6701, 1619.2131, 1586.5117, 1613.5440
160.8620, 1700.8010, 4904.7509, 1658.5303, 3428.7098, 1650.4925, 2911.2225, 1642.2191, 2773.5644, 1587.2337, 1617.5842, 1587.1025, 1614.6965
161.8620, 1701.5200, 4903.8492, 1658.8963, 3428.8706, 1650.9715, 2910.7951, 1642.5275, 2774.4485, 1587.7698, 1617.4210, 1586.2494, 1614.4576
162.8620, 1701.5061, 4905.1308, 1657.2506, 3427.2727, 1649.7354, 2912.1967, 1644.6022, 2776.0275, 1586.9966, 1618.1529, 1586.4948, 1614.3955
163.8620, 1700.7564, 4905.2856, 1660.0862, 3427.9359, 1651.2999, 2911.6418, 1643.4888, 2773.5911, 1588.2577, 1619.0430, 1585.9346, 1614.4302
164.8620, 1700.9506, 4902.6729, 1658.1469, 3423.2774, 1649.9240, 2910.5360, 1641.8419, 2771.4674, 1585.8282, 1618.7371, 1586.1017, 1614.3979
165.8620, 1702.1167, 4908.6815, 1658.3030, 3433.7343, 1649.8711, 2917.0149, 1643.3144, 2772.7259, 1585.7457, 1619.3471, 1585.3882, 1613.6828
166.8620, 1702.5737, 4905.8179, 1658.8916, 3432.4639, 1650.0733, 2912.7246, 1642.5893, 2773.7844, 1586.1667, 1618.8351, 1587.7296, 1613.3132
167.8620, 1701.1778, 4906.3105, 1659.8124, 3424.7203, 1651.0163, 2911.7476, 1643.0524, 2774.8557, 1588.3488, 1616.8986, 1584.8668, 1613.2599
168.8620, 1702.8572, 4909.7531, 1655.9522, 3428.2261, 1649.9077, 2921.6296, 1643.3900, 2773.1082, 1587.9244, 1618.9330, 1585.0613, 1614.8208
169.8620, 1701.5786, 4906.4776, 1657.4860, 3428.0862, 1649.7395, 2923.6201, 1642.7904, 2774.6409, 1585.2371, 1617.9364, 1585.2058, 1616.2639
170.8620, 1701.6364, 4902.8974, 1660.0420, 3428.9021, 1649.7151, 2925.3053, 1642.9759, 2772.8153, 1585.2354, 1617.0842, 1585.7877, 1614.6215
171.8620, 1700.1299, 4903.1830, 1656.4977, 3427.8741, 1649.4057, 2918.7748, 1643.2165, 2775.1538, 1586.6512, 1618.1443, 1586.0460, 1614.8709
172.8620, 1701.8133, 4902.1606, 1657.0536, 3429.9977, 1650.2374, 2914.6730, 1642.5266, 2775.1692, 1587.7371, 1616.1838, 1586.1856, 1613.1832
173.8620, 1700.7574, 4903.3633, 1658.5781, 3426.7517, 1650.6920, 2918.7259, 1643.4055, 2778.2698, 1585.8557, 1617.5515, 1585.4019, 1614.7692
174.8620, 1701.0513, 4901.5952, 1658.3566, 3425.9674, 1649.4613, 2920.2700, 1642.0653, 2777.4399, 1586.2440, 1617.0722, 1585.9338, 1615.5077
175.8620, 1700.7362, 4897.6631, 1657.6585, 3425.2902, 1649.3799, 2921.1303, 1642.3187, 2777.7534, 1587.0155, 1617.7182, 1586.6836, 1614.4471
176.8620, 1700.7786, 4901.2436, 1657.0956, 3427.5804, 1649.8331, 2919.8820, 1642.1503, 2775.3823, 1587.2818, 1616.9227, 1584.5973, 1614.6481
177.8620, 1700.7798, 4895.9945, 1657.8310, 3426.5350, 1649.5237, 2914.2008, 1642.4957, 2776.3686, 1586.5241, 1616.9244, 1586.3608, 1614.5270
178.8620, 1700.8409, 4897.7552, 1657.3671, 3421.9429, 1648.0000, 2917.0950, 1641.5052, 2776.2973, 1585.4708, 1617.5739, 1586.2357, 1615.2591
179.8620, 1700.6161, 4896.0811, 1656.3800, 3419.7576, 1650.2185, 2916.9593, 1642.7062, 2773.4811, 1585.4502, 1617.0653, 1585.5940, 1613.9249
180.8620, 1700.4251, 4889.7196, 1657.5023, 3423.4394, 1650.1031, 2916.3650, 1642.8299, 2770.1065, 1586.0189, 1616.0017, 1585.4003, 1613.7409
181.8620, 1700.7657, 4892.2291, 1657.1632, 3418.1166, 1650.1126, 2914.9064, 1642.7345, 2773.6357, 1586.6409, 1616.8969, 1585.9475, 1614.3301
182.8620, 1700.4109, 4891.3916, 1657.3357, 3418.9394, 1651.2822, 2911.1072, 1643.0687, 2770.8222, 1586.7921, 1617.9450, 1585.6199, 1615.2333
183.8620, 1699.9923, 4889.5138, 1657.2261, 3419.1270, 1650.0109, 2915.9172, 1642.5936, 2772.2526, 1586.9845, 1617.4227, 1586.2042, 1613.2002
184.8620, 1699.7405, 4888.3996, 1658.2366, 3418.5291, 1650.2293, 2915.8684, 1641.0851, 2771.7182, 1585.5842, 1615.9003, 1586.4665, 1615.0597
185.8620, 1701.2555, 4887.0706, 1657.7541, 3417.0711, 1649.8331, 2917.1153, 1644.0000, 2768.7792, 1585.8230, 1617.0309, 1586.3454, 1613.6086
186.8620, 1700.3781, 4888.6576, 1657.3578, 3417.8159, 1649.2632, 2917.0583, 1642.8462, 2773.1246, 1586.0601, 1618.1546, 1585.8410, 1613.9459
187.8620, 1700.3182, 4883.9797, 1655.6375, 3416.3811, 1649.5889, 2915.4206, 1642.4777, 2765.8497, 1586.7732, 1616.0653, 1587.1106, 1615.0008
188.8620, 1700.0021, 4882.8596, 1655.7098, 3416.2704, 1649.0543, 2915.9756, 1642.6246, 2764.9820, 1586.5825, 1618.9845, 1585.8136, 1615.0363
189.8620, 1700.7509, 4879.5921, 1657.1667, 3415.2063, 1650.0271, 2911.8304, 1642.5249, 2761.3076, 1585.3368, 1618.1271, 1585.9596, 1614.1316
190.8620, 1701.3704, 4879.5393, 1656.2471, 3409.0490, 1648.3148, 2913.2307, 1643.2981, 2759.8119, 1586.8454, 1617.4880, 1586.1719, 1613.4778
191.8620, 1700.0233, 4874.8904, 1657.2191, 3410.6119, 1651.7205, 2915.5672, 1642.8479, 2757.0215, 1587.2818, 1616.6753, 1586.4722, 1613.8515
192.8620, 1700.2303, 4876.1557, 1656.5641, 3412.3753, 1648.9905, 2915.2537, 1642.3101, 2752.5318, 1584.1151, 1619.7801, 1586.4253, 1613.6538
193.8620, 1699.3830, 4874.1993, 1657.1096, 3405.9242, 1648.3474, 2907.7381, 1642.4545, 2752.0704, 1584.5962, 1617.7251, 1585.6925, 1613.2809
194.8620, 1700.8986, 4875.5746, 1656.8893, 3408.2448, 1651.0434, 2905.3555, 1643.1907, 2754.2440, 1586.5515, 1616.2938, 1586.5569, 1615.4891
195.8620, 1701.4306, 4872.6293, 1656.6772, 3401.1317, 1649.7069, 2908.6594, 1641.7208, 2747.6426, 1587.2010, 1616.3419, 1585.5771, 1614.6433
196.8620, 1700.2058, 4870.2598, 1656.9790, 3403.2541, 1650.0461, 2904.7300, 1642.6065, 2742.3797, 1586.0687, 1617.4605, 1586.2752, 1613.2639
197.8620, 1699.6846, 4872.4656, 1656.7319, 3405.2599, 1649.7476, 2898.9457, 1642.8342, 2743.3084, 1585.7784, 1618.4210, 1586.8232, 1615.2211
198.8620, 1699.5599, 4870.4582, 1656.3730, 3404.4347, 1648.2469, 2906.5373, 1641.2938, 2741.1641, 1585.9536, 1616.4966, 1585.8927, 1614.1671
199.8620, 1700.5295, 4866.8338, 1655.9907, 3376.1993, 1649.0611, 2900.2659, 1642.8557, 2661.8136, 1586.3351, 1617.9313, 1585.8144, 1613.4802
200.8620, 1698.8087, 4855.7862, 1655.2739, 3361.0268, 1648.0231, 2896.8602, 1644.7517, 2507.7302, 1584.8574, 1618.1546, 1585.7611, 1615.4560
201.8620, 1700.4057, 4848.9091, 1655.5886, 3350.8974, 1649.3758, 2892.0963, 1646.6821, 2478.3582, 1584.5086, 1617.5756, 1587.1437, 1615.6295
202.8620, 1699.5273, 4838.6677, 1655.8077, 3348.6224, 1650.0488, 2890.8779, 1647.7637, 2415.3162, 1584.9605, 1618.3935, 1586.2615, 1615.1170
203.8620, 1701.4358, 4836.7214, 1655.2587, 3346.8601, 1650.4355, 2887.9919, 1648.2732, 2457.7560, 1586.7509, 1618.3436, 1586.2914, 1615.7498
204.8620, 1700.6284, 4832.1996, 1657.1037, 3342.5746, 1649.6445, 2886.5332, 1648.5438, 2450.9579, 1586.4656, 1619.2509, 1585.7054, 1615.3632
205.8620, 1701.1809, 4830.3004, 1654.0420, 3338.4709, 1649.4817, 2883.0366, 1645.9132, 2471.7354, 1586.1718, 1616.8385, 1587.0452, 1616.3793
206.8620, 1701.2061, 4826.9392, 1655.2249, 3334.3974, 1649.9634, 2882.8630, 1647.4510, 2494.9201, 1586.4107, 1616.9467, 1586.7619, 1614.0492
207.8620, 1700.6256, 4823.1886, 1655.5559, 3331.8869, 1650.0434, 2880.3229, 1647.1426, 2463.7612, 1586.1220, 1618.4605, 1586.5811, 1615.5254
208.8620, 1700.9693, 4824.4536, 1654.7797, 3322.4207, 1651.8725, 2878.7001, 1647.9811, 2475.4622, 1586.9691, 1618.3746, 1586.0565, 1615.3156
209.8620, 1701.8213, 4821.8209, 1655.6212, 3329.5268, 1650.5332, 2878.4098, 1645.3136, 2535.9313, 1585.9880, 1618.4399, 1585.9863, 1616.3083
210.8620, 1700.2411, 4822.0326, 1654.0524, 3318.4627, 1651.1832, 2875.1682, 1644.9536, 2580.3720, 1585.1409, 1617.0619, 1586.7950, 1614.4948
211.8620, 1701.4401, 4818.0771, 1655.1713, 3319.8776, 1651.9430, 2872.3826, 1644.5344, 2609.7242, 1585.7663, 1618.6031, 1585.4019, 1615.5174
212.8620, 1700.5731, 4815.1791, 1655.8042, 3316.5781, 1651.4925, 2878.9457, 1645.2474, 2631.5687, 1587.3866, 1617.5412, 1586.6626, 1615.9911
213.8620, 1700.4757, 4813.9641, 1655.2296, 3312.3951, 1650.8521, 2876.7666, 1645.6821, 2650.4141, 1586.6993, 1618.9124, 1585.4794, 1614.4520
214.8620, 1700.3265, 4815.3630, 1654.6702, 3312.5373, 1650.1655, 2876.8535, 1644.6916, 2662.1564, 1584.9055, 1617.5584, 1586.6102, 1615.8095
215.8620, 1700.4521, 4815.6152, 1654.9289, 3307.9580, 1650.1113, 2878.4152, 1643.2423, 2677.3711, 1586.6770, 1618.4055, 1586.4689, 1614.2236
216.8620, 1700.4625, 4814.3962, 1652.7028, 3308.1993, 1649.9973, 2874.4233, 1644.9570, 2685.1649, 1586.3883, 1617.1649, 1587.3495, 1615.7086
217.8620, 1700.1674, 4810.1066, 1654.8030, 3302.5221, 1649.9213, 2877.9213, 1642.9656, 2692.9674, 1586.2285, 1617.7354, 1586.7159, 1614.1251
218.8620, 1700.2509, 4810.0402, 1653.7145, 3308.1573, 1649.7734, 2877.2239, 1644.0387, 2697.0997, 1585.4759, 1619.5893, 1585.2010, 1615.5601
219.8620, 1701.6972, 4812.2724, 1654.6911, 3301.2681, 1650.0678, 2871.0176, 1643.5198, 2701.1375, 1586.4038, 1619.4072, 1586.2002, 1615.2518
220.8620, 1701.1238, 4812.4478, 1655.2506, 3294.7774, 1649.2768, 2873.9756, 1642.7500, 2703.0241, 1585.2371, 1616.3763, 1585.3479, 1614.6941
221.8620, 1700.5003, 4810.8922, 1654.7086, 3297.5082, 1649.6119, 2869.3107, 1644.1658, 2700.4012, 1586.4570, 1617.4983, 1585.8789, 1613.8797
222.8620, 1701.8504, 4809.4585, 1653.5897, 3299.5233, 1649.0801, 2867.2849, 1644.0644, 2705.0069, 1586.8694, 1618.7388, 1586.5061, 1614.0089
223.8620, 1701.2540, 4806.7276, 1653.8939, 3292.3963, 1649.6771, 2868.1520, 1644.6967, 2703.4330, 1585.8746, 1617.4450, 1585.5206, 1615.2542
224.8620, 1701.6953, 4806.1149, 1654.9860, 3291.2972, 1650.8643, 2866.6757, 1643.3514, 2700.8402, 1586.4227, 1617.5515, 1586.3333, 1614.0831
225.8620, 1699.5891, 4803.3765, 1654.5012, 3291.9114, 1648.5265, 2870.3419, 1642.6057, 2703.7680, 1585.1186, 1618.3763, 1585.6223, 1614.4851
226.8620, 1699.8913, 4805.0074, 1654.2517, 3289.2914, 1647.6825, 2866.3569, 1642.7302, 2697.9888, 1586.0017, 1617.4330, 1585.1864, 1615.2785
227.8620, 1700.3962, 4802.7260, 1653.1212, 3288.6573, 1648.7870, 2868.0475, 1643.9493, 2699.5962, 1585.7113, 1619.6718, 1585.1695, 1614.7514
228.8620, 1700.3056, 4805.2221, 1653.5023, 3287.9592, 1649.1153, 2865.3582, 1643.8359, 2699.9794, 1586.3643, 1616.8729, 1585.7038, 1614.5779
229.8620, 1700.7036, 4803.6382, 1652.5233, 3285.5420, 1649.0570, 2870.3731, 1644.1864, 2702.1186, 1585.4536, 1618.7182, 1586.1606, 1614.3850
230.8620, 1700.6348, 4801.1551, 1652.1072, 3282.6084, 1649.3867, 2869.2877, 1642.7431, 2702.1203, 1585.5309, 1616.3780, 1586.2502, 1613.3115
231.8620, 1700.4195, 4801.5209, 1653.1224, 3278.8508, 1650.5210, 2866.2700, 1641.9742, 2704.2174, 1586.7423, 1616.6375, 1585.9483, 1613.4132
232.8620, 1699.4960, 4799.3514, 1652.6958, 3279.6737, 1650.0529, 2863.4125, 1642.2345, 2703.4648, 1585.8316, 1618.0739, 1586.1098, 1614.1985
233.8620, 1700.3633, 4799.3796, 1653.5291, 3272.6876, 1650.2117, 2870.1126, 1642.4605, 2704.6564, 1585.9553, 1619.4313, 1585.7409, 1614.7659
234.8620, 1700.6081, 4797.2807, 1654.4219, 3274.2576, 1648.9308, 2865.0611, 1642.7749, 2706.4201, 1586.4330, 1616.8385, 1585.2809, 1614.8337
235.8620, 1700.0918, 4797.1763, 1652.6597, 3273.0466, 1649.5780, 2863.3935, 1641.7259, 2705.9416, 1585.1323, 1616.6632, 1586.6820, 1615.2623
236.8620, 1701.3363, 4797.4020, 1652.9429, 3272.8520, 1648.9471, 2859.8847, 1643.1443, 2707.2474, 1586.0687, 1616.2165, 1586.0460, 1613.5214
237.8620, 1700.0255, 4797.0424, 1652.8846, 3271.3904, 1648.3406, 2866.2904, 1643.3170, 2706.0541, 1584.4141, 1617.7955, 1585.3697, 1616.3010
238.8620, 1699.0805, 4794.4760, 1652.7319, 3267.5291, 1649.3636, 2865.3419, 1643.6503, 2703.1091, 1583.1735, 1618.2560, 1585.7861, 1614.3592
239.8620, 1699.1999, 4792.2982, 1651.2051, 3268.1993, 1648.6513, 2867.1981, 1643.6117, 2701.4940, 1585.1117, 1617.0258, 1585.3575, 1614.2583
240.8620, 1700.8019, 4790.5780, 1651.5466, 3264.2028, 1649.2415, 2865.7015, 1644.2397, 2701.4759, 1585.2199, 1617.0241, 1585.6352, 1613.1872
241.8620, 1701.0765, 4793.7930, 1651.6888, 3263.1830, 1649.6703, 2863.8318, 1641.8892, 2705.1942, 1585.1031, 1618.8557, 1585.4229, 1615.2986
242.8620, 1700.5488, 4790.6775, 1651.3706, 3259.3601, 1649.6404, 2862.5414, 1640.7930, 2702.9364, 1585.8471, 1616.0430, 1585.4528, 1613.3898
243.8620, 1700.2439, 4793.2497, 1652.2809, 3260.1480, 1649.9186, 2861.8073, 1643.6065, 2703.4390, 1585.2543, 1617.5155, 1585.8329, 1613.3140
244.8620, 1699.8603, 4789.0636, 1653.2016, 3258.2984, 1650.4003, 2859.2673, 1641.9459, 2700.5558, 1586.6082, 1616.8935, 1586.3600, 1615.6150
245.8620, 1699.9859, 4786.1886, 1652.1597, 3255.7914, 1649.2062, 2860.8860, 1641.9390, 2700.3634, 1585.7732, 1616.6065, 1585.7789, 1614.8402
246.8620, 1699.8096, 4788.4367, 1652.3170, 3251.4231, 1650.9213, 2863.0407, 1642.6237, 2703.7500, 1585.7955, 1620.1667, 1586.3866, 1615.2526
247.8620, 1699.5393, 4786.9745, 1652.4767, 3246.7401, 1651.4274, 2862.2117, 1643.8342, 2704.3368, 1586.0241, 1617.8780, 1585.0904, 1615.4520
248.8620, 1700.8170, 4781.0227, 1653.0268, 3249.6445, 1649.0638, 2859.8440, 1643.2457, 2700.9046, 1585.4192, 1619.4588, 1584.6893, 1613.5351
249.8620, 1699.5759, 4781.7967, 1651.7086, 3247.9301, 1650.3284, 2856.9227, 1641.6830, 2704.2981, 1585.0601, 1618.7869, 1585.2986, 1614.0145
250.8620, 1700.3689, 4779.2116, 1652.8298, 3247.4942, 1648.9213, 2858.0963, 1644.5017, 2702.3316, 1586.8402, 1618.5412, 1585.7764, 1613.5795
251.8620, 1699.6729, 4783.2153, 1653.8706, 3244.7413, 1648.4166, 2856.5400, 1644.2320, 2701.2294, 1585.0034, 1618.9794, 1584.9209, 1612.7538
252.8620, 1700.4542, 4785.2629, 1652.3357, 3246.4382, 1649.2863, 2855.7815, 1642.1864, 2705.4579, 1586.9639, 1616.8797, 1585.4487, 1614.1445
253.8620, 1699.8965, 4783.7515, 1652.5769, 3245.4021, 1648.0407, 2861.4803, 1642.9338, 2704.2311, 1586.0275, 1618.2251, 1585.3898, 1614.3906
254.8620, 1701.0476, 4780.2230, 1652.2529, 3241.9685, 1650.0760, 2859.8684, 1642.7337, 2703.7706, 1586.3265, 1617.5447, 1584.8394, 1613.4253
255.8620, 1699.9760, 4780.5921, 1653.0315, 3233.6317, 1650.1723, 2860.8847, 1643.7878, 2701.6838, 1585.0911, 1616.8454, 1586.0581, 1612.2760
256.8620, 1700.5089, 4778.1769, 1652.8368, 3239.0944, 1650.6147, 2859.5685, 1642.8771, 2701.4141, 1585.7234, 1617.4141, 1586.5367, 1614.7094
257.8620, 1699.6186, 4778.1729, 1651.0839, 3240.0524, 1648.6866, 2855.9552, 1642.5326, 2698.5816, 1584.4364, 1618.0842, 1586.4972, 1613.9935
258.8620, 1700.5353, 4776.2432, 1652.5629, 3237.5571, 1647.4071, 2854.2741, 1643.0627, 2698.4287, 1586.0344, 1616.2405, 1585.4165, 1614.0743
259.8620, 1700.2776, 4779.1410, 1652.4779, 3256.5921, 1650.2103, 2857.0936, 1642.9613, 2699.9038, 1586.3780, 1616.0447, 1585.2349, 1614.1792
260.8620, 1699.6477, 4787.6453, 1652.9336, 3270.2774, 1650.2252, 2862.8494, 1641.2405, 2704.4622, 1585.3024, 1618.4622, 1585.3834, 1613.2672
261.8620, 1699.1655, 4798.4991, 1651.8578, 3271.9685, 1649.5631, 2861.0353, 1641.5009, 2712.2629, 1585.4742, 1618.1375, 1585.5617, 1614.3156
262.8620, 1698.1628, 4804.3590, 1653.8531, 3276.6608, 1650.4885, 2869.7463, 1641.7277, 2713.6014, 1584.9794, 1617.3540, 1585.2220, 1612.3107
263.8620, 1699.2801, 4808.3259, 1653.1399, 3277.8765, 1649.6391, 2870.5170, 1642.2715, 2717.5266, 1585.8436, 1616.9828, 1585.8741, 1613.5432
264.8620, 1698.9131, 4814.5756, 1653.2529, 3284.5140, 1648.4776, 2873.4030, 1642.2388, 2719.8110, 1586.0137, 1618.4192, 1586.2728, 1613.6231
265.8620, 1699.8446, 4816.6431, 1651.9371, 3287.5594, 1650.7503, 2872.6269, 1641.3497, 2721.4648, 1586.1667, 1618.2749, 1586.6885, 1614.0621
266.8620, 1699.3228, 4818.9287, 1653.0967, 3289.0746, 1648.9878, 2875.4858, 1641.2113, 2724.8771, 1584.2371, 1616.9038, 1584.9266, 1612.9201
267.8620, 1699.7135, 4823.4367, 1652.5991, 3290.7506, 1650.0977, 2882.0000, 1642.5558, 2720.9777, 1585.1598, 1616.4089, 1584.4374, 1612.6045
268.8620, 1697.6585, 4821.8876, 1652.5385, 3292.7331, 1647.8507, 2880.3175, 1642.9210, 2723.0610, 1586.5498, 1617.3316, 1585.1412, 1612.8741
269.8620, 1699.1499, 4824.3990, 1651.9347, 3288.2611, 1648.5170, 2881.3080, 1642.6314, 2723.1838, 1585.4570, 1617.8333, 1585.1243, 1611.5827
270.8620, 1698.7614, 4824.7116, 1651.6748, 3287.8555, 1647.4057, 2881.3609, 1643.7122, 2725.3540, 1586.2646, 1617.4055, 1585.3140, 1613.1445
271.8620, 1698.1760, 4822.4386, 1652.1853, 3285.2156, 1648.8725, 2881.2673, 1641.0241, 2722.9089, 1585.9141, 1617.0309, 1585.7127, 1613.8192
272.8620, 1697.8262, 4823.9377, 1652.8811, 3287.4196, 1649.4003, 2878.3664, 1641.5241, 2727.5215, 1586.1357, 1615.6564, 1584.2050, 1614.1848
273.8620, 1698.3848, 4823.7045, 1652.0723, 3283.8566, 1647.3935, 2879.9403, 1640.7844, 2726.3677, 1585.6529, 1617.2251, 1585.5262, 1612.6885
274.8620, 1698.3692, 4821.8360, 1653.4487, 3287.2191, 1647.7408, 2880.9159, 1641.9124, 2725.9674, 1584.9828, 1616.7869, 1585.1832, 1612.9088
275.8620, 1697.7380, 4821.2918, 1652.2890, 3283.2016, 1648.3243, 2884.3704, 1642.6770, 2727.8067, 1584.6873, 1619.3677, 1585.5537, 1613.2228
276.8620, 1698.9598, 4818.7663, 1654.1911, 3287.4336, 1649.1330, 2879.3514, 1642.4167, 2728.7655, 1585.8591, 1617.6392, 1585.2308, 1612.9031
277.8620, 1699.2310, 4817.9490, 1653.9732, 3289.6399, 1649.3284, 2880.8684, 1643.1718, 2726.9923, 1585.7560, 1616.0636, 1585.4334, 1612.5359
278.8620, 1699.0952, 4817.7233, 1651.7832, 3287.7797, 1648.9729, 2884.7707, 1640.9072, 2723.7199, 1585.0086, 1617.8557, 1585.9822, 1612.3333
279.8620, 1698.8495, 4815.7810, 1653.1282, 3282.4988, 1648.3813, 2884.9417, 1640.5198, 2725.0799, 1586.1804, 1615.4158, 1586.7546, 1613.6061
280.8620, 1698.4076, 4817.2482, 1653.3298, 3284.3706, 1649.1275, 2883.1221, 1640.9046, 2728.6649, 1584.2457, 1616.9175, 1584.1437, 1612.8894
281.8620, 1698.4131, 4816.0673, 1652.5828, 3287.7529, 1648.8711, 2885.7286, 1641.3591, 2729.0180, 1584.9674, 1617.9691, 1584.8362, 1612.6271
282.8620, 1698.6385, 4816.0086, 1652.0874, 3288.5163, 1646.9579, 2886.5482, 1641.8393, 2724.2749, 1584.8162, 1617.2560, 1584.9266, 1612.9241
283.8620, 1699.0749, 4818.2021, 1651.9359, 3290.2657, 1649.2130, 2883.0624, 1641.6435, 2728.2242, 1585.7698, 1615.6014, 1584.5311, 1612.9411
284.8620, 1699.2346, 4814.2248, 1651.7984, 3288.1247, 1649.6526, 2884.6730, 1640.4373, 2724.9261, 1585.0567, 1617.7457, 1584.7127, 1613.9120
285.8620, 1698.5838, 4811.5369, 1652.8403, 3289.5804, 1649.2483, 2888.0529, 1642.6289, 2722.6950, 1585.5395, 1618.2852, 1586.2203, 1613.7756
286.8620, 1699.3087, 4813.4085, 1652.7506, 3287.0478, 1648.0014, 2889.9267, 1642.2096, 2721.7526, 1584.9450, 1617.4158, 1585.8789, 1612.7119
287.8620, 1698.8507, 4814.0326, 1653.5793, 3286.4371, 1649.8657, 2887.6730, 1642.0000, 2722.9244, 1586.9863, 1616.1168, 1584.7934, 1613.0686
288.8620, 1698.8354, 4813.5031, 1651.5501, 3280.5420, 1648.5997, 2891.0638, 1641.8428, 2724.6916, 1585.3299, 1615.3763, 1585.6303, 1613.1646
289.8620, 1699.4926, 4813.0387, 1653.0711, 3279.7774, 1648.4261, 2891.4735, 1640.7380, 2728.2216, 1586.7646, 1616.7405, 1584.8991, 1612.6893
290.8620, 1699.0663, 4807.8213, 1654.0256, 3285.9487, 1649.8440, 2891.8182, 1641.1607, 2728.8926, 1583.6375, 1618.7457, 1585.5052, 1613.4705
291.8620, 1698.3818, 4807.5049, 1653.9126, 3281.6620, 1648.2130, 2890.4532, 1641.6478, 2727.6332, 1586.7732, 1617.4828, 1584.4084, 1613.1090
292.8620, 1697.4610, 4804.8956, 1653.8520, 3278.2937, 1648.8928, 2890.5129, 1643.3213, 2725.7930, 1585.2320, 1616.6512, 1585.9693, 1613.4318
293.8620, 1697.2862, 4807.8424, 1650.8706, 3274.7552, 1647.9539, 2891.7720, 1642.0043, 2727.5043, 1584.7835, 1616.4605, 1585.9443, 1613.5819
294.8620, 1698.1529, 4806.8437, 1650.9709, 3278.0851, 1648.8033, 2889.7503, 1640.8162, 2727.7062, 1586.1959, 1616.3780, 1585.0379, 1611.7732
295.8620, 1698.1812, 4806.9300, 1652.9569, 3276.7727, 1648.0421, 2889.3908, 1642.9184, 2732.8033, 1584.6649, 1617.9931, 1585.3180, 1612.7417
296.8620, 1698.9936, 4807.7104, 1652.0897, 3274.1958, 1651.0543, 2894.1696, 1641.3625, 2731.1735, 1587.0326, 1618.3729, 1585.7078, 1611.8297
297.8620, 1697.9269, 4804.5003, 1650.7960, 3278.1469, 1649.3365, 2894.4871, 1640.5885, 2730.1701, 1585.0962, 1615.9158, 1585.1542, 1613.1356
298.8620, 1696.9380, 4805.2746, 1653.7949, 3280.7552, 1647.5441, 2896.0271, 1641.8729, 2730.3127, 1586.4278, 1617.7852, 1585.6037, 1613.8741
299.8620, 1698.7460, 4803.5716, 1653.4744, 3273.8100, 1648.8060, 2898.8372, 1642.0223, 2729.0198, 1587.3540, 1616.6460, 1585.5755, 1612.4294
300.8620, 1698.0756, 4803.0534, 1652.8648, 3268.6096, 1647.7802, 2891.3704, 1642.8617, 2727.4502, 1585.3574, 1615.0962, 1585.3632, 1612.8281
301.8620, 1698.3756, 4803.2316, 1652.0443, 3269.4242, 1648.3569, 2894.2795, 1640.3591, 2729.6770, 1586.1323, 1615.4519, 1586.0888, 1613.4262
302.8620, 1698.2779, 4801.3756, 1651.2389, 3270.3951, 1648.4383, 2897.7001, 1640.2010, 2727.7027, 1586.1684, 1618.3969, 1584.2357, 1612.0113
303.8620, 1699.1594, 4803.2325, 1653.0023, 3269.0839, 1646.4640, 2897.7056, 1641.3110, 2728.2758, 1584.9794, 1617.4794, 1586.0589, 1613.7385
304.8620, 1697.8584, 4798.9837, 1651.8869, 3269.7727, 1648.3202, 2898.0651, 1641.3488, 2728.5387, 1586.4914, 1618.1564, 1585.6667, 1614.0718
305.8620, 1697.1959, 4801.6582, 1652.1702, 3272.4033, 1646.1275, 2896.2931, 1641.1040, 2728.7345, 1585.8247, 1617.2079, 1585.1977, 1613.4810
306.8620, 1698.2408, 4801.6468, 1651.3147, 3270.6702, 1648.5197, 2898.1004, 1641.8909, 2726.8497, 1586.7818, 1618.4450, 1585.3559, 1613.4948
307.8620, 1697.9395, 4801.6803, 1653.2529, 3273.7622, 1649.4233, 2900.6282, 1642.7973, 2728.5326, 1585.4897, 1617.6924, 1584.3592, 1612.5440
308.8620, 1698.9287, 4799.9143, 1652.8147, 3271.2727, 1648.7938, 2905.3324, 1641.8316, 2725.4648, 1587.4124, 1617.5601, 1586.0073, 1614.2728
309.8620, 1696.7184, 4797.4223, 1653.2238, 3272.1923, 1646.8073, 2902.1574, 1640.9338, 2731.1744, 1584.7491, 1617.0189, 1585.1186, 1613.8055
310.8620, 1697.9413, 4794.3993, 1652.2238, 3270.1072, 1649.0706, 2899.1221, 1642.7311, 2726.9983, 1586.6512, 1617.2938, 1584.4867, 1613.7603
311.8620, 1698.6293, 4796.2700, 1652.9744, 3268.8450, 1647.9932, 2901.5495, 1641.5326, 2726.9381, 1584.9003, 1617.4485, 1584.7926, 1613.8313
312.8620, 1697.7217, 4796.0246, 1650.4522, 3265.7110, 1649.2619, 2900.8955, 1641.4983, 2726.0232, 1585.9141, 1616.9880, 1585.3043, 1613.6199
313.8620, 1699.1748, 4798.2245, 1651.7401, 3268.0198, 1646.6879, 2902.8969, 1641.0378, 2731.2715, 1584.7595, 1617.2698, 1585.7288, 1612.5036
314.8620, 1698.8182, 4796.3891, 1652.9592, 3269.7016, 1648.2442, 2902.1832, 1641.5842, 2728.9072, 1585.7182, 1618.0808, 1585.2050, 1613.1114
315.8620, 1697.5513, 4791.0246, 1652.1061, 3262.5979, 1647.7137, 2906.0516, 1640.3497, 2725.9596, 1584.2096, 1618.2646, 1584.4294, 1613.6231
316.8620, 1697.2082, 4796.8302, 1651.4825, 3267.3881, 1647.8033, 2903.3758, 1641.3084, 2728.8041, 1584.6907, 1616.7595, 1584.8273, 1613.9935
317.8620, 1697.7672, 4794.3532, 1651.5606, 3264.0909, 1647.1872, 2904.4627, 1642.3686, 2725.5962, 1585.8832, 1616.1512, 1585.4068, 1612.2389
318.8620, 1698.2687, 4798.1035, 1651.0991, 3277.4417, 1646.3582, 2903.4912, 1641.3273, 2729.8866, 1585.5997, 1618.2646, 1585.4294, 1613.3987
319.8620, 1697.7795, 4795.2451, 1651.7972, 3263.3438, 1647.5604, 2908.7015, 1641.7723, 2728.9046, 1585.7990, 1615.8316, 1584.7942, 1613.8830
320.8620, 1698.1837, 4794.3299, 1652.2739, 3260.0280, 1648.3419, 2907.0109, 1640.5430, 2728.9622, 1585.5962, 1616.3574, 1585.5359, 1614.0872
321.8620, 1698.1787, 4792.8867, 1653.0513, 3262.2214, 1646.1235, 2904.8290, 1640.1323, 2726.2113, 1585.1735, 1615.3436, 1585.0630, 1612.8305
322.8620, 1697.5568, 4794.0498, 1652.7937, 3264.5653, 1647.1384, 2907.9688, 1639.7577, 2722.4253, 1585.6289, 1616.8625, 1584.7958, 1613.0073
323.8620, 1697.1720, 4791.4186, 1651.4650, 3260.3811, 1648.6513, 2904.9267, 1641.0653, 2722.4132, 1585.2852, 1615.7955, 1584.0613, 1610.8910
324.8620, 1698.5820, 4791.0491, 1651.7786, 3259.6620, 1648.8345, 2895.2659, 1641.8883, 2723.7809, 1585.8179, 1617.7629, 1584.3414, 1613.1558
325.8620, 1697.5961, 4789.2217, 1651.4988, 3260.4639, 1648.2429, 2899.6974, 1640.9648, 2719.0515, 1584.8625, 1616.7045, 1585.0783, 1611.8717
326.8620, 1697.2294, 4791.2485, 1651.5688, 3258.3928, 1646.9986, 2890.5210, 1642.6821, 2718.8978, 1585.1838, 1615.4777, 1584.6013, 1612.9540
327.8620, 1697.8397, 4786.3713, 1652.4487, 3256.7436, 1646.6038, 2885.5332, 1641.2405, 2717.7792, 1585.4038, 1616.9948, 1584.2534, 1613.0404
328.8620, 1697.2672, 4785.2859, 1652.6445, 3258.6270, 1646.5984, 2879.4328, 1640.0000, 2717.5223, 1584.4605, 1617.7371, 1586.1308, 1613.5981
329.8620, 1697.0479, 4782.9079, 1650.5839, 3258.3788, 1647.9362, 2887.8005, 1641.0558, 2719.6392, 1584.5120, 1616.1942, 1585.4213, 1612.5472
330.8620, 1698.5584, 4786.6468, 1650.4499, 3252.9825, 1647.5658, 2892.4261, 1641.2225, 2716.0971, 1586.9880, 1616.6409, 1585.2470, 1613.9217
331.8620, 1697.6987, 4785.7494, 1651.3357, 3255.3671, 1647.3256, 2896.9362, 1642.1924, 2717.0266, 1585.1254, 1616.3711, 1585.2308, 1612.4826
332.8620, 1697.4426, 4785.4582, 1651.7273, 3251.8881, 1648.3216, 2895.2361, 1640.4588, 2719.4321, 1583.6065, 1615.5808, 1584.8830, 1612.6917
333.8620, 1697.2500, 4785.3234, 1652.2692, 3254.9056, 1648.6716, 2895.9688, 1641.3067, 2719.3909, 1585.6838, 1617.7560, 1585.7345, 1614.9306
334.8620, 1698.0863, 4781.4392, 1650.4977, 3259.2284, 1647.8779, 2896.6038, 1641.3290, 2721.3041, 1586.2388, 1616.0739, 1584.2785, 1613.4262
335.8620, 1698.0986, 4786.9702, 1651.1410, 3252.1550, 1647.7449, 2896.6988, 1641.4820, 2720.6151, 1585.9038, 1616.6924, 1586.6602, 1615.0880
336.8620, 1697.7101, 4785.0633, 1650.8252, 3251.1072, 1647.6418, 2896.4396, 1641.9270, 2718.8960, 1587.1306, 1615.9124, 1584.9540, 1612.5577
337.8620, 1698.3670, 4782.7463, 1653.7762, 3251.7249, 1648.4518, 2898.1289, 1641.5979, 2718.6512, 1586.0034, 1616.9192, 1585.8951, 1613.5133
338.8620, 1697.2801, 4780.1222, 1650.8869, 3255.8904, 1649.9430, 2895.5536, 1641.2045, 2715.4562, 1586.4674, 1616.0567, 1585.1792, 1614.1041
339.8620, 1697.8133, 4782.6038, 1652.7552, 3253.4476, 1648.5739, 2895.9647, 1641.0945, 2714.5730, 1585.0120, 1616.4416, 1586.0565, 1612.6755
340.8620, 1697.0442, 4782.3280, 1651.6212, 3251.9382, 1648.1072, 2896.9552, 1641.0507, 2715.2835, 1586.2148, 1616.2646, 1585.0363, 1612.7667
341.8620, 1697.9893, 4778.5384, 1651.6189, 3249.1970, 1646.7476, 2898.5495, 1642.0369, 2709.5627, 1584.7629, 1615.7749, 1585.2252, 1613.2841
342.8620, 1698.6468, 4780.5476, 1652.5734, 3251.9149, 1647.9688, 2897.7490, 1641.5146, 2711.0060, 1586.7199, 1617.1667, 1585.7328, 1613.2599
343.8620, 1698.9681, 4782.3480, 1650.7378, 3249.4697, 1647.3650, 2897.8589, 1641.4716, 2710.1667, 1585.8299, 1617.9759, 1585.0969, 1611.4931
344.8620, 1697.8928, 4780.1057, 1651.7133, 3251.0688, 1647.4735, 2896.7707, 1642.0378, 2711.5498, 1586.5584, 1616.8797, 1585.0928, 1614.1453
345.8620, 1698.7442, 4784.4241, 1651.7051, 3251.8124, 1648.4233, 2898.7151, 1642.5567, 2709.2706, 1586.2852, 1617.3007, 1585.0734, 1613.2970
346.8620, 1697.7678, 4782.0513, 1650.8718, 3248.7343, 1648.4057, 2892.4505, 1642.3110, 2705.4244, 1585.9141, 1618.0550, 1585.1937, 1615.1937
347.8620, 1696.9241, 4779.7703, 1649.2552, 3248.4580, 1647.1777, 2891.9525, 1639.8265, 2706.9132, 1584.5911, 1616.0859, 1585.2994, 1613.2914
348.8620, 1696.7067, 4778.4017, 1652.0536, 3245.8998, 1647.7151, 2896.8792, 1641.4837, 2656.6400, 1586.9364, 1616.8643, 1584.0525, 1613.7377
349.8620, 1697.5808, 4782.1121, 1649.1923, 3251.4860, 1649.5007, 2896.7951, 1644.6950, 2556.4390, 1584.5704, 1616.0722, 1585.6586, 1615.2187
350.8620, 1696.9659, 4780.4929, 1650.7832, 3249.4942, 1648.6364, 2894.5332, 1644.9665, 2496.3643, 1585.6976, 1618.2010, 1585.5319, 1613.2292
351.8620, 1697.5998, 4779.5150, 1650.9289, 3244.8648, 1648.8100, 2888.5360, 1645.8591, 2462.8591, 1586.3385, 1618.6993, 1584.2195, 1613.6360
352.8620, 1696.8357, 4781.1173, 1649.1550, 3239.2587, 1648.9525, 2795.6404, 1643.7844, 2434.6813, 1585.0533, 1618.0533, 1585.7522, 1612.7111
353.8620, 1696.8593, 4783.0141, 1651.0804, 3242.3124, 1649.5767, 2799.3677, 1644.9141, 2432.0662, 1584.3230, 1614.5584, 1585.2139, 1613.4972
354.8620, 1697.0891, 4776.9908, 1649.7995, 3237.7389, 1648.1194, 2810.0204, 1645.2818, 2459.5876, 1585.5258, 1616.2869, 1584.5763, 1612.9290
355.8620, 1698.2887, 4779.8990, 1651.6970, 3238.1865, 1647.9756, 2827.4708, 1645.6770, 2445.2955, 1584.8591, 1619.3591, 1585.8668, 1613.2260
356.8620, 1699.0132, 4775.9346, 1652.6224, 3238.6550, 1648.6092, 2835.8874, 1644.2010, 2460.8290, 1586.5945, 1617.6409, 1585.7441, 1613.1824
357.8620, 1698.3799, 4776.0623, 1652.5862, 3238.4406, 1648.9430, 2845.3066, 1644.0129, 2488.9502, 1586.2062, 1616.1082, 1584.9451, 1612.9839
358.8620, 1697.3679, 4778.7976, 1652.6690, 3240.0769, 1649.2022, 2854.8331, 1643.2019, 2507.1057, 1586.0206, 1616.7354, 1585.4915, 1613.9927
359.8620, 1697.9929, 4777.0768, 1652.7960, 3240.3869, 1648.0896, 2861.5658, 1645.4450, 2482.2156, 1586.1993, 1617.2182, 1584.6336, 1613.3890
360.8620, 1697.7174, 4776.1585, 1650.9942, 3241.6538, 1648.8996, 2863.7028, 1644.4021, 2463.0206, 1584.6031, 1615.6186, 1585.1001, 1614.3834
361.8620, 1698.5408, 4778.2211, 1652.0664, 3230.6620, 1647.7422, 2866.1113, 1645.7560, 2373.4064, 1585.9467, 1616.1890, 1585.1308, 1610.8846
362.8620, 1697.1612, 4773.0270, 1649.5186, 3218.9382, 1648.9362, 2871.2578, 1645.4940, 2400.3093, 1586.1478, 1618.6100, 1584.4229, 1613.3309
363.8620, 1696.9312, 4771.3123, 1649.5513, 3217.2611, 1647.5902, 2873.7463, 1643.5576, 2474.2500, 1585.2491, 1616.3368, 1584.3947, 1612.3462
364.8620, 1699.2042, 4767.4155, 1649.0664, 3212.3368, 1648.3718, 2874.6716, 1644.2560, 2530.6014, 1586.1271, 1618.0979, 1584.1994, 1612.5650
365.8620, 1697.7264, 4771.7693, 1647.6026, 3210.0583, 1647.7341, 2879.2917, 1643.8531, 2572.2947, 1586.9708, 1616.9656, 1585.3914, 1612.2518
366.8620, 1697.6959, 4768.2783, 1646.2774, 3209.4219, 1648.3066, 2882.5807, 1641.9467, 2604.0258, 1587.2491, 1616.0034, 1585.3551, 1613.4705
367.8620, 1698.4426, 4769.0347, 1646.4685, 3206.8776, 1646.5685, 2882.3935, 1643.3308, 2627.8333, 1585.0326, 1617.4330, 1584.2760, 1611.8337
368.8620, 1698.1849, 4771.4954, 1646.4988, 3207.6515, 1648.4749, 2883.3446, 1642.4141, 2642.5077, 1586.2921, 1616.4296, 1585.1501, 1612.9395
369.8620, 1697.6517, 4770.5550, 1646.2238, 3203.3683, 1648.2754, 2880.3107, 1642.7405, 2653.9536, 1586.5979, 1617.1495, 1585.6885, 1612.9952
370.8620, 1697.9969, 4766.9143, 1644.5420, 3204.1434, 1648.5753, 2886.2727, 1641.5146, 2669.5567, 1584.7285, 1613.7766, 1585.4915, 1613.4665
371.8620, 1697.9754, 4766.7374, 1645.4336, 3198.8858, 1647.0923, 2885.8670, 1642.4038, 2672.4270, 1587.3265, 1617.0928, 1585.3035, 1612.3454
372.8620, 1697.8292, 4766.7657, 1645.6900, 3203.3042, 1648.9132, 2884.7476, 1641.5318, 2677.4416, 1585.4725, 1617.1409, 1584.9435, 1612.8967
373.8620, 1697.1517, 4766.7988, 1643.0921, 3198.5221, 1649.3664, 2889.4342, 1641.1959, 2680.7122, 1585.6237, 1616.9021, 1583.9435, 1611.8628
374.8620, 1695.6594, 4768.2586, 1645.1329, 3196.6270, 1647.0556, 2886.0027, 1640.8076, 2685.7079, 1584.6924, 1617.2801, 1585.0048, 1614.0605
375.8620, 1696.4638, 4766.3808, 1642.5058, 3195.6200, 1648.5142, 2884.0882, 1640.3883, 2687.3454, 1586.3213, 1618.2285, 1585.0936, 1612.4633
376.8620, 1697.2466, 4765.7368, 1643.4907, 3197.2436, 1648.3514, 2878.9593, 1642.3677, 2690.5421, 1585.8093, 1616.0619, 1585.3761, 1613.3099
377.8620, 1697.4186, 4766.5046, 1645.0781, 3195.0956, 1647.0828, 2886.6309, 1640.1194, 2687.9897, 1586.0206, 1617.9811, 1583.8249, 1613.1049
378.8620, 1697.2018, 4767.4656, 1642.8590, 3190.6364, 1646.7164, 2886.0665, 1640.2139, 2688.5043, 1586.5722, 1616.4828, 1585.2179, 1612.6618
379.8620, 1696.8240, 4762.5596, 1643.0548, 3185.2331, 1648.5332, 2879.2252, 1640.7199, 2688.8222, 1586.0206, 1615.8969, 1584.5230, 1613.0896
380.8620, 1697.2525, 4762.7095, 1642.9138, 3179.3193, 1647.8494, 2883.0638, 1641.6916, 2688.2388, 1585.1770, 1617.3608, 1585.6618, 1614.2042
381.8620, 1697.5172, 4762.5544, 1641.7075, 3177.8403, 1646.0896, 2882.4247, 1642.2010, 2689.1057, 1584.0223, 1615.0997, 1585.7345, 1614.1848
382.8620, 1696.3655, 4764.6379, 1643.2459, 3182.1538, 1648.9919, 2882.4735, 1642.7586, 2690.4562, 1585.4313, 1616.7852, 1584.5585, 1614.4746
383.8620, 1698.1250, 4763.6711, 1642.7821, 3179.2366, 1647.3989, 2882.3487, 1640.9107, 2689.8213, 1586.8746, 1617.4467, 1585.5755, 1612.4068
384.8620, 1697.3329, 4763.2270, 1642.9021, 3177.1154, 1647.3419, 2886.0570, 1641.3024, 2692.0490, 1586.1804, 1614.6048, 1585.5270, 1612.9040
385.8620, 1698.2107, 4759.2755, 1642.0676, 3175.0793, 1647.4640, 2887.8250, 1640.6134, 2696.9716, 1585.7595, 1616.9261, 1585.1283, 1612.5593
386.8620, 1697.4410, 4761.3185, 1641.6072, 3171.1480, 1646.7354, 2889.0923, 1642.0189, 2694.9407, 1584.4072, 1615.7045, 1585.4116, 1612.9863
387.8620, 1695.8194, 4759.3861, 1642.8578, 3176.8485, 1647.6635, 2889.9878, 1641.9424, 2693.2887, 1584.5928, 1617.6976, 1585.4326, 1613.2833
388.8620, 1697.8725, 4760.4152, 1642.8613, 3175.0140, 1647.6187, 2887.1805, 1642.0782, 2694.0653, 1586.6753, 1614.7784, 1585.1138, 1612.8200
389.8620, 1696.7902, 4757.1508, 1642.9452, 3173.3054, 1647.1832, 2892.3704, 1640.9957, 2689.1607, 1584.1701, 1615.5670, 1584.5408, 1612.6328
390.8620, 1697.2998, 4761.2503, 1641.8042, 3170.9755, 1647.4193, 2887.4640, 1640.2784, 2694.5146, 1584.7440, 1619.4519, 1585.2712, 1612.5214
391.8620, 1697.0359, 4758.9810, 1641.7005, 3167.1096, 1647.0556, 2891.9891, 1641.3196, 2694.4734, 1584.8093, 1615.7423, 1585.3898, 1613.6449
392.8620, 1697.0399, 4760.2887, 1641.6329, 3167.7762, 1647.8385, 2890.8996, 1640.8436, 2694.3479, 1585.1478, 1617.4450, 1587.1566, 1613.2437
393.8620, 1695.9109, 4759.2147, 1642.2331, 3167.8578, 1646.2985, 2891.4084, 1639.9433, 2695.0524, 1585.2113, 1617.1375, 1585.3947, 1613.0476
394.8620, 1698.1130, 4758.1139, 1642.9172, 3169.7821, 1648.5088, 2885.5658, 1640.8789, 2692.8325, 1585.5361, 1615.7337, 1586.0928, 1614.9144
395.8620, 1696.3547, 4758.7294, 1641.7774, 3165.9079, 1647.9430, 2890.1900, 1640.4184, 2696.6014, 1586.2560, 1615.4124, 1585.5133, 1613.6602
396.8620, 1697.2343, 4760.4659, 1641.8834, 3162.1772, 1646.7829, 2887.3636, 1641.4742, 2691.8771, 1587.3265, 1616.7131, 1586.7643, 1612.6029
397.8620, 1698.3170, 4760.0915, 1641.8159, 3160.1783, 1647.2320, 2889.7734, 1641.9038, 2695.0997, 1585.8729, 1615.8368, 1584.5948, 1613.4584
398.8620, 1697.2703, 4759.7233, 1642.9732, 3158.2226, 1648.0393, 2892.4383, 1642.2088, 2693.8565, 1586.3007, 1616.2732, 1585.4487, 1613.1517
399.8620, 1697.4432, 4758.7466, 1641.9907, 3159.2354, 1647.0543, 2892.0475, 1640.3918, 2692.5567, 1585.0223, 1616.4931, 1585.8805, 1612.6110
400.8620, 1697.3090, 4756.6517, 1640.0664, 3156.9219, 1647.1588, 2890.2374, 1640.8600, 2694.1400, 1586.2663, 1616.7904, 1584.2930, 1613.3890
401.8620, 1697.2245, 4757.0451, 1643.7587, 3153.9079, 1647.8887, 2893.5427, 1640.6924, 2692.6460, 1586.2234, 1617.2268, 1585.2591, 1611.6868
402.8620, 1697.6920, 4755.1827, 1641.2506, 3153.4779, 1647.0244, 2895.3148, 1640.7955, 2691.3935, 1585.0928, 1616.4536, 1585.3293, 1612.9314
403.8620, 1697.4324, 4754.8603, 1642.2483, 3150.7692, 1648.1818, 2890.8250, 1641.0069, 2692.0971, 1586.4914, 1616.6375, 1584.7094, 1613.7062
404.8620, 1698.2743, 4754.9994, 1642.6970, 3148.3275, 1649.0054, 2894.9267, 1640.9940, 2689.3969, 1585.0567, 1616.9622, 1585.7708, 1613.1283
405.8620, 1697.2055, 4752.0396, 1641.3054, 3149.0431, 1647.6974, 2897.0231, 1641.4227, 2692.1735, 1585.6890, 1616.9433, 1585.4181, 1612.7514
406.8620, 1697.4475, 4751.6926, 1641.7133, 3151.0058, 1647.1642, 2897.2659, 1640.9141, 2692.2509, 1586.0464, 1615.4381, 1585.6336, 1614.3834
407.8620, 1697.5602, 4750.1096, 1639.7704, 3148.8007, 1646.9674, 2896.7422, 1641.6100, 2689.2680, 1585.6667, 1617.3368, 1585.1872, 1611.9153
408.8620, 1697.6038, 4748.6935, 1643.4732, 3146.3566, 1647.0692, 2895.9824, 1640.5627, 2690.8187, 1584.7990, 1616.6409, 1585.5827, 1612.3462
409.8620, 1696.4186, 4753.0832, 1640.3531, 3148.4895, 1646.4681, 2895.4450, 1641.0447, 2691.8969, 1585.3849, 1614.5911, 1586.1800, 1613.5674
410.8620, 1697.6192, 4746.1858, 1640.8007, 3146.8124, 1649.3202, 2894.0027, 1641.4948, 2691.3471, 1586.0601, 1616.4107, 1585.3293, 1614.1388
411.8620, 1697.1293, 4748.4438, 1641.3660, 3142.8928, 1646.8535, 2894.1085, 1640.2680, 2691.3067, 1585.4691, 1616.7715, 1584.5650, 1612.4084
412.8620, 1697.0175, 4747.9840, 1641.1807, 3144.2890, 1647.6160, 2895.6431, 1641.0962, 2689.8582, 1586.5601, 1617.3677, 1585.2575, 1612.4665
413.8620, 1696.9487, 4748.1695, 1641.0420, 3141.4674, 1647.7802, 2896.9837, 1639.7191, 2687.9897, 1586.2955, 1615.3832, 1586.1001, 1613.9661
414.8620, 1696.9091, 4750.7147, 1641.2471, 3140.5268, 1648.2646, 2898.4342, 1639.9777, 2690.7680, 1586.7216, 1614.6649, 1584.1864, 1612.3923
415.8620, 1696.4119, 4750.3274, 1641.7832, 3136.6235, 1647.6866, 2902.5957, 1640.4665, 2692.0430, 1585.5069, 1617.0979, 1584.8176, 1612.6199
416.8620, 1696.4168, 4747.8495, 1640.4429, 3129.8135, 1647.8480, 2898.8928, 1640.5318, 2686.2758, 1586.7801, 1617.2079, 1585.7207, 1613.7474
417.8620, 1697.6726, 4746.6459, 1642.9429, 3130.2762, 1647.6011, 2897.8412, 1639.2698, 2686.5180, 1586.5395, 1615.0155, 1585.2776, 1613.1558
418.8620, 1697.6993, 4745.7872, 1641.9009, 3130.1620, 1645.8575, 2902.5156, 1639.7526, 2687.8058, 1586.6770, 1616.2285, 1584.7006, 1613.2526
419.8620, 1697.6674, 4742.9850, 1641.6865, 3124.5583, 1646.8168, 2902.5550, 1640.2397, 2685.5902, 1586.1392, 1616.0670, 1585.1195, 1613.1977
420.8620, 1696.7506, 4744.4241, 1640.7704, 3126.8473, 1645.0149, 2895.6988, 1641.4012, 2687.5292, 1585.0326, 1615.0344, 1585.1848, 1614.1630
421.8620, 1696.2905, 4742.7270, 1640.2681, 3127.7622, 1646.4681, 2899.9810, 1640.5584, 2682.7775, 1586.2973, 1616.3677, 1585.0226, 1612.6618
422.8620, 1697.7810, 4744.0332, 1641.0804, 3130.6480, 1647.1696, 2896.1588, 1639.7706, 2686.6400, 1584.7474, 1615.5258, 1584.5133, 1611.9435
423.8620, 1695.2810, 4742.4917, 1640.7902, 3122.4604, 1645.5577, 2897.9227, 1640.8892, 2687.3247, 1585.7904, 1615.6529, 1584.5916, 1614.3180
424.8620, 1696.1751, 4741.1560, 1640.6748, 3126.3601, 1646.2117, 2897.2483, 1640.9115, 2685.5490, 1586.2887, 1613.8832, 1584.2349, 1613.5190
425.8620, 1696.8274, 4741.3993, 1642.8205, 3123.2552, 1645.5047, 2896.8738, 1642.1108, 2684.2998, 1584.9553, 1617.5155, 1584.0928, 1613.7054
426.8620, 1697.3237, 4743.2420, 1641.4627, 3125.9569, 1646.6526, 2902.1777, 1639.5498, 2683.2216, 1585.5567, 1616.1478, 1584.3688, 1613.4278
427.8620, 1696.9991, 4740.5344, 1642.6760, 3125.3054, 1645.0719, 2901.5170, 1640.9742, 2687.0662, 1586.0550, 1616.2784, 1586.7183, 1612.3551
428.8620, 1697.1723, 4745.0015, 1641.0221, 3126.1573, 1647.6092, 2898.8453, 1640.9485, 2687.3393, 1585.3196, 1615.2543, 1584.8475, 1613.1743
429.8620, 1696.7171, 4742.5402, 1641.1830, 3121.0012, 1643.6716, 2900.3446, 1639.8153, 2687.8050, 1586.0464, 1613.4244, 1585.9322, 1612.5327
430.8620, 1696.0786, 4743.3710, 1641.1655, 3123.7716, 1646.6581, 2899.0231, 1642.0412, 2686.0541, 1584.8385, 1616.7027, 1585.8184, 1613.5020
431.8620, 1695.8799, 4742.5166, 1641.6911, 3117.3368, 1646.6811, 2901.1045, 1639.9510, 2685.9390, 1585.4244, 1615.6873, 1585.0533, 1614.2324
432.8620, 1695.7528, 4740.3529, 1641.4685, 3120.0175, 1645.7829, 2899.4084, 1639.9553, 2684.1486, 1584.6031, 1618.2629, 1584.7708, 1613.1049
433.8620, 1696.4991, 4741.6244, 1643.3147, 3120.9895, 1645.4152, 2897.4071, 1640.5868, 2687.6323, 1584.6289, 1615.4158, 1585.7651, 1614.2163
434.8620, 1696.6797, 4743.2528, 1641.4219, 3119.7156, 1647.2537, 2898.5672, 1640.7328, 2684.4596, 1585.3952, 1617.5962, 1585.7522, 1612.8725
435.8620, 1696.6861, 4741.6164, 1640.2273, 3115.8951, 1647.5970, 2893.3501, 1641.0790, 2681.9149, 1585.0739, 1615.4725, 1585.3987, 1613.2082
436.8620, 1697.3510, 4741.7561, 1639.6282, 3112.3333, 1647.8019, 2894.2700, 1640.1229, 2685.0223, 1586.1701, 1614.1959, 1585.5214, 1614.4124
437.8620, 1697.8707, 4739.1603, 1641.8893, 3112.3322, 1647.1872, 2898.4369, 1641.2818, 2686.2990, 1586.0241, 1616.3213, 1584.9185, 1612.8232
438.8620, 1695.7503, 4740.5842, 1639.4429, 3113.1946, 1646.1493, 2891.6554, 1639.7998, 2683.0979, 1586.4038, 1616.5722, 1584.7207, 1613.2776
439.8620, 1696.9555, 4736.4902, 1638.3834, 3050.0501, 1646.1303, 2888.2293, 1642.7577, 2547.7612, 1586.2869, 1617.5275, 1585.2889, 1612.1905
440.8620, 1696.7466, 4724.3581, 1638.9988, 3024.4417, 1646.7069, 2879.6581, 1646.5455, 2351.8909, 1586.4227, 1616.7595, 1585.2954, 1612.9540
441.8620, 1696.3216, 4711.8698, 1639.1562, 3005.0012, 1647.8019, 2871.5699, 1646.1229, 2302.2878, 1586.2749, 1616.7646, 1584.9742, 1612.7813
442.8620, 1696.9807, 4710.8237, 1637.8124, 2996.9545, 1647.7517, 2868.2578, 1647.2354, 2287.7534, 1585.8402, 1615.7663, 1584.1203, 1613.6215
443.8620, 1697.4287, 4701.5273, 1637.7622, 2987.0361, 1646.7300, 2861.7164, 1647.0232, 2313.1684, 1585.6426, 1616.1048, 1584.0920, 1611.7740
444.8620, 1697.3732, 4692.6496, 1638.3205, 2977.1434, 1647.4559, 2857.6187, 1646.0258, 2324.5936, 1584.8505, 1616.8058, 1584.8660, 1612.6247
445.8620, 1697.0046, 4688.3931, 1637.2110, 2968.9079, 1648.8711, 2854.3691, 1644.7775, 2388.6933, 1584.8127, 1616.3299, 1584.8773, 1613.5908
446.8620, 1696.9644, 4687.6726, 1637.7005, 2959.7727, 1648.0109, 2850.9104, 1643.5301, 2440.1177, 1586.0687, 1616.9914, 1585.6190, 1612.4754
447.8620, 1696.0676, 4685.2736, 1636.3263, 2953.7168, 1648.7395, 2853.4939, 1641.7715, 2483.2543, 1586.4691, 1616.5189, 1584.2639, 1614.0428
448.8620, 1696.6271, 4677.9564, 1637.5128, 2955.4056, 1649.5346, 2842.1370, 1641.7629, 2513.0326, 1586.5911, 1617.0876, 1584.3793, 1612.5198
449.8620, 1696.7650, 4680.9545, 1635.7168, 2944.4277, 1647.4206, 2844.9430, 1642.1203, 2538.3230, 1586.2045, 1615.8608, 1584.1848, 1612.6287
450.8620, 1696.8925, 4679.4125, 1636.1667, 2939.2669, 1647.0149, 2837.9145, 1642.3857, 2557.7122, 1585.2010, 1617.9347, 1585.0952, 1613.4270
451.8620, 1697.6692, 4676.8885, 1636.6702, 2929.8135, 1647.5916, 2844.2130, 1641.6813, 2568.6589, 1586.4210, 1616.6100, 1584.5722, 1613.1630
452.8620, 1697.1311, 4672.7356, 1638.5897, 2926.7063, 1649.0299, 2844.5685, 1643.9253, 2578.3746, 1586.0326, 1614.0842, 1584.4625, 1613.3325
453.8620, 1696.3934, 4675.0593, 1635.0093, 2918.3893, 1648.9064, 2840.5332, 1642.5919, 2590.1649, 1584.1254, 1617.0567, 1584.5964, 1613.5561
454.8620, 1697.5117, 4670.0516, 1637.0583, 2914.3007, 1648.9864, 2843.7531, 1642.2775, 2601.0490, 1586.0258, 1616.7131, 1585.5940, 1612.5948
455.8620, 1696.5713, 4672.4152, 1637.0653, 2913.8333, 1647.3745, 2843.7938, 1641.1478, 2606.7586, 1585.2268, 1615.0619, 1584.3543, 1613.5730
456.8620, 1697.2141, 4674.5940, 1636.4301, 2905.6550, 1648.8711, 2839.8385, 1642.2371, 2612.7122, 1586.3127, 1617.6649, 1585.6441, 1613.2446
457.8620, 1696.3299, 4671.1837, 1635.3485, 2902.8928, 1648.0651, 2842.1954, 1641.4905, 2616.3179, 1586.9914, 1618.2251, 1584.9128, 1613.0387
458.8620, 1697.3741, 4674.1873, 1635.9382, 2899.3939, 1647.6391, 2840.0000, 1640.9184, 2619.9356, 1585.7698, 1616.5103, 1585.1340, 1613.4883
459.8620, 1696.9601, 4672.6714, 1635.4336, 2894.3706, 1648.4138, 2842.4858, 1642.9691, 2624.7182, 1584.4158, 1617.5447, 1585.0654, 1613.8386
460.8620, 1697.6416, 4672.4613, 1635.0629, 2891.9615, 1646.6160, 2839.0068, 1640.7680, 2626.9768, 1585.0052, 1617.5292, 1584.6868, 1613.1106
461.8620, 1697.0025, 4671.4662, 1634.5245, 2890.2459, 1647.9009, 2842.9647, 1641.0404, 2632.0567, 1586.5653, 1618.0017, 1585.2195, 1611.9564
462.8620, 1696.9149, 4669.5169, 1635.1690, 2886.6119, 1646.9118, 2845.3012, 1639.4656, 2628.0739, 1586.7096, 1617.5498, 1585.4294, 1613.0630
463.8620, 1697.2466, 4667.9779, 1634.9697, 2879.5326, 1647.1438, 2838.9322, 1641.7973, 2631.6546, 1585.3900, 1614.7509, 1585.8103, 1612.9540
464.8620, 1697.3323, 4668.2955, 1633.4755, 2877.3322, 1648.2415, 2835.2293, 1639.8634, 2633.2552, 1585.0017, 1616.2216, 1584.8345, 1614.1203
465.8620, 1697.6023, 4667.6588, 1634.1515, 2870.4557, 1647.3826, 2844.9023, 1640.9682, 2631.5309, 1585.2749, 1617.1512, 1585.3067, 1613.2260
466.8620, 1696.8087, 4666.4254, 1633.4767, 2866.3846, 1649.2782, 2844.5875, 1641.0558, 2629.6950, 1586.1306, 1617.5567, 1584.6828, 1611.8491
467.8620, 1697.1720, 4667.4662, 1633.1002, 2860.7471, 1647.4491, 2847.2049, 1641.0077, 2628.5052, 1585.6512, 1616.4399, 1584.8103, 1613.5319
468.8620, 1698.1920, 4665.3357, 1634.0291, 2857.1760, 1647.8060, 2847.9796, 1641.6134, 2629.4957, 1585.8265, 1616.0223, 1584.0847, 1612.8789
469.8620, 1697.1978, 4666.6425, 1634.1643, 2853.7646, 1647.3596, 2849.4315, 1641.8823, 2630.7732, 1586.8402, 1617.4278, 1583.8943, 1613.4770
470.8620, 1698.0734, 4668.4754, 1633.8450, 2850.2459, 1647.5278, 2847.5210, 1641.9562, 2632.0455, 1585.6787, 1616.2629, 1585.3172, 1613.5795
471.8620, 1696.9131, 4669.3477, 1633.2925, 2849.0338, 1648.9986, 2850.7300, 1640.1727, 2635.7191, 1585.2680, 1615.2079, 1584.4471, 1612.2486
472.8620, 1696.4017, 4668.8219, 1634.1235, 2841.5000, 1647.2442, 2851.0950, 1643.1796, 2634.6478, 1585.3643, 1616.3230, 1585.7797, 1612.9556
473.8620, 1698.5627, 4668.4214, 1634.0862, 2840.9744, 1647.0244, 2854.3121, 1640.2586, 2636.6418, 1587.4003, 1617.0086, 1586.5964, 1613.6780
474.8620, 1697.5221, 4667.8381, 1632.5385, 2832.4079, 1648.0760, 2852.4125, 1642.3883, 2638.1151, 1586.4691, 1616.7457, 1585.0008, 1612.8628
475.8620, 1696.8056, 4665.2393, 1631.8881, 2827.9767, 1647.1411, 2853.6893, 1641.5137, 2637.5284, 1586.3900, 1617.0997, 1584.7482, 1613.9871
476.8620, 1697.3618, 4668.5427, 1634.1259, 2824.3625, 1648.2863, 2853.6852, 1641.5936, 2636.4313, 1585.1048, 1616.8368, 1585.3454, 1612.4479
477.8620, 1697.7875, 4667.0731, 1632.5373, 2823.5664, 1648.6689, 2856.3894, 1640.4639, 2639.7869, 1584.8711, 1616.9467, 1585.4173, 1613.0718
478.8620, 1697.6149, 4667.0092, 1633.1830, 2818.9674, 1648.3134, 2856.1031, 1642.1529, 2643.4510, 1584.7045, 1617.5034, 1585.3051, 1614.1106
479.8620, 1698.0249, 4668.3621, 1632.7284, 2816.7261, 1648.0407, 2853.3297, 1641.7122, 2641.2586, 1583.9124, 1617.1168, 1585.2696, 1613.1211
480.8620, 1696.6069, 4666.2537, 1632.5734, 2815.2867, 1647.3718, 2850.0014, 1641.7388, 2643.1134, 1585.2766, 1616.7388, 1585.2841, 1613.6707
481.8620, 1697.8022, 4666.1800, 1632.5618, 2810.5676, 1646.9986, 2853.1045, 1640.8127, 2642.9820, 1585.1392, 1615.3625, 1584.8604, 1613.5504
482.8620, 1697.2985, 4665.0688, 1632.5723, 2802.6329, 1647.0109, 2852.5251, 1640.7380, 2642.3204, 1584.6168, 1618.0533, 1585.8563, 1612.1525
483.8620, 1697.9736, 4663.0338, 1630.4930, 2797.4126, 1646.0081, 2851.3569, 1641.3969, 2638.7706, 1585.5945, 1617.2474, 1584.9370, 1613.1412
484.8620, 1696.5258, 4663.6127, 1630.7110, 2792.9569, 1648.3514, 2850.3799, 1641.8050, 2637.8900, 1585.2440, 1617.5962, 1584.7571, 1613.6602
485.8620, 1696.8391, 4662.4776, 1631.3718, 2788.4965, 1647.3446, 2851.5807, 1641.6641, 2635.7930, 1584.9107, 1615.9656, 1584.2704, 1613.9718
486.8620, 1697.4788, 4664.8741, 1631.7821, 2787.3869, 1647.5739, 2853.1628, 1643.1125, 2636.8497, 1585.7113, 1617.1718, 1584.7070, 1613.9645
487.8620, 1697.3440, 4659.9834, 1630.5548, 2777.5816, 1647.6459, 2853.2972, 1641.7388, 2636.9613, 1585.7131, 1617.4553, 1584.7151, 1613.0226
488.8620, 1697.6219, 4663.8090, 1631.7867, 2778.8438, 1648.4871, 2857.1113, 1641.9261, 2634.0756, 1585.2646, 1616.5704, 1584.6747, 1614.2074
489.8620, 1696.6410, 4662.7156, 1631.7331, 2774.7669, 1646.5224, 2857.0638, 1640.2010, 2632.9957, 1584.7302, 1616.0034, 1585.4124, 1614.7869
490.8620, 1697.3243, 4662.8415, 1631.0326, 2771.5093, 1647.7788, 2855.5278, 1640.5266, 2637.8239, 1586.0155, 1615.3952, 1585.9782, 1612.8927
491.8620, 1697.4291, 4660.4146, 1634.0000, 2770.1573, 1648.1275, 2855.4654, 1640.9038, 2638.3445, 1586.8540, 1616.8351, 1585.2607, 1614.0178
492.8620, 1698.8326, 4659.7202, 1630.7564, 2765.3042, 1647.9457, 2854.0068, 1642.1555, 2636.0902, 1586.2595, 1616.8419, 1584.9516, 1614.8297
493.8620, 1697.6041, 4658.3695, 1631.4114, 2763.1935, 1648.1967, 2855.9878, 1641.2053, 2635.4519, 1583.2027, 1614.8763, 1583.9693, 1613.5650
494.8620, 1697.3381, 4663.5878, 1631.5723, 2762.8508, 1648.0977, 2857.2727, 1641.8866, 2638.1701, 1586.2491, 1616.3041, 1583.7861, 1612.3196
495.8620, 1697.8781, 4659.1127, 1632.0023, 2763.2389, 1647.4668, 2853.3338, 1642.7431, 2640.5653, 1586.0619, 1616.7904, 1585.4826, 1614.1994
496.8620, 1698.1953, 4654.0476, 1630.4510, 2762.4429, 1646.8372, 2858.1791, 1641.9012, 2635.5507, 1586.4536, 1616.3849, 1586.1461, 1613.6699
497.8620, 1698.5537, 4658.8885, 1631.9709, 2758.1876, 1648.2415, 2860.2266, 1641.1667, 2637.1426, 1585.1787, 1616.8419, 1585.2865, 1612.4738
498.8620, 1698.0602, 4652.7184, 1630.0478, 2758.1131, 1647.1180, 2860.8209, 1642.2380, 2637.1229, 1583.9656, 1614.9605, 1586.3487, 1614.8200
499.8620, 1698.1483, 4656.3133, 1636.2156, 2572.2681, 1649.5047, 2860.1058, 1641.5739, 2640.3883, 1584.2766, 1616.2096, 1585.1146, 1613.9266
500.8620, 1698.8044, 4666.5418, 1636.1375, 2626.3252, 1649.5115, 2868.0570, 1644.3428, 2553.8385, 1586.0533, 1616.1821, 1584.7458, 1613.0234
501.8620, 1697.6259, 4675.4183, 1640.1352, 2348.3450, 1647.7978, 2874.3406, 1643.5000, 2590.1735, 1585.2595, 1616.4089, 1584.7877, 1612.2865
502.8620, 1698.1431, 4681.0123, 1646.2599, 2102.3403, 1648.0217, 2876.8412, 1643.8428, 2614.4931, 1585.3419, 1617.4708, 1585.2220, 1613.9241
503.8620, 1698.3667, 4688.9936, 1646.8590, 2081.1142, 1649.3908, 2877.0217, 1642.5859, 2628.3153, 1587.1409, 1617.6237, 1585.3479, 1613.0444
504.8630, 1698.0900, 4686.2862, 1646.5583, 2082.9266, 1647.2157, 2874.5739, 1641.8969, 2641.0481, 1586.1426, 1616.0326, 1585.8983, 1612.8087
505.8630, 1697.9917, 4691.7472, 1646.2413, 2103.5268, 1647.8168, 2877.4288, 1644.0335, 2650.5395, 1584.9536, 1617.4244, 1584.1380, 1614.1259
506.8630, 1697.9410, 4693.3532, 1645.4545, 2116.2716, 1647.4871, 2879.5522, 1642.0378, 2656.4759, 1584.8402, 1617.5962, 1584.3987, 1613.4560
507.8630, 1697.6778, 4695.3744, 1646.4557, 2130.1527, 1649.2252, 2875.0380, 1643.0223, 2661.0636, 1584.8024, 1617.5756, 1584.3075, 1612.0315
508.8630, 1698.3096, 4692.2749, 1645.6655, 2140.5676, 1648.1085, 2873.5807, 1640.7749, 2666.0206, 1585.8505, 1616.3282, 1585.2793, 1612.5036
509.8630, 1697.7905, 4698.8130, 1644.3415, 2153.9103, 1647.7531, 2879.6961, 1639.7973, 2664.5438, 1585.0017, 1617.0825, 1585.1025, 1612.9475
510.8630, 1697.1717, 4702.6582, 1645.4452, 2164.9277, 1648.6757, 2876.9674, 1642.7139, 2570.0086, 1584.6821, 1617.2766, 1585.0928, 1613.1162
511.8630, 1698.8013, 4705.5928, 1645.2284, 2179.9138, 1647.6472, 2873.3284, 1644.0361, 2528.9278, 1585.7595, 1616.9210, 1585.6069, 1614.7248
512.8630, 1697.5931, 4701.4862, 1644.2517, 2193.0221, 1647.6798, 2877.6649, 1642.8892, 2575.6194, 1585.5361, 1616.7131, 1585.1840, 1612.5666
513.8630, 1697.3910, 4703.5218, 1643.9371, 2206.9767, 1647.4016, 2877.3175, 1643.4957, 2602.3686, 1586.6787, 1616.1581, 1585.4350, 1613.3341
514.8630, 1697.5636, 4705.1124, 1644.8881, 2221.9149, 1647.7612, 2878.5672, 1642.5911, 2620.3144, 1587.0275, 1616.8557, 1584.7966, 1613.1186
515.8630, 1697.4346, 4702.9585, 1644.1107, 2240.0338, 1649.4695, 2873.6418, 1642.4433, 2635.7148, 1587.0017, 1615.9639, 1585.3301, 1611.8902
516.8630, 1698.3222, 4708.2512, 1643.8100, 2254.4790, 1647.4640, 2876.5807, 1641.8436, 2645.4184, 1585.2199, 1616.5533, 1584.9040, 1613.9217
517.8630, 1697.1330, 4707.8001, 1643.9814, 2269.2960, 1648.0543, 2875.4681, 1641.9794, 2654.3806, 1586.6564, 1616.6770, 1584.0444, 1612.6618
518.8630, 1697.2466, 4710.9444, 1642.9184, 2289.4161, 1648.4627, 2879.3433, 1641.8256, 2661.0292, 1585.6890, 1616.3746, 1584.9911, 1611.9435
519.8630, 1697.4235, 4704.3824, 1643.1340, 2304.0688, 1647.6364, 2875.4586, 1641.4974, 2665.4046, 1584.9914, 1618.3230, 1584.5553, 1612.4132
520.8630, 1697.6397, 4709.8824, 1642.1434, 2318.7517, 1648.0081, 2883.7381, 1642.1186, 2665.2156, 1585.8711, 1617.2715, 1584.6425, 1613.3390
521.8630, 1697.0943, 4711.7141, 1642.3625, 2336.8485, 1647.1981, 2882.8480, 1642.2629, 2666.2869, 1584.5206, 1616.9261, 1585.9241, 1613.1864
522.8630, 1697.4521, 4708.4985, 1641.9662, 2349.1002, 1648.0231, 2882.0271, 1641.5473, 2665.6082, 1586.1014, 1617.3351, 1585.8208, 1612.8830
523.8630, 1697.4260, 4710.6794, 1641.7949, 2365.2587, 1647.2659, 2881.6811, 1640.9966, 2669.4175, 1585.7869, 1616.3436, 1584.4229, 1614.1824
524.8630, 1698.0310, 4706.9966, 1641.0093, 2385.3951, 1646.3962, 2882.2266, 1641.3918, 2668.2706, 1584.4914, 1617.2148, 1584.9120, 1613.1517
525.8630, 1695.4552, 4710.2761, 1639.9883, 2399.9685, 1646.8223, 2885.4206, 1641.3402, 2671.0172, 1585.1409, 1614.8041, 1584.8450, 1612.7861
526.8630, 1697.2994, 4709.3735, 1639.7786, 2413.8893, 1647.8073, 2885.8290, 1640.3686, 2672.4527, 1586.9519, 1615.3230, 1584.9580, 1612.9798
527.8630, 1696.5332, 4710.3302, 1639.9499, 2427.9184, 1648.0000, 2886.3894, 1641.0404, 2674.3411, 1584.2027, 1615.6753, 1585.7401, 1613.3430
528.8630, 1696.2832, 4707.0372, 1638.2459, 2440.9697, 1647.1927, 2889.4844, 1639.4545, 2675.6452, 1584.2491, 1616.5653, 1585.6990, 1613.7062
529.8630, 1696.6259, 4709.7798, 1639.1235, 2456.2238, 1648.2632, 2884.7001, 1642.2998, 2677.1899, 1585.8419, 1616.2698, 1585.5230, 1612.5884
530.8630, 1697.8366, 4706.5212, 1640.8566, 2470.9604, 1646.9539, 2884.1520, 1642.0189, 2675.9905, 1584.3780, 1616.7646, 1584.2954, 1612.9201
531.8630, 1697.4674, 4708.2101, 1639.2343, 2476.5688, 1646.7327, 2882.1886, 1641.1117, 2677.1778, 1585.4674, 1616.1598, 1585.5932, 1611.1776
532.8630, 1696.7181, 4706.8289, 1638.7995, 2492.4068, 1646.1669, 2884.9566, 1641.0395, 2676.3866, 1586.8643, 1616.8540, 1583.9177, 1613.0016
533.8630, 1697.2104, 4706.4742, 1638.1783, 2502.0245, 1647.6187, 2884.6472, 1640.2148, 2674.2216, 1585.2251, 1616.8282, 1585.9532, 1613.2550
534.8630, 1696.9598, 4706.2912, 1637.6212, 2511.5186, 1646.7205, 2882.9186, 1641.3935, 2675.6538, 1585.9897, 1617.1357, 1585.6287, 1612.4310
535.8630, 1697.6852, 4706.6084, 1636.9755, 2521.3298, 1649.2632, 2878.9783, 1640.6529, 2674.1443, 1585.0223, 1615.7938, 1584.5101, 1612.5424
536.8630, 1696.8919, 4703.2595, 1638.2273, 2533.5326, 1647.4858, 2881.1628, 1640.4313, 2672.6521, 1586.2715, 1616.7973, 1585.2906, 1613.4487
537.8630, 1696.9389, 4705.7534, 1636.0967, 2540.7319, 1647.7273, 2881.0421, 1639.4888, 2672.3677, 1582.5120, 1617.2595, 1583.9919, 1612.6021
538.8630, 1698.0617, 4703.5602, 1637.9254, 2549.0408, 1645.8711, 2887.2415, 1642.2595, 2675.6040, 1584.5309, 1616.7698, 1584.7627, 1612.6231
539.8630, 1696.6800, 4702.6437, 1636.3380, 2555.5886, 1647.9661, 2885.1913, 1640.4089, 2675.7998, 1585.5017, 1615.9553, 1584.3761, 1612.3761
540.8630, 1697.8406, 4700.8947, 1637.6329, 2560.1061, 1647.9661, 2886.8616, 1642.8058, 2675.2921, 1585.1821, 1617.1924, 1582.8701, 1611.8539
541.8630, 1697.4846, 4702.4248, 1636.3497, 2569.4371, 1648.9023, 2888.7001, 1641.2174, 2673.8256, 1584.9381, 1617.6151, 1582.8378, 1611.7167
542.8630, 1697.6367, 4698.1453, 1636.4744, 2577.5979, 1646.7164, 2893.6459, 1641.8119, 2676.2019, 1585.7405, 1617.9158, 1584.4738, 1613.0775
543.8630, 1697.7988, 4699.1615, 1636.0070, 2583.5536, 1646.6486, 2890.2266, 1641.8789, 2676.1366, 1584.6581, 1616.7852, 1584.7837, 1613.2922
544.8630, 1697.0399, 4701.1072, 1636.9231, 2589.5723, 1648.6038, 2893.6608, 1642.1512, 2675.7758, 1584.2543, 1615.4845, 1583.4447, 1611.6965
545.8630, 1697.4226, 4701.3492, 1638.2552, 2594.7646, 1649.0624, 2895.7558, 1641.9210, 2678.4347, 1585.3385, 1617.2784, 1585.0266, 1612.8370
546.8630, 1697.0184, 4699.0236, 1637.1177, 2599.6072, 1647.6798, 2894.3555, 1641.0825, 2675.5455, 1583.7079, 1616.8179, 1584.4762, 1613.1735
547.8630, 1697.3044, 4699.2663, 1635.9138, 2606.3310, 1646.3094, 2898.9240, 1643.5962, 2677.3462, 1585.6134, 1617.8419, 1584.5303, 1613.8305
548.8630, 1697.4650, 4698.1907, 1637.1305, 2607.3427, 1647.7666, 2895.4912, 1641.7500, 2679.5232, 1587.5052, 1617.0739, 1584.7684, 1613.4044
549.8630, 1698.1026, 4698.9054, 1636.8986, 2612.1655, 1648.2442, 2896.5699, 1640.8462, 2674.3686, 1586.4399, 1615.4828, 1583.8555, 1614.0508
550.8630, 1698.0276, 4697.6192, 1636.7995, 2617.4814, 1647.3894, 2896.4953, 1640.7637, 2678.0026, 1585.9502, 1616.2921, 1585.3713, 1613.8935
551.8630, 1697.1744, 4702.7647, 1636.5921, 2618.4289, 1648.8073, 2895.1275, 1642.8771, 2677.7698, 1585.9759, 1617.6254, 1584.8410, 1612.4713
552.8630, 1697.6870, 4704.8173, 1635.3881, 2620.8916, 1648.3935, 2897.7951, 1640.5722, 2674.7225, 1585.2096, 1617.6615, 1584.0985, 1613.2833
553.8630, 1697.8529, 4699.7503, 1633.8893, 2622.4534, 1647.4627, 2901.0081, 1640.4570, 2671.5309, 1583.3952, 1616.8952, 1584.9395, 1613.8160
554.8630, 1696.8283, 4701.3415, 1635.1434, 2626.1410, 1646.9308, 2897.2171, 1642.0662, 2674.9081, 1585.1649, 1616.4777, 1584.6013, 1613.9637
555.8630, 1698.5802, 4701.7061, 1635.9009, 2625.0536, 1645.9946, 2900.9376, 1641.2388, 2673.7921, 1586.2371, 1616.4381, 1586.2220, 1612.6320
556.8630, 1697.9960, 4700.1394, 1636.3217, 2631.8846, 1647.4844, 2900.1642, 1641.1211, 2673.3625, 1585.4777, 1614.7869, 1583.7853, 1612.3664
557.8630, 1697.9797, 4694.3544, 1636.2646, 2631.9697, 1649.4274, 2902.4491, 1641.5825, 2673.9296, 1587.7113, 1616.2182, 1584.8781, 1611.8136
558.8630, 1697.2951, 4693.8234, 1635.9709, 2634.4953, 1649.0339, 2892.9674, 1641.1598, 2674.3625, 1586.6340, 1615.9089, 1584.3220, 1613.6158
559.8630, 1697.4822, 4680.8698, 1635.3683, 2560.7681, 1651.7327, 2686.7598, 1642.5851, 2576.3445, 1585.1048, 1617.5928, 1585.3398, 1611.7143
560.8630, 1726.0451, 3289.9628, 1642.6993, 2082.8322, 1661.3107, 2185.9579, 1651.8436, 2106.5584, 1584.6237, 1613.4708, 1584.7078, 1611.7070
561.8630, 1741.7540, 2542.0783, 1641.1737, 2029.7273, 1661.6540, 2151.2361, 1651.6632, 2055.3144, 1584.6117, 1612.3076, 1586.0307, 1611.5650
562.8630, 1744.2503, 2440.8507, 1641.7564, 2019.7051, 1663.6554, 2144.8277, 1654.2878, 2049.5808, 1586.0893, 1613.3540, 1586.0726, 1610.0121
563.8630, 1744.9588, 2428.2254, 1641.6294, 2019.5420, 1664.2402, 2141.1927, 1652.7655, 2054.3454, 1585.2234, 1611.6203, 1584.9782, 1609.7256
564.8630, 1743.6677, 2511.7862, 1643.5769, 2047.5711, 1660.8792, 2161.0285, 1653.1701, 2081.4270, 1583.9021, 1612.5997, 1584.3705, 1611.2163
565.8630, 1739.6189, 2641.6400, 1645.9814, 2083.4464, 1660.3989, 2180.8820, 1652.4287, 2135.0395, 1585.7955, 1614.0515, 1585.1582, 1610.4576
566.8630, 1740.4886, 2725.6170, 1645.8065, 2094.4907, 1659.0773, 2190.8657, 1651.6143, 2169.0369, 1585.3694, 1613.9759, 1585.1574, 1610.0056
567.8630, 1738.0055, 2778.5249, 1646.6725, 2103.8788, 1658.2944, 2201.1927, 1650.4828, 2193.6246, 1585.1478, 1615.0498, 1585.2550, 1610.7942
568.8630, 1738.0992, 2817.4862, 1645.6818, 2110.4627, 1658.4559, 2207.9294, 1650.5352, 2211.2448, 1586.7302, 1613.8746, 1585.3890, 1611.4076
569.8630, 1737.3904, 2834.0697, 1645.0268, 2115.8438, 1659.9457, 2212.7096, 1650.5481, 2222.7070, 1586.2560, 1612.7973, 1585.2994, 1611.0024
570.8630, 1736.8851, 2850.8428, 1644.4930, 2119.7436, 1660.4749, 2219.3528, 1649.2577, 2230.9639, 1586.7199, 1614.5962, 1583.4746, 1611.2478
571.8630, 1737.4616, 2857.9481, 1644.4406, 2126.9662, 1658.9213, 2224.0407, 1648.7294, 2238.4940, 1586.2096, 1612.8076, 1584.7571, 1610.2026
572.8630, 1736.5734, 2862.8252, 1643.8508, 2134.0233, 1659.7815, 2231.1425, 1648.6555, 2241.8136, 1585.6220, 1613.4553, 1584.5803, 1610.9169
573.8630, 1738.1066, 2865.3566, 1645.2832, 2140.9825, 1659.2049, 2239.0923, 1649.9021, 2247.0206, 1585.7131, 1614.7715, 1584.0597, 1610.6441
574.8630, 1736.2325, 2866.9573, 1641.8392, 2140.9417, 1658.9607, 2242.1791, 1648.9356, 2250.7363, 1584.0430, 1613.6323, 1585.2623, 1610.1727
575.8630, 1736.0021, 2868.0737, 1644.2261, 2149.1200, 1659.0339, 2247.4396, 1648.3247, 2252.7835, 1586.0825, 1614.7835, 1586.1840, 1611.4713
576.8630, 1736.1428, 2870.4647, 1643.2797, 2154.0956, 1658.9579, 2250.5156, 1648.6907, 2254.1907, 1585.2887, 1614.9021, 1585.1372, 1610.9814
577.8630, 1735.9401, 2870.6014, 1643.1538, 2157.6958, 1660.5455, 2252.6255, 1648.1985, 2259.8849, 1586.1581, 1613.1237, 1585.1703, 1611.4754
578.8630, 1735.7792, 2874.5967, 1644.0944, 2164.3823, 1660.2415, 2260.4193, 1649.8359, 2261.8668, 1585.4966, 1612.8162, 1584.3123, 1611.0315
579.8630, 1736.0230, 2880.5107, 1642.7599, 2168.3986, 1660.0543, 2260.5794, 1648.1289, 2267.3625, 1585.0069, 1615.2509, 1585.2728, 1611.9483
580.8630, 1735.4343, 2880.6477, 1643.3625, 2171.1748, 1657.9783, 2267.2049, 1649.4656, 2269.0842, 1585.0945, 1613.6443, 1584.8337, 1611.7982
581.8630, 1735.9868, 2884.9263, 1642.6189, 2174.6212, 1659.2347, 2268.1723, 1648.5464, 2274.2715, 1583.5859, 1614.0378, 1584.1219, 1610.3317
582.8630, 1735.5799, 2887.6569, 1643.8077, 2180.1795, 1659.0271, 2275.8982, 1646.8668, 2279.5979, 1587.1014, 1613.7199, 1585.2397, 1611.5811
583.8630, 1736.1582, 2893.3839, 1642.5676, 2184.1119, 1659.8589, 2277.4640, 1649.0782, 2284.5782, 1585.5722, 1614.4880, 1586.8039, 1611.8216
584.8630, 1736.0193, 2897.2214, 1642.3531, 2187.8147, 1657.5536, 2282.3731, 1648.0739, 2289.5189, 1584.0722, 1613.1924, 1585.1106, 1610.1977
585.8630, 1734.9186, 2901.5851, 1643.0606, 2193.7809, 1660.5142, 2281.9471, 1647.6065, 2296.1392, 1586.0000, 1614.6168, 1583.8781, 1609.8200
586.8630, 1734.9023, 2904.6007, 1641.4872, 2194.3159, 1657.8331, 2287.9159, 1646.5498, 2297.0369, 1585.5189, 1615.2543, 1584.7595, 1610.9161
587.8630, 1735.5197, 2907.7497, 1643.1760, 2201.3683, 1658.4532, 2290.8955, 1647.4175, 2304.0481, 1584.9708, 1613.8058, 1584.8031, 1611.5165
588.8630, 1734.7506, 2912.7872, 1641.4231, 2206.4161, 1658.6961, 2291.3216, 1647.5653, 2309.6486, 1585.4347, 1612.8780, 1584.4665, 1611.1759
589.8630, 1735.3302, 2917.9595, 1641.7179, 2211.9604, 1658.7137, 2298.4803, 1647.6924, 2314.3582, 1586.8729, 1614.9055, 1584.6699, 1610.1348
590.8630, 1735.5565, 2920.3474, 1642.0117, 2214.6667, 1658.5984, 2298.6893, 1647.2947, 2321.5344, 1585.6512, 1611.6203, 1584.9960, 1610.2994
591.8630, 1735.6913, 2926.6241, 1642.4767, 2221.5653, 1659.1818, 2299.8725, 1648.7165, 2324.9888, 1586.4107, 1613.5567, 1584.9911, 1610.5521
592.8630, 1735.2141, 2931.6422, 1639.9301, 2224.2517, 1659.1004, 2302.1031, 1646.1014, 2332.6289, 1584.3247, 1613.2131, 1585.4245, 1611.8539
593.8640, 1733.7079, 2932.8354, 1641.3508, 2229.8228, 1660.3528, 2306.8128, 1646.8694, 2334.8033, 1584.5859, 1612.9210, 1586.1864, 1610.3204
594.8640, 1734.5369, 2939.0479, 1642.2611, 2237.3648, 1660.2985, 2307.1900, 1646.6323, 2343.3058, 1585.4261, 1614.4261, 1584.8160, 1611.2970
595.8640, 1733.2945, 2942.0623, 1640.7727, 2235.7191, 1657.6798, 2311.6092, 1645.8144, 2346.1392, 1583.7148, 1612.8316, 1585.4722, 1610.5190
596.8640, 1734.0921, 2947.1526, 1641.7716, 2244.6317, 1658.1004, 2310.2456, 1646.3273, 2351.1435, 1586.3351, 1615.2560, 1586.0613, 1611.0363
597.8640, 1732.2905, 2950.9730, 1640.6923, 2248.7016, 1657.7653, 2314.5889, 1646.4029, 2355.9296, 1583.5997, 1612.8041, 1584.4923, 1610.9701
598.8640, 1733.1505, 2955.8366, 1640.1550, 2254.0233, 1657.6459, 2314.5753, 1646.9364, 2362.3247, 1583.3540, 1612.3729, 1583.3858, 1611.1090
599.8640, 1733.9260, 2959.4045, 1641.5093, 2260.8683, 1658.4233, 2316.3976, 1646.3574, 2368.3711, 1585.9553, 1612.6495, 1585.4843, 1610.4770
600.8640, 1732.7239, 2964.2399, 1640.2389, 2266.7016, 1658.6689, 2318.9213, 1644.5515, 2369.7062, 1586.4828, 1612.3385, 1584.1558, 1611.0016
601.8640, 1732.2343, 2968.7113, 1639.3974, 2270.0420, 1658.7965, 2320.7449, 1645.2887, 2373.4373, 1584.6048, 1614.8711, 1585.2776, 1611.7183
602.8640, 1733.5940, 2972.7485, 1640.6667, 2277.9953, 1656.1682, 2324.1886, 1644.4579, 2379.1186, 1582.9330, 1611.6323, 1585.5303, 1611.3713
603.8640, 1733.2055, 2978.7165, 1639.8974, 2283.4802, 1657.4600, 2327.5360, 1647.2156, 2385.4828, 1583.9158, 1613.0756, 1585.0234, 1611.2042
605.0640, 1731.9294, 2985.2113, 1640.4429, 2290.2459, 1659.9593, 2326.4125, 1647.2491, 2389.9493, 1584.5533, 1612.5412, 1585.6489, 1610.4302
606.0640, 1733.8449, 2990.7955, 1640.1492, 2297.2110, 1657.8643, 2329.1235, 1646.9716, 2399.1246, 1585.9124, 1613.0103, 1583.5981, 1611.5311
607.0640, 1733.1256, 2994.2586, 1640.8182, 2304.8042, 1657.1357, 2331.9498, 1645.2723, 2406.2981, 1585.1151, 1613.1168, 1584.6973, 1611.6207
608.0640, 1732.1910, 3001.1649, 1638.8578, 2309.6503, 1656.5943, 2331.3229, 1645.2079, 2411.7629, 1584.3883, 1613.1100, 1584.4883, 1610.0557
609.0640, 1732.1327, 3007.8719, 1638.3240, 2318.4709, 1658.4803, 2334.9362, 1645.0919, 2420.0696, 1583.9467, 1612.6684, 1584.0210, 1611.0638
610.0640, 1732.6990, 3011.4859, 1638.5967, 2322.6865, 1658.4668, 2338.6404, 1645.3213, 2425.8617, 1583.6976, 1612.0206, 1585.5367, 1611.2736
611.0640, 1731.3498, 3017.1996, 1639.3823, 2333.3333, 1657.4695, 2339.1506, 1643.8883, 2430.6787, 1584.8797, 1612.7904, 1585.5319, 1611.0880