"File: DDELog(Excel:M14	1	1)::C:\Users\user\Desktop\clemens\20_07_22_DRG_AOP\M14_DRG_20_7\M14.LOG"
"Date: Wed Jul 20 2022 11:32:39.130"
0.0000, "Wavelength Names:	340	385	GFP	Wavelength 4	555"
"Time (sec)"
49.9070
0.0000, "Clock reset to 0.0"
0.0000, "Clock reset to 0.0"
"Region 1: [Location: (230, 229), Size: (35, 37), Area: 991]"
"Region 2: [Location: (448, 268), Size: (29, 34), Area: 758]"
"Region 3: [Location: (196, 345), Size: (39, 36), Area: 1088]"
"Region 4: [Location: (40, 49), Size: (43, 50), Area: 1660]"
"Region 5: [Location: (51, 144), Size: (51, 91), Area: 3619]"
"Time (sec)", "R1 W1 Avg", "R1 W2 Avg", "R2 W1 Avg", "R2 W2 Avg", "R3 W1 Avg", "R3 W2 Avg", "R4 W1 Avg", "R4 W2 Avg", "R5 W1 Avg", "R5 W2 Avg"
1.3290, 1766.9374, 3638.1927, 1676.8707, 3678.9222, 1776.8061, 3470.1094, 1607.2717, 1615.5886, 1605.7356, 1624.4388
2.3290, 1756.4400, 3636.9526, 1665.5884, 3672.2296, 1764.8088, 3469.4678, 1588.0434, 1614.7795, 1589.1605, 1623.9878
3.3290, 1754.7598, 3631.5055, 1664.0646, 3670.1636, 1764.3116, 3461.3061, 1586.4735, 1614.1380, 1587.7961, 1622.1354
4.3290, 1755.5025, 3626.7952, 1664.3945, 3667.1042, 1764.3722, 3467.9936, 1586.8078, 1613.5614, 1589.0301, 1623.1199
5.3290, 1753.9576, 3617.6811, 1666.5356, 3670.6398, 1764.5248, 3462.9945, 1587.8422, 1613.3952, 1588.5399, 1622.6256
6.3290, 1754.3481, 3618.2866, 1663.8206, 3665.4393, 1764.0276, 3459.0726, 1587.0880, 1614.2952, 1588.4780, 1622.8334
7.3290, 1754.5227, 3607.8305, 1665.7348, 3661.6359, 1764.3153, 3473.7739, 1585.7542, 1613.5741, 1587.8806, 1622.7756
8.3290, 1752.7719, 3601.7467, 1665.1438, 3662.1544, 1762.2436, 3459.5358, 1586.9675, 1613.9566, 1587.9997, 1622.5026
9.3290, 1753.7528, 3599.9102, 1663.6979, 3659.5264, 1765.1618, 3456.0037, 1586.8181, 1613.2054, 1588.2349, 1622.3808
10.3290, 1753.8143, 3592.8315, 1666.4169, 3660.8470, 1762.9623, 3449.9513, 1586.2753, 1613.4645, 1588.1987, 1622.6170
11.3290, 1754.4420, 3588.5015, 1664.8483, 3652.6821, 1763.3217, 3437.0699, 1588.0807, 1613.9066, 1588.2481, 1622.9329
12.3290, 1753.1322, 3581.7185, 1662.9881, 3647.7678, 1761.9660, 3438.0882, 1586.2964, 1613.6608, 1588.5548, 1622.4825
13.3290, 1753.4107, 3580.2916, 1663.2797, 3640.3602, 1761.6057, 3448.4421, 1586.1187, 1613.3813, 1588.2492, 1622.2108
14.3290, 1753.4571, 3570.2513, 1665.3760, 3647.4499, 1763.6691, 3448.5616, 1586.4916, 1613.1777, 1588.0169, 1622.0133
15.3290, 1753.0636, 3567.2825, 1663.1517, 3642.6807, 1760.2730, 3445.7004, 1586.2584, 1612.8151, 1587.6228, 1622.5819
16.3290, 1753.2947, 3559.8870, 1664.4710, 3645.0251, 1760.6176, 3434.8925, 1586.8494, 1613.4554, 1588.6494, 1622.1517
17.3290, 1755.3875, 3554.9263, 1663.1438, 3645.8153, 1762.1498, 3427.9835, 1586.7620, 1613.1145, 1588.8207, 1622.6134
18.3290, 1754.8860, 3552.9828, 1663.2863, 3641.5976, 1761.9072, 3435.9237, 1586.5928, 1612.4319, 1587.5247, 1622.2097
19.3290, 1753.2462, 3545.4682, 1664.5897, 3638.2982, 1762.1195, 3433.2178, 1586.2729, 1613.6825, 1587.4242, 1621.8784
20.3290, 1753.0858, 3542.0525, 1664.6253, 3640.9314, 1760.4614, 3438.0110, 1586.1675, 1611.4512, 1587.8776, 1621.6762
21.3290, 1752.9203, 3534.1826, 1664.2256, 3633.1847, 1759.3042, 3435.8943, 1586.6855, 1613.6669, 1588.1125, 1621.9997
22.3290, 1755.5883, 3532.0555, 1662.9169, 3631.5237, 1759.8713, 3426.9954, 1587.8367, 1612.5108, 1588.7541, 1621.9204
23.3290, 1754.7447, 3521.4369, 1661.7678, 3623.5290, 1759.9256, 3430.9660, 1586.7078, 1612.4554, 1588.3225, 1621.1310
24.3290, 1755.0252, 3511.4178, 1663.7401, 3631.0053, 1760.3575, 3418.6985, 1586.4416, 1613.0705, 1588.1688, 1621.6223
25.3290, 1752.8809, 3509.0464, 1663.4538, 3627.8404, 1759.4458, 3416.5221, 1586.4000, 1614.0060, 1588.1290, 1621.8414
26.3290, 1751.5469, 3502.9879, 1665.1253, 3625.5858, 1760.8824, 3411.5175, 1587.0265, 1613.4247, 1588.0649, 1622.2725
27.3290, 1754.5933, 3500.0232, 1663.3865, 3619.8232, 1759.2996, 3409.5294, 1586.9349, 1612.8422, 1588.1721, 1621.4258
28.3290, 1753.4097, 3490.4077, 1663.6649, 3621.7269, 1760.2390, 3387.7123, 1586.2566, 1613.4241, 1587.1666, 1620.8842
29.3290, 1753.3835, 3484.4844, 1663.7309, 3616.9921, 1759.4752, 3391.9467, 1587.0675, 1613.4584, 1588.6444, 1622.3880
30.3290, 1755.0283, 3475.8527, 1663.2335, 3617.9908, 1760.8695, 3383.0487, 1585.4482, 1611.6175, 1587.4778, 1621.2445
31.3290, 1752.3683, 3473.5045, 1662.1557, 3614.1913, 1758.5754, 3380.0790, 1587.7633, 1612.8060, 1588.4673, 1621.9436
32.3290, 1756.0101, 3470.0797, 1663.4565, 3610.3694, 1758.0607, 3383.9770, 1586.8747, 1612.1458, 1588.2070, 1622.3515
33.3290, 1752.6327, 3462.0252, 1663.9235, 3612.6953, 1758.7031, 3378.4136, 1586.1922, 1613.5645, 1587.3744, 1621.7187
34.3290, 1753.9455, 3459.8527, 1662.2203, 3617.0739, 1756.5781, 3385.5386, 1585.9416, 1612.2096, 1587.4230, 1621.8395
35.3290, 1754.5257, 3457.0989, 1662.8773, 3610.6544, 1757.4770, 3376.9835, 1586.5747, 1612.6801, 1587.5344, 1621.6524
36.3290, 1755.9839, 3448.6105, 1662.2520, 3605.7190, 1758.9044, 3389.8741, 1586.8139, 1612.9669, 1588.5046, 1621.6651
37.3290, 1753.5217, 3443.0222, 1663.8470, 3603.3562, 1757.1489, 3374.6857, 1586.1801, 1612.9657, 1587.7466, 1621.3283
38.3290, 1753.9717, 3439.0676, 1663.5383, 3601.5831, 1757.9954, 3359.5028, 1586.2620, 1613.8018, 1587.5140, 1621.3860
39.3290, 1754.7962, 3433.4662, 1662.6873, 3600.6530, 1758.6544, 3361.8805, 1585.9307, 1611.6181, 1588.2175, 1621.1216
40.3290, 1755.3179, 3427.4117, 1663.7150, 3594.6425, 1756.8814, 3378.7197, 1586.2596, 1611.6386, 1587.5582, 1620.3625
41.3290, 1754.3380, 3428.1978, 1661.2533, 3598.3628, 1756.2665, 3375.4522, 1585.3813, 1612.8102, 1587.7939, 1621.1194
42.3290, 1753.3320, 3421.7881, 1661.8074, 3599.5343, 1757.0083, 3369.1324, 1586.8223, 1612.8663, 1588.4673, 1621.9251
43.3290, 1752.8739, 3419.7841, 1662.4617, 3593.3931, 1757.1746, 3369.3759, 1585.3675, 1611.8223, 1587.7502, 1621.1824
44.3290, 1754.3693, 3417.6367, 1662.6306, 3594.4288, 1758.6645, 3372.0928, 1586.3398, 1612.8482, 1587.0210, 1621.5466
45.3290, 1753.7366, 3411.7235, 1663.5013, 3589.0660, 1756.4182, 3363.3529, 1585.5018, 1612.1723, 1587.8936, 1620.4142
46.3290, 1754.7376, 3411.2664, 1661.7388, 3588.3918, 1756.0910, 3357.8171, 1586.1958, 1611.7699, 1588.0904, 1620.5891
47.3290, 1752.8991, 3406.1736, 1661.7137, 3586.2322, 1755.1921, 3366.3263, 1586.4825, 1611.9976, 1587.8057, 1620.1025
48.3290, 1754.4379, 3403.4258, 1660.8760, 3578.6847, 1757.0726, 3342.4265, 1585.8120, 1611.7693, 1587.6817, 1620.6855
49.3290, 1754.8002, 3401.1645, 1661.5185, 3572.1385, 1756.3428, 3344.0680, 1585.8928, 1612.4024, 1586.8837, 1620.4424
50.3290, 1753.3895, 3395.1150, 1661.1689, 3571.1847, 1755.3612, 3345.6259, 1585.8169, 1611.4970, 1586.6576, 1621.0135
51.3290, 1753.3098, 3392.7053, 1661.3892, 3561.3602, 1754.3263, 3347.6029, 1586.2331, 1611.8536, 1587.3545, 1620.7499
52.3290, 1752.8870, 3389.7901, 1663.8113, 3559.1214, 1755.6875, 3350.0607, 1587.4928, 1612.3410, 1588.1235, 1621.3611
53.3290, 1753.1988, 3382.1241, 1663.9908, 3558.7230, 1755.9329, 3360.5809, 1587.1199, 1611.9066, 1588.1384, 1621.2081
54.3290, 1754.3582, 3382.2977, 1663.4868, 3567.6992, 1756.7684, 3353.0358, 1585.6807, 1612.3343, 1587.8326, 1621.3390
55.3290, 1752.5479, 3373.5066, 1662.3668, 3570.2480, 1754.3483, 3355.5597, 1585.7548, 1611.2837, 1587.4090, 1620.5490
56.3290, 1754.6408, 3375.4299, 1661.4090, 3567.6398, 1754.0735, 3360.1480, 1586.6205, 1611.7440, 1588.2445, 1620.7463
57.3290, 1755.9526, 3372.4924, 1660.9327, 3566.3615, 1754.4265, 3362.7868, 1586.3283, 1612.3133, 1587.4474, 1620.9442
58.3290, 1753.9354, 3369.1685, 1662.2150, 3568.8509, 1754.3428, 3358.2142, 1586.4464, 1612.3139, 1588.0061, 1620.7988
59.3290, 1753.0161, 3365.5520, 1662.4380, 3571.5224, 1753.4118, 3349.5570, 1585.4590, 1612.0789, 1587.0334, 1619.5330
60.3290, 1754.5399, 3365.2886, 1661.7823, 3568.0765, 1753.5138, 3346.8438, 1586.8922, 1611.3470, 1587.9765, 1619.9005
61.3290, 1753.0656, 3351.3169, 1661.5132, 3559.3298, 1750.7629, 3335.0110, 1586.8283, 1612.3241, 1587.0727, 1620.5242
62.3290, 1753.7205, 3351.8860, 1661.0699, 3546.2032, 1750.4991, 3315.5018, 1585.6440, 1611.6548, 1587.6919, 1620.8671
63.3290, 1754.0131, 3349.2089, 1662.9301, 3546.4208, 1749.2693, 3320.0634, 1586.2386, 1611.6512, 1586.9494, 1620.6314
64.3290, 1754.1715, 3341.6680, 1660.9274, 3538.7361, 1747.1526, 3325.1342, 1584.9578, 1611.7777, 1587.6941, 1621.1119
65.3290, 1752.2462, 3346.9778, 1661.0079, 3538.5053, 1750.3171, 3329.1498, 1585.1494, 1612.4428, 1586.1931, 1620.9721
66.3290, 1753.4622, 3335.9384, 1661.2639, 3536.4222, 1749.3125, 3307.3566, 1585.5114, 1612.0410, 1587.5949, 1621.1091
67.3290, 1753.0494, 3334.1362, 1661.5396, 3533.3285, 1750.3061, 3297.2160, 1585.8729, 1612.2934, 1586.6764, 1620.1857
68.3290, 1751.9405, 3331.8315, 1661.1398, 3538.8061, 1748.0478, 3297.3465, 1585.9145, 1612.6440, 1588.7002, 1620.6698
69.3290, 1753.8355, 3325.3370, 1658.9472, 3535.4195, 1747.5726, 3276.3364, 1587.1205, 1613.2193, 1587.5065, 1620.8801
70.3290, 1754.1130, 3326.0202, 1659.5686, 3528.3034, 1748.2647, 3281.4063, 1585.6283, 1612.9301, 1587.4758, 1620.5714
71.3290, 1752.5954, 3321.8567, 1660.1161, 3528.1425, 1748.2472, 3279.5974, 1585.4855, 1612.6596, 1587.7170, 1620.8414
72.3290, 1752.5984, 3316.3380, 1661.6504, 3533.7836, 1746.2987, 3282.8640, 1586.7355, 1612.1295, 1587.5819, 1620.1611
73.3290, 1754.0212, 3313.4642, 1660.6029, 3525.0686, 1744.7114, 3292.8015, 1585.4801, 1611.9229, 1586.5551, 1620.1539
74.3290, 1753.4723, 3311.2533, 1660.4657, 3526.2256, 1746.9274, 3287.6103, 1586.2783, 1611.1380, 1586.8049, 1620.1572
75.3290, 1754.5600, 3306.9980, 1659.4380, 3519.4380, 1746.9669, 3281.4366, 1586.3217, 1612.6102, 1588.3004, 1620.6383
76.3290, 1753.1271, 3310.1715, 1659.0752, 3519.1029, 1745.5542, 3280.6636, 1585.9373, 1612.9873, 1587.1708, 1620.8198
77.3290, 1752.4268, 3309.0898, 1659.9987, 3514.8443, 1744.8640, 3279.1930, 1586.3855, 1612.3217, 1586.7433, 1621.1448
78.3290, 1753.7841, 3297.8587, 1660.8575, 3515.7784, 1743.6351, 3289.2776, 1586.3687, 1612.6343, 1587.7477, 1620.6706
79.3290, 1752.9960, 3303.2997, 1661.0910, 3512.6596, 1744.4476, 3273.4825, 1586.6325, 1612.6867, 1586.9970, 1620.7709
80.3290, 1752.7386, 3295.0969, 1660.7296, 3512.7111, 1743.9678, 3273.9439, 1585.4663, 1612.9048, 1587.6422, 1620.3813
81.3290, 1754.3269, 3293.9142, 1660.1517, 3509.1675, 1743.8741, 3264.2022, 1585.5241, 1612.5367, 1586.8983, 1620.9619
82.3290, 1754.2220, 3293.0817, 1661.8905, 3509.3509, 1745.0579, 3246.4357, 1585.6500, 1611.8012, 1587.0951, 1620.3031
83.3290, 1754.7346, 3292.1554, 1660.3734, 3514.3641, 1743.2518, 3237.9311, 1586.5807, 1612.6295, 1587.3996, 1620.8980
84.3290, 1753.3269, 3283.1968, 1660.7493, 3507.7757, 1744.7013, 3244.1425, 1586.3012, 1612.9163, 1587.8566, 1620.2835
85.3290, 1752.3320, 3279.6509, 1660.8430, 3508.3285, 1743.4412, 3245.0478, 1585.7506, 1612.1982, 1588.0044, 1619.5618
86.3290, 1753.6317, 3276.8527, 1660.9142, 3510.8628, 1744.0551, 3228.4954, 1585.5898, 1612.0669, 1587.7085, 1620.3476
87.3290, 1753.2603, 3270.6468, 1661.3734, 3505.1887, 1742.1847, 3229.3189, 1585.2361, 1611.4910, 1587.1730, 1620.2338
88.3290, 1752.7154, 3267.2583, 1661.0462, 3500.2784, 1743.1222, 3222.5772, 1585.7145, 1611.6145, 1587.6217, 1620.1998
89.3290, 1754.9405, 3265.4208, 1660.7968, 3501.8720, 1743.8631, 3218.2941, 1586.7030, 1612.1693, 1587.5115, 1619.9500
90.3290, 1755.0807, 3265.3421, 1660.3338, 3499.8074, 1741.8235, 3216.0827, 1586.0169, 1612.0127, 1586.1420, 1620.1453
91.3290, 1753.8083, 3262.1080, 1662.1702, 3503.8641, 1742.7362, 3218.7353, 1586.3108, 1611.3855, 1588.1652, 1619.7947
92.3290, 1754.5732, 3252.6872, 1659.5752, 3498.9063, 1740.8364, 3224.0882, 1586.5940, 1613.0464, 1587.5930, 1620.4208
93.3290, 1753.2281, 3250.7427, 1659.9156, 3496.8707, 1740.9706, 3231.1434, 1586.3590, 1612.4464, 1587.3733, 1620.5142
94.3290, 1754.4077, 3244.6478, 1659.8496, 3491.0396, 1741.5938, 3221.5285, 1586.7151, 1611.4392, 1587.1860, 1619.6524
95.3290, 1752.1948, 3243.6044, 1659.4142, 3491.3430, 1741.1259, 3216.5781, 1585.5976, 1612.4783, 1587.3086, 1620.5944
96.3290, 1753.9667, 3243.6680, 1661.1240, 3491.3707, 1740.7574, 3206.6204, 1585.0006, 1611.2729, 1587.7303, 1621.2222
97.3290, 1754.0595, 3241.7457, 1657.9802, 3492.6346, 1739.7767, 3199.6241, 1586.4717, 1611.9422, 1588.3357, 1619.9691
98.3290, 1752.6761, 3237.5681, 1658.9815, 3490.6016, 1739.5790, 3210.1939, 1585.7735, 1611.7512, 1587.6563, 1619.5877
99.3290, 1752.6478, 3237.5076, 1657.8892, 3490.7850, 1738.4568, 3189.4191, 1584.7343, 1612.5301, 1587.6579, 1620.8823
100.3290, 1750.4359, 3230.7790, 1661.1807, 3485.6451, 1741.6305, 3196.7711, 1585.9404, 1612.0608, 1587.5023, 1620.5275
101.3290, 1752.2432, 3226.2654, 1660.4723, 3482.0409, 1739.4651, 3208.0285, 1586.1747, 1611.7090, 1587.2998, 1619.9956
102.3290, 1753.2180, 3222.4188, 1658.7850, 3482.8760, 1738.7904, 3206.4017, 1585.4711, 1611.3464, 1587.7005, 1620.0141
103.3290, 1752.8224, 3221.9475, 1659.1715, 3481.9182, 1738.7307, 3200.7142, 1585.2633, 1610.9958, 1587.6353, 1619.9478
104.3290, 1752.1685, 3216.6155, 1658.7177, 3474.8496, 1738.7840, 3203.9688, 1585.4633, 1612.6090, 1586.6850, 1620.2017
105.3290, 1753.4934, 3218.5701, 1659.3786, 3476.2784, 1737.7500, 3180.0469, 1587.1000, 1612.0012, 1587.4999, 1620.4979
106.3290, 1752.8345, 3210.4844, 1659.3008, 3473.9657, 1738.6443, 3171.1415, 1585.5988, 1612.9952, 1588.5043, 1620.3512
107.3290, 1754.5943, 3214.4379, 1658.1398, 3473.1201, 1739.1020, 3164.5597, 1586.3030, 1611.5018, 1587.5908, 1620.8699
108.3290, 1752.9485, 3208.2563, 1660.1741, 3471.9657, 1736.5478, 3164.4219, 1586.3994, 1612.0096, 1587.5952, 1620.6449
109.3290, 1754.6478, 3205.5106, 1659.0409, 3471.9565, 1737.4642, 3165.9320, 1586.6307, 1612.3398, 1587.7151, 1620.1569
110.3290, 1753.1403, 3200.6266, 1659.2005, 3469.6438, 1738.3879, 3165.1195, 1586.2084, 1611.1307, 1587.3775, 1620.1028
111.3290, 1753.8002, 3197.3734, 1660.0158, 3468.8021, 1735.9439, 3171.7748, 1586.1241, 1610.8663, 1586.9588, 1620.1965
112.3290, 1753.9667, 3198.9798, 1658.1953, 3468.6781, 1737.2105, 3176.9743, 1585.1193, 1611.9139, 1587.5316, 1619.4645
113.3290, 1750.6398, 3196.2856, 1658.7889, 3469.3351, 1736.0395, 3181.0055, 1585.5795, 1612.2139, 1586.9749, 1619.4836
114.3290, 1753.2089, 3195.7699, 1657.7599, 3470.1412, 1736.9026, 3185.8070, 1585.2964, 1611.4175, 1587.5662, 1620.2233
115.3290, 1752.2048, 3188.9970, 1659.8113, 3465.4499, 1733.9586, 3186.8759, 1585.8024, 1610.3133, 1587.1282, 1619.4128
116.3290, 1753.1070, 3188.5843, 1659.5778, 3462.2401, 1736.7151, 3191.2399, 1585.9289, 1612.0771, 1586.6991, 1619.8757
117.3290, 1752.2200, 3188.1029, 1659.8892, 3462.1055, 1735.8189, 3178.7169, 1585.7042, 1610.9343, 1586.9854, 1619.7748
118.3290, 1751.8456, 3181.7699, 1659.1095, 3461.6847, 1735.5836, 3179.4586, 1586.0066, 1611.5048, 1587.3678, 1619.7306
119.3290, 1751.4248, 3175.7941, 1659.0106, 3457.8575, 1732.6618, 3168.0800, 1585.5114, 1611.5458, 1587.4827, 1618.7231
120.3290, 1753.0555, 3181.7427, 1660.0805, 3457.6557, 1736.5074, 3143.6388, 1585.6771, 1610.2524, 1587.4178, 1619.1199
121.3290, 1753.1039, 3180.5893, 1658.4077, 3457.7520, 1734.6985, 3155.0965, 1585.9247, 1611.0705, 1587.6861, 1619.4753
122.3290, 1752.2634, 3174.3088, 1657.4894, 3463.2955, 1737.3189, 3165.3557, 1586.6452, 1612.1440, 1587.1415, 1619.4885
123.3290, 1753.6831, 3173.9869, 1658.5646, 3464.2190, 1735.3511, 3159.4540, 1586.0602, 1611.1669, 1587.2744, 1619.9353
124.3290, 1753.5277, 3171.2916, 1657.3153, 3460.8325, 1737.7693, 3160.7224, 1585.3964, 1610.3373, 1587.5803, 1619.8665
125.3290, 1752.9869, 3167.9132, 1658.9710, 3459.8153, 1734.9651, 3169.9393, 1585.8048, 1610.6398, 1586.3051, 1619.8162
126.3290, 1752.3461, 3168.0383, 1659.4142, 3456.2032, 1735.5404, 3177.3024, 1585.6928, 1611.1620, 1586.7483, 1619.8052
127.3290, 1753.7064, 3165.8224, 1656.8127, 3459.1768, 1736.0009, 3186.0450, 1585.8663, 1610.5910, 1586.3968, 1618.6494
128.3290, 1753.2159, 3162.7033, 1658.1939, 3462.0580, 1737.3226, 3188.9099, 1584.8295, 1610.4006, 1586.3772, 1619.1119
129.3290, 1753.2583, 3161.0605, 1657.9802, 3461.6359, 1733.9063, 3193.5965, 1584.9572, 1610.2699, 1586.1517, 1619.4800
130.3290, 1750.8436, 3157.7558, 1657.9142, 3456.0633, 1735.0947, 3198.4540, 1584.8566, 1611.0120, 1587.0169, 1619.1594
131.3290, 1751.8385, 3159.4642, 1657.7995, 3457.6332, 1734.3539, 3197.4210, 1586.3849, 1611.0380, 1587.1011, 1619.8541
132.3290, 1751.4077, 3154.6993, 1659.1873, 3454.5778, 1734.4577, 3191.0643, 1585.9952, 1611.3693, 1588.2802, 1619.7162
133.3290, 1751.7064, 3156.1867, 1658.0264, 3453.5501, 1734.6682, 3190.5561, 1584.8361, 1612.0753, 1586.7599, 1619.3719
134.3290, 1752.3199, 3152.5570, 1659.5792, 3447.9683, 1734.6121, 3161.4412, 1585.9169, 1610.9735, 1587.6411, 1618.0522
135.3290, 1751.0585, 3151.2119, 1658.2045, 3448.4683, 1735.9651, 3166.1994, 1585.4271, 1610.8000, 1586.6786, 1618.9721
136.3290, 1752.9062, 3149.1201, 1658.0765, 3453.1266, 1737.6590, 3154.2500, 1587.4271, 1611.9831, 1587.6673, 1619.4197
137.3290, 1751.4874, 3148.2997, 1657.8602, 3445.1214, 1736.0947, 3150.4798, 1585.8265, 1611.3880, 1587.1893, 1619.5899
138.3290, 1752.6821, 3141.8729, 1658.0092, 3443.7533, 1733.7528, 3142.7142, 1587.2349, 1611.2554, 1586.8704, 1619.1152
139.3290, 1751.6398, 3143.4844, 1657.7823, 3443.7480, 1734.4706, 3148.2096, 1585.9163, 1611.0096, 1585.8121, 1618.8928
140.3290, 1751.4914, 3138.6014, 1656.9683, 3442.2137, 1734.9485, 3149.8787, 1585.6669, 1610.7042, 1585.9627, 1619.4562
141.3290, 1750.4723, 3133.0545, 1658.6741, 3444.1781, 1736.3906, 3128.8116, 1585.4657, 1610.6127, 1586.7090, 1619.1652
142.3290, 1754.2059, 3140.0777, 1658.4393, 3446.9881, 1735.5634, 3129.5965, 1586.6645, 1609.9994, 1587.2946, 1620.1592
143.3290, 1752.5984, 3138.5489, 1659.3061, 3442.2691, 1735.7270, 3137.7279, 1586.0343, 1611.7289, 1587.4808, 1618.5557
144.3290, 1750.9435, 3131.9808, 1658.0040, 3440.6847, 1734.6085, 3130.0414, 1585.3934, 1611.1675, 1586.7897, 1617.9500
145.3290, 1752.6165, 3132.2634, 1659.9024, 3439.1240, 1735.5515, 3146.3281, 1586.5633, 1610.5349, 1588.4927, 1618.2835
146.3290, 1751.0222, 3129.6932, 1656.8799, 3443.7230, 1734.5294, 3127.0055, 1585.7301, 1611.2681, 1587.4935, 1618.8243
147.3290, 1751.8910, 3126.9294, 1657.1280, 3437.4485, 1735.1314, 3120.8061, 1585.2819, 1610.7205, 1587.2133, 1619.2089
148.3290, 1752.3269, 3126.0373, 1656.6807, 3442.3984, 1734.0744, 3118.7941, 1585.6434, 1610.9620, 1586.7911, 1618.9431
149.3290, 1751.9263, 3123.9516, 1658.7678, 3435.0884, 1734.4596, 3117.4246, 1585.0169, 1609.8404, 1586.7397, 1617.9091
150.3290, 1752.7558, 3121.2815, 1657.2190, 3433.3852, 1734.5625, 3114.8355, 1584.6627, 1610.3741, 1586.8641, 1618.1666
151.3290, 1749.7538, 3122.1110, 1659.1082, 3433.2889, 1733.5533, 3106.8006, 1584.5307, 1610.0729, 1586.6867, 1618.7380
152.3290, 1749.5954, 3123.6801, 1657.8285, 3438.1781, 1733.5809, 3108.3318, 1585.2994, 1610.2392, 1587.4587, 1617.8480
153.3290, 1751.7255, 3119.3643, 1659.5356, 3432.8417, 1733.6765, 3122.4053, 1586.2247, 1610.4398, 1587.1644, 1618.5095
154.3290, 1751.3754, 3113.8446, 1656.9617, 3432.8865, 1735.1682, 3128.6939, 1584.5970, 1610.2922, 1585.9091, 1618.0774
155.3290, 1751.8587, 3115.2896, 1658.0989, 3428.6055, 1733.9954, 3126.4991, 1585.3843, 1609.6042, 1587.0420, 1618.6792
156.3290, 1751.7528, 3112.6589, 1657.8456, 3425.9749, 1733.9853, 3126.9835, 1585.7608, 1609.9446, 1586.7823, 1619.0461
157.3290, 1751.6953, 3112.4591, 1658.4736, 3427.7348, 1734.5221, 3130.5551, 1584.8819, 1609.6319, 1587.3639, 1617.9384
158.3290, 1752.3189, 3112.0938, 1658.1953, 3422.7784, 1734.7261, 3132.1314, 1585.6753, 1610.1512, 1587.4772, 1618.1666
159.3290, 1753.4390, 3113.0878, 1658.3153, 3426.9974, 1733.5441, 3130.7279, 1584.7392, 1610.6524, 1587.3114, 1618.1655
160.3290, 1750.7750, 3111.1181, 1657.6570, 3426.5976, 1733.1645, 3132.6296, 1585.9211, 1610.9855, 1587.4139, 1618.3849
161.3290, 1752.2048, 3108.8022, 1656.8602, 3422.4881, 1731.9531, 3126.0772, 1586.1108, 1610.1795, 1586.8922, 1618.7466
162.3290, 1751.3441, 3110.2230, 1656.8364, 3423.5805, 1732.8465, 3114.5506, 1585.3066, 1610.0651, 1587.9116, 1618.3404
163.3290, 1751.1382, 3108.5267, 1657.2784, 3420.2652, 1732.4063, 3120.8879, 1585.5229, 1609.7253, 1587.0923, 1619.5775
164.3290, 1750.8517, 3109.5217, 1658.1161, 3417.8522, 1733.2583, 3119.3952, 1585.7922, 1610.4247, 1587.2879, 1619.5877
165.3290, 1751.2059, 3110.6216, 1657.6926, 3418.1187, 1733.8300, 3107.8493, 1585.4898, 1610.5663, 1587.3935, 1618.5725
166.3290, 1751.5469, 3110.2533, 1657.8074, 3414.8707, 1735.4017, 3088.1737, 1586.3476, 1610.1512, 1587.4587, 1618.2959
167.3290, 1752.0484, 3103.2200, 1657.9406, 3414.1438, 1733.1590, 3097.6406, 1585.4867, 1610.6578, 1586.3457, 1619.1854
168.3290, 1753.3804, 3105.9606, 1656.9947, 3415.9459, 1732.4375, 3092.2711, 1586.2181, 1610.4910, 1587.2106, 1618.1324
169.3290, 1751.9374, 3099.3552, 1656.5396, 3415.5330, 1731.1544, 3100.4660, 1585.4096, 1610.7681, 1586.9317, 1618.0702
170.3290, 1752.6519, 3102.3562, 1656.7269, 3410.0396, 1732.2656, 3100.4862, 1586.3705, 1610.5982, 1587.5148, 1618.5653
171.3290, 1752.3693, 3102.6327, 1657.5317, 3408.7427, 1732.6563, 3102.7252, 1586.8988, 1611.1386, 1587.2893, 1618.8431
172.3290, 1752.2018, 3097.5136, 1657.1240, 3403.9446, 1732.8842, 3096.8787, 1585.6994, 1610.5494, 1587.5783, 1618.4601
173.3290, 1752.0313, 3096.0928, 1658.0053, 3409.9683, 1731.7647, 3099.1149, 1584.9657, 1611.2633, 1586.6101, 1618.8215
174.3290, 1752.0938, 3095.3653, 1655.2256, 3403.9169, 1730.5597, 3101.2675, 1586.1988, 1612.0127, 1586.8964, 1619.7602
175.3290, 1751.4430, 3097.2563, 1656.4024, 3407.8681, 1731.7895, 3106.3511, 1586.0831, 1611.5096, 1587.3672, 1618.8848
176.3290, 1751.6529, 3089.4521, 1656.4037, 3402.4103, 1731.9770, 3101.8548, 1585.2024, 1609.6428, 1587.1301, 1618.2680
177.3290, 1751.0767, 3090.6751, 1656.9485, 3401.9789, 1731.3355, 3097.3153, 1586.1024, 1611.0849, 1587.2255, 1619.3343
178.3290, 1752.6852, 3086.5772, 1655.8351, 3403.2071, 1732.8824, 3102.4476, 1587.1277, 1610.9958, 1587.0873, 1619.6325
179.3290, 1752.2573, 3087.5671, 1658.8905, 3401.2401, 1731.6581, 3112.6994, 1585.8108, 1610.7145, 1587.5883, 1617.8237
180.3290, 1750.1221, 3086.6054, 1656.0475, 3400.2850, 1731.1121, 3108.6443, 1585.1410, 1609.5795, 1587.2603, 1618.7165
181.3290, 1752.4248, 3078.7518, 1657.4815, 3380.8377, 1728.0211, 3077.0313, 1586.3355, 1611.7952, 1587.5734, 1619.0315
182.3290, 1751.3602, 3078.3380, 1656.0053, 3370.4367, 1726.2114, 3073.0919, 1585.7373, 1611.9795, 1586.5225, 1620.1340
183.3290, 1750.5247, 3078.3713, 1655.7018, 3364.3351, 1723.5653, 3073.7785, 1584.6548, 1610.8084, 1586.2351, 1619.5253
184.3290, 1751.0515, 3074.9223, 1658.0633, 3354.9617, 1723.7950, 3076.5515, 1585.0024, 1611.5717, 1586.7894, 1620.1564
185.3290, 1749.6831, 3066.7316, 1655.7678, 3347.0805, 1724.8382, 3063.7298, 1585.7205, 1611.2657, 1586.5991, 1619.3095
186.3290, 1750.3582, 3060.5409, 1655.7863, 3343.9314, 1722.3778, 3074.5726, 1584.7904, 1610.6873, 1586.4755, 1619.0989
187.3290, 1751.3340, 3056.3552, 1656.8931, 3341.8404, 1720.1121, 3091.4531, 1585.4542, 1610.6398, 1586.8464, 1618.4905
188.3290, 1750.0262, 3051.7538, 1655.3259, 3336.0053, 1722.4926, 3102.8088, 1584.7422, 1609.9380, 1586.4228, 1618.2611
189.3290, 1752.5005, 3043.3532, 1656.4169, 3331.3391, 1720.4862, 3108.2858, 1585.4108, 1611.2578, 1586.9928, 1619.1263
190.3290, 1750.5560, 3038.6105, 1656.1346, 3324.1728, 1721.6700, 3114.3906, 1585.9560, 1611.0873, 1586.9829, 1619.5452
191.3290, 1749.1625, 3031.4763, 1653.9617, 3322.9512, 1719.8860, 3119.6121, 1586.0416, 1610.1843, 1586.9508, 1619.3390
192.3290, 1748.7941, 3023.7255, 1656.3061, 3322.4921, 1720.8520, 3115.9063, 1585.1030, 1611.1018, 1586.3299, 1618.1257
193.3290, 1749.1826, 3019.5943, 1656.7335, 3320.9538, 1720.3759, 3106.7307, 1584.9163, 1609.9247, 1586.7560, 1619.9044
194.3290, 1748.5247, 3012.7366, 1655.4987, 3318.3206, 1720.5165, 3073.1342, 1583.7169, 1610.4566, 1585.4789, 1618.7856
195.3290, 1750.8557, 3007.6276, 1654.6834, 3314.1544, 1719.4871, 3044.6618, 1585.3373, 1610.9608, 1585.7814, 1619.6654
196.3290, 1751.0656, 3000.4803, 1655.6055, 3309.5844, 1719.4982, 3037.9182, 1584.6193, 1610.6735, 1585.4874, 1619.2050
197.3290, 1751.4046, 2996.0888, 1656.0712, 3312.9960, 1720.1213, 3042.2059, 1585.7446, 1611.3169, 1586.3730, 1619.7759
198.3290, 1752.6993, 2988.0777, 1657.6860, 3309.8905, 1718.9274, 3037.8438, 1585.0518, 1611.5006, 1587.1047, 1619.2296
199.3290, 1750.4016, 2982.9294, 1656.2309, 3314.3945, 1719.2537, 3026.9357, 1585.6380, 1611.3223, 1586.5051, 1618.9619
200.3290, 1750.4914, 2974.1998, 1655.7058, 3304.5950, 1719.8796, 3037.5331, 1585.4633, 1610.6084, 1586.6090, 1619.2987
201.3290, 1751.8547, 2976.5328, 1656.9802, 3304.5449, 1717.7371, 3055.8557, 1585.3982, 1610.3024, 1587.2661, 1618.9854
202.3290, 1749.6196, 2963.8920, 1656.2335, 3301.0712, 1717.3263, 3060.9375, 1584.8867, 1611.2205, 1586.4159, 1619.3827
203.3290, 1749.2281, 2964.1130, 1656.1807, 3296.6939, 1718.6618, 3062.1066, 1585.3566, 1610.4151, 1586.4808, 1618.8903
204.3290, 1751.1625, 2957.4450, 1656.3734, 3295.7467, 1717.1480, 3057.6544, 1586.0259, 1611.8054, 1586.3987, 1618.9469
205.3290, 1750.7881, 2951.5873, 1655.8206, 3285.2902, 1717.9697, 3063.0469, 1585.9964, 1611.5265, 1586.7195, 1619.0497
206.3290, 1750.0898, 2943.7114, 1655.3588, 3290.6860, 1717.2390, 3051.5000, 1585.4843, 1610.5054, 1587.0213, 1619.1290
207.3290, 1751.4248, 2942.8052, 1657.1346, 3284.8984, 1717.7831, 3061.9173, 1584.9795, 1611.3060, 1586.4996, 1618.1362
208.3290, 1750.2573, 2936.8375, 1655.3720, 3282.2546, 1716.8235, 3062.9246, 1586.2289, 1610.9006, 1586.8607, 1619.0503
209.3290, 1750.5489, 2929.5843, 1655.6121, 3276.5594, 1717.2059, 3077.7031, 1585.7018, 1611.3861, 1586.1791, 1618.3440
210.3290, 1752.1150, 2926.0827, 1656.9815, 3276.9077, 1716.1039, 3076.7656, 1585.4139, 1610.0904, 1587.5361, 1618.9613
211.3290, 1751.2069, 2919.8446, 1655.8945, 3270.5580, 1714.7096, 3086.9678, 1585.5133, 1610.7910, 1586.0575, 1618.8027
212.3290, 1752.2089, 2917.3017, 1655.9393, 3272.6359, 1716.4917, 3092.8796, 1585.2813, 1610.6494, 1586.1768, 1618.4288
213.3290, 1753.0595, 2914.3905, 1656.7784, 3258.7414, 1714.6039, 3094.8382, 1586.1024, 1611.7855, 1586.2932, 1619.2459
214.3290, 1752.4501, 2906.4480, 1656.8813, 3257.5132, 1715.9265, 3100.8759, 1585.3777, 1611.7096, 1586.3009, 1618.3338
215.3290, 1750.7709, 2902.6720, 1656.8470, 3258.8628, 1714.2978, 3103.5892, 1585.6500, 1610.8211, 1586.6643, 1619.3051
216.3290, 1750.9909, 2901.3754, 1655.6425, 3249.9142, 1714.4706, 3102.3759, 1585.7705, 1610.1675, 1586.0597, 1618.5095
217.3290, 1752.1342, 2899.1514, 1657.1570, 3251.5237, 1714.4026, 3103.8070, 1585.8265, 1610.0181, 1586.5126, 1618.6071
218.3290, 1752.4117, 2894.3401, 1657.1979, 3247.4736, 1713.2877, 3103.4586, 1586.2958, 1610.7066, 1587.2523, 1618.8035
219.3290, 1751.6599, 2892.4934, 1656.9815, 3252.6834, 1712.5965, 3104.7472, 1584.9488, 1611.2289, 1586.5819, 1618.9201
220.3290, 1751.4753, 2888.2190, 1655.0976, 3248.5356, 1713.2169, 3106.0478, 1585.1741, 1610.9910, 1586.7369, 1618.9970
221.3290, 1752.9970, 2885.1443, 1654.7269, 3254.1570, 1712.9017, 3102.5028, 1585.6934, 1610.5102, 1587.3111, 1618.6408
222.3290, 1752.6811, 2880.9011, 1656.5620, 3254.9591, 1712.4403, 3100.4476, 1585.3452, 1611.1717, 1586.9925, 1619.1666
223.3290, 1751.5701, 2877.2856, 1657.5158, 3252.3509, 1712.9632, 3100.9118, 1584.8151, 1611.7922, 1586.7966, 1618.3371
224.3290, 1752.9425, 2873.3229, 1656.0686, 3247.2296, 1713.6627, 3097.9035, 1585.8566, 1610.8416, 1587.0249, 1619.1119
225.3290, 1748.6680, 2869.3300, 1655.9815, 3245.8272, 1712.0763, 3092.3833, 1585.4675, 1611.1392, 1587.4004, 1619.4932
226.3290, 1751.8658, 2867.8133, 1656.5290, 3248.6636, 1711.2031, 3089.3006, 1586.1602, 1610.2157, 1585.9773, 1618.5698
227.3290, 1753.4844, 2864.0000, 1656.4842, 3239.5541, 1710.9164, 3088.9274, 1585.2476, 1611.1229, 1587.7369, 1618.7364
228.3290, 1752.5964, 2859.7598, 1656.3311, 3241.6675, 1711.0901, 3080.0009, 1585.9578, 1610.1452, 1586.2064, 1618.1078
229.3290, 1752.4652, 2857.5267, 1657.5092, 3245.2401, 1711.1048, 3078.5882, 1586.0470, 1610.9084, 1586.9889, 1618.8414
230.3290, 1751.1574, 2853.2664, 1655.6807, 3239.0396, 1710.0423, 3076.4568, 1585.4693, 1609.9247, 1586.3169, 1618.5350
231.3290, 1753.9859, 2849.7780, 1656.3259, 3236.3654, 1710.7987, 3073.0846, 1584.6825, 1610.7193, 1586.8828, 1619.1652
232.3290, 1752.0505, 2845.4834, 1655.8602, 3234.6847, 1711.2325, 3064.9375, 1584.1247, 1610.8831, 1586.7914, 1618.6021
233.3290, 1753.8194, 2845.6912, 1655.7982, 3237.7111, 1709.8281, 3058.8327, 1584.4355, 1610.9880, 1586.9668, 1618.2749
234.3290, 1752.7528, 2842.1554, 1656.7639, 3232.4855, 1713.2840, 3047.9586, 1584.9446, 1609.5054, 1586.3073, 1618.0542
235.3290, 1752.2503, 2841.2119, 1656.4683, 3232.0778, 1710.1949, 3045.1195, 1586.0307, 1610.3765, 1585.8776, 1618.7135
236.3290, 1752.4006, 2840.5923, 1657.1095, 3232.6926, 1710.1461, 2992.2868, 1584.3831, 1610.3723, 1586.5792, 1617.9130
237.3290, 1752.1766, 2841.8476, 1655.2441, 3233.8100, 1712.9972, 2937.8180, 1585.0102, 1608.7434, 1585.8859, 1617.6657
238.3290, 1750.9304, 2836.3158, 1654.8892, 3232.8945, 1711.9219, 2911.1857, 1584.4163, 1610.5855, 1585.6295, 1618.5261
239.3290, 1752.8829, 2839.0161, 1655.2612, 3230.6557, 1713.5028, 2895.3428, 1584.7681, 1610.6012, 1586.1406, 1618.3059
240.3290, 1752.5772, 2831.4743, 1654.5369, 3228.9525, 1712.9494, 2888.8897, 1584.2175, 1609.7078, 1586.9212, 1618.3186
241.3290, 1752.7386, 2829.6448, 1654.7164, 3230.9182, 1711.3640, 2895.2298, 1585.4608, 1611.6205, 1586.6706, 1619.1467
242.3290, 1753.0232, 2833.8870, 1656.6662, 3249.9802, 1713.1131, 2916.3824, 1584.7566, 1609.1042, 1586.0014, 1617.7883
243.3290, 1751.9990, 2826.9717, 1655.5726, 3255.0475, 1715.4688, 2921.2013, 1584.8151, 1609.2705, 1585.3987, 1616.8392
244.3290, 1751.7588, 2827.3471, 1657.9222, 3258.7770, 1717.4991, 2924.6774, 1584.6633, 1609.5801, 1585.4487, 1616.9074
245.3290, 1753.6509, 2819.5025, 1653.9420, 3262.0026, 1716.1011, 2937.2270, 1584.8331, 1608.2765, 1586.2509, 1616.5438
246.3290, 1752.8981, 2817.9677, 1655.7190, 3270.5923, 1718.0570, 2939.8208, 1584.7139, 1609.4373, 1586.4197, 1616.4438
247.3290, 1753.4067, 2818.8486, 1655.3061, 3275.9077, 1718.3879, 2936.5901, 1584.5494, 1609.0500, 1586.5767, 1616.3120
248.3290, 1751.9495, 2820.1201, 1656.3773, 3273.3377, 1716.1572, 2934.8649, 1584.2831, 1609.8283, 1586.1666, 1617.3401
249.3290, 1754.5863, 2819.7629, 1656.4947, 3280.9763, 1717.5662, 2923.7445, 1583.8404, 1609.7488, 1585.7695, 1617.1445
250.3290, 1751.5076, 2823.9082, 1655.5660, 3278.5528, 1718.6517, 2928.0469, 1585.7054, 1609.6193, 1585.9530, 1617.0174
251.3290, 1751.9193, 2822.3229, 1655.3602, 3281.8562, 1717.3116, 2922.6691, 1584.4548, 1609.8723, 1586.7527, 1616.5551
252.3290, 1753.5671, 2819.7457, 1656.1253, 3279.6055, 1718.1351, 2929.7693, 1584.3307, 1610.2151, 1586.6510, 1617.3034
253.3290, 1753.5035, 2818.4823, 1654.7058, 3279.9499, 1717.0588, 2926.5294, 1585.6548, 1609.3590, 1585.8668, 1617.1080
254.3290, 1752.3471, 2821.8466, 1654.7309, 3280.2164, 1719.0469, 2932.4881, 1584.9193, 1609.4976, 1585.7563, 1616.5305
255.3290, 1752.5621, 2824.9798, 1656.6346, 3278.7982, 1717.6443, 2930.3869, 1585.2006, 1609.1675, 1586.9649, 1617.7806
256.3290, 1752.6176, 2820.4157, 1656.3562, 3280.5330, 1717.5597, 2932.7454, 1585.4898, 1609.5386, 1586.7825, 1616.8030
257.3290, 1753.7447, 2821.9677, 1653.3166, 3275.3892, 1717.2767, 2935.6287, 1585.8741, 1608.8922, 1586.7146, 1617.9715
258.3290, 1754.1302, 2823.7397, 1653.6464, 3273.7902, 1716.4357, 2933.6765, 1584.7265, 1610.2042, 1586.4363, 1616.9171
259.3290, 1752.0777, 2822.9233, 1655.0119, 3278.3021, 1715.9513, 2927.3998, 1585.2488, 1609.3892, 1586.1813, 1615.6983
260.3290, 1751.5025, 2822.0626, 1654.2137, 3278.1121, 1717.1232, 2918.3097, 1585.0301, 1610.5940, 1586.5035, 1617.4211
261.3290, 1752.2321, 2822.3703, 1652.9077, 3269.5158, 1715.4835, 2909.0055, 1585.1548, 1609.6289, 1586.0271, 1616.7425
262.3290, 1752.0061, 2821.7740, 1655.0554, 3274.3615, 1718.2923, 2906.7197, 1585.1343, 1609.3331, 1586.2865, 1617.3429
263.3290, 1750.6932, 2819.5994, 1654.6398, 3270.8509, 1716.5892, 2907.6700, 1584.1078, 1609.0867, 1586.0127, 1616.9566
264.3290, 1751.9092, 2822.8476, 1655.5567, 3272.8575, 1718.0882, 2902.0928, 1584.3705, 1608.7313, 1586.5377, 1616.1390
265.3290, 1750.9102, 2819.4571, 1655.5356, 3272.9947, 1717.7904, 2903.3704, 1586.0235, 1609.5108, 1586.0732, 1617.7403
266.3290, 1754.1312, 2819.8325, 1654.2427, 3270.5026, 1717.3309, 2910.9118, 1584.6398, 1608.1620, 1586.4598, 1617.7508
267.3290, 1752.4016, 2822.2270, 1656.6755, 3269.8522, 1716.8208, 2910.7279, 1585.2096, 1609.9434, 1585.9306, 1616.3962
268.3290, 1752.6176, 2824.6488, 1654.0237, 3270.3206, 1716.9485, 2918.6259, 1585.2994, 1608.5211, 1586.3368, 1616.8414
269.3290, 1753.0202, 2826.2795, 1655.0646, 3273.0383, 1717.5046, 2921.9063, 1584.3343, 1608.9000, 1586.1887, 1617.7737
270.3290, 1752.3966, 2828.5368, 1654.5145, 3269.1055, 1719.5855, 2914.0064, 1586.0283, 1610.2084, 1587.9511, 1617.5941
271.3290, 1751.2836, 2823.5207, 1653.0145, 3264.2533, 1717.6186, 2921.4678, 1584.9723, 1609.5373, 1586.4322, 1616.6502
272.3290, 1753.7820, 2824.7709, 1655.3470, 3262.4604, 1716.9660, 2923.5800, 1585.2566, 1609.9241, 1586.9193, 1617.7342
273.3290, 1753.1988, 2828.8123, 1653.0462, 3262.6319, 1716.3961, 2922.4274, 1585.6753, 1608.4928, 1586.5109, 1617.1014
274.3290, 1751.6488, 2824.2745, 1654.6728, 3263.3852, 1717.9127, 2925.5285, 1584.5867, 1608.9084, 1585.4090, 1617.2421
275.3290, 1755.2129, 2825.2220, 1654.9894, 3258.9538, 1718.4228, 2922.2086, 1585.3259, 1608.8922, 1586.4885, 1617.2495
276.3290, 1753.2735, 2828.3047, 1653.3826, 3259.5106, 1717.5901, 2924.3438, 1584.6705, 1609.6964, 1586.9207, 1616.6750
277.3290, 1751.8880, 2824.4904, 1654.2454, 3260.5488, 1717.4256, 2918.9908, 1585.4633, 1608.8940, 1586.2305, 1616.2943
278.3300, 1752.7962, 2827.8940, 1654.1623, 3257.9908, 1715.7022, 2913.9881, 1584.6681, 1609.8223, 1585.9873, 1616.2727
279.3300, 1752.1261, 2825.6842, 1655.0831, 3256.7084, 1716.6700, 2924.4945, 1585.0259, 1609.2771, 1586.5880, 1617.7229
280.3300, 1753.0595, 2826.1443, 1655.2467, 3255.9565, 1717.0754, 2908.0487, 1586.0349, 1610.4024, 1586.7347, 1617.2252
281.3300, 1752.2593, 2826.0283, 1655.8562, 3260.8654, 1717.9099, 2900.6011, 1584.5922, 1608.8645, 1586.1061, 1617.2479
282.3300, 1752.9586, 2823.3633, 1654.0673, 3253.7573, 1717.1324, 2889.6379, 1585.5223, 1610.0151, 1586.6427, 1617.0028
283.3300, 1751.5843, 2829.0242, 1652.7823, 3250.8549, 1716.1921, 2893.3217, 1585.7108, 1608.7801, 1585.9193, 1616.4333
284.3300, 1751.9354, 2829.4289, 1654.0567, 3254.9142, 1717.2178, 2883.6765, 1586.4355, 1609.2651, 1586.6391, 1616.4579
285.3300, 1749.8365, 2828.3461, 1654.5132, 3252.5013, 1718.2307, 2889.4623, 1585.8000, 1609.4699, 1586.9527, 1617.1807
286.3300, 1751.8365, 2835.4945, 1654.6609, 3257.0251, 1717.3474, 2899.0506, 1586.0753, 1607.8922, 1586.1735, 1615.9177
287.3300, 1751.9384, 2834.7679, 1653.9802, 3257.4683, 1717.4761, 2895.0358, 1585.4916, 1609.2759, 1587.3653, 1617.0202
288.3300, 1750.6297, 2836.3330, 1654.8984, 3254.4947, 1716.2564, 2899.5349, 1585.0331, 1608.1578, 1586.3893, 1617.1442
289.3300, 1751.7548, 2836.5469, 1654.1003, 3249.9459, 1715.8612, 2897.1489, 1584.8151, 1608.6373, 1586.3711, 1615.9478
290.3300, 1752.9294, 2837.2361, 1654.3008, 3249.4644, 1716.5404, 2898.0533, 1585.6500, 1610.4199, 1586.3506, 1617.0417
291.3300, 1752.1302, 2840.0938, 1655.5106, 3243.6332, 1716.0689, 2908.0101, 1584.2295, 1609.5012, 1586.8494, 1615.9105
292.3300, 1751.6327, 2839.0747, 1654.8232, 3245.1451, 1716.1737, 2893.3097, 1586.0952, 1609.9560, 1587.2213, 1616.3692
293.3300, 1750.8537, 2842.9334, 1655.7375, 3238.0515, 1716.3934, 2892.5938, 1583.3271, 1608.2705, 1587.1467, 1616.2269
294.3300, 1750.7992, 2844.6993, 1655.6860, 3240.5976, 1717.5864, 2889.8548, 1584.5596, 1608.8337, 1586.9710, 1617.4827
295.3300, 1750.4046, 2847.8981, 1653.0752, 3239.7507, 1715.5579, 2900.6838, 1585.3620, 1609.0084, 1586.6880, 1617.4979
296.3300, 1751.9294, 2853.6135, 1654.3615, 3242.4063, 1715.4357, 2893.7877, 1584.1175, 1609.7133, 1586.7847, 1616.7184
297.3300, 1751.0202, 2850.3643, 1655.0831, 3240.5963, 1714.5680, 2897.5009, 1585.3343, 1608.8259, 1586.0859, 1615.0373
298.3300, 1749.5843, 2847.5499, 1653.8522, 3244.6517, 1716.3189, 2906.5754, 1584.6705, 1608.5614, 1586.0332, 1615.2490
299.3300, 1751.9556, 2850.9576, 1654.1253, 3245.0409, 1713.9182, 2910.6360, 1584.8380, 1610.2982, 1586.6505, 1616.2998
300.3300, 1751.7356, 2850.8557, 1654.6161, 3238.9789, 1716.2877, 2907.6847, 1585.1187, 1608.7717, 1587.1241, 1616.7256
301.3300, 1748.9031, 2855.1756, 1653.3760, 3241.4340, 1716.0781, 2891.8474, 1586.0548, 1608.6608, 1586.4689, 1616.5714
302.3300, 1750.6337, 2855.4379, 1652.9868, 3234.6003, 1714.7748, 2883.8631, 1585.7741, 1608.9060, 1586.9881, 1616.4927
303.3300, 1750.9354, 2855.4763, 1653.9776, 3230.9499, 1713.3998, 2885.5193, 1584.5753, 1608.6259, 1586.4885, 1615.8718
304.3300, 1749.4834, 2855.8759, 1655.1596, 3230.4485, 1714.9485, 2895.0285, 1584.9729, 1609.6711, 1585.7754, 1616.4545
305.3300, 1750.4894, 2855.0141, 1654.6306, 3231.5831, 1713.3235, 2899.4210, 1584.8753, 1608.6560, 1586.7204, 1616.1594
306.3300, 1749.3552, 2855.7760, 1653.6781, 3228.7203, 1713.8594, 2905.7233, 1584.0102, 1608.1199, 1585.9959, 1616.6745
307.3300, 1751.1171, 2859.4490, 1653.5858, 3233.4683, 1712.3015, 2911.8309, 1584.7663, 1609.1193, 1586.8414, 1616.2794
308.3300, 1750.7417, 2859.7286, 1653.6121, 3229.3470, 1710.7923, 2914.0864, 1585.5151, 1609.6789, 1587.6897, 1616.0948
309.3300, 1750.3037, 2858.8133, 1653.7546, 3235.3799, 1712.3860, 2912.0294, 1585.3783, 1607.9307, 1586.1724, 1615.1973
310.3300, 1748.6276, 2854.8547, 1652.1570, 3229.1755, 1711.2546, 2913.2721, 1584.5904, 1609.3271, 1585.9729, 1616.8146
311.3300, 1749.5832, 2860.0444, 1652.9881, 3233.5805, 1711.5331, 2909.5533, 1584.5578, 1608.7066, 1586.4736, 1616.3728
312.3300, 1750.8688, 2859.5055, 1652.1979, 3229.1201, 1712.6847, 2903.2132, 1583.8205, 1608.5946, 1585.8477, 1616.2119
313.3300, 1750.4551, 2857.4652, 1653.7256, 3230.9921, 1713.2996, 2909.3088, 1585.1271, 1609.1578, 1586.7336, 1616.9337
314.3300, 1750.6831, 2858.4501, 1653.6253, 3229.9842, 1710.3915, 2908.5735, 1586.4837, 1609.6337, 1586.3971, 1616.5220
315.3300, 1751.1564, 2856.4460, 1653.2916, 3227.5383, 1711.1645, 2909.6590, 1585.9096, 1609.7337, 1586.5093, 1617.2799
316.3300, 1750.5641, 2866.5863, 1654.1055, 3226.2137, 1713.0441, 2886.2224, 1583.8771, 1607.9114, 1585.9337, 1617.2465
317.3300, 1750.3380, 2862.8184, 1652.5594, 3228.6016, 1710.7877, 2897.1020, 1586.4880, 1609.1241, 1586.3473, 1617.1567
318.3300, 1749.9960, 2862.5288, 1652.9525, 3229.5633, 1712.0230, 2903.4072, 1585.0422, 1609.2958, 1586.4258, 1615.8265
319.3300, 1750.1029, 2864.6256, 1654.5673, 3228.6623, 1713.3346, 2891.7151, 1584.7506, 1609.2343, 1586.4388, 1616.6060
320.3300, 1749.1847, 2864.1443, 1652.3351, 3225.0383, 1709.3557, 2888.4936, 1584.4729, 1608.6578, 1586.2738, 1616.2476
321.3300, 1748.6741, 2867.2402, 1652.0976, 3227.5224, 1713.2050, 2887.4081, 1585.8681, 1608.1771, 1586.0362, 1616.0600
322.3300, 1750.2513, 2867.2119, 1652.9393, 3227.4142, 1711.5965, 2886.8557, 1585.0301, 1609.8319, 1585.8038, 1616.3855
323.3300, 1750.2038, 2868.6912, 1652.6517, 3219.4855, 1711.5331, 2873.9329, 1584.1602, 1609.6259, 1586.7425, 1616.7115
324.3300, 1751.4299, 2874.3128, 1654.1781, 3216.9327, 1711.4798, 2879.4384, 1585.1434, 1608.5422, 1586.3189, 1615.8500
325.3300, 1748.9566, 2870.9001, 1652.2032, 3216.3813, 1711.8575, 2883.4164, 1583.2518, 1608.1277, 1585.3708, 1615.7870
326.3300, 1748.6882, 2873.2109, 1653.8668, 3212.3654, 1712.1949, 2874.0129, 1584.7759, 1608.5482, 1587.0536, 1615.9505
327.3300, 1751.2553, 2876.4702, 1653.5369, 3215.2836, 1711.0827, 2879.5184, 1585.9048, 1608.1940, 1586.3034, 1614.8317
328.3300, 1749.8305, 2876.7780, 1653.8391, 3212.9881, 1713.3897, 2883.8290, 1585.2861, 1609.0175, 1585.9972, 1616.6383
329.3300, 1749.9495, 2874.9395, 1654.2296, 3211.4433, 1710.8474, 2876.5965, 1584.9717, 1608.2627, 1585.1981, 1615.5742
330.3300, 1748.6700, 2874.1110, 1654.0884, 3209.0422, 1711.5294, 2850.9651, 1585.7325, 1608.4151, 1586.6618, 1616.1263
331.3300, 1748.9223, 2875.4622, 1653.8087, 3211.4565, 1713.2169, 2835.3842, 1584.3012, 1609.0247, 1586.6723, 1616.0390
332.3300, 1750.4521, 2878.3108, 1652.9485, 3211.9921, 1712.1801, 2844.9449, 1584.9952, 1608.8235, 1586.4358, 1616.5363
333.3300, 1749.4783, 2879.2472, 1653.5858, 3212.2573, 1711.2656, 2852.7298, 1584.2548, 1609.0398, 1585.1680, 1616.1735
334.3300, 1748.7386, 2875.3481, 1652.5185, 3214.3456, 1711.7923, 2858.6939, 1583.2801, 1607.7699, 1585.6960, 1615.6781
335.3300, 1748.8809, 2879.6054, 1653.8021, 3213.4631, 1711.7004, 2860.6590, 1585.1651, 1608.2783, 1585.6212, 1617.3424
336.3300, 1749.0959, 2878.5388, 1652.8668, 3215.8206, 1710.0588, 2864.3879, 1584.9530, 1609.0211, 1586.6505, 1616.1868
337.3300, 1749.4672, 2880.4874, 1653.4604, 3211.3747, 1710.5037, 2856.7932, 1585.4982, 1608.7675, 1587.0517, 1616.1951
338.3300, 1751.4692, 2880.0858, 1651.8206, 3216.8047, 1711.6893, 2851.6535, 1584.3873, 1608.6018, 1586.5698, 1616.4739
339.3300, 1750.0071, 2880.0666, 1652.5145, 3216.7164, 1711.2987, 2862.8548, 1586.1036, 1608.7048, 1586.1934, 1616.6621
340.3300, 1749.2896, 2886.0656, 1652.8720, 3213.8456, 1711.0285, 2870.6278, 1585.7946, 1608.0922, 1586.5623, 1617.0741
341.3300, 1750.9152, 2881.6559, 1652.3786, 3216.2493, 1711.0533, 2863.0386, 1585.1801, 1607.8578, 1586.5192, 1615.5897
342.3300, 1749.4541, 2882.2765, 1651.6966, 3222.9024, 1709.9200, 2860.3208, 1585.5849, 1608.7542, 1586.4402, 1616.6532
343.3300, 1748.8607, 2885.2422, 1651.6425, 3218.0923, 1709.1792, 2850.1563, 1585.7940, 1608.7175, 1586.7408, 1616.4783
344.3300, 1748.8325, 2887.0706, 1654.5317, 3221.8799, 1708.9035, 2854.0579, 1584.2078, 1607.5247, 1586.0359, 1616.1003
345.3300, 1748.7790, 2881.0111, 1652.7784, 3211.6372, 1711.0919, 2861.0358, 1584.6904, 1608.7042, 1586.1387, 1616.1799
346.3300, 1749.5318, 2886.4268, 1654.2427, 3206.8813, 1711.3704, 2839.0037, 1584.5777, 1609.1217, 1585.5839, 1616.4001
347.3300, 1749.2008, 2887.8234, 1653.4380, 3207.0026, 1710.4476, 2841.3925, 1583.8651, 1608.9458, 1585.9041, 1616.1727
348.3300, 1751.5399, 2883.6317, 1653.1161, 3201.6557, 1710.9145, 2829.7941, 1585.7518, 1608.6006, 1586.6424, 1616.1503
349.3300, 1749.5277, 2886.0434, 1653.5858, 3197.9195, 1711.0836, 2836.3998, 1585.4488, 1608.1187, 1585.8704, 1616.3081
350.3300, 1748.7800, 2887.3946, 1652.3879, 3198.9248, 1709.8952, 2835.5276, 1585.3054, 1608.1693, 1586.2382, 1616.0776
351.3300, 1748.2533, 2884.4057, 1652.8562, 3193.1161, 1710.4053, 2840.5184, 1584.8229, 1607.8633, 1585.5828, 1615.9956
352.3300, 1749.8264, 2887.9980, 1653.8034, 3199.4842, 1709.5395, 2829.3649, 1585.5855, 1608.6108, 1585.9693, 1616.5046
353.3300, 1748.6135, 2885.5580, 1651.0369, 3194.6953, 1710.7206, 2823.6783, 1584.1590, 1608.4114, 1586.3788, 1616.1603
354.3300, 1748.5298, 2892.8840, 1653.0976, 3197.4301, 1710.9706, 2826.7509, 1583.8584, 1609.1096, 1586.2923, 1616.5568
355.3300, 1749.4995, 2892.4390, 1654.2480, 3195.9749, 1709.3382, 2827.8024, 1585.3669, 1608.5741, 1586.5419, 1615.7900
356.3300, 1748.6751, 2888.9798, 1651.9551, 3197.4789, 1709.3392, 2830.4513, 1585.8428, 1608.3078, 1586.9461, 1616.0760
357.3300, 1748.8718, 2890.0908, 1654.2401, 3199.8298, 1709.0533, 2830.1057, 1584.9229, 1608.0831, 1587.4313, 1615.0166
358.3300, 1749.8708, 2892.5570, 1654.0343, 3201.4551, 1708.8732, 2826.6949, 1586.1554, 1608.8855, 1585.3377, 1616.6220
359.3300, 1749.0555, 2894.8012, 1652.3654, 3205.6583, 1709.8676, 2823.4403, 1584.9910, 1608.8181, 1586.6300, 1616.1716
360.3300, 1751.0605, 2892.0293, 1652.2691, 3202.2744, 1710.3097, 2827.7840, 1585.5145, 1609.1729, 1586.1000, 1616.0624
361.3300, 1750.6246, 2894.3290, 1653.3206, 3203.1992, 1709.5873, 2833.6121, 1585.1880, 1608.4434, 1587.0155, 1615.5341
362.3300, 1748.7669, 2893.9717, 1651.0858, 3201.7757, 1711.6930, 2828.9972, 1584.8849, 1608.9867, 1585.7193, 1615.7723
363.3300, 1747.3784, 2897.7629, 1653.0040, 3202.2058, 1709.4761, 2829.5478, 1585.3940, 1607.9958, 1586.0077, 1615.7765
364.3300, 1748.4783, 2894.3754, 1652.0092, 3205.0475, 1709.8511, 2830.1691, 1585.4078, 1608.3928, 1586.3161, 1616.2343
365.3300, 1748.0616, 2899.7790, 1652.9380, 3205.3694, 1709.7702, 2817.4651, 1585.2988, 1609.3687, 1586.0636, 1616.0793
366.3300, 1750.6680, 2896.7972, 1652.1662, 3204.3456, 1710.5230, 2796.3759, 1585.2940, 1608.4590, 1587.1912, 1616.0309
367.3300, 1750.3350, 2895.2028, 1652.9763, 3205.3443, 1710.5643, 2793.4118, 1585.1018, 1608.9325, 1585.6800, 1615.8599
368.3300, 1749.0848, 2899.7417, 1652.3984, 3202.5290, 1709.5000, 2787.2298, 1584.5693, 1608.4416, 1586.5761, 1615.2036
369.3300, 1749.6226, 2901.0444, 1653.5488, 3199.6728, 1710.6268, 2783.3217, 1584.7813, 1607.9639, 1585.7787, 1615.9312
370.3300, 1748.4541, 2898.9062, 1652.9077, 3199.3179, 1710.0506, 2797.6921, 1584.4584, 1608.7705, 1585.2155, 1615.4468
371.3300, 1749.2422, 2898.3713, 1653.4485, 3202.6201, 1710.8024, 2802.3336, 1585.6922, 1607.6133, 1585.9331, 1615.2962
372.3300, 1750.7286, 2902.7962, 1652.3628, 3202.7876, 1709.1783, 2810.0634, 1584.4747, 1608.6880, 1585.6701, 1615.6248
373.3300, 1750.6216, 2900.3835, 1652.3879, 3196.6636, 1709.5018, 2805.7270, 1584.2795, 1607.7247, 1585.9713, 1615.5250
374.3300, 1748.6942, 2900.7841, 1651.2876, 3195.5396, 1709.5827, 2797.5432, 1584.3139, 1608.5398, 1586.2680, 1616.3194
375.3300, 1749.6216, 2900.1130, 1651.2916, 3198.4314, 1709.2555, 2782.4403, 1584.7584, 1607.5434, 1585.7626, 1615.2531
376.3300, 1749.8850, 2900.3986, 1652.7982, 3194.8034, 1709.1664, 2787.3401, 1585.3837, 1607.9380, 1586.5996, 1615.6156
377.3300, 1750.0000, 2903.2553, 1651.3140, 3192.4393, 1709.7482, 2794.6866, 1584.5747, 1607.7422, 1586.3089, 1616.2282
378.3300, 1747.6155, 2900.2603, 1653.0092, 3193.0343, 1709.8888, 2790.1452, 1584.6801, 1608.3578, 1585.9121, 1616.1514
379.3300, 1750.4874, 2901.4450, 1652.6148, 3193.7559, 1710.2233, 2788.8392, 1583.7813, 1608.1578, 1585.8610, 1615.0467
380.3300, 1749.2361, 2902.6276, 1650.4670, 3194.4815, 1709.8621, 2795.4210, 1584.6705, 1607.9084, 1585.6212, 1615.6148
381.3300, 1748.7568, 2901.4753, 1651.8681, 3186.6570, 1709.4449, 2797.9210, 1584.7108, 1608.3711, 1585.4791, 1615.2984
382.3300, 1746.8628, 2903.0071, 1651.6187, 3190.2942, 1708.6176, 2789.2096, 1584.1127, 1609.0584, 1585.8088, 1615.1824
383.3300, 1750.9818, 2905.8355, 1653.2058, 3187.3905, 1709.6351, 2789.2785, 1585.3934, 1608.7741, 1585.2644, 1615.6333
384.3300, 1747.9011, 2903.5802, 1652.2084, 3186.3892, 1708.7463, 2792.1232, 1585.2361, 1609.1000, 1585.9981, 1614.8151
385.3300, 1749.0747, 2901.2664, 1652.5858, 3190.2797, 1711.2022, 2797.0221, 1584.1307, 1607.5524, 1586.2208, 1616.6900
386.3300, 1748.9263, 2903.9606, 1652.5026, 3187.7322, 1711.0855, 2799.4651, 1584.3994, 1609.1988, 1586.4418, 1615.2180
387.3300, 1750.7820, 2901.9717, 1652.7955, 3190.0937, 1709.4844, 2795.4449, 1583.5898, 1607.9807, 1586.1680, 1615.5023
388.3300, 1749.5489, 2901.4601, 1652.1069, 3186.6108, 1709.7381, 2790.9081, 1584.5681, 1608.0151, 1586.1376, 1616.1210
389.3300, 1749.8426, 2901.0414, 1652.9974, 3183.4050, 1708.3603, 2787.0662, 1585.1627, 1608.8741, 1586.1089, 1616.2603
390.3300, 1749.6670, 2902.7417, 1652.5026, 3189.0040, 1710.6333, 2785.3640, 1585.8898, 1608.9639, 1585.9096, 1616.0906
391.3300, 1747.2170, 2900.6993, 1651.8839, 3186.6227, 1708.8631, 2794.6149, 1585.2127, 1608.0994, 1586.0334, 1616.7676
392.3300, 1750.5479, 2900.1382, 1653.5633, 3184.5989, 1708.5735, 2794.7279, 1585.3530, 1608.5657, 1586.3603, 1616.1890
393.3300, 1749.5590, 2900.3946, 1652.8971, 3185.4644, 1709.6121, 2781.0735, 1584.8307, 1608.2380, 1586.4172, 1617.0196
394.3300, 1748.1049, 2900.1302, 1651.2665, 3183.1728, 1709.4072, 2790.1333, 1586.2843, 1608.4199, 1586.3017, 1616.3404
395.3300, 1748.6599, 2900.2210, 1653.4367, 3191.6702, 1708.8952, 2787.3107, 1585.4373, 1606.8313, 1586.1127, 1615.7345
396.3300, 1749.6741, 2900.4369, 1651.9921, 3191.0356, 1709.4283, 2797.8392, 1586.2500, 1607.4976, 1587.0365, 1615.8917
397.3300, 1748.2947, 2897.8900, 1652.6108, 3187.9815, 1708.2096, 2803.1167, 1583.8373, 1608.0464, 1586.5363, 1615.4822
398.3300, 1749.6831, 2898.7255, 1653.5264, 3187.4987, 1709.0478, 2809.8686, 1585.3494, 1608.2759, 1586.3117, 1615.6949
399.3300, 1748.9818, 2895.6085, 1650.8562, 3183.6003, 1707.6250, 2809.4219, 1585.5072, 1608.2530, 1586.2296, 1615.7834
400.3300, 1748.8809, 2898.4904, 1653.1847, 3187.6412, 1709.6599, 2808.4825, 1585.3446, 1608.6855, 1586.1931, 1615.9177
401.3300, 1749.4571, 2899.1312, 1651.1755, 3192.4208, 1707.3382, 2799.1673, 1584.6301, 1607.6398, 1586.6209, 1615.3462
402.3300, 1748.6276, 2900.8002, 1650.1530, 3183.7797, 1708.2436, 2792.6268, 1585.0759, 1608.4024, 1585.6394, 1615.9494
403.3300, 1748.6418, 2903.3663, 1653.0554, 3183.8641, 1707.9485, 2800.4017, 1585.4223, 1607.8566, 1586.9119, 1615.8795
404.3300, 1749.8416, 2901.7265, 1653.2296, 3183.1069, 1707.6608, 2796.7289, 1585.1940, 1607.9705, 1586.9301, 1616.3689
405.3300, 1748.3310, 2898.7356, 1650.8483, 3178.8760, 1707.8897, 2801.5000, 1584.4578, 1609.0380, 1585.4189, 1615.6295
406.3300, 1749.2210, 2900.7053, 1651.6491, 3179.1992, 1707.0938, 2791.7390, 1584.3283, 1607.8470, 1584.9019, 1614.9232
407.3300, 1749.6014, 2903.7719, 1651.3219, 3178.2784, 1709.5836, 2802.2215, 1585.3416, 1609.6054, 1585.8909, 1615.2910
408.3300, 1749.0878, 2902.6004, 1651.9116, 3183.8127, 1707.0303, 2800.4449, 1584.1886, 1607.3066, 1585.6386, 1615.2412
409.3300, 1747.8174, 2903.7649, 1651.5963, 3180.5541, 1707.3107, 2805.7950, 1584.7392, 1608.5120, 1584.8303, 1615.5435
410.3300, 1749.3017, 2902.5933, 1652.3865, 3177.4683, 1707.0708, 2806.1949, 1584.6241, 1607.5928, 1585.9912, 1615.7745
411.3300, 1748.1130, 2903.4228, 1651.9802, 3170.0079, 1708.4329, 2816.0460, 1584.6705, 1608.2434, 1586.3866, 1615.1788
412.3300, 1749.3391, 2903.2916, 1651.2995, 3171.0897, 1707.3768, 2800.8097, 1584.2283, 1606.8578, 1585.5385, 1615.3302
413.3300, 1747.1806, 2905.7094, 1652.4208, 3173.4881, 1707.6921, 2800.3134, 1585.3169, 1608.4247, 1585.8436, 1615.2396
414.3300, 1749.1110, 2907.1160, 1652.6121, 3171.0673, 1708.1921, 2813.6985, 1584.7795, 1608.0422, 1586.1205, 1615.5073
415.3300, 1748.2351, 2905.8375, 1652.8734, 3169.9182, 1707.0129, 2818.9007, 1584.0916, 1606.9633, 1584.5267, 1614.9055
416.3300, 1747.9788, 2904.8466, 1651.8259, 3163.1939, 1707.3961, 2830.3686, 1583.4608, 1608.5861, 1584.6797, 1615.0906
417.3300, 1749.1029, 2904.6761, 1652.3879, 3162.6517, 1707.3502, 2828.6066, 1584.5030, 1608.0102, 1586.2418, 1615.9707
418.3300, 1749.4046, 2903.3724, 1650.6332, 3159.1055, 1706.5028, 2829.1057, 1584.6157, 1608.5277, 1585.9762, 1616.4733
419.3300, 1749.0394, 2902.9253, 1652.0000, 3163.8021, 1706.3796, 2833.0037, 1584.6422, 1608.8139, 1585.9395, 1616.5601
420.3300, 1748.0303, 2905.5510, 1650.6649, 3163.4314, 1707.2142, 2830.7224, 1584.9825, 1606.8711, 1586.5366, 1615.5717
421.3300, 1748.7356, 2897.6478, 1650.6768, 3139.1095, 1700.0055, 2780.3281, 1584.7536, 1609.4940, 1585.8384, 1616.7375
422.3300, 1747.8618, 2895.1473, 1649.7322, 3127.9485, 1700.5018, 2792.4972, 1584.3970, 1608.4024, 1586.0442, 1616.6891
423.3300, 1747.7175, 2897.4117, 1651.0409, 3124.3997, 1698.7004, 2797.6452, 1584.0325, 1607.6319, 1585.9837, 1615.4070
424.3300, 1748.1847, 2893.8012, 1649.8417, 3117.4472, 1697.2509, 2804.1103, 1584.8717, 1608.6048, 1586.5187, 1616.2625
425.3300, 1746.4279, 2890.4299, 1650.7770, 3106.7863, 1698.2417, 2809.2316, 1585.5307, 1609.7904, 1586.6068, 1615.8867
426.3300, 1747.2735, 2890.6498, 1650.3483, 3103.9314, 1697.0846, 2812.5028, 1584.3627, 1609.5024, 1586.2832, 1615.4603
427.3300, 1748.2815, 2886.5863, 1650.7111, 3099.0871, 1696.1186, 2818.8585, 1585.3205, 1608.6687, 1586.2865, 1616.1470
428.3300, 1747.3835, 2886.0343, 1650.5765, 3090.0237, 1696.6939, 2816.9697, 1584.8759, 1608.6765, 1586.9138, 1616.5217
429.3300, 1747.8779, 2886.4642, 1652.1332, 3087.6517, 1696.4697, 2819.8888, 1584.1398, 1609.1729, 1586.6411, 1616.7809
430.3300, 1746.4480, 2884.3713, 1650.1847, 3082.5053, 1693.7482, 2820.3061, 1585.3741, 1608.1596, 1585.9334, 1616.4731
431.3300, 1746.2069, 2879.4642, 1652.1728, 3077.8404, 1693.5441, 2818.8520, 1584.4404, 1608.6994, 1586.6737, 1616.4965
432.3300, 1745.5025, 2876.7457, 1651.5013, 3074.7810, 1694.5588, 2819.1553, 1584.4289, 1608.5578, 1585.9666, 1615.7740
433.3300, 1748.5469, 2878.4077, 1650.4129, 3076.7612, 1695.0983, 2814.9816, 1585.4536, 1608.5861, 1586.8939, 1614.9588
434.3300, 1747.1857, 2875.3966, 1650.0277, 3073.3813, 1693.3097, 2815.1406, 1585.5253, 1609.1976, 1585.7867, 1616.1492
435.3300, 1747.8799, 2877.1473, 1652.0831, 3068.3641, 1693.2895, 2814.6994, 1584.5253, 1607.4723, 1586.1666, 1615.5106
436.3300, 1746.7911, 2876.0293, 1651.8259, 3069.7111, 1693.1048, 2807.7013, 1584.9440, 1608.8620, 1586.9351, 1616.3797
437.3300, 1748.2291, 2879.1150, 1649.3522, 3068.6227, 1694.2316, 2800.8539, 1585.2729, 1607.6542, 1587.2957, 1615.3683
438.3300, 1745.6034, 2875.3027, 1651.4934, 3059.8298, 1693.3603, 2803.9476, 1585.7693, 1609.9367, 1586.2697, 1615.1702
439.3300, 1745.6357, 2873.4793, 1650.6966, 3062.3470, 1692.7849, 2805.5257, 1584.2946, 1607.8337, 1585.2495, 1615.0097
440.3300, 1746.8305, 2872.2694, 1650.3193, 3060.2216, 1692.7353, 2800.6452, 1584.6349, 1608.1807, 1586.4866, 1616.1669
441.3300, 1746.5520, 2873.1292, 1648.5488, 3052.4842, 1692.9678, 2794.0809, 1584.0566, 1607.9458, 1586.1094, 1615.8497
442.3300, 1747.2684, 2871.9808, 1650.7863, 3053.2533, 1691.0257, 2795.9678, 1584.7934, 1609.3512, 1585.7284, 1615.6955
443.3300, 1746.6307, 2868.9899, 1650.9710, 3059.1095, 1691.8024, 2794.9421, 1585.0524, 1607.4524, 1586.5891, 1615.4711
444.3300, 1745.2170, 2871.5227, 1651.4090, 3051.0383, 1690.4853, 2791.0800, 1584.9548, 1608.3030, 1586.3291, 1615.5344
445.3300, 1745.7841, 2871.0505, 1650.9393, 3051.3694, 1690.8906, 2785.0974, 1584.1518, 1609.4783, 1585.7455, 1615.9494
446.3300, 1746.5378, 2869.9485, 1649.8734, 3043.1016, 1691.2040, 2787.0616, 1584.2440, 1607.9729, 1586.4131, 1616.4498
447.3300, 1746.7326, 2870.4834, 1650.9591, 3039.6728, 1692.0634, 2783.3088, 1584.9524, 1608.3608, 1586.2528, 1616.6004
448.3300, 1746.1110, 2867.3431, 1650.1108, 3035.8034, 1690.9338, 2781.4669, 1585.5380, 1609.4060, 1586.5209, 1616.7947
449.3300, 1746.9405, 2869.6509, 1651.2718, 3039.8747, 1691.1213, 2781.1186, 1585.4940, 1608.5084, 1586.9074, 1616.6817
450.3300, 1746.9556, 2868.7841, 1652.8681, 3038.3892, 1690.8392, 2779.6636, 1586.2343, 1608.4560, 1586.5156, 1615.9865
451.3300, 1744.8597, 2864.6650, 1651.0607, 3035.6253, 1690.5818, 2777.4559, 1584.3518, 1609.7386, 1585.4208, 1616.0840
452.3300, 1745.8961, 2866.2846, 1650.8668, 3035.2322, 1691.1048, 2771.8456, 1584.5120, 1607.9771, 1585.3868, 1616.2763
453.3300, 1744.6953, 2865.2987, 1650.3140, 3030.4393, 1691.2004, 2774.4743, 1583.7789, 1607.6566, 1585.6900, 1615.1550
454.3300, 1745.4107, 2863.0192, 1649.3021, 3028.5897, 1690.4081, 2776.2886, 1584.3169, 1607.6639, 1586.4076, 1615.5314
455.3300, 1745.1877, 2864.6266, 1649.1504, 3029.0409, 1691.2886, 2770.1774, 1584.4867, 1607.2747, 1585.6317, 1615.5325
456.3300, 1746.8648, 2862.1837, 1649.9657, 3030.2375, 1689.2426, 2768.5735, 1586.6398, 1609.0277, 1586.3487, 1616.2456
457.3300, 1747.5025, 2862.5005, 1650.2216, 3033.0501, 1692.1204, 2761.5074, 1584.6145, 1607.3482, 1585.6795, 1615.0591
458.3300, 1745.6953, 2859.5721, 1650.4499, 3033.8351, 1688.9136, 2762.7105, 1584.1916, 1608.6729, 1585.5225, 1616.2849
459.3300, 1747.2402, 2862.0242, 1650.1174, 3033.4037, 1690.2463, 2763.7831, 1583.9440, 1608.1223, 1585.6281, 1616.2683
460.3300, 1746.4884, 2859.1948, 1650.6055, 3032.9340, 1689.3502, 2759.5744, 1584.6494, 1608.4590, 1586.2153, 1615.3775
461.3300, 1745.3824, 2861.0888, 1650.7823, 3028.1359, 1687.1912, 2760.6232, 1584.3873, 1608.1422, 1585.4894, 1615.7104
462.3310, 1745.8698, 2859.8315, 1651.1662, 3033.7071, 1688.7215, 2761.4779, 1584.5127, 1608.8127, 1585.8085, 1616.0600
463.3310, 1745.1816, 2858.7376, 1649.3391, 3028.8034, 1688.4237, 2761.6351, 1585.4801, 1607.7530, 1585.7403, 1615.4272
464.3310, 1742.0797, 2855.7154, 1650.1781, 3026.2414, 1687.0138, 2763.6379, 1584.9843, 1607.6313, 1585.6386, 1616.1804
465.3310, 1746.2220, 2854.3582, 1649.4697, 3030.8338, 1689.9026, 2759.7904, 1584.7651, 1607.7687, 1585.8110, 1615.6546
466.3310, 1746.8638, 2856.3350, 1649.3536, 3031.8193, 1687.9430, 2762.1801, 1584.8181, 1608.0247, 1586.1547, 1615.0544
467.3310, 1746.0303, 2857.3946, 1650.4934, 3036.3720, 1687.3796, 2755.7215, 1584.5512, 1607.9259, 1586.3830, 1615.9903
468.3310, 1745.0797, 2855.9728, 1649.4433, 3035.4881, 1687.4632, 2752.2914, 1584.7319, 1607.5181, 1586.4380, 1615.3786
469.3310, 1745.0949, 2860.1594, 1649.6557, 3034.8945, 1689.9568, 2748.8346, 1584.9169, 1608.3783, 1585.5358, 1615.5772
470.3310, 1746.1231, 2858.7679, 1648.5145, 3032.0317, 1687.3814, 2750.1149, 1584.6572, 1609.3410, 1586.4720, 1616.2437
471.3310, 1745.0989, 2860.3078, 1649.0317, 3035.8509, 1687.2362, 2746.1167, 1584.8072, 1607.9018, 1586.5687, 1616.1857
472.3310, 1745.7235, 2856.6731, 1650.9406, 3037.0567, 1688.5919, 2747.2941, 1583.3042, 1608.3982, 1586.6482, 1615.0254
473.3310, 1745.6095, 2857.8022, 1649.9828, 3033.0594, 1687.0570, 2748.6811, 1585.0693, 1607.7753, 1586.6029, 1616.0196
474.3310, 1748.0898, 2857.6216, 1651.7348, 3031.1887, 1687.3438, 2742.7730, 1583.5657, 1607.2542, 1586.0191, 1615.9345
475.3310, 1745.0494, 2855.5641, 1649.9340, 3029.1214, 1687.7638, 2742.7987, 1584.6440, 1607.6530, 1585.8508, 1615.9975
476.3310, 1746.0232, 2853.4400, 1650.7375, 3029.9129, 1687.8180, 2737.8796, 1584.5849, 1607.9934, 1586.3556, 1615.7806
477.3310, 1746.0888, 2860.4773, 1649.7599, 3029.3865, 1685.7849, 2732.2840, 1583.9861, 1607.6458, 1586.1227, 1614.5897
478.3310, 1744.9183, 2856.3683, 1648.5528, 3030.3245, 1686.8199, 2724.6507, 1584.3765, 1608.7325, 1584.9130, 1614.9837
479.3310, 1747.1524, 2855.6034, 1650.3034, 3027.9301, 1687.2619, 2721.9688, 1585.8645, 1608.3880, 1586.3799, 1616.6038
480.3310, 1746.5671, 2855.3350, 1649.2401, 3035.5053, 1688.1783, 2719.7454, 1585.0217, 1608.2506, 1586.2481, 1615.2128
481.3310, 1745.6054, 2857.8133, 1649.6412, 3048.1557, 1689.6489, 2743.2574, 1584.8693, 1608.8705, 1585.9049, 1615.3946
482.3310, 1747.0585, 2854.8769, 1650.0765, 3056.6887, 1691.3778, 2726.6204, 1584.0627, 1607.4843, 1585.8710, 1614.2476
483.3310, 1747.0454, 2858.8930, 1650.9644, 3060.6280, 1691.2767, 2723.7371, 1584.5572, 1606.4892, 1584.6831, 1614.8679
484.3310, 1746.9879, 2858.1433, 1650.3786, 3068.8734, 1692.4972, 2710.9357, 1585.6343, 1607.7108, 1585.9809, 1615.6278
485.3310, 1746.1060, 2857.2341, 1650.8100, 3073.3958, 1694.8217, 2673.0469, 1585.4512, 1608.8235, 1585.9942, 1615.3429
486.3310, 1744.3189, 2857.4440, 1651.3945, 3079.6741, 1693.3594, 2640.6949, 1584.0590, 1607.8151, 1585.6220, 1614.7516
487.3310, 1745.7084, 2860.8739, 1650.7190, 3082.1755, 1694.2914, 2632.2638, 1585.7904, 1607.4470, 1586.2647, 1615.4858
488.3310, 1748.5621, 2860.0303, 1650.5435, 3082.4393, 1692.8447, 2622.2105, 1585.1446, 1607.9753, 1586.3053, 1615.3504
489.3310, 1745.2614, 2855.3935, 1650.5726, 3087.5963, 1693.9881, 2621.9458, 1585.2253, 1606.7404, 1585.2089, 1614.4615
490.3310, 1745.9495, 2858.4975, 1650.8061, 3091.8496, 1696.0956, 2573.0487, 1583.7849, 1607.2741, 1585.7264, 1614.5427
491.3310, 1746.3895, 2859.5883, 1650.2098, 3099.4274, 1695.1765, 2579.7224, 1585.2500, 1607.6458, 1586.6806, 1614.5695
492.3310, 1746.8436, 2859.2472, 1651.1596, 3096.6715, 1695.9706, 2552.7767, 1585.3602, 1607.9596, 1585.3813, 1615.1639
493.3310, 1746.5792, 2856.1736, 1652.6201, 3094.6280, 1696.1838, 2531.5864, 1583.8958, 1606.4078, 1584.8942, 1614.6372
494.3310, 1744.9909, 2855.7205, 1650.3760, 3095.6636, 1698.3741, 2519.9256, 1584.7139, 1606.8392, 1585.8196, 1615.2935
495.3310, 1746.8930, 2857.4702, 1650.2665, 3096.5013, 1696.3934, 2513.0395, 1584.7313, 1607.1488, 1587.1500, 1615.5269
496.3310, 1747.4289, 2854.9132, 1650.4037, 3093.2058, 1697.6443, 2510.7665, 1583.7367, 1607.6440, 1585.9616, 1615.1945
497.3310, 1748.1867, 2857.9748, 1651.4551, 3096.2361, 1697.5588, 2508.2592, 1585.8765, 1606.1536, 1586.4382, 1614.6883
498.3310, 1745.9011, 2857.0858, 1650.6293, 3093.3522, 1697.8750, 2509.4752, 1585.0367, 1607.3373, 1586.2321, 1614.3324
499.3310, 1746.4692, 2853.6448, 1650.9208, 3095.4683, 1695.6324, 2511.1140, 1583.6145, 1607.8855, 1584.9417, 1614.5137
500.3310, 1746.5913, 2855.2059, 1652.0963, 3096.4776, 1697.7472, 2515.8759, 1584.9976, 1608.3554, 1585.9837, 1614.5029
501.3310, 1746.8880, 2855.9556, 1649.2216, 3097.5343, 1695.7206, 2521.5064, 1585.5006, 1606.9072, 1586.1406, 1614.6085
502.3310, 1746.1574, 2859.8416, 1650.3351, 3097.8536, 1697.0836, 2520.7279, 1584.5422, 1606.4139, 1586.6366, 1614.6590
503.3310, 1747.5974, 2857.8961, 1649.6860, 3098.2216, 1697.3456, 2525.3199, 1584.7283, 1607.3488, 1585.9378, 1614.6538
504.3310, 1746.8880, 2862.0111, 1650.3720, 3098.1491, 1695.7702, 2528.7877, 1585.2693, 1607.7120, 1586.8522, 1614.9014
505.3310, 1747.1362, 2859.0989, 1651.2520, 3092.9578, 1696.5882, 2528.2022, 1583.6319, 1607.0265, 1585.5880, 1614.6571
506.3310, 1745.9849, 2857.1393, 1650.7467, 3097.0026, 1696.0579, 2534.7031, 1584.0024, 1606.6211, 1586.7281, 1615.4062
507.3310, 1745.4662, 2856.2805, 1651.1530, 3097.5264, 1696.7574, 2535.3869, 1584.3373, 1608.8554, 1586.2885, 1615.8701
508.3310, 1746.5802, 2856.2381, 1649.9182, 3101.3668, 1697.0744, 2536.9807, 1584.3199, 1608.3548, 1584.8461, 1615.4899
509.3310, 1747.2048, 2860.0404, 1648.8047, 3101.4565, 1696.3088, 2541.2721, 1584.9759, 1608.4187, 1586.3098, 1615.0166
510.3310, 1747.9162, 2856.1584, 1650.4248, 3105.2902, 1695.5653, 2541.2215, 1585.6789, 1606.4036, 1586.5095, 1615.0412
511.3310, 1747.5106, 2855.1625, 1649.3364, 3108.6042, 1694.9715, 2542.3373, 1583.7819, 1607.8223, 1585.5452, 1614.9754
512.3310, 1746.1584, 2855.2089, 1650.5132, 3107.5937, 1696.0368, 2548.9890, 1584.1952, 1607.9602, 1585.5181, 1615.1970
513.3310, 1745.7346, 2856.7306, 1649.6781, 3106.5013, 1696.1471, 2553.5506, 1584.8024, 1607.4446, 1586.0456, 1614.6004
514.3310, 1745.9485, 2858.7538, 1650.8628, 3110.7045, 1695.4779, 2557.2013, 1585.6663, 1608.1940, 1586.8024, 1615.2396
515.3310, 1748.2694, 2855.3007, 1651.6478, 3107.7348, 1695.8824, 2559.0119, 1584.5675, 1607.6548, 1585.3827, 1614.8162
516.3310, 1745.1342, 2856.5641, 1649.7084, 3113.9472, 1696.1949, 2558.2528, 1584.2072, 1608.0367, 1586.2407, 1614.9483
517.3310, 1748.0525, 2857.8829, 1650.6979, 3108.6504, 1696.8401, 2559.5119, 1584.1205, 1606.5645, 1585.6295, 1614.9436
518.3310, 1746.9364, 2853.5368, 1649.8061, 3108.6227, 1694.9274, 2561.5119, 1585.4373, 1606.0843, 1586.1456, 1614.5385
519.3310, 1747.7316, 2853.1635, 1649.3298, 3108.3971, 1696.7665, 2559.8263, 1584.3964, 1608.2205, 1585.9887, 1615.0113
520.3310, 1745.7911, 2851.7366, 1650.5277, 3107.3734, 1696.6314, 2560.8520, 1584.1277, 1607.5952, 1586.0975, 1614.5557
521.3310, 1747.1160, 2854.0878, 1650.4485, 3107.0198, 1695.2858, 2558.8888, 1584.9777, 1607.3566, 1586.3352, 1615.6046
522.3310, 1745.8224, 2854.9425, 1651.3509, 3107.0106, 1694.9210, 2558.5689, 1584.5777, 1606.4928, 1586.2122, 1615.3382
523.3310, 1746.5005, 2856.5106, 1650.2784, 3107.1412, 1696.1581, 2564.0588, 1584.5380, 1607.5018, 1586.3703, 1615.1100
524.3310, 1746.4248, 2854.9122, 1651.8786, 3108.5910, 1693.4945, 2563.3097, 1584.8512, 1607.1723, 1585.0199, 1614.6170
525.3310, 1747.1009, 2856.6095, 1650.8259, 3110.2507, 1696.1461, 2562.7610, 1584.8982, 1607.2855, 1585.8580, 1614.3153
526.3310, 1746.0666, 2854.8799, 1651.0897, 3109.4828, 1693.6792, 2561.7050, 1584.7331, 1607.3163, 1585.5090, 1615.6057
527.3310, 1747.4077, 2851.1463, 1650.9512, 3110.0673, 1695.1048, 2565.7454, 1584.0157, 1606.8151, 1586.2371, 1614.8715
528.3310, 1747.9869, 2856.1100, 1650.2150, 3109.6095, 1694.2169, 2566.8750, 1585.3380, 1608.0169, 1586.1404, 1615.3658
529.3310, 1744.8194, 2855.0353, 1650.7454, 3108.6293, 1694.2261, 2567.0892, 1585.6578, 1608.7681, 1586.7941, 1615.0356
530.3310, 1746.6862, 2855.0898, 1650.3404, 3103.7507, 1693.7858, 2574.0524, 1583.9133, 1607.8819, 1586.3852, 1615.4874
531.3310, 1747.2735, 2855.9909, 1650.2216, 3111.4142, 1694.6553, 2571.0349, 1585.4705, 1608.0199, 1585.5507, 1614.4579
532.3310, 1746.3875, 2855.1100, 1652.0515, 3112.8747, 1694.3502, 2570.8346, 1584.7873, 1608.0572, 1586.7665, 1614.3064
533.3310, 1747.3613, 2853.0141, 1650.6280, 3112.7150, 1693.0947, 2573.2803, 1584.4030, 1607.5434, 1585.7021, 1615.1680
534.3310, 1747.7225, 2852.0222, 1650.4090, 3111.9921, 1694.2978, 2580.8879, 1584.1675, 1606.7151, 1586.0033, 1615.8422
535.3310, 1746.0646, 2854.2725, 1650.7467, 3109.7190, 1693.6820, 2583.2188, 1584.1452, 1607.0416, 1585.0589, 1613.8710
536.3310, 1745.0373, 2851.0595, 1651.0079, 3110.5633, 1693.3336, 2590.1985, 1584.3801, 1606.8620, 1585.2923, 1614.2664
537.3310, 1746.0918, 2854.3592, 1650.7704, 3108.0462, 1695.9439, 2591.7472, 1583.8452, 1606.9361, 1585.2031, 1614.7922
538.3310, 1746.7659, 2851.9243, 1649.0580, 3099.5396, 1694.6140, 2592.4651, 1584.6837, 1607.4223, 1585.4360, 1614.2968
539.3310, 1746.9717, 2855.0333, 1650.6702, 3101.3879, 1694.7546, 2592.8327, 1584.3133, 1606.6620, 1585.5004, 1614.5026
540.3310, 1747.5469, 2850.1251, 1649.3734, 3101.2348, 1692.2381, 2592.3392, 1584.5765, 1606.9964, 1585.5922, 1614.7660
541.3310, 1748.5580, 2844.1282, 1651.5752, 2990.4525, 1690.9375, 2546.3116, 1583.5735, 1606.4012, 1585.8815, 1614.2075
542.3310, 1745.9344, 2843.4753, 1663.4723, 2350.0106, 1691.5809, 2465.3143, 1584.8663, 1607.1108, 1586.3236, 1614.6582
543.3310, 1745.8920, 2841.4934, 1665.2625, 2318.1359, 1692.0772, 2434.6002, 1584.6187, 1606.8380, 1585.7590, 1613.8491
544.3310, 1745.2997, 2841.9839, 1663.6649, 2311.9525, 1690.8061, 2417.2693, 1584.3982, 1607.5831, 1585.4977, 1613.8370
545.3310, 1743.0898, 2840.0959, 1664.5158, 2315.9380, 1690.9807, 2414.1930, 1583.7970, 1606.8663, 1584.7143, 1613.4324
546.3310, 1746.0727, 2842.9717, 1665.3100, 2328.5923, 1691.5450, 2426.5092, 1584.5042, 1606.5560, 1584.8837, 1613.8099
547.3310, 1746.6065, 2840.5469, 1664.9380, 2369.0396, 1692.4816, 2442.0175, 1583.0614, 1606.8428, 1585.7588, 1614.5955
548.3310, 1745.6549, 2837.0454, 1665.3311, 2392.1003, 1692.8483, 2453.4770, 1584.6681, 1607.1934, 1586.4335, 1614.2771
549.3310, 1747.4067, 2832.8628, 1666.7625, 2398.3285, 1692.6746, 2463.7730, 1584.0054, 1606.8331, 1584.9083, 1614.1285
550.3310, 1745.4490, 2832.4642, 1665.8391, 2401.0488, 1693.7362, 2462.5616, 1582.9253, 1607.7506, 1585.2006, 1615.1429
551.3310, 1746.0252, 2831.1534, 1664.8945, 2407.2441, 1694.0294, 2468.3667, 1583.4114, 1608.4313, 1585.4725, 1614.0881
552.3310, 1745.3280, 2828.7760, 1664.7507, 2408.4011, 1692.8585, 2470.3539, 1582.4428, 1606.8795, 1584.4446, 1614.5388
553.3310, 1745.8285, 2827.3421, 1663.8113, 2409.3245, 1693.7555, 2473.1075, 1584.0566, 1607.2108, 1585.3363, 1613.9610
554.3310, 1745.1171, 2825.8466, 1665.0343, 2413.3377, 1693.0790, 2475.9568, 1585.4988, 1607.2410, 1585.1945, 1614.1708
555.3310, 1746.4591, 2825.8274, 1664.1253, 2414.9077, 1694.0432, 2475.1857, 1584.1434, 1608.0765, 1585.5333, 1615.4418
556.3310, 1746.4783, 2821.0706, 1664.7361, 2415.8984, 1694.2371, 2482.9127, 1584.4054, 1607.2175, 1585.5421, 1614.7955
557.3310, 1744.9374, 2820.5540, 1665.9868, 2418.2533, 1693.5322, 2480.9899, 1583.3428, 1606.2241, 1584.5933, 1613.8093
558.3310, 1746.0182, 2824.0182, 1665.5620, 2420.5277, 1694.2325, 2489.0119, 1583.7705, 1607.4386, 1585.3628, 1614.2036
559.3310, 1747.1231, 2825.0636, 1664.0435, 2426.2243, 1692.9127, 2487.3033, 1584.0452, 1606.3482, 1584.8419, 1613.9011
560.3310, 1746.8204, 2822.2170, 1666.0528, 2426.0501, 1693.6645, 2485.3667, 1583.6410, 1606.9410, 1585.9436, 1614.0083
561.3310, 1746.3471, 2822.5943, 1665.7889, 2430.7084, 1693.9311, 2491.2335, 1584.4386, 1606.1729, 1584.9704, 1614.6455
562.3310, 1747.3875, 2825.7861, 1663.7111, 2427.9763, 1693.2794, 2491.5469, 1584.1307, 1607.2928, 1585.4382, 1613.4808
563.3310, 1747.3946, 2823.5227, 1663.1953, 2428.9050, 1691.8327, 2495.3943, 1584.0096, 1607.1313, 1585.6855, 1613.8817
564.3310, 1746.4672, 2821.9798, 1664.1807, 2432.3272, 1692.8465, 2496.2169, 1584.6825, 1606.8428, 1585.5051, 1614.1735
565.3310, 1747.0030, 2821.5812, 1664.0013, 2434.8799, 1694.4504, 2498.8796, 1583.3747, 1606.6928, 1585.7422, 1612.9536
566.3310, 1746.2896, 2819.2472, 1664.4274, 2432.0462, 1692.6333, 2497.1094, 1584.0512, 1606.8373, 1585.1094, 1613.8961
567.3310, 1745.5338, 2819.1463, 1665.0356, 2434.6583, 1693.0340, 2498.0165, 1583.8705, 1605.8386, 1585.2923, 1613.8917
568.3310, 1745.8244, 2816.5338, 1664.2137, 2436.9591, 1693.3879, 2498.9136, 1583.7410, 1607.0578, 1586.8851, 1614.8555
569.3310, 1746.1080, 2822.4975, 1666.1570, 2434.9525, 1693.2472, 2504.1425, 1583.4837, 1605.5193, 1584.8055, 1614.0752
570.3310, 1747.8416, 2821.9122, 1665.9644, 2438.7625, 1692.4301, 2506.6866, 1584.2349, 1607.9259, 1585.3833, 1613.9212
571.3310, 1746.5812, 2817.9041, 1665.9156, 2441.3285, 1692.5588, 2510.7151, 1584.0633, 1607.5946, 1585.0887, 1613.6021
572.3310, 1747.1584, 2816.3340, 1665.3496, 2441.2032, 1693.7426, 2511.0046, 1584.5633, 1607.0729, 1585.7124, 1614.8906
573.3310, 1745.4238, 2816.5580, 1664.7955, 2441.3166, 1693.8226, 2512.2482, 1583.6861, 1607.6440, 1585.6096, 1614.3117
574.3310, 1745.2644, 2815.8708, 1665.6768, 2444.5646, 1692.2987, 2514.8097, 1584.2205, 1608.3211, 1585.5582, 1614.3628
575.3310, 1748.2099, 2810.2210, 1665.0673, 2443.5620, 1692.8787, 2509.6103, 1584.5271, 1605.7012, 1585.3216, 1613.9677
576.3310, 1746.4712, 2813.2836, 1665.9591, 2444.1649, 1694.0919, 2510.9026, 1583.5048, 1606.9054, 1585.6250, 1614.3857
577.3310, 1745.0353, 2814.4662, 1665.5251, 2447.8430, 1692.1866, 2507.6066, 1583.9518, 1606.3404, 1584.9284, 1614.4023
578.3310, 1745.0636, 2816.7760, 1665.3931, 2446.6227, 1693.3925, 2511.5322, 1583.7006, 1607.9669, 1585.3987, 1614.5026
579.3310, 1747.5701, 2815.0202, 1664.0897, 2447.0871, 1693.1186, 2514.5092, 1585.6608, 1606.9958, 1586.1058, 1614.5001
580.3310, 1746.3613, 2814.6821, 1664.6201, 2445.2968, 1692.9090, 2514.3015, 1583.9470, 1606.5717, 1584.8842, 1613.8759
581.3310, 1746.0928, 2816.5752, 1664.9063, 2449.8496, 1692.4798, 2516.9963, 1584.0193, 1606.1494, 1585.5891, 1614.0970
582.3310, 1746.4238, 2813.3047, 1664.8113, 2452.3272, 1692.1618, 2522.8024, 1584.2735, 1606.0602, 1584.6065, 1614.2614
583.3310, 1746.3542, 2813.8940, 1664.9459, 2448.6649, 1691.7583, 2524.6884, 1585.1199, 1607.3295, 1584.9445, 1614.3846
584.3310, 1745.6165, 2814.8900, 1663.5567, 2450.4657, 1691.3833, 2526.2583, 1583.8994, 1607.5500, 1585.2277, 1613.7602
585.3310, 1746.3996, 2813.3148, 1665.0541, 2454.7757, 1691.8649, 2528.5634, 1584.4157, 1607.1307, 1584.8787, 1613.5485
586.3310, 1746.3280, 2815.3350, 1666.8747, 2454.4657, 1690.1636, 2531.7013, 1584.4151, 1606.1590, 1585.4023, 1613.4261
587.3310, 1746.3088, 2816.7982, 1665.0515, 2450.5686, 1690.4853, 2531.4467, 1585.1482, 1607.4488, 1585.4363, 1613.2045
588.3310, 1745.4884, 2816.5520, 1665.7190, 2453.0778, 1691.8410, 2534.3070, 1584.4795, 1606.8072, 1585.1691, 1614.4421
589.3310, 1745.0444, 2816.3421, 1666.4195, 2454.1372, 1690.1719, 2530.3254, 1585.2096, 1607.7042, 1585.4797, 1613.7845
590.3310, 1745.5358, 2813.7770, 1663.7982, 2455.5264, 1689.8336, 2534.7086, 1585.2801, 1606.8060, 1585.4322, 1613.6692
591.3310, 1746.3734, 2815.3209, 1663.2150, 2455.0686, 1691.4504, 2537.3244, 1583.7072, 1606.7036, 1586.0586, 1614.8102
592.3310, 1746.4379, 2814.3976, 1665.3404, 2457.5844, 1690.7233, 2539.5276, 1584.5494, 1607.3084, 1585.4076, 1614.2937
593.3310, 1744.9869, 2817.5671, 1664.9235, 2455.3549, 1689.6342, 2535.8327, 1584.3596, 1606.2530, 1586.2307, 1614.5899
594.3310, 1745.2008, 2815.7013, 1663.8034, 2459.1082, 1691.3732, 2529.2022, 1584.0289, 1606.0988, 1586.1539, 1614.5504
595.3310, 1746.8254, 2818.5853, 1663.5488, 2458.1161, 1690.9219, 2526.5974, 1583.9813, 1606.5307, 1585.9809, 1614.4883
596.3310, 1747.1736, 2819.0706, 1663.2098, 2460.0858, 1690.6020, 2528.3612, 1585.0669, 1606.9163, 1585.7596, 1614.6590
597.3310, 1745.7265, 2819.6932, 1664.3206, 2459.3958, 1689.5689, 2523.9531, 1584.0367, 1607.6175, 1585.0359, 1614.4333