"File: DDELog(Excel:M3_19_7	1	1)::C:\Users\user\Desktop\clemens\19_07_22_ DRG_AOP\M3_DRG_19_7\S+TM3.LOG"
"Date: Tue Jul 19 2022 11:44:43.829"
0.0000, "Wavelength Names:	340	385	GFP	Wavelength 4	555"
"Time (sec)"
136.0420
187.5460
0.0000, "Clock reset to 0.0"
"Region 1: [Location: (101, 182), Size: (36, 39), Area: 1088]"
"Region 2: [Location: (358, 238), Size: (53, 37), Area: 1501]"
"Region 3: [Location: (302, 415), Size: (33, 38), Area: 966]"
"Region 4: [Location: (160, 416), Size: (46, 46), Area: 1642]"
"Region 5: [Location: (261, 60), Size: (42, 48), Area: 1540]"
"Region 6: [Location: (245, 219), Size: (40, 43), Area: 1334]"
"Time (sec)", "R1 W1 Avg", "R1 W2 Avg", "R2 W1 Avg", "R2 W2 Avg", "R3 W1 Avg", "R3 W2 Avg", "R4 W1 Avg", "R4 W2 Avg", "R5 W1 Avg", "R5 W2 Avg", "R6 W1 Avg", "R6 W2 Avg"
5.3840, 1784.6654, 5838.0846, 1796.5217, 6782.9047, 1832.4151, 7967.1408, 1824.6072, 3926.0463, 1638.3117, 1657.3006, 1630.2631, 1660.5352
6.3840, 1768.6930, 5839.2518, 1779.5803, 6776.7488, 1816.8975, 7974.5849, 1803.1382, 3926.2844, 1610.5955, 1654.7929, 1608.9355, 1658.4963
7.3840, 1767.3704, 5840.0303, 1777.9007, 6777.2998, 1815.2164, 7973.8043, 1803.7363, 3930.0999, 1608.6247, 1655.7383, 1609.0772, 1658.1192
8.3840, 1766.8300, 5828.7601, 1778.6269, 6759.7328, 1814.4814, 7964.7671, 1803.1608, 3918.3368, 1609.0188, 1654.3000, 1606.7219, 1658.6244
9.3840, 1768.3428, 5830.9347, 1780.3478, 6748.0466, 1813.0663, 7961.2474, 1802.7192, 3916.8715, 1609.6104, 1654.6292, 1607.5045, 1659.1267
10.3840, 1768.2987, 5828.8759, 1777.4324, 6735.6795, 1814.6284, 7959.4731, 1803.6127, 3924.9848, 1608.2149, 1654.7578, 1606.3561, 1659.0772
11.3840, 1767.1553, 5831.9789, 1777.7575, 6726.4857, 1814.9410, 7952.7557, 1803.4683, 3916.7948, 1609.2909, 1654.2773, 1606.2429, 1658.7759
12.3840, 1766.4853, 5828.1783, 1777.5243, 6716.4031, 1814.3292, 7948.3199, 1802.3575, 3907.3551, 1608.4052, 1653.2974, 1606.2601, 1657.2684
13.3840, 1768.1903, 5823.9237, 1777.2625, 6705.9114, 1815.5787, 7941.0466, 1803.3879, 3905.1169, 1608.0383, 1654.0435, 1606.3658, 1657.2721
14.3840, 1767.5561, 5825.6480, 1777.7295, 6693.7202, 1815.0569, 7936.3012, 1805.3496, 3885.8739, 1607.7422, 1653.3013, 1607.3291, 1656.8808
15.3840, 1766.8768, 5825.6121, 1777.7249, 6687.6183, 1814.0445, 7947.4917, 1803.8776, 3885.5043, 1608.6591, 1653.6734, 1606.7331, 1658.5037
16.3840, 1767.3162, 5819.1489, 1775.7622, 6689.4830, 1816.0994, 7938.3333, 1803.9896, 3881.4507, 1609.1344, 1653.7084, 1605.1057, 1659.0382
17.3840, 1768.5028, 5819.4991, 1775.9793, 6675.5936, 1813.2195, 7932.6108, 1802.8831, 3863.6139, 1608.4370, 1653.8981, 1606.8816, 1656.7969
18.3840, 1767.3456, 5819.4651, 1777.4464, 6666.8574, 1815.6253, 7942.6687, 1804.1236, 3864.7235, 1608.1175, 1654.6416, 1607.2504, 1658.0480
19.3840, 1766.9403, 5816.3741, 1777.2878, 6663.3977, 1814.7101, 7936.5600, 1804.2205, 3856.1626, 1608.2623, 1654.3130, 1607.3921, 1658.4145
20.3840, 1765.6673, 5813.6866, 1777.7715, 6650.6036, 1812.9896, 7927.2195, 1802.1291, 3865.6127, 1609.1013, 1655.1682, 1608.5780, 1658.5600
21.3840, 1767.6333, 5811.8612, 1776.8887, 6636.5876, 1815.9472, 7929.5870, 1803.8971, 3873.3758, 1609.6922, 1655.8494, 1607.3456, 1660.3193
22.3840, 1768.2463, 5813.1599, 1777.8601, 6628.5456, 1814.8489, 7929.1190, 1802.8222, 3881.0128, 1608.9786, 1653.6266, 1607.9408, 1657.7204
23.3840, 1767.7381, 5811.9881, 1778.5750, 6608.2199, 1813.8054, 7919.3416, 1802.7400, 3888.2698, 1609.9903, 1655.5006, 1609.1304, 1659.3066
24.3840, 1767.4559, 5807.0340, 1776.7815, 6591.7668, 1813.4431, 7918.4161, 1803.9452, 3904.9555, 1610.0513, 1655.6318, 1607.6724, 1658.0360
25.3840, 1768.3143, 5808.3768, 1776.9660, 6576.1519, 1814.5600, 7917.9669, 1802.5694, 3919.1145, 1609.9740, 1655.3390, 1608.5232, 1657.9865
26.3840, 1766.3603, 5803.9540, 1778.4031, 6557.6462, 1813.3344, 7916.0362, 1800.7765, 3927.9385, 1609.0403, 1655.1123, 1608.3628, 1658.1424
27.3840, 1766.3300, 5792.7335, 1777.0673, 6540.6749, 1815.0839, 7905.9762, 1802.4269, 3937.5140, 1609.6506, 1655.0221, 1607.4603, 1658.2976
28.3840, 1766.4660, 5800.5386, 1775.6636, 6533.4111, 1814.1749, 7903.7195, 1800.8709, 3939.9957, 1607.8545, 1655.5968, 1607.9385, 1657.8936
29.3840, 1767.3851, 5792.1801, 1776.1726, 6529.0613, 1811.7805, 7901.9524, 1801.4775, 3939.2326, 1607.7591, 1656.0721, 1607.8208, 1659.2699
30.3840, 1767.3088, 5790.9568, 1776.5976, 6531.8714, 1813.1584, 7898.6356, 1800.2144, 3947.5725, 1609.5117, 1654.8721, 1608.1777, 1659.1657
31.3840, 1766.2518, 5789.5478, 1774.8541, 6530.7342, 1814.0818, 7900.2805, 1800.9921, 3939.8599, 1607.3766, 1654.2448, 1607.6732, 1658.2564
32.3840, 1766.2831, 5783.6581, 1774.5363, 6524.1925, 1812.5248, 7892.0818, 1800.8197, 3946.9689, 1609.3708, 1654.4058, 1606.6994, 1657.1949
33.3840, 1766.5404, 5787.4825, 1774.9214, 6521.3071, 1813.6915, 7899.0839, 1800.7387, 3948.6565, 1608.8558, 1655.1734, 1607.6957, 1658.5345
34.3840, 1766.7739, 5775.4449, 1775.1312, 6519.1492, 1812.9524, 7885.8934, 1800.5530, 3956.4019, 1608.8623, 1654.8792, 1607.9250, 1657.0090
35.3840, 1769.8722, 5783.1075, 1774.1113, 6515.7395, 1811.9638, 7885.8199, 1800.4750, 3955.2259, 1608.3753, 1655.4526, 1609.0547, 1657.3576
36.3840, 1766.5634, 5776.1737, 1775.2778, 6502.0000, 1811.0435, 7881.0466, 1798.7844, 3966.6273, 1608.6883, 1654.4682, 1608.0922, 1658.3756
37.3840, 1767.8180, 5769.2399, 1774.2871, 6497.6349, 1813.9741, 7874.2288, 1800.7004, 3963.9172, 1609.0188, 1655.5188, 1608.8463, 1658.0532
38.3840, 1767.3244, 5767.6792, 1774.8494, 6491.4664, 1813.3799, 7879.9938, 1800.4714, 3973.9574, 1607.5545, 1653.4182, 1608.7796, 1658.7121
39.3840, 1765.9265, 5767.8869, 1775.0680, 6486.3451, 1812.2443, 7872.7381, 1798.6145, 3985.4129, 1608.2948, 1653.8143, 1608.1162, 1658.4175
40.3840, 1767.5726, 5766.2564, 1773.6163, 6470.7488, 1813.9141, 7873.9296, 1798.4513, 4001.0213, 1608.4442, 1655.0474, 1606.3778, 1656.8313
41.3840, 1767.3217, 5761.0202, 1773.5383, 6452.6762, 1813.9027, 7870.8075, 1798.5981, 4009.7649, 1608.5812, 1654.5961, 1608.5000, 1658.5622
42.3840, 1766.7261, 5763.9632, 1773.9520, 6446.9987, 1812.3696, 7866.1128, 1799.4220, 4011.7052, 1608.9162, 1653.8825, 1607.6334, 1657.8216
43.3840, 1766.8070, 5763.8217, 1772.4191, 6445.4124, 1813.5093, 7866.1108, 1799.2698, 4018.1486, 1608.9455, 1655.4253, 1607.2706, 1658.2796
44.3840, 1765.8952, 5761.8750, 1772.7808, 6436.8235, 1812.5166, 7865.1325, 1798.9531, 4020.7515, 1608.4377, 1655.4429, 1608.7316, 1659.3988
45.3840, 1767.5588, 5764.9173, 1773.5383, 6438.3951, 1812.4689, 7863.1056, 1799.2972, 4027.2503, 1609.7357, 1655.4552, 1608.0922, 1658.5037
46.3840, 1766.7610, 5763.5533, 1771.2951, 6433.2778, 1812.3934, 7861.0611, 1798.3465, 4020.4537, 1608.9299, 1655.9117, 1607.8801, 1659.8426
47.3840, 1767.9715, 5754.7050, 1773.1772, 6429.0806, 1813.8696, 7859.8106, 1798.8892, 4000.9050, 1609.7468, 1654.8922, 1609.1117, 1659.8366
48.3840, 1765.9522, 5751.7665, 1773.2145, 6419.7435, 1812.3872, 7853.5197, 1798.8477, 4003.9281, 1609.3292, 1655.0584, 1607.8336, 1657.9498
49.3840, 1767.3805, 5757.6369, 1772.3777, 6410.2398, 1814.8872, 7855.4493, 1798.8551, 4018.7485, 1609.4266, 1656.0468, 1608.2129, 1659.4648
50.3840, 1766.1967, 5755.5597, 1770.9853, 6407.7209, 1813.6356, 7844.6801, 1798.0049, 4022.2150, 1608.6071, 1654.6104, 1607.2384, 1656.7256
51.3840, 1766.3621, 5758.9816, 1770.8854, 6400.1932, 1815.4824, 7841.5663, 1799.3185, 4027.7868, 1609.5857, 1655.3916, 1608.5045, 1655.9565
52.3840, 1766.5322, 5760.8097, 1772.3218, 6388.4464, 1811.6470, 7848.6594, 1797.5548, 4027.5731, 1609.5597, 1656.2604, 1607.9250, 1659.0915
53.3840, 1765.8952, 5750.6121, 1771.4504, 6383.6882, 1812.4172, 7836.4244, 1797.9562, 4024.0505, 1607.9753, 1655.7844, 1606.6132, 1656.8666
54.3840, 1763.9375, 5755.6415, 1770.2458, 6374.3171, 1812.9296, 7849.1460, 1799.4428, 4016.4610, 1608.5357, 1655.6344, 1607.3673, 1658.2841
55.3840, 1765.6581, 5753.1232, 1771.3191, 6355.8668, 1813.1501, 7839.9161, 1799.1230, 3994.9050, 1607.7097, 1654.8578, 1607.8418, 1657.5150
56.3840, 1767.5340, 5756.6682, 1771.6389, 6344.0620, 1814.9306, 7845.1925, 1799.8380, 3993.3837, 1609.2260, 1655.1955, 1608.2789, 1658.5690
57.3840, 1766.1186, 5758.6250, 1772.3671, 6325.8274, 1812.4472, 7850.1646, 1799.8551, 4003.0177, 1609.4740, 1655.9610, 1608.1192, 1658.8216
58.3840, 1766.5450, 5763.0625, 1773.2412, 6323.9207, 1814.2629, 7857.3571, 1798.4537, 4003.1017, 1609.3130, 1654.9266, 1607.8996, 1658.8553
59.3840, 1766.4807, 5764.2960, 1770.9687, 6317.7322, 1811.7816, 7861.2143, 1798.8270, 3998.7448, 1609.1494, 1656.4688, 1607.3291, 1657.6192
60.3840, 1766.3851, 5769.4752, 1771.7395, 6322.7535, 1811.8799, 7858.2174, 1798.7400, 3990.5542, 1608.5188, 1654.5857, 1606.8546, 1658.1702
61.3840, 1766.8244, 5774.4072, 1772.1412, 6318.4404, 1810.9255, 7872.9317, 1798.2387, 3987.5378, 1607.8630, 1654.6032, 1607.9325, 1656.4363
62.3840, 1767.1480, 5768.3952, 1772.2425, 6307.0973, 1811.7091, 7868.8634, 1799.0767, 3975.5633, 1609.9130, 1654.5649, 1607.0367, 1660.0735
63.3840, 1766.6250, 5769.9200, 1771.7895, 6290.9354, 1813.1180, 7868.4814, 1799.1303, 3962.8234, 1608.2682, 1654.4545, 1608.1379, 1658.4783
64.3840, 1765.9136, 5772.1314, 1770.7881, 6282.8141, 1815.4141, 7873.1874, 1799.9135, 3957.2065, 1609.2786, 1656.0247, 1606.3268, 1658.3913
65.3840, 1767.3153, 5753.3033, 1767.3111, 6037.5863, 1812.8323, 7853.1698, 1801.3246, 3938.5371, 1609.1084, 1655.4078, 1607.2991, 1657.8801
66.3840, 1764.7693, 5747.6581, 1765.1845, 5973.3951, 1813.2122, 7849.8209, 1801.9689, 3932.7801, 1608.6545, 1655.8201, 1606.8576, 1657.3606
67.3840, 1765.2886, 5749.2013, 1766.6989, 5929.5663, 1813.3261, 7847.2681, 1800.0871, 3938.5554, 1608.1760, 1654.8305, 1607.6814, 1657.2571
68.3840, 1767.1388, 5736.6801, 1765.4617, 5884.0613, 1812.5414, 7842.6822, 1799.9166, 3937.6456, 1608.2123, 1654.1766, 1607.4093, 1659.8156
69.3840, 1763.7077, 5732.6048, 1763.3937, 5850.3824, 1813.2391, 7839.4244, 1799.9610, 3942.5079, 1609.3734, 1655.6416, 1607.4903, 1656.8951
70.3840, 1767.7610, 5733.4798, 1761.6382, 5815.0440, 1811.8385, 7842.6946, 1799.0463, 3941.8112, 1608.1065, 1654.8818, 1606.9603, 1658.8126
71.3840, 1764.2803, 5731.1498, 1763.2139, 5783.2092, 1812.4358, 7834.2567, 1800.1431, 3957.1894, 1608.2948, 1654.3870, 1607.9768, 1657.5997
72.3840, 1765.0662, 5729.9191, 1763.2991, 5765.7535, 1812.7930, 7828.5673, 1799.5920, 3963.1297, 1608.3753, 1655.8656, 1607.7549, 1657.9768
73.3840, 1766.2803, 5736.5046, 1761.5716, 5760.4364, 1811.3727, 7829.5124, 1799.5317, 3963.3173, 1608.4935, 1653.9253, 1607.4445, 1659.0180
74.3840, 1766.5983, 5729.1415, 1762.5416, 5731.7328, 1811.8313, 7824.9689, 1799.2217, 3972.6407, 1608.4968, 1654.9344, 1607.8013, 1657.3763
75.3840, 1765.5028, 5724.5064, 1760.4324, 5711.0626, 1813.9979, 7821.4524, 1800.4324, 3976.7052, 1608.8753, 1654.4149, 1607.8426, 1657.9498
76.3840, 1764.3732, 5725.1489, 1761.3198, 5686.2378, 1811.7164, 7824.4586, 1799.0658, 3988.8222, 1608.8890, 1653.0169, 1608.5652, 1657.7871
77.3840, 1764.4917, 5721.2877, 1760.6589, 5659.6895, 1814.2174, 7804.8375, 1799.8295, 3989.6084, 1608.0325, 1655.6357, 1607.1994, 1657.7924
78.3840, 1764.1700, 5718.6645, 1761.8794, 5638.3131, 1811.8592, 7802.8478, 1798.0469, 3996.9616, 1609.2701, 1655.2786, 1607.7834, 1658.1589
79.3840, 1762.9347, 5715.9550, 1760.7635, 5628.0227, 1811.6346, 7802.3551, 1799.1888, 3993.5688, 1609.1825, 1653.3929, 1608.0742, 1658.8493
80.3840, 1764.0028, 5708.4678, 1760.4424, 5603.6869, 1813.5062, 7796.2101, 1800.5944, 3992.5999, 1608.2883, 1654.9909, 1607.7864, 1657.8343
81.3840, 1764.7858, 5706.6903, 1760.4650, 5578.8441, 1812.3002, 7788.6284, 1798.7808, 3992.4537, 1609.0331, 1654.5851, 1607.2601, 1659.1942
82.3840, 1764.4081, 5708.5634, 1760.8894, 5552.8887, 1814.7909, 7782.7029, 1799.7674, 3987.4671, 1609.4013, 1655.7526, 1607.8201, 1657.4363
83.3840, 1764.2252, 5704.2711, 1758.9740, 5532.4157, 1813.7133, 7783.2867, 1798.0116, 3987.5646, 1608.4539, 1655.4987, 1606.2429, 1657.3073
84.3840, 1763.9357, 5704.7583, 1759.6336, 5517.2672, 1811.9327, 7769.8168, 1798.1541, 3985.6224, 1609.0104, 1655.7851, 1608.1162, 1657.2639
85.3840, 1763.2307, 5703.9219, 1759.4690, 5504.0333, 1813.0062, 7774.1356, 1799.5061, 3973.1547, 1608.7669, 1654.4805, 1607.4918, 1657.9640
86.3840, 1764.7739, 5709.8483, 1758.5856, 5494.3804, 1812.9472, 7773.4213, 1798.2503, 3960.4921, 1608.2188, 1654.7844, 1606.7924, 1657.5885
87.3840, 1763.2454, 5707.0993, 1759.2632, 5483.2365, 1813.4669, 7764.2826, 1800.0116, 3955.7290, 1608.7675, 1655.3097, 1606.3328, 1659.1897
88.3840, 1764.3824, 5698.5239, 1757.4843, 5479.1999, 1811.5839, 7771.7029, 1798.8076, 3962.7789, 1608.9318, 1655.3727, 1608.1139, 1658.4348
89.3840, 1763.8906, 5704.4798, 1757.2778, 5467.0346, 1811.6988, 7769.1242, 1798.9379, 3949.6675, 1609.2234, 1656.2604, 1607.4580, 1658.6319
90.3840, 1763.3759, 5704.1452, 1755.3911, 5453.8041, 1811.3126, 7766.0383, 1800.2948, 3939.0493, 1609.0169, 1655.5312, 1607.7901, 1659.3283
91.3840, 1764.4329, 5701.8897, 1756.7022, 5439.2838, 1812.9058, 7764.3747, 1800.1382, 3920.7058, 1608.5584, 1652.9000, 1607.0105, 1658.2856
92.3840, 1764.7546, 5698.6020, 1756.9627, 5436.0027, 1813.6366, 7755.5259, 1800.7339, 3891.7741, 1608.6201, 1655.2708, 1608.2279, 1657.1844
93.3840, 1764.0864, 5694.7040, 1757.6382, 5418.4284, 1813.9265, 7747.1957, 1799.9233, 3868.9495, 1609.0623, 1653.5578, 1606.4978, 1657.4820
94.3840, 1763.6847, 5695.9311, 1755.9001, 5412.7815, 1812.3230, 7747.7733, 1800.4440, 3833.7272, 1607.4870, 1655.2071, 1606.2534, 1657.7976
95.3840, 1766.0414, 5695.9871, 1755.3165, 5397.7835, 1812.8851, 7730.9959, 1801.6279, 3822.4184, 1609.8714, 1655.2571, 1607.2714, 1657.3351
96.3840, 1763.4917, 5694.6406, 1755.2412, 5388.1352, 1814.3520, 7720.4151, 1802.0871, 3808.7558, 1608.8578, 1654.2266, 1607.2046, 1658.7804
97.3840, 1764.9063, 5691.0974, 1755.9793, 5376.4530, 1813.5787, 7711.8654, 1802.6912, 3785.0505, 1608.4571, 1652.6039, 1607.8441, 1657.3298
98.3840, 1763.9063, 5688.1204, 1754.9194, 5368.4350, 1814.3602, 7721.5528, 1804.2296, 3763.6352, 1609.5416, 1654.7994, 1608.0180, 1657.2039
99.3840, 1763.3116, 5682.8952, 1755.5170, 5344.5376, 1813.4845, 7712.1273, 1803.5828, 3758.3727, 1607.0760, 1655.4357, 1607.5840, 1656.7286
100.3840, 1762.5285, 5688.0634, 1753.8461, 5332.8514, 1813.0124, 7707.2516, 1801.5335, 3755.3642, 1608.8084, 1654.9364, 1606.1544, 1658.6139
101.3840, 1763.3796, 5690.1250, 1755.4410, 5307.7275, 1812.5217, 7701.8458, 1801.7247, 3745.9208, 1608.2714, 1654.3032, 1607.0210, 1657.8621
102.3840, 1763.5726, 5680.3952, 1753.6429, 5293.8628, 1812.6056, 7709.4741, 1803.5920, 3737.5652, 1608.0240, 1654.0708, 1606.7729, 1658.1199
103.3840, 1762.8456, 5680.6728, 1754.5303, 5285.5083, 1812.0383, 7706.7878, 1801.7844, 3730.8770, 1609.2545, 1654.3292, 1607.8928, 1657.8733
104.3840, 1763.2270, 5680.1857, 1753.4377, 5267.7875, 1811.6253, 7707.4130, 1804.5755, 3713.6778, 1609.1305, 1654.5812, 1607.2954, 1658.9228
105.3840, 1763.1710, 5681.4283, 1752.5636, 5259.5223, 1810.0186, 7710.4027, 1803.0968, 3714.7162, 1609.0526, 1653.5234, 1606.7924, 1657.0517
106.3840, 1762.7987, 5678.8925, 1752.5916, 5259.5476, 1812.2526, 7712.4286, 1803.8959, 3711.7942, 1609.5260, 1653.6506, 1606.4903, 1658.3486
107.3840, 1762.2555, 5673.2509, 1752.6096, 5255.9514, 1812.3768, 7707.3851, 1803.7223, 3724.7978, 1608.8325, 1653.4519, 1606.1994, 1657.7631
108.3840, 1762.9173, 5675.7601, 1752.4317, 5253.7981, 1811.1087, 7707.3923, 1803.7278, 3718.1175, 1608.8591, 1654.0045, 1606.3291, 1657.3786
109.3840, 1762.7188, 5676.0129, 1753.4277, 5248.8514, 1812.2319, 7708.5569, 1804.0499, 3709.0024, 1608.3487, 1654.5487, 1608.1717, 1658.0555
110.3840, 1762.0046, 5662.6020, 1751.1153, 5246.7955, 1812.5031, 7716.6294, 1805.5104, 3695.8928, 1608.3409, 1653.5662, 1607.5030, 1657.0307
111.3840, 1764.1608, 5663.8676, 1752.8528, 5252.0293, 1812.0062, 7716.8727, 1805.0420, 3688.9227, 1608.3513, 1653.9175, 1608.1814, 1657.5082
112.3840, 1762.3364, 5665.8199, 1752.0253, 5248.2092, 1811.2836, 7718.1677, 1805.4227, 3690.0420, 1607.2857, 1653.8403, 1607.3396, 1656.3883
113.3840, 1763.8520, 5666.1857, 1750.1239, 5245.7635, 1811.8499, 7716.0973, 1803.8088, 3697.9866, 1607.8435, 1654.4890, 1606.8591, 1657.6762
114.3840, 1763.4651, 5664.8502, 1751.7935, 5241.6649, 1811.6708, 7716.4959, 1805.7783, 3700.9549, 1610.0377, 1654.1831, 1608.2234, 1659.0000
115.3840, 1764.3419, 5658.4311, 1748.7528, 5229.9241, 1812.4079, 7713.9720, 1804.0755, 3703.7107, 1609.8104, 1653.0273, 1607.5592, 1658.3486
116.3840, 1761.4531, 5666.8024, 1751.6003, 5211.5523, 1812.5725, 7709.0652, 1804.1523, 3702.1048, 1607.7948, 1654.5539, 1608.0990, 1658.5277
117.3840, 1761.6994, 5663.3529, 1749.3391, 5194.6829, 1811.3447, 7704.5021, 1804.1876, 3697.3301, 1608.2117, 1653.9591, 1606.5067, 1657.6777
118.3840, 1760.3511, 5655.6847, 1749.7682, 5187.3744, 1811.9627, 7704.5145, 1804.5560, 3692.5207, 1610.4013, 1653.1071, 1607.3726, 1658.1244
119.3840, 1763.0846, 5657.8539, 1748.7042, 5169.3751, 1811.2609, 7714.1667, 1804.5773, 3686.9354, 1608.6656, 1655.2227, 1607.1544, 1657.8201
120.3840, 1762.8474, 5653.9412, 1748.7175, 5161.8714, 1809.6946, 7712.2681, 1804.1194, 3682.5146, 1609.8266, 1654.2656, 1608.5270, 1659.1619
121.3840, 1760.8676, 5652.3281, 1749.1226, 5152.5923, 1811.8323, 7710.2360, 1803.3496, 3684.7052, 1608.2117, 1655.2623, 1607.6012, 1658.7226
122.3840, 1762.1866, 5650.8024, 1749.0706, 5140.1459, 1812.1698, 7708.1315, 1803.4653, 3688.3471, 1608.2532, 1654.0766, 1607.6717, 1657.0375
123.3840, 1762.8548, 5652.7868, 1750.1339, 5124.3045, 1811.1667, 7705.7236, 1804.4342, 3702.1632, 1609.0162, 1653.5727, 1607.6769, 1657.2174
124.3840, 1763.6930, 5645.5294, 1749.4510, 5116.4677, 1811.2474, 7707.5010, 1803.5536, 3715.2588, 1609.1338, 1654.3708, 1608.7856, 1657.8486
125.3840, 1762.8088, 5659.9026, 1749.6376, 5111.1392, 1810.4265, 7718.8747, 1803.7850, 3731.5037, 1608.8877, 1654.8942, 1607.5000, 1656.4453
126.3840, 1765.1029, 5663.9779, 1749.3544, 5104.1812, 1812.1542, 7727.2215, 1801.3203, 3745.1151, 1608.3987, 1654.1130, 1607.8516, 1658.8868
127.3840, 1761.8851, 5668.7491, 1750.5550, 5102.7995, 1812.1625, 7721.6398, 1802.1663, 3752.7838, 1608.8870, 1653.0364, 1607.9048, 1659.1529
128.3840, 1763.8318, 5673.3373, 1749.1925, 5103.1572, 1810.5590, 7715.2039, 1801.5950, 3754.2460, 1609.4396, 1654.7481, 1608.2834, 1658.1109
129.3840, 1762.0303, 5673.4412, 1749.8748, 5104.8814, 1811.4627, 7708.8644, 1803.6188, 3768.0128, 1609.4942, 1654.7175, 1607.3291, 1658.7459
130.3840, 1764.3410, 5675.7960, 1750.6889, 5103.8907, 1812.4772, 7707.6967, 1803.1772, 3782.3033, 1609.1247, 1654.5143, 1609.2346, 1658.9040
131.3840, 1763.5928, 5677.5910, 1748.4490, 5104.3025, 1812.0280, 7701.3333, 1803.0639, 3795.2296, 1610.7455, 1654.6636, 1608.8066, 1658.7256
132.3840, 1762.1976, 5681.7096, 1748.2678, 5090.5583, 1812.2277, 7706.9141, 1801.5274, 3804.8666, 1609.1091, 1654.8948, 1607.7946, 1658.1064
133.3840, 1764.7298, 5677.5046, 1751.4357, 5060.8914, 1812.0994, 7703.2184, 1801.8879, 3816.4275, 1610.6623, 1656.6078, 1608.4798, 1658.9813
134.3840, 1763.2316, 5682.7289, 1748.5237, 5037.3584, 1812.3116, 7708.5290, 1802.0932, 3820.6072, 1609.9591, 1656.1240, 1605.9168, 1657.8981
135.3840, 1765.1746, 5684.0368, 1750.4111, 5016.3225, 1813.1449, 7702.2867, 1803.0189, 3829.0932, 1610.8026, 1654.4273, 1608.7099, 1658.7421
136.3840, 1763.2895, 5674.5506, 1750.6156, 4997.1372, 1812.6563, 7682.4089, 1801.0780, 3826.9476, 1609.5805, 1655.2013, 1608.6349, 1657.5015
137.3840, 1763.2243, 5682.2399, 1749.3704, 4969.6316, 1814.8892, 7676.0041, 1802.6468, 3820.9336, 1608.7149, 1654.0539, 1607.4715, 1657.6409
138.3840, 1763.2491, 5680.4844, 1749.2012, 4950.5603, 1813.3944, 7677.1532, 1802.8630, 3818.9300, 1609.4857, 1654.9903, 1607.1634, 1659.0577
139.3840, 1763.0175, 5673.4853, 1749.5636, 4944.8887, 1812.5031, 7677.9130, 1802.0061, 3819.1918, 1608.6961, 1655.3240, 1606.8343, 1659.0360
140.3840, 1766.3833, 5678.0386, 1749.4184, 4941.4330, 1814.6936, 7673.0352, 1802.8210, 3828.8599, 1609.7136, 1654.7597, 1608.3651, 1659.0202
141.3840, 1763.8934, 5671.9669, 1749.0540, 4940.0040, 1813.9700, 7665.7112, 1801.9903, 3839.5341, 1609.5455, 1654.7396, 1608.1297, 1657.5435
142.3840, 1764.2004, 5671.5607, 1749.4837, 4928.0033, 1811.9037, 7660.7567, 1798.2868, 3842.1267, 1609.2487, 1654.7156, 1607.0817, 1657.2541
143.3840, 1763.2399, 5675.6048, 1749.2798, 4939.5070, 1812.0362, 7651.6211, 1801.2467, 3855.7966, 1609.8182, 1655.6000, 1608.8703, 1657.3898
144.3840, 1762.1994, 5677.3539, 1747.7348, 4946.8488, 1812.8975, 7651.1418, 1799.2667, 3869.0329, 1608.9364, 1653.9461, 1606.7226, 1658.4123
145.3840, 1763.2417, 5670.7325, 1748.9813, 4948.0620, 1813.4337, 7651.4762, 1800.4434, 3881.7710, 1609.1805, 1654.4961, 1608.1334, 1658.5967
146.3840, 1763.4568, 5671.9403, 1748.4117, 4934.1905, 1813.4203, 7655.5694, 1799.4220, 3884.7454, 1609.6747, 1654.3955, 1606.7669, 1656.8973
147.3840, 1762.9072, 5667.1443, 1748.7222, 4926.6596, 1812.5487, 7652.8540, 1800.2972, 3896.6900, 1610.5675, 1654.3591, 1608.9310, 1658.8231
148.3840, 1764.0211, 5671.2445, 1748.4437, 4920.7615, 1812.6149, 7641.8023, 1799.1462, 3882.1906, 1608.3442, 1655.8123, 1607.2226, 1658.7586
149.3840, 1763.7316, 5673.0221, 1746.8681, 4921.5003, 1810.8282, 7640.3364, 1797.5743, 3893.0579, 1610.4929, 1654.8617, 1608.2391, 1657.6237
150.3840, 1762.9118, 5659.8695, 1747.2958, 4921.2918, 1814.9048, 7641.2319, 1799.4007, 3893.9428, 1609.6890, 1656.0286, 1607.4670, 1657.8891
151.3840, 1763.4200, 5671.1213, 1747.1306, 4929.1646, 1812.6429, 7632.7443, 1798.3350, 3889.7369, 1609.4117, 1653.9396, 1608.8816, 1658.0255
152.3840, 1761.9586, 5663.9504, 1747.4863, 4921.7855, 1813.3685, 7640.7174, 1800.5524, 3890.1084, 1608.9857, 1655.5409, 1608.6867, 1659.6574
153.3840, 1763.1324, 5666.4890, 1747.4870, 4913.8694, 1813.6853, 7639.3209, 1799.5487, 3881.5158, 1610.6344, 1655.6377, 1607.8111, 1658.1552
154.3840, 1762.5257, 5666.3713, 1746.1332, 4924.0480, 1811.7153, 7637.2174, 1798.8441, 3878.7546, 1609.1610, 1655.6273, 1608.1244, 1659.2714
155.3840, 1763.9384, 5666.8373, 1746.5183, 4919.2012, 1811.7329, 7638.5414, 1799.3301, 3875.9903, 1608.7851, 1655.7247, 1607.8343, 1659.0885
156.3840, 1763.6167, 5666.3015, 1746.3698, 4923.0566, 1811.2681, 7645.3509, 1800.3551, 3862.1175, 1609.4403, 1653.9338, 1608.4318, 1657.3118
157.3840, 1762.6857, 5663.1434, 1745.1033, 4929.8787, 1813.4482, 7640.2629, 1800.4555, 3854.9099, 1609.6260, 1655.3929, 1607.5742, 1657.4310
158.3840, 1762.0285, 5660.7307, 1745.3797, 4927.6702, 1813.5352, 7646.0031, 1800.3063, 3837.6224, 1609.1396, 1654.8740, 1607.0645, 1658.3651
159.3840, 1764.1287, 5655.4118, 1745.7761, 4931.6156, 1811.8126, 7655.4161, 1800.2034, 3831.8471, 1609.5403, 1654.1331, 1607.7474, 1658.2864
160.3840, 1762.8079, 5659.3787, 1745.8421, 4936.6103, 1812.3986, 7651.0621, 1800.1504, 3827.8234, 1609.2896, 1655.3883, 1607.2339, 1657.7886
161.3840, 1763.9963, 5661.0616, 1744.9614, 4943.1093, 1811.7246, 7650.3602, 1799.2765, 3832.5798, 1611.2292, 1653.9688, 1608.4813, 1658.1034
162.3840, 1762.2188, 5656.8879, 1745.0260, 4943.9567, 1813.1077, 7657.4555, 1798.8630, 3843.2144, 1609.4539, 1654.3370, 1608.1777, 1657.5255
163.3840, 1761.2592, 5655.7279, 1744.6063, 4952.1819, 1812.1801, 7663.1884, 1800.6230, 3838.6559, 1609.8117, 1654.4104, 1607.5007, 1659.5030
164.3840, 1762.1829, 5653.5763, 1744.3584, 4959.1739, 1812.0901, 7669.6594, 1801.3404, 3843.5822, 1609.8669, 1656.0714, 1608.4618, 1657.7549
165.3840, 1761.2243, 5656.2491, 1744.9960, 4951.1339, 1812.3478, 7659.5590, 1799.8197, 3845.9214, 1611.3227, 1654.9870, 1608.8043, 1658.1567
166.3840, 1762.6406, 5658.3906, 1745.2485, 4947.0646, 1812.0631, 7656.6656, 1800.9781, 3860.7875, 1609.7617, 1655.1039, 1608.4295, 1658.1844
167.3840, 1762.1903, 5653.1700, 1744.1912, 4954.1519, 1809.5362, 7660.5590, 1800.6108, 3855.6815, 1608.9857, 1656.8435, 1608.0525, 1659.1597
168.3840, 1760.9724, 5653.1737, 1744.7915, 4927.0047, 1811.0062, 7644.9317, 1801.4982, 3845.6602, 1609.8558, 1654.8877, 1608.4168, 1657.0795
169.3840, 1762.0607, 5649.9219, 1746.3358, 4923.2831, 1810.8126, 7653.0590, 1800.0536, 3852.3508, 1609.0864, 1654.7032, 1608.3478, 1657.4790
170.3840, 1760.9614, 5655.5947, 1745.5576, 4914.4817, 1809.9358, 7651.6128, 1800.6279, 3857.6273, 1608.8084, 1656.3253, 1607.9565, 1658.8456
171.3840, 1763.7114, 5647.0836, 1745.4604, 4903.7175, 1810.2867, 7644.7805, 1800.9957, 3861.0037, 1609.2727, 1654.3494, 1608.5052, 1657.4235
172.3840, 1762.5239, 5649.4173, 1745.3111, 4906.7881, 1810.1656, 7647.5590, 1798.4562, 3859.2692, 1608.8390, 1655.9240, 1608.6732, 1658.7099
173.3840, 1759.4586, 5643.8768, 1744.0400, 4907.6696, 1810.6294, 7645.6511, 1800.0950, 3849.0329, 1610.2182, 1654.9617, 1608.2249, 1658.1717
174.3840, 1763.0671, 5642.8483, 1743.6716, 4912.2312, 1810.0052, 7652.5321, 1799.4214, 3849.1754, 1609.5617, 1653.8610, 1607.9370, 1658.9730
175.3840, 1761.4476, 5640.2932, 1744.3538, 4915.7169, 1810.4493, 7637.2712, 1798.7320, 3842.7948, 1609.5539, 1654.1552, 1608.2369, 1657.9175
176.3840, 1762.7555, 5633.4403, 1745.8308, 4901.7888, 1811.6418, 7637.2495, 1798.5956, 3840.7521, 1609.5227, 1655.7364, 1607.7204, 1657.7534
177.3840, 1760.5551, 5628.4007, 1744.2891, 4908.3591, 1808.8137, 7629.1035, 1798.0311, 3852.6541, 1609.7929, 1653.7201, 1608.2166, 1657.1807
178.3840, 1761.6324, 5620.5947, 1744.3564, 4911.1925, 1810.1625, 7619.7878, 1800.1139, 3849.6096, 1608.2565, 1656.3214, 1608.1597, 1657.6477
179.3840, 1761.4430, 5616.6287, 1743.3304, 4906.6276, 1809.9990, 7611.5787, 1800.2095, 3849.9032, 1608.8987, 1653.7331, 1608.8771, 1656.0202
180.3840, 1760.3015, 5607.6710, 1744.2345, 4905.6482, 1810.1439, 7612.4814, 1800.0043, 3849.8136, 1609.0442, 1654.9890, 1608.4228, 1657.9108
181.3840, 1760.8824, 5603.2849, 1743.7082, 4904.5310, 1809.8582, 7604.0021, 1797.1724, 3846.0792, 1608.9396, 1653.4201, 1606.6267, 1658.0825
182.3840, 1761.1691, 5603.0616, 1743.0620, 4900.5876, 1808.5983, 7604.9555, 1798.3514, 3842.8977, 1608.5065, 1653.8682, 1607.4025, 1658.4145
183.3840, 1761.1976, 5604.7004, 1744.0946, 4893.4157, 1809.5186, 7608.6656, 1798.9227, 3844.9379, 1609.0188, 1653.9604, 1606.5510, 1658.2481
184.3840, 1759.0818, 5599.0744, 1742.8281, 4877.1319, 1810.5445, 7604.1470, 1799.4056, 3838.5901, 1609.1792, 1654.1766, 1608.0787, 1657.5450
185.3840, 1759.2408, 5561.0119, 1735.9753, 4632.7941, 1806.7764, 7562.7164, 1797.6681, 3825.8959, 1609.7130, 1656.1104, 1607.8718, 1659.7204
186.3840, 1764.4577, 5372.2978, 1734.3185, 4561.4344, 1809.0828, 7535.6957, 1802.5719, 3650.9592, 1608.9487, 1655.6058, 1606.8883, 1658.7219
187.3840, 1763.6268, 5208.5221, 1732.6449, 4516.3964, 1807.7360, 7503.8851, 1803.4348, 3531.9744, 1609.7688, 1654.5877, 1608.6012, 1658.7751
188.3840, 1763.7298, 5232.0588, 1732.1332, 4486.2732, 1807.3385, 7497.6335, 1804.2680, 3493.4842, 1608.5909, 1654.6688, 1607.1132, 1659.1889
189.3840, 1763.4476, 5238.7555, 1732.2378, 4449.7475, 1806.0424, 7484.6853, 1804.1334, 3464.0049, 1608.5188, 1655.2584, 1608.1754, 1657.1304
190.3840, 1763.6195, 5251.1590, 1731.9034, 4420.8934, 1806.0072, 7471.0404, 1805.2862, 3413.6364, 1609.3422, 1654.9961, 1608.5832, 1657.1237
191.3840, 1761.2877, 5264.3428, 1732.1959, 4406.5010, 1806.6542, 7452.6967, 1805.1346, 3384.4592, 1609.1519, 1654.7734, 1608.4670, 1657.7136
192.3840, 1760.2601, 5268.8474, 1731.1532, 4388.4097, 1807.6118, 7441.2919, 1806.9689, 3332.1346, 1609.5422, 1655.1818, 1607.0457, 1659.0397
193.3840, 1760.6811, 5278.4063, 1730.0300, 4368.1706, 1806.4524, 7436.8913, 1808.0012, 3319.3776, 1609.3961, 1654.2799, 1607.9963, 1658.6664
194.3840, 1760.5855, 5280.3180, 1729.2032, 4349.8601, 1805.0010, 7422.3395, 1807.1468, 3296.7686, 1609.1916, 1655.3318, 1607.3718, 1658.6244
195.3840, 1760.1434, 5294.4366, 1729.1939, 4340.2258, 1807.3768, 7414.7329, 1807.6724, 3261.2022, 1609.2844, 1653.7714, 1607.1462, 1659.8531
196.3840, 1759.6838, 5289.6618, 1727.5563, 4337.2185, 1804.6211, 7403.2019, 1807.7771, 3199.8904, 1609.5766, 1652.8916, 1606.9858, 1657.0945
197.3840, 1759.6075, 5290.2537, 1729.3997, 4334.9627, 1805.6605, 7391.8665, 1808.3946, 3168.4099, 1610.2416, 1654.5526, 1607.7766, 1658.0472
198.3840, 1758.9926, 5288.5836, 1727.7375, 4327.9727, 1804.7930, 7383.6253, 1809.7284, 3142.7113, 1608.9422, 1653.3831, 1607.5772, 1658.0562
199.3840, 1759.8612, 5291.3162, 1727.9187, 4316.9147, 1805.7588, 7363.0031, 1810.2753, 3119.8831, 1608.6929, 1654.4357, 1608.0525, 1657.8861
200.3840, 1759.1324, 5283.2803, 1727.7948, 4306.6709, 1805.5041, 7357.9803, 1811.5286, 3095.6188, 1610.5351, 1654.7838, 1607.6492, 1657.3051
201.3840, 1762.9449, 5122.2932, 1727.3578, 4292.6636, 1804.3592, 7342.6035, 1810.2454, 3073.3136, 1608.8779, 1653.0721, 1607.2316, 1659.4378
202.3840, 1760.8438, 5136.2482, 1727.1812, 4280.7209, 1805.7909, 7337.7785, 1812.1224, 3062.6048, 1608.0818, 1654.5305, 1607.7481, 1658.4228
203.3840, 1761.6296, 5150.8254, 1725.9714, 4264.6063, 1806.1429, 7338.8737, 1811.7156, 3048.7186, 1609.4942, 1654.1506, 1608.6169, 1658.9490
204.3840, 1760.8336, 5164.5101, 1727.0227, 4247.8501, 1806.3188, 7330.0238, 1812.4361, 3037.9677, 1609.7065, 1652.9571, 1607.8021, 1657.2631
205.3840, 1758.7693, 5171.5855, 1726.4151, 4226.3005, 1804.4141, 7326.0787, 1811.5341, 3029.0615, 1609.6091, 1655.4247, 1608.5397, 1657.1799
206.3840, 1759.8511, 5184.3539, 1727.8847, 4213.7268, 1804.5290, 7318.8375, 1812.8441, 3013.4452, 1609.7416, 1653.6305, 1608.4333, 1658.9843
207.3840, 1759.2335, 5199.2840, 1727.6216, 4201.1066, 1802.7712, 7313.3747, 1811.7631, 2998.2253, 1608.8442, 1653.2896, 1609.0615, 1658.3186
208.3840, 1759.2629, 5209.0129, 1727.2785, 4187.9407, 1804.9079, 7309.4027, 1814.0786, 2984.9178, 1609.6838, 1652.6968, 1607.7871, 1656.5502
209.3840, 1759.3208, 5219.3603, 1725.2045, 4168.7755, 1802.7567, 7306.4679, 1813.1857, 2970.1139, 1610.0714, 1655.3955, 1606.8868, 1659.6634
210.3840, 1757.5901, 5222.2114, 1725.1832, 4149.9827, 1803.7195, 7299.2971, 1812.6760, 2957.8258, 1608.9110, 1653.4610, 1608.2976, 1657.5630
211.3840, 1758.0322, 5229.7895, 1726.7888, 4137.5896, 1804.3716, 7289.5818, 1814.6870, 2952.1395, 1609.1182, 1652.7474, 1608.9340, 1658.8186
212.3840, 1758.7188, 5237.3796, 1726.1572, 4131.2911, 1803.7598, 7282.5238, 1814.8879, 2942.5932, 1609.7942, 1652.0318, 1607.8306, 1658.1597
213.3840, 1757.8759, 5241.1103, 1725.0180, 4121.2705, 1803.0652, 7284.1460, 1814.4781, 2932.8471, 1608.5643, 1654.5786, 1609.3426, 1659.3816
214.3840, 1757.0046, 5243.6039, 1726.0826, 4111.4550, 1802.6491, 7273.2660, 1815.6206, 2924.3234, 1608.8468, 1653.7234, 1607.7316, 1657.9663
215.3840, 1756.8153, 5250.8180, 1725.2152, 4102.0133, 1803.1356, 7270.5331, 1813.6717, 2917.5652, 1609.1519, 1654.1610, 1608.3103, 1656.6702
216.3840, 1756.9108, 5252.6379, 1725.7921, 4087.9587, 1803.1874, 7265.9317, 1815.3246, 2910.3965, 1609.2961, 1654.6714, 1607.7871, 1657.8823
217.3840, 1755.8079, 5262.2638, 1725.2505, 4072.3384, 1801.4907, 7255.1770, 1815.0512, 2905.3618, 1607.9071, 1654.9825, 1607.8591, 1657.6979
218.3840, 1755.4577, 5258.7307, 1724.3211, 4071.2658, 1804.4534, 7256.3333, 1816.7814, 2895.9208, 1609.4097, 1654.7455, 1606.8936, 1658.5262
219.3840, 1754.5285, 5260.2335, 1724.4037, 4059.6109, 1803.6128, 7255.5124, 1817.6066, 2889.6492, 1608.8617, 1652.9487, 1607.3643, 1658.7609
220.3840, 1757.0570, 5261.2160, 1723.5650, 4051.4604, 1801.2495, 7243.8820, 1816.1273, 2884.9275, 1608.6552, 1654.3552, 1607.2819, 1657.9715
221.3840, 1757.1728, 5263.9945, 1725.0127, 4034.7635, 1802.4752, 7245.6356, 1816.2375, 2880.2369, 1609.6909, 1653.3799, 1607.7669, 1658.9400
222.3840, 1757.1517, 5267.8346, 1724.1406, 4029.9087, 1802.6708, 7239.5849, 1816.3630, 2878.2875, 1608.8610, 1654.9429, 1608.2234, 1659.1222
223.3840, 1755.5358, 5268.4605, 1725.6156, 4027.7742, 1803.1532, 7232.1056, 1816.3752, 2873.9251, 1609.8994, 1654.5974, 1608.6687, 1658.0892
224.3840, 1755.7408, 5264.2528, 1724.1139, 4017.1652, 1802.2505, 7232.1957, 1816.6833, 2874.8581, 1609.5935, 1653.7539, 1608.9070, 1657.7421
225.3840, 1755.4715, 5263.2702, 1724.8381, 4003.6462, 1801.4627, 7229.5062, 1815.5499, 2873.3867, 1609.4149, 1654.9136, 1607.6259, 1659.0990
226.3840, 1756.3162, 5262.0138, 1724.3764, 3992.2219, 1803.3758, 7238.1294, 1816.8764, 2871.9086, 1609.1227, 1653.4455, 1607.8651, 1658.1859
227.3840, 1755.6048, 5262.6241, 1724.0733, 3981.5723, 1802.3872, 7224.2143, 1816.7771, 2870.8508, 1609.5805, 1653.6987, 1608.1567, 1658.6582
228.3840, 1755.9063, 5266.7978, 1724.5210, 3975.6742, 1803.1936, 7225.2743, 1817.2229, 2867.6334, 1610.1753, 1653.3136, 1608.0285, 1657.9250
229.3840, 1754.7233, 5256.0018, 1724.3484, 3960.0380, 1801.6812, 7227.0901, 1815.1285, 2867.2674, 1609.5156, 1653.2812, 1608.4438, 1658.1102
230.3840, 1754.9954, 5253.1452, 1723.5316, 3954.8641, 1800.1035, 7220.2743, 1816.1663, 2865.0566, 1608.9351, 1654.8240, 1607.0322, 1658.7406
231.3840, 1755.4881, 5252.8447, 1723.0899, 3953.4324, 1800.7536, 7217.3323, 1816.6449, 2863.6614, 1609.6071, 1653.6584, 1608.1184, 1657.2249
232.3840, 1754.3805, 5252.2289, 1724.5903, 3952.0286, 1802.6087, 7215.1542, 1816.7600, 2861.5743, 1609.4448, 1653.4045, 1608.0255, 1657.2451
233.3840, 1756.0138, 5250.6287, 1725.4803, 3951.5630, 1802.0497, 7211.5373, 1816.1663, 2860.3270, 1608.7877, 1654.4539, 1608.9535, 1657.5757
234.3840, 1755.0469, 5260.6682, 1724.2239, 3946.8708, 1800.0031, 7218.3437, 1814.4762, 2860.0420, 1609.2974, 1653.5974, 1608.9273, 1657.1559
235.3840, 1755.2583, 5254.2987, 1722.8827, 3944.7735, 1799.2495, 7211.3540, 1816.0950, 2853.2795, 1609.5442, 1653.7416, 1606.8388, 1657.5735
236.3840, 1755.7693, 5247.6719, 1722.9787, 3940.2931, 1801.8468, 7213.5104, 1816.0773, 2855.3636, 1609.4890, 1652.3617, 1607.6019, 1658.3966
237.3840, 1755.3180, 5254.7776, 1722.3218, 3939.6389, 1803.1149, 7218.9938, 1816.4720, 2859.9562, 1608.9604, 1654.3565, 1608.2496, 1659.9483
238.3840, 1755.5404, 5246.8097, 1722.3784, 3934.3638, 1800.5041, 7216.7164, 1816.2284, 2860.6906, 1609.8565, 1654.3000, 1607.5217, 1658.9663
239.3840, 1752.8695, 5239.4311, 1723.0080, 3931.8075, 1802.5135, 7216.1460, 1817.7698, 2860.8319, 1608.7058, 1654.1123, 1607.9415, 1658.5000
240.3840, 1754.0257, 5239.1838, 1723.3205, 3917.8381, 1800.5745, 7210.0549, 1816.7838, 2861.5171, 1608.9734, 1652.3240, 1608.8253, 1657.4880
241.3840, 1753.5211, 5234.9752, 1721.4131, 3914.1066, 1801.1118, 7207.5414, 1816.6315, 2858.4428, 1609.1494, 1653.6039, 1607.6259, 1657.0825
242.3840, 1751.6645, 5239.6094, 1721.7808, 3911.3678, 1799.4389, 7197.5621, 1815.9775, 2860.6967, 1609.2201, 1652.7461, 1607.3036, 1657.5652
243.3840, 1752.8373, 5228.8575, 1723.5030, 3910.5523, 1801.3085, 7189.0290, 1816.4166, 2860.2533, 1610.0227, 1653.8162, 1606.8786, 1658.5247
244.3840, 1753.9816, 5229.1958, 1722.2385, 3897.8847, 1800.2402, 7179.6418, 1815.8112, 2859.1462, 1610.3571, 1653.9506, 1606.9805, 1657.5975
245.3840, 1753.3879, 5244.8824, 1724.0100, 3942.0306, 1803.7878, 7233.7547, 1816.9336, 2864.8770, 1609.4364, 1651.5727, 1606.9213, 1656.9318
246.3840, 1756.2656, 5262.4191, 1727.1326, 3989.9787, 1801.1625, 7253.1749, 1817.2783, 2877.5213, 1609.5922, 1651.7377, 1606.8658, 1655.9828
247.3840, 1754.3539, 5277.7656, 1728.5889, 4008.3564, 1803.1977, 7271.5952, 1818.2442, 2888.0085, 1608.5156, 1652.5325, 1607.5375, 1656.7196
248.3840, 1754.3686, 5279.7610, 1726.7995, 4023.3464, 1803.8634, 7280.3458, 1817.6121, 2894.1845, 1608.1084, 1651.8701, 1608.0607, 1655.7151
249.3840, 1757.7564, 5291.6029, 1728.7288, 4043.5470, 1801.8665, 7282.3582, 1816.7479, 2901.7290, 1609.6091, 1652.0344, 1608.4453, 1657.1987
250.3840, 1755.3842, 5302.0855, 1728.3045, 4055.6516, 1802.7505, 7308.4752, 1817.8276, 2908.2686, 1608.0864, 1651.3325, 1607.2676, 1656.7489
251.3840, 1755.4982, 5310.7546, 1727.2019, 4070.3304, 1802.8830, 7318.4793, 1816.1821, 2910.6809, 1609.8994, 1652.6422, 1606.6574, 1656.1342
252.3840, 1755.9210, 5320.1700, 1728.2272, 4073.5596, 1802.4617, 7330.2619, 1816.3557, 2915.1924, 1608.9701, 1651.1987, 1608.4250, 1657.1034
253.3840, 1754.5138, 5324.3879, 1727.6243, 4079.7675, 1803.7867, 7338.2433, 1816.4537, 2922.2607, 1607.6747, 1651.5084, 1608.1694, 1656.9550
254.3840, 1755.7574, 5331.9982, 1727.3884, 4087.9187, 1803.2857, 7352.6667, 1816.2223, 2927.0725, 1610.2669, 1650.7221, 1608.9063, 1656.4693
255.3840, 1755.4494, 5335.7877, 1726.6642, 4093.9387, 1802.2060, 7358.4151, 1815.3301, 2931.2266, 1609.2117, 1651.4825, 1608.2631, 1655.7241
256.3840, 1756.5377, 5340.2482, 1727.1759, 4102.6842, 1801.2598, 7367.3251, 1816.7527, 2937.4245, 1609.6656, 1651.3890, 1608.1724, 1656.8021
257.3840, 1754.6884, 5341.6002, 1727.5356, 4112.5576, 1803.4928, 7365.7764, 1817.0627, 2941.3039, 1608.2883, 1652.3727, 1607.4235, 1654.8718
258.3840, 1755.4200, 5349.3318, 1727.3964, 4130.4097, 1801.0559, 7372.2298, 1815.0591, 2945.5731, 1609.4188, 1652.1448, 1607.4940, 1656.7496
259.3840, 1755.4210, 5356.9568, 1725.2192, 4134.3205, 1803.1035, 7372.1408, 1816.0177, 2951.0262, 1609.8240, 1652.4331, 1607.7436, 1658.5412
260.3840, 1755.4899, 5358.3272, 1725.9687, 4148.6063, 1801.6625, 7379.3075, 1814.9080, 2954.4287, 1608.6805, 1651.3240, 1608.4873, 1657.0960
261.3840, 1755.3851, 5361.5680, 1726.8274, 4158.0080, 1802.7267, 7372.4917, 1815.4909, 2961.8599, 1610.1909, 1651.8429, 1607.6874, 1655.8801
262.3840, 1755.2086, 5358.1324, 1726.7508, 4166.5323, 1803.7733, 7384.4462, 1816.0140, 2969.8155, 1609.1688, 1652.5091, 1608.4640, 1656.6574
263.3840, 1757.3309, 5366.0450, 1726.3698, 4165.3891, 1803.3654, 7378.6501, 1816.7948, 2971.0816, 1609.7532, 1651.3584, 1608.5247, 1656.8628
264.3840, 1756.8410, 5367.7059, 1727.1985, 4176.5230, 1802.6998, 7385.9379, 1816.0737, 2977.6894, 1609.7883, 1652.0916, 1608.2204, 1657.5045
265.3840, 1754.9219, 5368.7895, 1726.8994, 4178.3897, 1801.3323, 7386.9089, 1816.0079, 2982.2089, 1609.9695, 1651.9987, 1609.0112, 1657.6522
266.3840, 1756.0919, 5371.0018, 1726.4390, 4181.2785, 1803.0559, 7386.0714, 1814.6188, 2987.2856, 1608.4325, 1652.4013, 1608.2459, 1658.6042
267.3840, 1756.2068, 5371.8042, 1727.0466, 4183.1666, 1802.4969, 7379.8468, 1814.3648, 2991.2509, 1609.6825, 1652.8143, 1607.9783, 1657.1237
268.3840, 1754.4347, 5366.3180, 1726.3025, 4193.4004, 1802.6335, 7380.1211, 1814.3721, 2999.7174, 1609.0500, 1651.5662, 1608.3268, 1657.2196
269.3840, 1754.4338, 5379.2675, 1726.1379, 4193.6742, 1803.1698, 7380.6698, 1814.9312, 3005.7795, 1610.7675, 1651.7377, 1607.9610, 1657.3891
270.3840, 1754.8116, 5376.9789, 1726.8594, 4202.5143, 1804.0849, 7383.9037, 1816.3417, 3018.6535, 1609.3909, 1652.7351, 1608.0135, 1657.9295
271.3840, 1753.9798, 5376.4678, 1726.6309, 4203.6949, 1803.1149, 7371.6491, 1812.7314, 3026.6864, 1609.5279, 1652.8403, 1607.5772, 1657.3966
272.3840, 1755.8732, 5373.5836, 1725.5576, 4195.4257, 1800.7650, 7373.7257, 1813.9403, 3032.4860, 1609.4273, 1652.2039, 1606.8981, 1656.3951
273.3840, 1754.4559, 5373.1296, 1724.3777, 4192.5643, 1803.2412, 7368.3416, 1814.4665, 3037.9756, 1609.1260, 1651.6662, 1606.7961, 1656.5825
274.3840, 1754.0579, 5377.8824, 1724.9447, 4190.9833, 1800.9482, 7373.3530, 1813.5402, 3044.1023, 1609.5591, 1653.1461, 1607.7399, 1657.2654
275.3840, 1755.5809, 5376.9991, 1726.9194, 4186.5570, 1803.7226, 7370.2992, 1814.1644, 3047.9275, 1609.3097, 1652.8630, 1608.3163, 1657.8411
276.3840, 1754.0938, 5372.6480, 1724.7275, 4188.7135, 1800.3054, 7376.1087, 1811.7899, 3054.3124, 1609.7409, 1652.1838, 1607.4183, 1656.8861
277.3840, 1753.9660, 5374.2252, 1725.6576, 4191.5137, 1801.9482, 7374.5911, 1813.8410, 3055.1242, 1607.5455, 1652.0799, 1606.7984, 1656.2001
278.3840, 1753.3456, 5371.2151, 1726.6029, 4194.1586, 1801.8344, 7371.0859, 1813.7284, 3065.6096, 1609.0279, 1651.5019, 1607.8838, 1657.0225
279.3840, 1755.2877, 5374.5478, 1725.4437, 4200.3338, 1803.5673, 7365.6532, 1814.1017, 3073.0469, 1608.1299, 1651.4084, 1606.9415, 1657.2789
280.3840, 1755.3474, 5370.6498, 1725.6223, 4205.5183, 1801.6822, 7358.3509, 1813.8136, 3084.5621, 1608.8273, 1652.0325, 1607.5787, 1656.3793
281.3840, 1754.4522, 5371.2978, 1724.3671, 4196.1699, 1802.5455, 7370.4306, 1812.7168, 3093.9354, 1608.6078, 1651.9175, 1606.4115, 1656.2339
282.3840, 1754.6857, 5376.4347, 1725.6376, 4196.7788, 1802.7174, 7361.3292, 1812.3837, 3097.3898, 1608.6760, 1651.6812, 1607.0277, 1655.5022
283.3840, 1754.5643, 5371.0340, 1725.6429, 4208.0107, 1800.6687, 7370.1139, 1811.1523, 3111.9196, 1608.7039, 1653.1052, 1607.0037, 1657.4078
284.3840, 1753.4908, 5374.8915, 1725.6109, 4212.2219, 1801.9938, 7368.7350, 1812.2071, 3123.6730, 1609.7649, 1652.4097, 1608.7346, 1658.1094
285.3840, 1754.4963, 5367.1020, 1725.0700, 4217.7961, 1801.5321, 7355.8613, 1811.6882, 3125.7649, 1609.6539, 1650.9370, 1607.0067, 1657.0855
286.3840, 1755.9210, 5360.0827, 1725.7788, 4216.4024, 1801.3137, 7360.7867, 1809.6590, 3131.6699, 1609.5870, 1652.4013, 1608.1934, 1657.8426
287.3840, 1754.4476, 5360.2785, 1723.6436, 4220.3711, 1801.1263, 7363.9700, 1810.9074, 3139.5219, 1608.7760, 1653.1851, 1607.3981, 1657.1912
288.3840, 1754.9357, 5361.8235, 1724.0906, 4220.5336, 1800.8385, 7350.4058, 1810.5615, 3145.1035, 1608.7494, 1651.4545, 1608.2114, 1657.6394
289.3840, 1752.9439, 5365.9292, 1723.3504, 4222.4857, 1802.1698, 7350.4772, 1811.1291, 3153.7485, 1608.4591, 1651.0383, 1607.0757, 1656.6589
290.3840, 1754.2950, 5362.2932, 1724.6576, 4222.5443, 1802.6284, 7353.6677, 1811.5244, 3158.9501, 1609.5162, 1652.5156, 1607.0697, 1655.9633
291.3840, 1754.0138, 5359.8704, 1723.9300, 4217.3025, 1801.2578, 7353.5631, 1810.7132, 3157.3088, 1608.7266, 1652.3143, 1606.4813, 1656.6447
292.3840, 1754.8042, 5365.2086, 1725.0233, 4220.8721, 1799.6532, 7349.6936, 1810.5883, 3164.5390, 1609.4701, 1652.0500, 1607.8793, 1655.8156
293.3840, 1754.4605, 5365.9476, 1725.6123, 4216.4923, 1800.9493, 7338.3799, 1811.3782, 3171.2259, 1609.5682, 1652.0500, 1608.9040, 1656.9408
294.3840, 1753.9577, 5366.0414, 1725.5243, 4213.8634, 1800.4379, 7339.5652, 1808.9251, 3179.1041, 1609.0377, 1652.1032, 1608.7751, 1657.5997
295.3840, 1753.9476, 5368.2381, 1724.7715, 4211.4477, 1801.1460, 7337.4524, 1811.8258, 3190.3240, 1610.2110, 1652.1409, 1608.4355, 1657.4153
296.3840, 1754.8851, 5358.9265, 1722.8987, 4215.0200, 1800.5435, 7341.9275, 1808.9750, 3197.1924, 1607.6779, 1650.9519, 1607.1822, 1656.0195
297.3840, 1754.2454, 5362.0892, 1722.8601, 4212.0906, 1800.4172, 7332.8106, 1808.3051, 3207.7387, 1609.2623, 1651.1994, 1608.9528, 1656.8981
298.3840, 1753.3502, 5361.9191, 1722.3178, 4206.8035, 1802.1201, 7341.0031, 1807.9312, 3209.4026, 1608.8435, 1650.8357, 1608.2916, 1657.3613
299.3840, 1753.0285, 5360.0267, 1722.4430, 4203.2658, 1800.0518, 7333.5052, 1809.0974, 3221.1431, 1608.8812, 1652.2623, 1607.1387, 1657.7984
300.3840, 1752.7739, 5360.7289, 1722.6542, 4194.5450, 1800.9555, 7324.8913, 1808.7132, 3222.9208, 1607.7351, 1650.9097, 1608.3216, 1656.0802
301.3840, 1752.5570, 5362.4301, 1724.1193, 4187.7255, 1800.6946, 7332.8768, 1809.6133, 3229.4622, 1608.5643, 1652.4468, 1608.6777, 1656.9640
302.3840, 1752.8006, 5360.4715, 1724.5929, 4187.1279, 1801.5373, 7334.4938, 1808.0834, 3233.1815, 1608.0623, 1653.0318, 1608.5472, 1656.7811
303.3840, 1750.6627, 5358.8612, 1721.7642, 4189.8794, 1800.6894, 7330.6366, 1807.9379, 3236.9251, 1608.2831, 1653.0883, 1607.4963, 1656.3051
304.3840, 1752.3631, 5365.5064, 1722.2239, 4225.7382, 1799.5487, 7351.5766, 1806.9476, 3245.6328, 1608.9409, 1653.0084, 1607.2541, 1657.1147
305.3840, 1752.1140, 5339.5303, 1720.0759, 4096.2405, 1798.9306, 7297.7050, 1807.2722, 3249.3118, 1608.4779, 1652.0305, 1608.7279, 1657.8643
306.3840, 1751.0055, 5332.3658, 1718.7302, 4067.3524, 1799.0952, 7292.6739, 1806.3794, 3253.7022, 1607.9091, 1651.6182, 1607.8208, 1656.4475
307.3840, 1752.1121, 5324.2987, 1718.2465, 4056.2978, 1798.3861, 7290.4762, 1806.2716, 3256.0804, 1609.1390, 1652.3760, 1607.4595, 1657.3418
308.3840, 1751.0680, 5316.4338, 1718.4837, 4043.1712, 1797.9493, 7283.6108, 1806.6108, 3252.1060, 1609.4390, 1652.8617, 1608.0472, 1657.6177
309.3840, 1753.1425, 5312.5110, 1717.8974, 4032.2105, 1798.0631, 7275.1480, 1806.6912, 3254.8258, 1609.9390, 1651.6526, 1608.2076, 1657.2699
310.3840, 1750.1471, 5307.2877, 1715.8388, 4018.8974, 1800.2184, 7269.5528, 1805.8246, 3258.0158, 1609.3532, 1652.6383, 1607.0810, 1656.6169
311.3840, 1750.4540, 5303.5956, 1718.3424, 4007.7548, 1798.2246, 7261.8965, 1805.9428, 3260.1967, 1608.8773, 1651.4714, 1608.0907, 1655.9565
312.3840, 1751.8217, 5295.5267, 1716.7268, 3986.1226, 1796.9865, 7250.9161, 1808.3745, 3265.5731, 1609.7974, 1651.5019, 1607.3141, 1657.3411
313.3840, 1749.8502, 5294.9384, 1715.5750, 3968.7029, 1797.9120, 7245.5083, 1807.2972, 3270.8995, 1609.3968, 1652.5675, 1607.6394, 1656.0240
314.3840, 1749.1121, 5292.9908, 1716.7155, 3960.8161, 1798.0549, 7244.9182, 1805.9829, 3276.0883, 1608.3312, 1652.4442, 1608.2046, 1656.5870
315.3840, 1751.5101, 5291.7656, 1715.6689, 3955.3558, 1798.5776, 7231.3654, 1806.4836, 3280.4093, 1608.6091, 1652.4032, 1606.7766, 1654.6732
316.3840, 1750.0809, 5284.1618, 1715.8554, 3958.9807, 1798.2474, 7226.5145, 1806.8709, 3281.0128, 1608.2896, 1651.8474, 1606.9843, 1656.0997
317.3840, 1751.1526, 5280.8235, 1715.7215, 3958.0686, 1796.6936, 7221.4358, 1804.5859, 3279.2570, 1609.3987, 1652.0169, 1608.3231, 1657.8141
318.3840, 1750.9844, 5280.1314, 1716.3251, 3967.0306, 1797.6025, 7208.3427, 1805.0853, 3277.0840, 1609.4110, 1651.3987, 1608.0532, 1656.9393
319.3840, 1749.0432, 5283.7436, 1714.6922, 3964.0573, 1797.8333, 7211.7650, 1805.2381, 3276.8051, 1608.2429, 1652.8351, 1606.7676, 1657.2901
320.3840, 1750.5524, 5280.7031, 1713.9913, 3966.7122, 1794.8903, 7200.8965, 1804.9629, 3276.8916, 1609.9513, 1652.6636, 1607.9303, 1657.2789
321.3840, 1749.1719, 5279.7132, 1713.7448, 3966.7462, 1795.8799, 7203.5787, 1804.9013, 3278.7448, 1608.6747, 1651.0968, 1605.6747, 1656.9985
322.3840, 1749.2362, 5271.5037, 1715.3471, 3963.4144, 1796.7164, 7205.3012, 1803.3337, 3291.5914, 1610.2052, 1652.6273, 1607.5000, 1656.2106
323.3840, 1749.9007, 5280.9320, 1715.0700, 3955.8701, 1796.3271, 7195.8458, 1805.2972, 3296.4714, 1609.6071, 1652.0292, 1607.6679, 1656.5480
324.3840, 1750.9265, 5272.7123, 1716.4670, 3953.1006, 1797.8199, 7196.9462, 1805.4044, 3296.1973, 1609.2032, 1652.5435, 1607.5442, 1657.4595
325.3840, 1749.4338, 5267.8447, 1714.8994, 3954.1466, 1797.6056, 7189.9141, 1805.5231, 3303.2704, 1609.2812, 1652.8110, 1608.5630, 1657.1507
326.3840, 1749.7408, 5270.0910, 1715.4024, 3953.6929, 1795.7836, 7181.5331, 1804.9957, 3296.0816, 1609.0643, 1651.4688, 1607.8216, 1655.9453
327.3840, 1749.9586, 5264.5165, 1712.5403, 3953.5643, 1794.4896, 7177.4089, 1804.0097, 3293.2387, 1609.7851, 1652.1247, 1607.8253, 1656.2721
328.3840, 1750.5634, 5265.4890, 1713.5923, 3951.1426, 1795.7464, 7173.1998, 1805.8143, 3299.2613, 1609.1156, 1652.2500, 1607.2961, 1656.3853
329.3840, 1750.8281, 5266.0377, 1713.8454, 3948.1186, 1796.6936, 7164.0248, 1804.6389, 3298.5859, 1608.7870, 1652.7156, 1607.7264, 1655.9183
330.3840, 1748.9265, 5265.8208, 1713.7109, 3950.7748, 1795.7412, 7167.3665, 1804.6851, 3295.9769, 1609.2403, 1651.9429, 1607.5450, 1655.8853
331.3840, 1750.1544, 5261.3539, 1712.0087, 3946.8035, 1795.9990, 7158.7930, 1804.1833, 3292.3301, 1609.5513, 1651.2208, 1607.4993, 1655.8261
332.3840, 1748.2316, 5255.8741, 1713.3291, 3940.6109, 1795.4089, 7158.4327, 1804.6425, 3292.3660, 1608.6429, 1651.6649, 1607.4610, 1655.4040
333.3840, 1749.9292, 5258.7840, 1712.6782, 3937.4763, 1796.1542, 7159.1273, 1803.9263, 3295.4665, 1608.9838, 1653.0760, 1606.7024, 1656.9783
334.3840, 1748.7353, 5258.8336, 1713.9973, 3936.0160, 1794.3602, 7148.8478, 1803.5615, 3294.3362, 1608.7519, 1653.0864, 1607.9385, 1656.3163
335.3840, 1749.3428, 5257.0322, 1713.1812, 3930.8494, 1795.9710, 7143.4638, 1804.4190, 3294.8002, 1608.6617, 1652.8682, 1607.2436, 1655.1837
336.3840, 1750.7886, 5257.3300, 1713.2585, 3929.2505, 1795.0704, 7139.2153, 1804.1498, 3297.2856, 1608.5909, 1652.7955, 1607.2774, 1656.2099
337.3840, 1751.2417, 5255.5248, 1712.3318, 3925.9753, 1796.7516, 7142.5621, 1804.7734, 3304.6066, 1608.3942, 1650.4240, 1608.1274, 1656.7616
338.3840, 1749.7638, 5249.2693, 1712.6822, 3907.3791, 1796.2816, 7133.8416, 1805.0603, 3302.0055, 1609.2273, 1652.8130, 1607.3358, 1656.6357
339.3840, 1748.2178, 5242.2785, 1711.5743, 3899.3671, 1795.8240, 7135.3137, 1802.1261, 3310.5171, 1608.8584, 1652.8104, 1606.9378, 1654.9760
340.3840, 1748.9430, 5247.9936, 1712.8188, 3878.2685, 1795.0435, 7122.1387, 1804.0615, 3307.3380, 1608.6266, 1651.6162, 1607.5375, 1654.2826
341.3840, 1749.4007, 5242.3502, 1713.1559, 3876.8474, 1794.9741, 7114.2070, 1803.3496, 3308.8965, 1608.4584, 1652.5643, 1607.1469, 1657.7084
342.3840, 1749.6765, 5239.7656, 1712.0859, 3882.0033, 1796.1284, 7110.2050, 1805.4586, 3313.2247, 1609.3669, 1653.2974, 1607.2024, 1655.4768
343.3840, 1747.9320, 5247.7059, 1711.7595, 3884.9953, 1795.7464, 7105.0217, 1801.9482, 3312.9641, 1607.9468, 1652.5649, 1607.5120, 1657.0570
344.3840, 1749.8511, 5240.6746, 1712.4977, 3891.5210, 1796.1698, 7094.8634, 1804.1486, 3321.0518, 1609.5123, 1651.3455, 1608.1012, 1656.0990
345.3840, 1749.1011, 5240.9853, 1712.9547, 3882.4477, 1795.7629, 7097.1853, 1802.5408, 3321.1644, 1609.1409, 1651.5942, 1606.7991, 1654.9258
346.3840, 1748.6608, 5240.4926, 1713.0926, 3877.3891, 1795.7453, 7091.6242, 1803.3928, 3332.7996, 1609.2799, 1651.9143, 1607.7781, 1656.2451
347.3840, 1749.7904, 5242.7215, 1711.0147, 3871.7262, 1793.8861, 7086.3468, 1802.3532, 3337.8331, 1609.2214, 1652.1740, 1606.8291, 1656.7729
348.3840, 1748.3741, 5237.8520, 1713.6969, 3869.6229, 1794.0145, 7083.4710, 1801.9330, 3336.4769, 1608.0786, 1652.1071, 1607.6222, 1656.8171
349.3840, 1749.5239, 5241.1020, 1710.6662, 3862.3205, 1795.1180, 7085.0248, 1803.8149, 3336.3228, 1607.6883, 1652.2565, 1607.7939, 1655.3688
350.3840, 1747.4072, 5245.7831, 1710.5563, 3864.0466, 1793.3923, 7088.3427, 1802.8088, 3346.8490, 1608.1377, 1652.6078, 1607.5292, 1656.5600
351.3840, 1749.6912, 5237.1581, 1710.9434, 3864.7675, 1793.7557, 7085.9762, 1802.1681, 3359.8082, 1609.3279, 1652.4221, 1607.3148, 1655.3756
352.3840, 1748.3493, 5242.9072, 1711.6616, 3856.6815, 1794.8023, 7094.2754, 1801.8417, 3367.1133, 1607.7786, 1651.4188, 1607.2339, 1655.7781
353.3840, 1750.1737, 5235.8759, 1711.7955, 3855.8368, 1793.2153, 7089.8106, 1802.2814, 3368.6815, 1608.0981, 1651.8474, 1607.6612, 1655.5217
354.3840, 1749.5230, 5231.3254, 1713.0899, 3856.2418, 1794.5559, 7096.2133, 1801.4446, 3372.8191, 1609.4117, 1652.9214, 1608.2241, 1657.2181
355.3840, 1747.9063, 5229.7371, 1712.5523, 3855.7668, 1795.6170, 7090.6429, 1802.1888, 3379.0810, 1608.5955, 1651.8221, 1607.5157, 1655.2714
356.3840, 1750.8814, 5222.9568, 1711.6742, 3857.1825, 1794.4151, 7094.3323, 1802.7783, 3377.7205, 1609.2110, 1651.6558, 1608.2579, 1655.7046
357.3840, 1749.7509, 5227.9816, 1711.5876, 3849.6176, 1795.5611, 7092.3458, 1801.4976, 3379.9220, 1609.6370, 1652.2513, 1608.4685, 1656.2751
358.3840, 1747.9458, 5222.2233, 1710.4730, 3850.5303, 1793.7557, 7086.1615, 1801.2229, 3386.5798, 1609.3299, 1653.3558, 1607.8418, 1654.9160
359.3840, 1748.2068, 5227.9154, 1712.5330, 3849.0879, 1792.2308, 7090.2733, 1800.2314, 3395.8538, 1609.5805, 1650.6169, 1608.0412, 1656.3006
360.3840, 1747.9807, 5221.7665, 1711.2658, 3852.4091, 1794.2360, 7090.4720, 1800.6419, 3399.0414, 1609.7403, 1651.9890, 1608.3321, 1656.7016
361.3840, 1748.5515, 5226.2849, 1713.0167, 3846.9214, 1793.9037, 7095.1946, 1801.2381, 3407.2241, 1611.1182, 1651.6208, 1608.3403, 1656.6799
362.3840, 1749.5689, 5227.6526, 1710.7029, 3841.9074, 1793.9607, 7086.3540, 1800.7278, 3411.0993, 1609.7260, 1653.2117, 1607.6192, 1656.2091
363.3840, 1747.4375, 5224.4026, 1712.8314, 3839.7675, 1791.9762, 7077.1884, 1801.7686, 3416.1918, 1608.9266, 1653.2604, 1607.6357, 1656.8598
364.3840, 1748.3842, 5231.5377, 1712.3071, 3842.3791, 1793.6625, 7127.1046, 1800.4196, 3425.6309, 1610.3286, 1652.0234, 1607.5247, 1655.9828
365.3840, 1748.2335, 5245.5965, 1712.1932, 3870.5663, 1792.8696, 7107.4255, 1799.3910, 3435.3563, 1609.5974, 1652.5006, 1607.5172, 1655.5187
366.3840, 1749.7160, 5252.4375, 1713.5703, 3876.6789, 1794.2112, 7105.1491, 1799.9909, 3441.4574, 1609.3312, 1652.1714, 1607.5892, 1655.9243
367.3840, 1750.8447, 5253.3318, 1714.5869, 3889.7022, 1795.0580, 7101.3251, 1799.6114, 3440.3593, 1607.9279, 1652.5883, 1608.7054, 1656.1672
368.3840, 1749.5147, 5257.3263, 1713.1206, 3899.7948, 1796.0031, 7103.8157, 1800.2509, 3446.0457, 1609.0526, 1652.4760, 1607.2001, 1655.8441
369.3840, 1750.5119, 5259.2059, 1714.8028, 3906.1746, 1796.5611, 7111.1884, 1801.2442, 3449.1632, 1608.2519, 1651.8143, 1608.7226, 1656.3928
370.3840, 1749.8024, 5259.4274, 1714.6296, 3912.7308, 1796.8634, 7102.9441, 1800.5055, 3449.0822, 1609.1318, 1652.9513, 1608.2279, 1655.8771
371.3840, 1750.0313, 5264.8906, 1714.6229, 3918.1752, 1794.6511, 7110.7091, 1800.6991, 3451.2497, 1609.7214, 1652.6805, 1608.5510, 1656.1207
372.3840, 1749.3814, 5264.6287, 1714.5330, 3921.1193, 1796.7329, 7122.8737, 1801.2217, 3454.3410, 1609.2597, 1652.0597, 1607.6462, 1655.2159
373.3840, 1748.6985, 5260.4191, 1713.9620, 3926.7702, 1796.0010, 7114.8747, 1801.3210, 3457.4239, 1608.6429, 1651.9344, 1607.2459, 1654.3546
374.3840, 1748.5643, 5260.8226, 1714.1805, 3928.9933, 1796.3043, 7116.7453, 1799.8715, 3466.5469, 1608.7623, 1651.9292, 1607.2399, 1655.5097
375.3840, 1750.5662, 5264.7711, 1713.7162, 3931.9394, 1795.5186, 7122.4586, 1801.4056, 3478.6516, 1609.5662, 1651.2526, 1607.7751, 1656.0082
376.3840, 1749.5368, 5266.3814, 1713.7975, 3934.2958, 1795.2371, 7114.9679, 1800.7071, 3493.5883, 1609.5481, 1653.2286, 1608.0472, 1656.7106
377.3840, 1751.2454, 5270.4835, 1714.9121, 3929.3065, 1795.1853, 7124.4928, 1799.9434, 3498.5280, 1609.5448, 1652.4182, 1607.7181, 1656.2121
378.3840, 1749.9807, 5267.1369, 1715.0306, 3922.0986, 1794.3944, 7124.1936, 1798.0932, 3500.2308, 1611.0675, 1651.9617, 1607.4745, 1656.1357
379.3840, 1748.9982, 5261.9449, 1714.3944, 3916.2945, 1796.9369, 7121.1014, 1799.1334, 3507.5499, 1609.5292, 1652.0734, 1607.2744, 1657.3268
380.3840, 1748.2721, 5265.1710, 1715.3598, 3917.3358, 1794.9079, 7121.3716, 1797.8161, 3508.0140, 1608.8013, 1652.2643, 1608.8118, 1656.2894
381.3840, 1750.4688, 5266.9099, 1714.8088, 3914.6822, 1795.7516, 7103.7050, 1798.9129, 3507.8618, 1608.0182, 1651.1747, 1607.4355, 1657.3186
382.3840, 1750.7454, 5264.2243, 1714.7648, 3902.3571, 1796.1553, 7104.2101, 1797.1547, 3501.1699, 1609.5377, 1652.8545, 1607.8741, 1656.3996
383.3840, 1749.5000, 5268.8667, 1714.5583, 3881.0093, 1795.0694, 7087.6915, 1799.5037, 3498.4921, 1609.8870, 1653.0948, 1608.6132, 1656.6064
384.3840, 1750.1636, 5264.4908, 1715.5703, 3866.4264, 1795.3344, 7087.6967, 1798.5073, 3500.9744, 1610.0195, 1652.0552, 1606.4610, 1654.8756
385.3840, 1749.7693, 5261.1222, 1716.1466, 3842.1399, 1796.3106, 7087.9058, 1799.3770, 3502.6297, 1610.0981, 1653.2896, 1607.9340, 1655.5270
386.3840, 1748.9926, 5263.5248, 1715.7455, 3828.7102, 1794.2019, 7079.2650, 1799.3910, 3504.4470, 1608.1526, 1650.9870, 1607.4063, 1654.5975
387.3840, 1748.7243, 5261.1020, 1714.1079, 3826.9201, 1795.3696, 7097.9410, 1797.9074, 3500.2460, 1609.3500, 1652.0825, 1606.4378, 1656.0937
388.3840, 1748.3373, 5266.0460, 1716.2092, 3824.0799, 1796.3333, 7099.4845, 1798.8477, 3505.0536, 1607.5084, 1652.5344, 1608.1259, 1655.8951
389.3840, 1748.8640, 5260.9237, 1715.9560, 3820.7488, 1795.2443, 7102.4089, 1797.4482, 3507.3648, 1609.9558, 1651.3519, 1607.8576, 1657.1799
390.3840, 1749.1737, 5263.4715, 1716.4031, 3822.7102, 1794.4689, 7102.2143, 1798.0152, 3509.1809, 1608.5195, 1653.6383, 1608.5285, 1656.5840
391.3840, 1750.2757, 5266.6204, 1715.6855, 3822.3125, 1795.8199, 7099.0507, 1798.0725, 3509.5853, 1609.2136, 1654.0617, 1607.5810, 1655.5165
392.3840, 1751.1691, 5263.0285, 1715.7848, 3821.3464, 1795.8333, 7107.3872, 1797.3624, 3505.0816, 1608.2136, 1652.6156, 1608.3741, 1657.7249
393.3840, 1750.8925, 5258.0873, 1715.9234, 3816.4490, 1795.1108, 7101.4555, 1798.2016, 3506.5572, 1608.4532, 1651.7058, 1607.9355, 1656.8523
394.3840, 1749.8447, 5256.7169, 1715.0493, 3815.5756, 1794.9752, 7116.7557, 1797.1328, 3513.0792, 1609.2214, 1652.2325, 1608.9768, 1655.0300
395.3840, 1750.9164, 5253.0680, 1715.4417, 3814.0346, 1794.4027, 7110.0424, 1797.7266, 3513.2052, 1608.6123, 1652.0545, 1608.0307, 1655.6004
396.3840, 1749.2886, 5257.0460, 1715.9554, 3821.5403, 1795.0518, 7115.4224, 1798.2893, 3523.6644, 1608.9760, 1652.5942, 1607.5405, 1654.9235
397.3840, 1749.0386, 5256.7215, 1716.1832, 3819.4617, 1794.1398, 7112.4389, 1796.7674, 3527.3611, 1609.2442, 1650.8838, 1607.7841, 1656.8186
398.3840, 1749.0450, 5256.6029, 1717.3531, 3814.8201, 1794.7826, 7115.6501, 1797.4604, 3538.8149, 1608.5708, 1652.1714, 1606.7804, 1656.6919
399.3840, 1749.5450, 5252.4596, 1716.6782, 3812.1872, 1796.4720, 7116.0414, 1797.9811, 3546.8630, 1608.2623, 1652.1416, 1608.0135, 1657.5727
400.3840, 1749.9007, 5252.1553, 1716.6389, 3821.2578, 1795.7164, 7114.2578, 1797.6096, 3553.7406, 1608.1195, 1653.0539, 1608.0840, 1655.4963
401.3840, 1749.7858, 5261.0441, 1717.1832, 3820.9181, 1794.2536, 7106.9524, 1796.8855, 3562.0615, 1608.7571, 1652.8182, 1607.5690, 1656.8141
402.3840, 1748.2353, 5252.3520, 1715.4730, 3816.0600, 1794.4731, 7099.6625, 1796.0231, 3563.3685, 1609.2169, 1653.5974, 1607.7969, 1656.9895
403.3840, 1749.8143, 5250.1857, 1716.3278, 3807.6076, 1794.9420, 7099.2671, 1798.3307, 3568.4659, 1609.2844, 1653.6045, 1609.7481, 1656.3126
404.3840, 1748.5754, 5251.6158, 1716.8374, 3795.3937, 1794.8665, 7107.4617, 1795.8849, 3572.3861, 1609.3091, 1652.2779, 1607.0832, 1657.0517
405.3840, 1749.6893, 5252.6820, 1717.1346, 3782.4970, 1793.9979, 7098.6936, 1797.0305, 3578.8581, 1608.0968, 1652.7117, 1608.9040, 1655.3268
406.3840, 1749.9265, 5250.8456, 1716.3837, 3780.8408, 1794.9700, 7098.9648, 1796.4884, 3586.5859, 1608.6617, 1653.4455, 1608.7099, 1656.2939
407.3840, 1749.2068, 5249.8741, 1717.9953, 3778.1099, 1796.1077, 7093.3520, 1796.2570, 3583.7442, 1608.2552, 1652.5344, 1608.1244, 1655.5697
408.3840, 1749.1461, 5248.2031, 1717.0879, 3786.3191, 1795.1594, 7089.5756, 1796.0493, 3585.2850, 1608.8136, 1652.2175, 1608.3456, 1654.7631
409.3840, 1748.8649, 5245.6241, 1715.7502, 3793.1939, 1794.6470, 7090.2888, 1795.8837, 3584.0554, 1609.1188, 1652.0714, 1607.7706, 1655.7871
410.3840, 1748.8281, 5247.2675, 1716.6456, 3795.1626, 1794.1594, 7087.4482, 1796.8520, 3600.1730, 1607.7532, 1651.8779, 1607.4865, 1654.1394
411.3840, 1747.9412, 5244.6020, 1716.0946, 3800.5643, 1797.1159, 7083.6936, 1796.2546, 3603.6888, 1609.3643, 1652.5701, 1608.1387, 1655.7061
412.3840, 1748.9439, 5240.4531, 1716.1765, 3812.7961, 1795.1004, 7087.3892, 1795.7168, 3613.6650, 1608.8455, 1651.7403, 1607.8703, 1656.4955
413.3840, 1750.0441, 5244.0009, 1716.3344, 3805.6416, 1795.1398, 7081.4400, 1795.2083, 3616.0579, 1609.3019, 1652.1786, 1607.9303, 1657.2384
414.3840, 1747.5450, 5241.3520, 1715.2565, 3797.3151, 1795.5052, 7079.0807, 1795.0652, 3618.4482, 1608.9545, 1653.3331, 1607.2256, 1656.1604
415.3840, 1749.1756, 5232.6553, 1716.2085, 3786.1939, 1793.9451, 7070.4865, 1795.2253, 3615.4890, 1608.2584, 1652.5013, 1607.5667, 1654.4145
416.3840, 1747.1397, 5235.9200, 1716.1272, 3774.2658, 1792.8178, 7071.8054, 1796.2771, 3604.7259, 1608.4136, 1652.9162, 1606.9618, 1656.9535
417.3840, 1749.0450, 5229.4099, 1715.4144, 3769.1892, 1795.5269, 7062.2464, 1796.2643, 3599.7351, 1607.6006, 1651.6922, 1607.0045, 1655.2031
418.3840, 1747.6167, 5228.5570, 1716.6975, 3758.4577, 1794.0248, 7063.6025, 1794.4123, 3583.7119, 1608.0221, 1652.0338, 1607.8658, 1655.2924
419.3840, 1746.7022, 5232.1085, 1717.1199, 3730.5310, 1794.9130, 7056.0518, 1794.5676, 3573.9817, 1608.5318, 1652.0312, 1608.1402, 1655.4108
420.3840, 1747.6921, 5230.6939, 1716.4903, 3687.3504, 1793.3395, 7051.0621, 1795.4811, 3570.3648, 1609.1045, 1652.4026, 1606.0157, 1655.3186
421.3840, 1747.7059, 5222.2914, 1718.1272, 3661.9034, 1794.6315, 7048.6781, 1795.7247, 3578.0743, 1608.4922, 1652.1351, 1608.4010, 1655.3793
422.3840, 1748.9908, 5226.0368, 1718.6649, 3638.4843, 1795.8582, 7036.8458, 1795.5311, 3586.9945, 1608.4877, 1651.1539, 1607.1687, 1654.6619
423.3840, 1747.8015, 5226.8824, 1719.5923, 3620.0893, 1794.4017, 7038.6791, 1794.6218, 3603.1559, 1607.9935, 1651.7981, 1607.0855, 1656.2519
424.3840, 1749.9844, 5223.8125, 1719.6669, 3607.1206, 1793.3116, 7037.3830, 1793.5201, 3604.6669, 1608.1916, 1652.2519, 1607.7526, 1655.5562
425.3840, 1749.6847, 5026.5836, 1713.5017, 3467.6416, 1792.8385, 6949.4658, 1795.7314, 3602.5189, 1609.0318, 1651.3058, 1607.0150, 1654.6514
426.3840, 1760.0147, 4323.0432, 1710.8754, 3384.6469, 1790.5280, 6888.1066, 1795.8733, 3542.8520, 1608.5416, 1651.6799, 1606.9198, 1653.1882
427.3840, 1766.5294, 4003.9605, 1711.5057, 3326.1872, 1790.2950, 6854.5870, 1798.4099, 3452.8155, 1608.7234, 1651.1701, 1607.7766, 1655.2069
428.3840, 1767.0046, 3922.0919, 1711.0906, 3274.9380, 1791.1408, 6836.4286, 1798.0627, 3391.0944, 1608.7799, 1651.5792, 1606.1792, 1653.8336
429.3840, 1767.3796, 3931.6057, 1710.4617, 3208.2272, 1788.3468, 6810.7091, 1799.2923, 3334.4403, 1609.3571, 1651.5357, 1606.1102, 1652.9393
430.3840, 1764.9182, 3933.6985, 1713.4617, 3092.0653, 1789.4917, 6789.0859, 1798.6023, 3293.7649, 1608.0032, 1651.9714, 1606.5750, 1654.3808
431.3840, 1763.4320, 4003.5101, 1714.8241, 3011.9933, 1789.7081, 6774.8106, 1800.1912, 3262.0353, 1607.8688, 1651.2701, 1607.5855, 1654.5592
432.3840, 1764.5744, 3997.5993, 1715.9274, 2930.8128, 1789.0104, 6748.1625, 1799.9866, 3225.6991, 1608.6974, 1649.8162, 1607.3231, 1654.1567
433.3840, 1762.6572, 4062.9853, 1715.9387, 2866.6189, 1789.4658, 6731.7640, 1800.6657, 3202.9732, 1609.1338, 1649.7981, 1606.8381, 1653.7984
434.3840, 1762.3621, 4124.6029, 1716.8308, 2815.7635, 1787.9451, 6712.3892, 1800.7424, 3180.9720, 1608.5201, 1650.2584, 1608.1214, 1653.9498
435.3840, 1760.1820, 4184.7472, 1718.9234, 2756.0986, 1789.3913, 6678.9120, 1802.5505, 3155.9921, 1608.2201, 1650.7701, 1606.8688, 1653.8448
436.3840, 1761.1333, 4230.2463, 1720.8534, 2709.2945, 1790.6035, 6659.7443, 1803.1705, 3133.1833, 1608.3253, 1651.7461, 1606.8223, 1654.1199
437.3840, 1760.0414, 4275.1085, 1720.4197, 2680.6702, 1788.6905, 6646.3261, 1802.7211, 3112.2552, 1608.6078, 1651.0870, 1607.6927, 1653.7331
438.3840, 1761.4697, 4241.6406, 1717.9480, 2649.2105, 1790.2681, 6645.5311, 1802.4531, 3092.3618, 1608.2779, 1650.8032, 1606.9048, 1654.0382
439.3840, 1759.3952, 4285.5092, 1717.4890, 2654.3744, 1788.7764, 6644.7930, 1802.4622, 3072.0481, 1608.9253, 1651.0000, 1606.9475, 1655.1357
440.3840, 1759.3410, 4332.5919, 1716.3824, 2725.1512, 1790.0166, 6641.7743, 1803.9007, 3056.5542, 1607.8344, 1649.7019, 1606.3433, 1654.4423
441.3840, 1757.2693, 4367.6204, 1715.1852, 2802.8841, 1791.0828, 6633.5538, 1805.2272, 3038.1200, 1608.8396, 1651.4532, 1607.1552, 1654.0480
442.3840, 1756.4678, 4401.4669, 1715.0640, 2859.6136, 1789.1180, 6622.7443, 1804.4653, 3016.8155, 1608.2357, 1652.5753, 1607.6672, 1654.2466
443.3840, 1756.0211, 4430.9614, 1714.1106, 2899.7828, 1792.6988, 6611.3810, 1804.6663, 3002.1206, 1609.5617, 1649.7461, 1608.1034, 1654.0337
444.3840, 1754.6498, 4463.2941, 1713.3571, 2931.2052, 1791.0807, 6597.0611, 1806.5889, 2984.9111, 1608.1675, 1650.5565, 1606.9978, 1652.6717
445.3840, 1752.5882, 4495.0450, 1715.9407, 2949.2905, 1790.9586, 6591.6532, 1806.9044, 2970.6870, 1609.4299, 1651.1753, 1607.5982, 1653.8898
446.3840, 1755.2858, 4517.7105, 1713.1173, 2964.8368, 1791.5673, 6579.7495, 1805.8892, 2959.2393, 1608.5903, 1650.7864, 1608.4633, 1655.0037
447.3840, 1756.1121, 4536.3254, 1714.3924, 2977.4810, 1790.7288, 6577.2660, 1805.8155, 2939.8143, 1609.2182, 1651.1305, 1607.9708, 1653.6597
448.3840, 1753.5487, 4564.3125, 1714.2398, 2988.0460, 1792.0031, 6575.0404, 1806.9629, 2929.2211, 1609.9279, 1650.9766, 1607.8238, 1654.6237
449.3840, 1754.6994, 4572.7711, 1711.8874, 2988.9174, 1790.3313, 6562.1377, 1805.8063, 2920.8648, 1608.8084, 1650.6779, 1607.0390, 1654.8433
450.3840, 1753.5717, 4592.1158, 1711.6256, 2997.8754, 1792.1615, 6548.8665, 1807.7655, 2909.6608, 1608.0383, 1650.2825, 1608.6649, 1654.0660
451.3840, 1752.4256, 4608.2114, 1712.1226, 2997.2412, 1792.1460, 6543.4203, 1806.9324, 2900.5981, 1609.1221, 1651.7844, 1608.5307, 1653.7339
452.3840, 1752.3915, 4618.1994, 1712.8388, 3011.7089, 1790.3199, 6537.1874, 1806.8167, 2892.5615, 1607.0825, 1650.4987, 1607.9520, 1653.4745
453.3840, 1753.6241, 4627.1618, 1712.9374, 3013.0946, 1791.8085, 6521.6046, 1808.3886, 2890.6407, 1608.1922, 1649.6773, 1606.8801, 1654.2136
454.3840, 1753.2077, 4643.2886, 1712.7495, 3014.3311, 1791.1553, 6510.5280, 1807.3563, 2880.8435, 1608.7149, 1650.6695, 1607.2616, 1654.0075
455.3840, 1752.9577, 4654.0221, 1712.2332, 3018.8561, 1791.1004, 6494.5994, 1807.8319, 2871.0268, 1608.4669, 1651.2981, 1606.4955, 1654.4040
456.3840, 1752.3722, 4661.1728, 1712.6662, 3023.2845, 1791.1853, 6488.4296, 1806.7722, 2864.3733, 1608.7890, 1651.1227, 1607.9370, 1655.5315
457.3840, 1752.5671, 4668.6719, 1711.9694, 3032.5603, 1791.7640, 6485.8157, 1807.7576, 2864.2107, 1608.9994, 1650.4935, 1607.0495, 1653.3651
458.3840, 1750.3143, 4672.3199, 1711.8654, 3035.2352, 1793.0248, 6469.5942, 1807.6084, 2855.5615, 1609.6584, 1651.3656, 1607.1852, 1654.0420
459.3840, 1749.7537, 4683.3879, 1711.1965, 3033.8574, 1789.5973, 6451.2060, 1809.8605, 2851.3210, 1609.3675, 1650.8948, 1607.4813, 1653.9003
460.3840, 1750.6765, 4693.9752, 1712.6016, 3036.4777, 1790.2081, 6442.1760, 1806.5859, 2846.0219, 1608.4903, 1651.0955, 1607.5405, 1655.1934
461.3840, 1751.5064, 4692.8355, 1713.2452, 3033.1372, 1791.2433, 6440.1284, 1807.6139, 2845.3313, 1608.8903, 1651.2149, 1608.1274, 1654.3711
462.3840, 1749.5129, 4704.3309, 1712.6442, 3031.8954, 1791.2143, 6441.3913, 1808.9007, 2840.6303, 1608.5812, 1649.8292, 1608.6672, 1655.1492
463.3840, 1750.2105, 4705.8364, 1712.8028, 3034.7029, 1791.6491, 6428.6532, 1808.7375, 2837.0469, 1608.9552, 1650.5403, 1607.9250, 1654.5750
464.3840, 1751.3042, 4713.6526, 1713.2172, 3038.7535, 1790.2215, 6428.6335, 1808.3222, 2826.1358, 1607.4416, 1651.2149, 1607.2699, 1655.1402
465.3840, 1748.0202, 4712.0551, 1709.9587, 3044.5270, 1789.4327, 6418.8478, 1808.5171, 2826.1401, 1609.6331, 1652.0760, 1605.7991, 1654.1874
466.3840, 1751.0129, 4719.6517, 1711.5756, 3048.6049, 1791.0911, 6412.4286, 1809.7728, 2823.3989, 1608.1812, 1649.6552, 1606.6852, 1654.2324
467.3840, 1748.6847, 4721.9393, 1712.1452, 3049.0433, 1792.8996, 6402.4224, 1810.1778, 2824.1535, 1609.3799, 1651.6481, 1607.4348, 1654.0772
468.3840, 1749.3189, 4725.1039, 1711.5623, 3054.1233, 1792.5404, 6399.1387, 1809.8946, 2825.2302, 1608.9643, 1651.3903, 1606.9625, 1654.3531
469.3840, 1749.4669, 4728.2858, 1712.0320, 3055.5416, 1791.6056, 6388.4265, 1809.8021, 2822.4001, 1608.0474, 1651.3571, 1606.5802, 1654.9408
470.3840, 1749.2086, 4726.4099, 1711.5476, 3052.5690, 1790.7246, 6382.8851, 1808.8806, 2820.9403, 1608.9390, 1650.3955, 1608.8913, 1653.8666
471.3840, 1749.1645, 4731.1360, 1710.6436, 3046.5969, 1791.8209, 6367.5952, 1809.5469, 2819.8027, 1608.0422, 1650.0610, 1607.6289, 1653.5885
472.3840, 1750.9568, 4726.5156, 1711.5023, 3050.1812, 1792.0963, 6355.2101, 1808.3752, 2817.6961, 1608.9383, 1651.5312, 1609.3193, 1653.9168
473.3840, 1749.2914, 4721.0184, 1710.3591, 3048.5057, 1792.1366, 6338.7981, 1808.7576, 2815.0603, 1609.1312, 1650.3468, 1606.9535, 1655.2766
474.3840, 1749.4007, 4719.8162, 1712.3358, 3043.4697, 1791.6077, 6324.4193, 1811.0512, 2812.6778, 1609.3558, 1650.0539, 1608.3403, 1653.8336
475.3840, 1749.3125, 4718.9871, 1712.1366, 3038.2545, 1790.3023, 6329.0507, 1807.6577, 2813.5847, 1610.1773, 1650.7864, 1608.0817, 1654.2024
476.3840, 1748.7564, 4716.8897, 1712.3071, 3036.9041, 1791.3126, 6328.7081, 1809.1912, 2815.2058, 1608.3455, 1650.3364, 1608.4348, 1654.1312
477.3840, 1749.0092, 4711.6608, 1712.8561, 3027.4077, 1790.9130, 6321.0642, 1808.6967, 2815.8276, 1608.4571, 1650.6448, 1607.8253, 1654.2331
478.3840, 1749.1204, 4713.6893, 1712.3371, 3020.1019, 1791.3219, 6322.3996, 1809.3477, 2813.6364, 1608.4500, 1651.0364, 1606.6822, 1652.9175
479.3840, 1749.6066, 4716.6213, 1710.5057, 3016.9314, 1792.1470, 6321.2329, 1809.7393, 2812.7479, 1609.3182, 1651.3864, 1607.5390, 1653.8598
480.3840, 1749.6167, 4705.1664, 1711.8748, 3021.0320, 1790.9358, 6322.9400, 1809.3989, 2815.0122, 1608.8825, 1651.9760, 1607.7646, 1653.2549
481.3840, 1749.5358, 4706.1517, 1712.4011, 3032.3431, 1790.5963, 6321.2640, 1809.9190, 2815.5396, 1609.3279, 1651.3903, 1608.1882, 1653.8606
482.3840, 1749.5340, 4700.5285, 1712.0413, 3041.5256, 1790.1998, 6317.3820, 1809.6949, 2811.7229, 1609.5013, 1650.6195, 1608.0217, 1654.8216
483.3840, 1748.8722, 4695.8741, 1711.9380, 3047.3984, 1789.8085, 6310.1501, 1809.3636, 2814.7661, 1608.8740, 1650.3584, 1607.8223, 1654.7391
484.3840, 1749.6599, 4693.6737, 1713.3371, 3035.3751, 1792.0124, 6300.5311, 1809.0530, 2814.7308, 1609.3227, 1650.5578, 1608.0720, 1653.4025
485.3840, 1751.1241, 4730.5699, 1716.6402, 3105.9580, 1794.6408, 6423.9389, 1810.4665, 2822.5037, 1608.4968, 1650.1416, 1606.4048, 1654.0142
486.3840, 1750.3686, 4746.5358, 1717.2492, 3151.1759, 1796.2050, 6447.0600, 1811.6102, 2832.4233, 1608.2364, 1649.6656, 1606.8231, 1653.9003
487.3840, 1750.7013, 4753.0744, 1718.9987, 3188.7968, 1795.9689, 6459.5880, 1810.2022, 2842.3197, 1607.7714, 1649.5403, 1608.3381, 1654.2624
488.3840, 1756.6774, 4490.5423, 1719.4717, 3222.3145, 1794.4834, 6483.6615, 1808.9842, 2849.8886, 1608.7877, 1649.1701, 1608.4640, 1653.1237
489.3840, 1754.1838, 4519.9421, 1718.8135, 3245.3544, 1794.1760, 6503.2195, 1809.3928, 2857.2625, 1607.8448, 1649.3247, 1607.9048, 1652.5750
490.3840, 1753.9807, 4542.9384, 1718.2971, 3268.2492, 1794.7360, 6513.2774, 1810.6389, 2857.8697, 1608.9584, 1650.3526, 1606.9550, 1653.1589
491.3840, 1753.0184, 4574.2040, 1718.0180, 3285.6869, 1794.7133, 6494.5590, 1808.9896, 2866.0901, 1607.3721, 1650.4890, 1607.5030, 1652.9295
492.3840, 1758.8713, 4185.6774, 1718.0513, 3304.0413, 1798.2236, 6392.9907, 1809.4220, 2871.6979, 1608.9500, 1649.6597, 1606.7819, 1652.2001
493.3840, 1764.7454, 3983.7693, 1719.0180, 3321.5929, 1796.3841, 6405.0342, 1808.9099, 2872.1163, 1608.7831, 1650.2662, 1606.6672, 1651.7481
494.3840, 1763.3943, 4042.0441, 1718.3271, 3334.1945, 1795.5538, 6404.1832, 1808.8794, 2876.7016, 1609.9422, 1649.5994, 1607.4325, 1652.8433
495.3840, 1762.3980, 4101.0110, 1718.8521, 3347.7255, 1794.9006, 6425.7671, 1808.5189, 2883.4269, 1608.7740, 1649.7279, 1607.5517, 1652.5690
496.3840, 1759.5487, 4150.5699, 1719.1785, 3354.6289, 1796.2008, 6443.2484, 1808.1504, 2887.6492, 1608.4422, 1649.7545, 1607.1694, 1651.7136
497.3840, 1760.3612, 4196.1480, 1718.7881, 3364.3598, 1795.1615, 6446.8727, 1809.0646, 2890.4683, 1608.6266, 1650.3247, 1607.0195, 1652.7181
498.3840, 1758.6259, 4246.2151, 1718.3178, 3378.1026, 1796.5901, 6451.7091, 1808.5658, 2894.8965, 1608.6519, 1650.9403, 1606.5772, 1652.8643
499.3840, 1758.2785, 4281.0423, 1717.8028, 3382.9927, 1796.4555, 6449.5404, 1808.3057, 2900.2868, 1607.5825, 1648.0942, 1606.6957, 1652.0037
500.3840, 1757.3042, 4319.4936, 1719.1579, 3396.0093, 1795.1511, 6451.8375, 1807.5024, 2901.2058, 1608.2591, 1649.3675, 1607.3838, 1653.4580
501.3840, 1757.3851, 4353.8042, 1720.0546, 3411.4770, 1794.0197, 6462.0652, 1807.2600, 2908.0987, 1609.2851, 1649.7227, 1606.9528, 1652.6904
502.3840, 1756.1710, 4391.3392, 1718.9007, 3422.9667, 1795.4928, 6473.4348, 1808.4592, 2911.5901, 1608.8162, 1649.7006, 1606.9873, 1653.9993
503.3840, 1757.1636, 4416.0616, 1718.4144, 3435.1546, 1795.5538, 6483.4814, 1808.8819, 2914.7747, 1609.4662, 1650.0695, 1606.2301, 1653.3898
504.3840, 1756.1388, 4447.6167, 1719.1879, 3443.3771, 1793.7992, 6506.6025, 1806.7247, 2916.9324, 1608.3117, 1649.6377, 1608.7331, 1652.5772
505.3840, 1754.8125, 4476.2004, 1718.9434, 3451.1432, 1793.4917, 6507.5756, 1807.8752, 2920.2199, 1608.9500, 1650.0532, 1608.0600, 1653.2646
506.3840, 1755.5074, 4500.7298, 1718.7002, 3451.1426, 1794.8799, 6518.7857, 1807.6054, 2920.4294, 1608.5299, 1650.6519, 1606.4753, 1653.3201
507.3840, 1755.5892, 4523.3226, 1717.8827, 3459.7835, 1794.9058, 6523.6004, 1808.0737, 2925.8569, 1607.8682, 1648.8383, 1606.8996, 1654.0660
508.3840, 1753.8695, 4547.8346, 1717.8281, 3468.5563, 1794.8240, 6538.6377, 1809.0658, 2924.5244, 1609.1078, 1649.1851, 1606.8066, 1652.9633
509.3840, 1752.7114, 4561.0901, 1717.7702, 3480.0320, 1794.3085, 6539.0404, 1808.1041, 2927.9647, 1608.6753, 1649.2838, 1606.7121, 1652.8036
510.3840, 1754.6847, 4583.9237, 1719.1599, 3491.9407, 1794.1201, 6543.5424, 1807.4653, 2935.1151, 1608.6721, 1650.5325, 1608.2121, 1655.3043
511.3840, 1753.8474, 4600.6324, 1717.9960, 3496.6942, 1794.7640, 6545.1894, 1808.3484, 2936.7619, 1609.1942, 1650.2364, 1607.0412, 1652.8486
512.3840, 1752.4522, 4612.5138, 1718.6236, 3503.7548, 1793.6667, 6541.0124, 1807.1419, 2943.4616, 1609.3396, 1650.5812, 1606.9903, 1653.7654
513.3840, 1751.8952, 4627.6682, 1718.6136, 3508.4930, 1795.1967, 6528.5393, 1806.4659, 2943.5694, 1608.4812, 1650.2416, 1607.6454, 1652.7331
514.3840, 1751.7656, 4639.1654, 1718.5030, 3520.7029, 1793.5383, 6533.1760, 1807.5213, 2946.3551, 1608.5481, 1650.0123, 1608.6289, 1654.4153
515.3840, 1753.7610, 4648.1976, 1719.4377, 3523.1746, 1793.1439, 6537.0197, 1807.1955, 2947.6864, 1608.8890, 1651.1156, 1608.1889, 1653.7796
516.3840, 1751.6673, 4660.0551, 1718.5789, 3529.9707, 1792.2184, 6538.9317, 1806.8374, 2946.7777, 1609.0916, 1650.0247, 1607.4423, 1652.4903
517.3840, 1751.5358, 4674.4651, 1719.1439, 3531.9407, 1793.8251, 6552.0176, 1805.8429, 2948.8283, 1608.8532, 1650.2071, 1607.2324, 1651.8111
518.3840, 1752.7399, 4677.3428, 1719.3618, 3543.0666, 1794.5849, 6555.5735, 1808.1376, 2948.7631, 1607.8604, 1649.9552, 1607.0315, 1653.0757
519.3840, 1751.7711, 4696.3989, 1718.4257, 3539.5949, 1793.5807, 6565.0580, 1806.8270, 2950.1778, 1609.5195, 1651.1890, 1608.3703, 1654.2211
520.3840, 1751.6020, 4704.9237, 1719.1892, 3550.9667, 1792.6781, 6574.9783, 1807.5725, 2954.7095, 1610.3435, 1649.3292, 1608.3966, 1653.7384
521.3840, 1750.7730, 4718.1517, 1718.2971, 3546.8314, 1794.1760, 6578.9027, 1807.1717, 2954.3721, 1608.9526, 1649.7351, 1606.5862, 1655.0202
522.3840, 1751.5074, 4720.3980, 1718.5949, 3549.0360, 1792.1998, 6585.0135, 1807.5317, 2954.5390, 1609.0864, 1649.3786, 1607.9768, 1653.9670
523.3840, 1752.4724, 4725.9724, 1719.3364, 3551.7175, 1791.8292, 6589.2867, 1805.9007, 2961.8149, 1607.9292, 1649.8117, 1608.6619, 1652.4880
524.3840, 1749.5432, 4733.0607, 1717.8254, 3552.9620, 1792.8344, 6596.4679, 1806.9726, 2964.9756, 1609.3565, 1648.9045, 1607.2451, 1653.0945
525.3840, 1751.7445, 4747.4439, 1719.6196, 3555.0680, 1793.3458, 6600.8758, 1806.9726, 2973.7205, 1608.3136, 1651.3857, 1609.2046, 1652.4063
526.3840, 1748.8787, 4754.2077, 1718.5643, 3560.3584, 1792.8178, 6598.8209, 1806.6529, 2978.5938, 1608.2896, 1649.6968, 1607.7024, 1653.5637
527.3840, 1749.7096, 4759.3640, 1718.4517, 3566.2025, 1791.6594, 6594.8903, 1806.1175, 2984.1620, 1609.8123, 1649.4649, 1607.2504, 1654.5787
528.3840, 1749.6958, 4769.2252, 1717.8155, 3569.8088, 1791.4327, 6593.5197, 1805.7515, 2992.5907, 1607.8903, 1650.7065, 1608.0487, 1653.9940
529.3840, 1750.6241, 4775.3162, 1716.8594, 3571.1692, 1791.7474, 6598.4348, 1805.8496, 2998.1224, 1608.2578, 1649.6104, 1607.4303, 1652.2849
530.3840, 1749.5616, 4779.5147, 1718.8055, 3576.4617, 1791.6460, 6592.0062, 1805.3983, 2998.9671, 1608.2299, 1650.7279, 1607.7039, 1655.1334
531.3840, 1749.9136, 4776.6085, 1718.0819, 3583.0493, 1792.5290, 6592.0528, 1807.1529, 3004.3295, 1608.2487, 1651.8877, 1607.1199, 1653.0435
532.3840, 1748.9632, 4787.0230, 1716.6716, 3588.4357, 1792.1511, 6586.3520, 1805.9866, 3007.9872, 1607.7838, 1650.0961, 1607.3133, 1653.4475
533.3840, 1750.6342, 4792.4513, 1717.6969, 3594.6682, 1791.7598, 6586.8737, 1804.7996, 3012.9750, 1607.1675, 1649.8994, 1608.0187, 1652.6957
534.3840, 1751.0938, 4791.8097, 1718.4384, 3601.6209, 1790.0921, 6584.6263, 1805.4306, 3016.9750, 1608.3630, 1649.7630, 1608.2939, 1654.8171
535.3840, 1750.1618, 4791.9825, 1717.6282, 3616.4644, 1791.6501, 6578.6739, 1804.3581, 3018.4598, 1607.9461, 1650.9338, 1607.3883, 1654.0945
536.3840, 1750.3539, 4795.7619, 1716.7515, 3614.8441, 1791.5228, 6580.8758, 1804.9166, 3023.4379, 1609.5662, 1650.1922, 1607.8696, 1654.0727
537.3840, 1750.5671, 4797.0358, 1717.6622, 3621.4530, 1792.5756, 6577.8033, 1805.7302, 3034.1468, 1609.4344, 1649.3812, 1607.3418, 1652.6649
538.3840, 1747.8364, 4806.9531, 1716.8015, 3622.1066, 1791.2526, 6579.4814, 1804.6918, 3036.7552, 1607.9487, 1649.7773, 1605.9940, 1652.8253
539.3840, 1751.1278, 4802.7868, 1717.7555, 3621.8947, 1791.5083, 6584.7205, 1805.7235, 3039.1577, 1609.2955, 1650.2896, 1608.3058, 1654.0052
540.3840, 1750.5781, 4814.7390, 1717.3551, 3624.9420, 1792.2692, 6584.1480, 1805.2497, 3048.8837, 1609.0890, 1650.6182, 1607.4903, 1653.4310
541.3840, 1749.2757, 4815.5919, 1717.9247, 3626.5470, 1795.0373, 6581.5673, 1806.5901, 3054.7698, 1607.7318, 1650.6201, 1607.3246, 1654.2069
542.3840, 1748.9017, 4823.7693, 1717.2878, 3631.1099, 1794.2557, 6581.6284, 1806.2107, 3060.1041, 1609.0539, 1651.4961, 1607.1589, 1654.4003
543.3840, 1750.3998, 4824.4219, 1717.7035, 3627.7801, 1794.0538, 6589.7526, 1806.6851, 3063.9781, 1608.1487, 1651.1065, 1607.0135, 1654.3561
544.3840, 1750.8300, 4830.0726, 1718.5316, 3631.7675, 1792.4182, 6587.8654, 1806.0268, 3065.9823, 1608.8890, 1649.9805, 1607.3516, 1653.8711
545.3840, 1751.0643, 4836.0331, 1717.3864, 3634.6416, 1794.3199, 6594.0518, 1806.4239, 3072.2674, 1609.6136, 1649.1078, 1606.9010, 1654.7969
546.3840, 1751.7335, 4838.2040, 1717.0899, 3641.6149, 1792.5683, 6593.9513, 1806.9799, 3075.6596, 1609.9708, 1650.8442, 1607.5420, 1654.3853
547.3840, 1751.1112, 4835.2564, 1719.7735, 3639.1452, 1792.5393, 6599.5207, 1806.9665, 3079.4622, 1609.9799, 1650.8136, 1609.3358, 1653.5412
548.3840, 1751.2518, 4832.2730, 1717.7795, 3646.2938, 1793.4420, 6605.2660, 1806.7284, 3081.0347, 1609.3961, 1650.6058, 1607.6522, 1653.2114
549.3840, 1769.5404, 3583.6434, 1714.7328, 3519.6402, 1803.9244, 5634.7567, 1805.8892, 3009.0615, 1608.8422, 1650.1617, 1608.0442, 1651.9243
550.3840, 1785.9007, 2734.6811, 1717.6789, 3168.2831, 1839.9534, 3681.1553, 1809.7704, 2868.4549, 1608.5942, 1650.9519, 1606.9078, 1651.9415
551.3840, 1786.9449, 2637.2969, 1720.9274, 2930.8741, 1844.4482, 3360.7277, 1811.6303, 2814.8697, 1609.5688, 1650.2227, 1607.8898, 1650.3231
552.3840, 1788.3263, 2585.4568, 1721.8401, 2696.3444, 1847.0259, 3278.1356, 1812.8179, 2779.6583, 1608.4143, 1649.9052, 1606.9430, 1650.9288
553.3840, 1789.1912, 2583.0993, 1725.2412, 2579.8121, 1846.7785, 3266.9627, 1811.5323, 2765.5658, 1609.5260, 1650.5188, 1609.8883, 1652.4258
554.3840, 1790.5432, 2596.2105, 1722.5596, 2531.4537, 1845.5776, 3277.6356, 1812.0572, 2756.8648, 1607.0870, 1649.7747, 1607.2211, 1650.4355
555.3840, 1789.2647, 2612.2178, 1723.9061, 2513.0813, 1845.0921, 3282.4679, 1813.3867, 2753.7808, 1609.3929, 1649.7305, 1608.7556, 1651.7631
556.3840, 1790.6360, 2628.5119, 1723.1219, 2507.0173, 1845.7743, 3289.1957, 1814.2911, 2751.8380, 1609.4325, 1649.0500, 1607.2286, 1651.5930
557.3840, 1789.2665, 2702.2739, 1725.9207, 2555.6149, 1847.1760, 3417.1222, 1811.8002, 2765.6687, 1609.3922, 1649.6955, 1607.6859, 1651.1634
558.3840, 1786.1526, 2834.9494, 1724.7395, 2691.2945, 1849.7660, 3609.6822, 1812.6133, 2800.8910, 1609.7461, 1650.9766, 1608.4018, 1651.6064
559.3840, 1786.3401, 2904.3520, 1724.6496, 2793.4464, 1849.1812, 3670.4327, 1813.0524, 2811.1236, 1608.1455, 1650.4753, 1607.0240, 1651.1724
560.3840, 1784.3640, 2946.3474, 1725.7921, 2879.0360, 1850.6232, 3693.8033, 1811.9787, 2815.9001, 1607.6935, 1649.1649, 1607.5900, 1651.6312
561.3840, 1784.2757, 2975.0487, 1725.3491, 2938.1752, 1850.1749, 3702.4203, 1812.4434, 2823.1072, 1608.5506, 1649.1805, 1608.2796, 1650.8576
562.3840, 1783.3465, 2992.1176, 1722.2212, 2990.7122, 1850.1315, 3712.6625, 1810.6401, 2828.1790, 1609.4708, 1649.2721, 1606.8921, 1652.1724
563.3840, 1783.1599, 3002.8051, 1722.6576, 3028.3238, 1849.0466, 3717.9182, 1812.9458, 2832.6821, 1609.4448, 1650.7364, 1608.8186, 1651.1687
564.3840, 1782.8631, 3011.7040, 1723.2592, 3065.2758, 1850.1056, 3725.6004, 1811.7369, 2837.6553, 1609.7714, 1650.3058, 1607.7466, 1649.7226
565.3840, 1783.3741, 3015.9559, 1722.8794, 3099.4410, 1847.0114, 3726.3002, 1812.8033, 2837.8624, 1608.6032, 1649.2805, 1606.8658, 1651.0607
566.3840, 1783.3824, 3021.0956, 1723.0819, 3121.3298, 1848.2122, 3732.0280, 1811.2875, 2843.0183, 1607.2091, 1650.5474, 1607.6087, 1652.0142
567.3840, 1783.7923, 3016.3640, 1720.8235, 3141.4783, 1848.3820, 3743.7246, 1812.2948, 2850.7326, 1608.9260, 1650.0357, 1607.3403, 1652.6904
568.3840, 1782.4752, 3019.8392, 1722.5596, 3162.2165, 1846.4286, 3748.4648, 1811.6675, 2852.5554, 1609.0253, 1649.4351, 1607.7706, 1650.5172
569.3840, 1781.3134, 3017.9182, 1721.2332, 3177.7408, 1845.5176, 3748.5921, 1811.2929, 2859.0743, 1609.2617, 1649.1955, 1607.9708, 1651.5187
570.3840, 1782.7813, 3020.4577, 1720.9893, 3190.6882, 1846.3395, 3762.8427, 1811.4361, 2859.6845, 1609.5162, 1649.6935, 1606.7061, 1651.9340
571.3840, 1781.8989, 3025.8612, 1721.5410, 3201.6562, 1846.0580, 3770.1915, 1811.0152, 2866.0639, 1608.1662, 1650.0688, 1607.0615, 1651.9115
572.3840, 1782.2270, 3028.4963, 1722.0779, 3210.1805, 1845.6988, 3779.8986, 1810.3374, 2871.6413, 1608.6195, 1650.3877, 1607.9213, 1650.8118
573.3840, 1782.7757, 3029.4504, 1721.5863, 3218.8454, 1843.9120, 3783.0663, 1809.6328, 2879.4647, 1609.6851, 1650.9740, 1607.7129, 1651.2391
574.3840, 1783.5846, 3030.8980, 1721.6736, 3227.7861, 1842.9327, 3795.4130, 1810.2582, 2884.3971, 1609.1000, 1649.4364, 1607.9093, 1651.5135
575.3840, 1780.7472, 3034.6259, 1722.8994, 3228.7242, 1843.7857, 3800.7319, 1809.5049, 2889.3027, 1609.2455, 1650.2662, 1607.4888, 1650.8778
576.3840, 1780.9862, 3033.0570, 1719.4510, 3229.8901, 1844.3209, 3810.5414, 1809.5043, 2894.6151, 1610.0513, 1649.6169, 1605.9265, 1650.1627
577.3840, 1781.3327, 3035.3778, 1722.2692, 3233.4697, 1843.8085, 3816.0787, 1810.3417, 2900.3386, 1608.8416, 1649.1760, 1608.2009, 1650.6567
578.3840, 1779.3548, 3038.5790, 1721.9667, 3241.9554, 1842.1149, 3815.6739, 1808.9214, 2905.0329, 1608.5429, 1650.7721, 1606.7594, 1651.1859
579.3840, 1781.7914, 3043.7950, 1719.9847, 3251.4284, 1843.7050, 3823.3147, 1810.3350, 2908.5335, 1609.2344, 1649.5948, 1607.6312, 1651.7159
580.3840, 1781.0882, 3042.8750, 1720.5516, 3257.5416, 1842.9731, 3832.6004, 1808.4190, 2913.2692, 1608.0104, 1649.4929, 1607.3816, 1650.3366
581.3840, 1781.3290, 3043.9338, 1720.5603, 3260.4690, 1842.7992, 3841.0373, 1810.6291, 2916.0384, 1609.3110, 1650.6675, 1606.7669, 1652.3148
582.3840, 1782.3869, 3046.3943, 1720.3031, 3269.9953, 1843.2671, 3844.3416, 1808.9519, 2921.5359, 1609.3987, 1649.2688, 1606.6642, 1651.8426
583.3840, 1780.5662, 3051.1048, 1721.1286, 3278.5969, 1840.7971, 3856.7205, 1808.7686, 2927.1401, 1608.5195, 1650.5234, 1605.9303, 1650.4055
584.3840, 1781.6360, 3049.0257, 1719.4370, 3287.4117, 1842.5714, 3867.1398, 1806.8819, 2927.1510, 1608.5935, 1650.7377, 1606.1589, 1650.8171
585.3840, 1781.4301, 3052.6535, 1722.3784, 3294.1879, 1843.3799, 3874.4928, 1809.1973, 2931.5024, 1609.9630, 1649.2344, 1608.7556, 1650.6582
586.3840, 1781.3961, 3051.4090, 1721.8694, 3292.4650, 1843.9534, 3878.6801, 1810.7521, 2930.7527, 1608.1474, 1648.9805, 1605.1769, 1649.3831
587.3840, 1779.3401, 3051.7950, 1722.9374, 3299.2751, 1841.4824, 3884.4524, 1809.7101, 2929.8611, 1609.6916, 1650.0760, 1607.6484, 1651.9423
588.3840, 1779.0671, 3059.9347, 1721.0626, 3305.8901, 1841.8427, 3896.3634, 1809.8691, 2930.8660, 1608.0305, 1649.9052, 1606.6582, 1650.9010
589.3840, 1781.8676, 3054.4706, 1720.5403, 3303.9194, 1840.1035, 3903.6625, 1808.5956, 2936.6352, 1608.2571, 1649.3247, 1606.3418, 1651.4348
590.3840, 1781.2408, 3059.7895, 1720.3378, 3315.0520, 1840.1222, 3911.6553, 1808.7844, 2938.0700, 1609.9357, 1650.9513, 1607.0555, 1652.0675
591.3840, 1780.1039, 3060.3814, 1721.0466, 3325.0320, 1840.1832, 3922.4907, 1806.8618, 2939.5030, 1608.8753, 1650.0110, 1608.4483, 1651.4790
592.3840, 1780.5717, 3062.3392, 1720.1706, 3332.5476, 1838.8333, 3931.6894, 1809.0122, 2944.1778, 1608.2636, 1649.8182, 1607.1957, 1650.6859
593.3840, 1780.9770, 3065.2408, 1719.5083, 3338.5090, 1838.3251, 3936.0010, 1809.5737, 2944.8685, 1608.7383, 1650.5325, 1605.9205, 1650.5532
594.3840, 1780.6011, 3064.5147, 1721.5989, 3343.7568, 1838.5228, 3946.2371, 1808.9866, 2946.1991, 1609.6636, 1649.9591, 1607.5187, 1651.0855
595.3840, 1781.4568, 3065.1673, 1718.9747, 3351.2405, 1839.2578, 3961.6491, 1808.1194, 2951.0664, 1608.8961, 1650.0812, 1606.4468, 1651.2699
596.3840, 1779.4256, 3065.7702, 1719.2099, 3358.3358, 1837.6708, 3968.9814, 1808.0493, 2955.2473, 1608.4792, 1649.5610, 1607.1844, 1650.4483
597.3840, 1781.3741, 3070.0009, 1719.5543, 3365.0326, 1837.4524, 3973.7236, 1809.4970, 2956.0932, 1608.2208, 1649.9435, 1608.1829, 1652.6567
598.3840, 1779.9063, 3069.7344, 1719.3784, 3372.4171, 1838.6594, 3986.2391, 1809.6979, 2966.2125, 1609.5649, 1648.3448, 1607.3606, 1652.6132
599.3840, 1780.5772, 3076.2748, 1719.8235, 3372.6862, 1836.1346, 3990.5839, 1808.2661, 2968.6322, 1608.6175, 1649.7253, 1605.8163, 1652.7849
600.3840, 1780.3382, 3075.1057, 1719.8155, 3379.2492, 1838.4058, 4001.3489, 1809.2040, 2969.9421, 1609.9455, 1650.4442, 1607.4055, 1650.1042
601.3840, 1780.6820, 3079.5607, 1719.1059, 3384.4963, 1836.6460, 4017.2205, 1806.3691, 2969.1462, 1608.7351, 1649.5597, 1607.2894, 1650.9003
602.3840, 1781.5248, 3076.6204, 1719.5743, 3395.7908, 1837.8313, 4024.2930, 1809.0469, 2968.5305, 1609.0312, 1649.9429, 1607.2249, 1651.8223
603.3840, 1780.6792, 3073.6241, 1720.4330, 3400.7895, 1835.1118, 4036.3789, 1807.8739, 2969.8173, 1609.5026, 1651.2812, 1607.0577, 1651.5427
604.3840, 1780.3336, 3083.3511, 1720.5250, 3408.7961, 1835.2267, 4053.0921, 1807.0670, 2971.6784, 1608.5162, 1648.5636, 1607.2826, 1652.9355