"File: DDELog(Excel:M6_DRG	1	1)::C:\Users\user\Desktop\clemens\19_07_22_ DRG_AOP\M6_DRG_19_7\M6.LOG"
"Date: Tue Jul 19 2022 14:28:39.328"
0.0000, "Wavelength Names:	340	385	GFP	Wavelength 4	555"
"Time (sec)"
57.3710
96.5950
0.0000, "Clock reset to 0.0"
"Region 1: [Location: (288, 70), Size: (33, 40), Area: 1022]"
"Region 2: [Location: (279, 242), Size: (27, 37), Area: 763]"
"Region 3: [Location: (288, 392), Size: (35, 38), Area: 1026]"
"Region 4: [Location: (448, 472), Size: (21, 21), Area: 305]"
"Region 5: [Location: (151, 104), Size: (42, 31), Area: 1002]"
"Region 6: [Location: (95, 183), Size: (52, 45), Area: 1816]"
"Region 7: [Location: (104, 286), Size: (69, 59), Area: 3137]"
"Time (sec)", "R1 W1 Avg", "R1 W2 Avg", "R2 W1 Avg", "R2 W2 Avg", "R3 W1 Avg", "R3 W2 Avg", "R4 W1 Avg", "R4 W2 Avg", "R5 W1 Avg", "R5 W2 Avg", "R6 W1 Avg", "R6 W2 Avg", "R7 W1 Avg", "R7 W2 Avg"
6.0560, 1734.2476, 3990.2485, 1846.1206, 3816.6553, 1722.1930, 5218.9854, 1624.8328, 2358.6656, 1677.1297, 3400.1118, 1615.8541, 1629.0319, 1613.5116, 1626.5964
7.0560, 1714.0509, 3985.1125, 1832.5190, 3845.1953, 1706.8713, 5215.0312, 1612.7639, 2355.0295, 1656.8214, 3394.8663, 1595.4058, 1627.3166, 1593.8234, 1626.6095
8.0560, 1714.7857, 3993.8092, 1829.8729, 3833.8755, 1707.5663, 5206.7680, 1612.5115, 2358.4295, 1656.5649, 3396.6517, 1596.0743, 1627.6575, 1594.8237, 1625.8326
9.0560, 1713.0656, 3999.6272, 1831.8519, 3857.7851, 1706.7554, 5208.5663, 1611.1902, 2356.3148, 1655.8084, 3400.7814, 1596.1916, 1627.7109, 1592.5620, 1625.7498
10.0560, 1712.6145, 3997.5881, 1831.3630, 3884.2503, 1707.8450, 5204.4912, 1609.9836, 2354.9148, 1656.5000, 3400.0749, 1595.3976, 1628.7280, 1594.4715, 1625.6825
11.0560, 1713.3023, 4006.1947, 1829.1586, 3907.4246, 1707.6384, 5203.7339, 1610.4098, 2353.0754, 1656.7894, 3398.6437, 1595.2880, 1627.1344, 1593.9232, 1624.6414
12.0560, 1713.5499, 4005.1282, 1830.0577, 3927.1704, 1705.3333, 5201.7183, 1611.1803, 2356.0328, 1657.3643, 3404.1467, 1596.1878, 1629.3260, 1593.8891, 1626.2002
13.0560, 1714.1272, 4009.4472, 1828.0105, 3958.8834, 1705.4259, 5202.9133, 1608.8230, 2353.4295, 1655.2735, 3396.7415, 1595.0622, 1628.4884, 1593.6873, 1625.5668
14.0560, 1715.0215, 4012.5372, 1827.4744, 3978.5452, 1704.7661, 5202.6598, 1610.4066, 2354.1508, 1657.7615, 3397.4122, 1597.0964, 1628.6399, 1593.4415, 1626.1578
15.0560, 1712.5294, 4015.4051, 1828.5845, 3917.7720, 1706.1218, 5205.9581, 1610.0328, 2359.0066, 1656.6208, 3400.4940, 1596.8365, 1628.0776, 1593.9949, 1625.5336
16.0560, 1713.2632, 4016.6487, 1829.9987, 3860.2477, 1707.7222, 5203.7788, 1610.5475, 2354.2885, 1657.1916, 3402.3333, 1596.3265, 1628.8282, 1593.8342, 1625.9598
17.0560, 1712.8327, 4023.2153, 1828.6566, 3899.8493, 1705.6462, 5201.2086, 1610.7115, 2350.8951, 1656.4830, 3403.4341, 1595.4670, 1627.6999, 1594.2353, 1627.1639
18.0560, 1713.0029, 4019.5930, 1827.8571, 3929.0839, 1706.6326, 5202.4883, 1612.4459, 2354.3639, 1659.4960, 3405.5609, 1596.2803, 1629.0187, 1594.2907, 1625.9193
19.0560, 1716.2397, 3966.5401, 1827.3211, 3956.8152, 1706.5127, 5194.0429, 1612.0328, 2357.9016, 1657.7824, 3401.3802, 1595.4334, 1629.1608, 1594.9981, 1626.9107
20.0560, 1713.5528, 3973.5646, 1826.0603, 3943.2267, 1706.0019, 5199.9630, 1612.0623, 2354.3246, 1657.1756, 3404.2495, 1597.4113, 1628.7059, 1593.9270, 1626.9343
21.0560, 1714.4080, 3985.1341, 1827.8427, 3932.9882, 1706.9708, 5193.0634, 1610.9770, 2358.0721, 1656.6507, 3399.1128, 1597.1911, 1628.5176, 1593.8148, 1626.3146
22.0560, 1712.5303, 3983.4051, 1826.6841, 3959.8480, 1705.1306, 5197.6540, 1610.8623, 2349.8721, 1656.6487, 3399.1347, 1595.5066, 1627.5562, 1593.7708, 1626.0481
23.0560, 1712.7505, 3989.0078, 1825.2647, 3987.9659, 1706.1520, 5191.7183, 1611.1541, 2348.9836, 1657.8174, 3399.0050, 1596.1019, 1628.1823, 1594.2843, 1625.8801
24.0560, 1713.3268, 3992.6086, 1824.6514, 3965.6999, 1705.8402, 5188.8177, 1608.1475, 2352.4131, 1656.2475, 3401.4910, 1596.2643, 1628.5661, 1592.7329, 1625.6653
25.0560, 1712.1184, 4002.4804, 1825.6435, 3996.0931, 1705.4786, 5188.1404, 1611.6492, 2353.3475, 1656.8034, 3401.5898, 1596.0204, 1627.0143, 1593.9353, 1625.8183
26.0560, 1713.8425, 4010.3738, 1822.8047, 4018.2425, 1705.3782, 5191.4922, 1609.6918, 2350.0984, 1655.4591, 3403.1188, 1594.8662, 1627.9692, 1594.1071, 1625.9378
27.0560, 1712.6996, 4012.0656, 1822.3853, 4038.2398, 1706.8314, 5186.9552, 1609.5967, 2355.4295, 1656.9431, 3407.6437, 1594.3678, 1628.0325, 1594.3226, 1625.3959
28.0560, 1711.0558, 4020.7466, 1821.4037, 4048.8440, 1706.6267, 5178.2632, 1610.8984, 2347.2984, 1655.3014, 3405.0669, 1594.3442, 1628.1261, 1593.9863, 1625.4523
29.0560, 1713.0000, 4024.5401, 1820.1756, 4068.9908, 1704.8177, 5181.0487, 1611.9410, 2352.4721, 1657.1088, 3403.5589, 1595.8552, 1628.4411, 1595.2920, 1626.0851
30.0560, 1712.6409, 4026.5440, 1821.6920, 4082.6566, 1705.9386, 5181.0585, 1609.3967, 2349.8393, 1656.6487, 3406.2834, 1596.4328, 1627.4983, 1592.7890, 1626.1693
31.0560, 1710.0137, 4034.0215, 1820.6933, 4057.2202, 1704.5526, 5187.0331, 1609.5377, 2349.6131, 1655.8812, 3405.9621, 1595.2247, 1627.6211, 1593.4689, 1626.8722
32.0560, 1711.5558, 4033.0431, 1820.0904, 4081.0419, 1703.2164, 5189.0673, 1610.2230, 2349.9377, 1656.6966, 3409.0299, 1596.4317, 1628.9141, 1593.6940, 1625.0453
33.0560, 1712.0157, 4037.7554, 1818.9633, 4104.9685, 1706.1579, 5188.0331, 1610.8885, 2349.7443, 1655.9960, 3408.2216, 1596.2192, 1628.0374, 1594.6943, 1626.4798
34.0560, 1711.6712, 4040.0519, 1818.9738, 4124.8021, 1704.8304, 5184.2710, 1612.2820, 2348.6000, 1657.2395, 3406.8084, 1597.5452, 1628.9526, 1594.8017, 1626.1980
35.0560, 1712.2495, 4049.0225, 1821.8663, 4125.0026, 1706.1248, 5189.1452, 1610.0525, 2353.2197, 1656.3653, 3409.1108, 1597.5831, 1628.5518, 1594.5113, 1625.7211
36.0560, 1710.5489, 4050.9070, 1820.2792, 4141.0459, 1705.8070, 5187.1365, 1611.5344, 2348.8984, 1655.7305, 3408.1467, 1595.1151, 1627.6646, 1594.7157, 1626.4093
37.0560, 1711.6057, 4058.6771, 1819.0760, 4165.9882, 1704.7671, 5188.6696, 1610.4623, 2353.1967, 1655.8663, 3408.2784, 1597.0446, 1627.8651, 1595.2630, 1626.3593
38.0560, 1712.2564, 4060.8356, 1820.1022, 4184.7667, 1704.6277, 5189.9435, 1610.5967, 2349.8918, 1657.3892, 3416.0080, 1597.0496, 1629.2731, 1594.0765, 1625.5027
39.0560, 1711.9452, 4068.6125, 1821.0799, 4168.8912, 1704.3899, 5187.1949, 1610.9639, 2348.5738, 1654.7315, 3417.0928, 1597.3750, 1628.7406, 1594.3105, 1626.1014
40.0560, 1710.5460, 4075.5851, 1820.5098, 4188.3512, 1704.9903, 5186.5400, 1612.4197, 2350.3410, 1656.1068, 3412.0639, 1595.7874, 1627.0848, 1594.5371, 1625.7453
41.0560, 1710.5724, 4081.3249, 1817.8598, 4208.9410, 1703.2290, 5189.3431, 1610.2033, 2352.5279, 1655.0070, 3415.1088, 1595.8287, 1629.0198, 1593.7520, 1623.8929
42.0560, 1711.1791, 4081.9432, 1820.0328, 4231.9541, 1706.5146, 5184.4288, 1610.8590, 2348.1934, 1655.7355, 3417.2834, 1597.3122, 1629.0644, 1593.6615, 1625.2678
43.0560, 1710.7084, 4080.9980, 1820.5125, 4192.7772, 1705.8148, 5189.1101, 1614.1148, 2347.5377, 1656.2874, 3414.7345, 1595.0914, 1628.3464, 1593.9439, 1625.9251
44.0560, 1711.6213, 4080.1654, 1818.7287, 4171.2634, 1705.8002, 5187.6589, 1609.7115, 2351.2721, 1656.0100, 3415.0539, 1596.3546, 1628.4879, 1595.5005, 1625.6066
45.0560, 1711.2456, 4082.3933, 1820.1560, 4093.8952, 1704.3509, 5184.8246, 1610.1836, 2346.1639, 1655.5120, 3418.8134, 1595.8965, 1627.7395, 1593.9401, 1625.9407
46.0560, 1711.1125, 4077.6213, 1820.2267, 4044.0472, 1704.2963, 5179.8382, 1610.5311, 2346.2197, 1655.1188, 3414.1218, 1597.4356, 1628.0677, 1593.6305, 1626.0143
47.0560, 1709.5519, 4082.0029, 1817.6448, 4069.6147, 1703.8363, 5183.5302, 1611.8525, 2346.0918, 1656.7116, 3414.1018, 1596.9218, 1627.6465, 1593.4938, 1624.7867
48.0560, 1711.1644, 4083.1301, 1822.2975, 4067.5256, 1703.5877, 5181.1287, 1610.2820, 2346.5508, 1655.3992, 3417.5309, 1595.6966, 1627.9185, 1593.5929, 1625.9366
49.0560, 1710.5900, 4079.0528, 1818.5596, 4099.9109, 1705.1442, 5171.4074, 1610.5607, 2346.0787, 1657.8114, 3418.6876, 1594.8789, 1628.1189, 1593.4931, 1625.5913
50.0560, 1712.1057, 4083.7965, 1821.3735, 4116.4246, 1702.8304, 5175.4376, 1610.1705, 2346.1410, 1655.9641, 3419.8014, 1595.6426, 1629.1773, 1592.9952, 1625.7625
51.0560, 1709.5460, 4086.8366, 1817.9148, 4150.3945, 1704.4532, 5180.2310, 1610.4623, 2344.5148, 1657.4531, 3423.6507, 1595.9659, 1628.0776, 1593.8473, 1625.4890
52.0560, 1710.0783, 4091.4305, 1819.0616, 4132.2608, 1703.8304, 5178.0663, 1612.0852, 2346.4852, 1656.5749, 3422.9840, 1595.1856, 1628.2792, 1593.5553, 1626.0711
53.0560, 1710.0685, 4097.3033, 1820.7759, 4062.6016, 1703.5497, 5169.6267, 1609.7705, 2350.8656, 1655.6078, 3418.2365, 1596.2137, 1627.8899, 1594.0995, 1624.9155
54.0560, 1710.3767, 4100.1184, 1819.0931, 4097.7051, 1703.6920, 5175.0546, 1611.5869, 2345.4295, 1656.0419, 3424.5100, 1595.5308, 1627.4235, 1593.6219, 1626.4517
55.0560, 1709.2329, 4113.1213, 1818.5609, 4129.5885, 1702.9376, 5168.3051, 1609.2164, 2343.1934, 1655.4571, 3422.9202, 1595.9086, 1627.6938, 1593.3564, 1625.7781
56.0560, 1709.9276, 4114.3708, 1819.6304, 4073.8126, 1704.4844, 5162.0867, 1611.3475, 2348.5738, 1656.5758, 3427.0060, 1597.0341, 1628.0732, 1593.5174, 1624.9139
57.0560, 1709.5861, 4121.7045, 1818.2739, 4066.8938, 1704.5458, 5160.2290, 1612.7902, 2342.6754, 1657.5958, 3423.4721, 1596.1894, 1627.4449, 1594.3602, 1625.6433
58.0560, 1709.1742, 4121.6556, 1818.5583, 4097.4456, 1704.3187, 5158.6852, 1609.8361, 2347.1246, 1656.2934, 3428.7086, 1597.0501, 1628.3844, 1593.4931, 1625.2404
59.0560, 1708.9403, 4128.9853, 1817.7090, 4073.9371, 1703.0828, 5163.0614, 1611.3016, 2347.4295, 1656.9611, 3425.4471, 1596.1261, 1627.5248, 1593.5139, 1625.0485
60.0560, 1708.8297, 4127.8307, 1821.7667, 4067.2294, 1704.2271, 5159.9474, 1610.2230, 2345.5705, 1655.9591, 3426.3772, 1595.4818, 1627.4989, 1593.6226, 1625.5308
61.0560, 1708.3376, 4139.6722, 1821.1743, 4067.4810, 1703.2086, 5155.1949, 1610.7148, 2348.0852, 1656.5918, 3423.6657, 1595.6344, 1627.8607, 1593.3825, 1625.2184
62.0560, 1709.2691, 4141.4530, 1820.1180, 4054.1796, 1702.7632, 5152.8255, 1611.3082, 2348.1082, 1655.4551, 3430.1188, 1595.3095, 1627.8221, 1594.1938, 1624.0832
63.0560, 1709.5460, 4132.8190, 1819.7837, 4052.6055, 1702.7446, 5151.6267, 1610.8525, 2351.0525, 1653.5788, 3427.0379, 1595.3601, 1627.5402, 1593.0615, 1625.1715
64.0560, 1710.1018, 4089.2153, 1821.6841, 4045.2163, 1703.6501, 5142.6852, 1609.2393, 2344.2852, 1656.4970, 3426.3623, 1596.5171, 1627.6476, 1593.5891, 1625.3519
65.0560, 1710.7789, 4076.0205, 1818.5623, 4085.7602, 1703.5244, 5143.3762, 1607.9639, 2344.6459, 1656.5968, 3430.3882, 1595.2109, 1628.2952, 1592.8852, 1624.6758
66.0560, 1709.0528, 4061.1076, 1812.7313, 4074.7536, 1701.6238, 5043.8470, 1608.9377, 2347.5541, 1657.2725, 3420.0778, 1597.6101, 1627.4747, 1593.4214, 1626.2563
67.0560, 1705.8434, 4056.7065, 1813.4456, 4088.2084, 1700.2368, 5012.5039, 1609.4623, 2343.4098, 1654.5030, 3420.4251, 1596.3453, 1628.4780, 1594.0494, 1625.5234
68.0560, 1709.7299, 4004.7319, 1811.1298, 4108.1193, 1699.9844, 4994.6267, 1612.5934, 2340.1541, 1655.7605, 3421.5469, 1596.3111, 1629.3040, 1594.0217, 1625.9334
69.0560, 1710.3082, 3947.9609, 1810.7012, 4128.6409, 1698.9220, 4969.1579, 1608.6262, 2336.6164, 1655.6387, 3420.7126, 1595.9774, 1629.3051, 1594.4546, 1626.0147
70.0560, 1713.1135, 3860.2661, 1809.7038, 4155.6474, 1699.4708, 4972.5750, 1611.1213, 2337.4492, 1656.3184, 3418.0749, 1596.7649, 1628.1652, 1594.5333, 1625.7297
71.0560, 1712.9755, 3777.8063, 1809.9843, 4175.7235, 1699.1949, 4967.7368, 1611.7443, 2341.2459, 1656.2615, 3419.7405, 1596.2384, 1627.8486, 1594.3876, 1625.9751
72.0560, 1714.6683, 3695.7407, 1805.5950, 4194.5216, 1697.5926, 4954.0000, 1609.7672, 2337.0328, 1654.9142, 3416.1397, 1596.5468, 1628.5022, 1592.6968, 1625.6379
73.0560, 1716.0294, 3666.7965, 1808.8781, 4213.5570, 1697.9747, 4948.4327, 1610.2525, 2339.7574, 1655.2934, 3420.1327, 1595.9570, 1628.5017, 1594.7902, 1624.9547
74.0560, 1715.6986, 3641.1683, 1807.0773, 4234.0695, 1699.1598, 4945.5634, 1610.0361, 2333.0787, 1655.6028, 3414.6527, 1595.7627, 1628.5859, 1593.6235, 1625.9047
75.0560, 1715.6458, 3620.0245, 1804.9266, 4255.2123, 1697.3811, 4936.5185, 1609.4721, 2335.0262, 1653.6277, 3420.0868, 1596.4257, 1627.3794, 1594.1776, 1625.3701
76.0560, 1715.7769, 3591.0372, 1805.7654, 4267.1547, 1697.1852, 4925.1014, 1610.2426, 2340.2230, 1656.2265, 3418.7954, 1596.5407, 1627.3959, 1593.5712, 1625.3529
77.0560, 1717.2838, 3525.8004, 1804.5072, 4234.7811, 1696.9269, 4921.1306, 1610.8787, 2332.3443, 1655.9341, 3417.8852, 1596.0281, 1628.2599, 1593.0469, 1626.4731
78.0560, 1718.2955, 3510.4256, 1802.7654, 4250.5623, 1696.8977, 4911.0595, 1612.7213, 2331.8426, 1654.3353, 3418.0220, 1596.2043, 1629.4097, 1594.1272, 1624.5617
79.0560, 1718.7789, 3455.2231, 1803.2503, 4267.9882, 1696.3090, 4910.1715, 1608.9705, 2331.6951, 1655.2186, 3422.0818, 1596.0391, 1627.5149, 1593.5120, 1625.5049
80.0560, 1718.7740, 3402.1928, 1802.6763, 4287.5282, 1695.6764, 4899.3889, 1609.4787, 2333.3311, 1653.6347, 3417.9072, 1595.7445, 1628.3733, 1593.1358, 1625.0070
81.0560, 1720.2368, 3396.5881, 1803.5059, 4296.6671, 1696.1628, 4899.1131, 1610.1607, 2329.6656, 1655.1387, 3417.7066, 1596.1046, 1628.5771, 1593.6057, 1625.9965
82.0560, 1721.0900, 3391.0646, 1802.2726, 4318.6016, 1695.5010, 4889.6520, 1611.2230, 2333.7180, 1654.2076, 3416.5240, 1595.1845, 1627.4686, 1593.7434, 1625.2904
83.0560, 1721.4755, 3302.8014, 1800.7366, 4326.7588, 1695.8372, 4882.8791, 1610.9934, 2338.1475, 1655.2685, 3414.2465, 1597.0121, 1627.3662, 1592.9806, 1625.3124
84.0560, 1720.8806, 3298.5538, 1798.7759, 4348.3041, 1694.9405, 4875.8353, 1606.8689, 2332.6164, 1654.5729, 3416.6647, 1595.9939, 1627.5666, 1593.7459, 1625.6382
85.0560, 1721.8190, 3295.1644, 1799.1664, 4359.8820, 1695.3694, 4870.1433, 1609.6164, 2331.0885, 1654.4591, 3420.1956, 1596.4989, 1627.4400, 1593.9716, 1626.0478
86.0560, 1720.3904, 3328.7691, 1798.7418, 4369.6763, 1694.2310, 4866.5458, 1610.2885, 2333.4098, 1655.2914, 3417.0649, 1597.5171, 1628.8243, 1593.3360, 1625.7182
87.0560, 1719.9667, 3264.4697, 1798.9528, 4376.1507, 1695.5487, 4859.6209, 1609.4295, 2331.7902, 1654.2315, 3416.8393, 1595.5887, 1627.4857, 1594.8505, 1625.9107
88.0560, 1723.3239, 3256.6272, 1799.5675, 4400.3670, 1693.6491, 4859.6637, 1609.9967, 2329.7410, 1655.3313, 3419.6667, 1596.4466, 1627.4493, 1594.1964, 1625.9082
89.0560, 1719.9618, 3299.9452, 1797.9017, 4412.9463, 1695.1774, 4854.3129, 1607.5377, 2331.0557, 1655.0130, 3416.2814, 1595.9835, 1627.6509, 1593.3462, 1625.9477
90.0560, 1720.2358, 3333.6497, 1799.5649, 4425.1245, 1693.3343, 4844.5097, 1609.6393, 2331.3475, 1654.4671, 3416.8303, 1595.4570, 1628.9664, 1593.8135, 1626.6197
91.0560, 1719.7025, 3371.0479, 1797.8991, 4440.2215, 1693.7339, 4836.4610, 1609.2426, 2328.4262, 1654.5519, 3417.2016, 1596.1211, 1628.5110, 1594.5330, 1626.2289
92.0560, 1720.4863, 3364.5352, 1797.5491, 4450.4718, 1693.3294, 4828.1949, 1609.1279, 2331.9934, 1655.7635, 3420.6277, 1596.9185, 1628.5953, 1593.6270, 1625.6165
93.0560, 1719.1448, 3396.7828, 1795.8100, 4456.5046, 1694.2632, 4826.5604, 1611.8492, 2333.6492, 1656.0768, 3416.7445, 1597.2665, 1629.0193, 1592.7144, 1625.7998
94.0560, 1718.2838, 3432.3229, 1796.8938, 4464.6697, 1693.0828, 4820.3080, 1609.7475, 2334.1311, 1653.5030, 3417.8194, 1596.4361, 1629.3012, 1593.1766, 1626.6452
95.0560, 1716.9961, 3464.8532, 1795.9515, 4473.9161, 1691.9951, 4812.5487, 1610.3902, 2328.1279, 1653.2615, 3418.1248, 1596.1151, 1628.5809, 1593.2716, 1624.9659
96.0560, 1718.0822, 3492.0626, 1796.3460, 4485.3329, 1691.8821, 4801.0331, 1611.2852, 2326.6885, 1654.4002, 3419.1297, 1597.2720, 1628.6938, 1593.1967, 1625.4300
97.0560, 1716.2867, 3513.8454, 1793.6488, 4499.1612, 1692.7407, 4793.0595, 1610.4656, 2327.4754, 1655.3194, 3419.7974, 1596.5920, 1628.0677, 1593.0386, 1625.9056
98.0560, 1716.6663, 3546.7143, 1795.7877, 4514.8336, 1691.9094, 4781.4425, 1610.1049, 2329.4295, 1654.2076, 3414.0549, 1596.7737, 1627.1421, 1594.6586, 1625.8827
99.0560, 1715.8855, 3570.0108, 1796.0288, 4510.4718, 1692.4162, 4773.8275, 1610.3738, 2326.4459, 1654.4451, 3417.5000, 1594.8320, 1628.0165, 1593.5910, 1625.4520
100.0560, 1714.6487, 3592.6096, 1795.3290, 4526.0944, 1692.1053, 4766.0809, 1610.0361, 2327.8984, 1655.5908, 3419.9341, 1596.5518, 1628.5424, 1593.3255, 1625.5126
101.0560, 1714.7045, 3611.5274, 1792.7431, 4539.8716, 1691.8635, 4759.3869, 1609.6492, 2326.7311, 1654.1008, 3422.3842, 1596.0457, 1627.9152, 1593.5024, 1626.2675
102.0560, 1713.0029, 3637.1751, 1795.0944, 4550.9174, 1691.4990, 4757.5146, 1608.7082, 2322.4066, 1654.1088, 3417.3333, 1596.1145, 1629.1790, 1592.7702, 1625.7867
103.0560, 1712.6037, 3660.6106, 1793.6356, 4561.3735, 1690.6150, 4748.0390, 1609.5279, 2326.1607, 1653.5180, 3417.6218, 1596.5446, 1628.2830, 1593.1635, 1627.0118
104.0560, 1711.9129, 3681.1634, 1791.2464, 4570.9738, 1691.7310, 4735.8674, 1610.6984, 2325.0098, 1652.5619, 3418.0868, 1596.1079, 1627.5231, 1594.5320, 1626.1871
105.0560, 1711.4873, 3698.4295, 1793.9567, 4578.6173, 1690.0663, 4730.8733, 1609.6820, 2330.4000, 1653.0250, 3417.1168, 1594.5738, 1626.5975, 1594.1725, 1626.3956
106.0560, 1713.4922, 3715.8170, 1792.5111, 4581.4417, 1693.1072, 4725.1842, 1610.1967, 2327.8033, 1656.7126, 3421.1816, 1596.3309, 1627.6448, 1593.9225, 1625.7102
107.0560, 1711.8160, 3732.1585, 1790.5714, 4583.2582, 1691.0117, 4718.5673, 1609.8754, 2329.1770, 1654.6188, 3420.2705, 1595.8150, 1628.3282, 1593.5897, 1625.7813
108.0560, 1709.7798, 3752.7759, 1791.1284, 4592.4993, 1689.6287, 4705.6764, 1608.8426, 2324.9475, 1653.3663, 3417.8343, 1597.3888, 1627.4025, 1594.3459, 1626.4747
109.0560, 1711.0088, 3766.5920, 1791.5308, 4597.3906, 1689.0975, 4698.8470, 1611.3574, 2329.6295, 1653.9212, 3417.6228, 1595.3497, 1627.1988, 1594.2891, 1625.9213
110.0560, 1710.3836, 3784.6928, 1791.9201, 4607.7602, 1691.4454, 4688.6287, 1610.8295, 2325.3934, 1655.4232, 3417.3713, 1596.1459, 1628.3062, 1594.2394, 1625.3341
111.0560, 1710.4736, 3793.9511, 1789.8126, 4615.4771, 1690.3499, 4684.6667, 1608.3705, 2328.0787, 1655.5369, 3420.3912, 1596.4950, 1628.8987, 1594.6678, 1625.6784
112.0560, 1711.1575, 3821.0665, 1791.1009, 4631.8965, 1690.8441, 4683.4386, 1609.9836, 2333.3082, 1654.0399, 3423.2495, 1597.1889, 1628.4593, 1594.1623, 1626.3950
113.0560, 1710.0254, 3832.5372, 1790.9777, 4642.2490, 1688.3957, 4678.8392, 1608.4951, 2331.4787, 1654.5240, 3428.6457, 1596.1206, 1628.0887, 1593.4772, 1626.8699
114.0560, 1710.1918, 3842.4550, 1791.1206, 4639.7746, 1689.4084, 4672.0010, 1609.3639, 2333.8852, 1653.1018, 3430.0788, 1596.4301, 1627.6509, 1593.4549, 1625.3564
115.0560, 1709.8894, 3854.1781, 1791.9318, 4657.4443, 1688.1589, 4660.7602, 1611.5180, 2327.2426, 1653.2156, 3427.8772, 1594.5396, 1627.7660, 1593.1371, 1625.9455
116.0560, 1709.3249, 3862.2769, 1788.8965, 4659.5832, 1688.5702, 4658.8577, 1608.4590, 2330.4361, 1653.2345, 3428.7565, 1595.2406, 1627.6591, 1593.6242, 1625.5658
117.0560, 1709.5499, 3875.6634, 1789.3447, 4668.4600, 1689.3148, 4648.8265, 1609.6918, 2326.5180, 1655.0070, 3430.5090, 1595.2704, 1628.5765, 1593.7676, 1625.6819
118.0560, 1710.2348, 3890.4403, 1789.9227, 4659.7169, 1689.1940, 4648.6959, 1611.9803, 2333.2689, 1654.3024, 3430.8752, 1596.5633, 1627.8287, 1593.3433, 1626.1498
119.0560, 1709.1751, 3903.1477, 1788.8375, 4669.2385, 1689.6715, 4643.5906, 1609.7279, 2329.1541, 1655.6976, 3434.2026, 1595.4526, 1628.6239, 1593.0223, 1625.7804
120.0560, 1709.2867, 3911.9530, 1787.1284, 4672.3381, 1688.4805, 4630.5302, 1610.2885, 2327.1869, 1654.1537, 3432.3004, 1596.2638, 1627.8965, 1593.8938, 1625.8734
121.0560, 1709.7016, 3922.7162, 1789.3211, 4678.1756, 1688.1218, 4627.2710, 1609.0754, 2330.6098, 1654.9232, 3431.1347, 1597.0765, 1628.1889, 1593.1383, 1625.9531
122.0560, 1708.5841, 3930.5098, 1788.4495, 4680.4207, 1688.3470, 4638.3294, 1610.2885, 2331.6787, 1655.0749, 3432.9132, 1595.5661, 1628.3739, 1593.6047, 1626.7590
123.0560, 1709.2554, 3941.6262, 1787.0904, 4679.7484, 1688.0819, 4644.9727, 1610.1541, 2323.2885, 1653.8393, 3432.5679, 1596.5028, 1626.9890, 1593.9898, 1626.2770
124.0560, 1708.2671, 3951.9667, 1788.1887, 4694.7798, 1688.8372, 4643.1910, 1609.0721, 2325.1934, 1654.4681, 3431.1397, 1596.8172, 1627.9648, 1594.0363, 1624.8406
125.0560, 1708.1145, 3965.7789, 1785.2294, 4695.9790, 1687.9571, 4637.3304, 1609.2918, 2332.2328, 1653.2834, 3435.5509, 1595.9747, 1628.6861, 1593.3165, 1624.3360
126.0560, 1709.1996, 3981.7730, 1787.9056, 4736.1180, 1688.8480, 4676.6189, 1610.0754, 2328.7344, 1653.0180, 3442.5709, 1595.9130, 1628.9405, 1593.5760, 1625.4013
127.0560, 1707.0519, 3997.5029, 1791.0367, 4762.9371, 1691.4259, 4692.5331, 1611.9934, 2325.4656, 1654.3413, 3444.1407, 1596.3717, 1627.2494, 1594.5668, 1626.3959
128.0560, 1708.1321, 4002.4491, 1787.5845, 4779.1153, 1690.4990, 4709.1754, 1610.1639, 2328.5180, 1654.1577, 3444.9790, 1595.0363, 1627.8348, 1593.5126, 1626.1179
129.0560, 1709.2945, 4015.0147, 1787.9764, 4794.1324, 1690.6228, 4716.4639, 1610.7344, 2323.4590, 1655.2505, 3442.0110, 1596.6509, 1627.9135, 1593.4001, 1626.3819
130.0560, 1710.1879, 3948.9080, 1792.6029, 4813.2097, 1690.5936, 4723.2807, 1611.1574, 2332.3115, 1653.9760, 3447.9741, 1596.5661, 1627.9268, 1593.2101, 1625.5094
131.0560, 1711.9403, 3884.8356, 1788.9148, 4820.5190, 1691.5692, 4728.2973, 1611.3443, 2325.7607, 1654.1317, 3450.3892, 1595.0831, 1627.2043, 1593.6178, 1625.0765
132.0560, 1713.0342, 3841.9335, 1790.0459, 4819.9489, 1691.5936, 4725.6959, 1608.0033, 2324.6689, 1653.7126, 3450.1397, 1595.3772, 1627.3051, 1593.8546, 1625.9139
133.0560, 1712.4423, 3849.8023, 1790.7772, 4828.3106, 1691.1618, 4728.3275, 1609.5770, 2327.9508, 1654.9860, 3446.1617, 1597.3750, 1628.2026, 1593.7176, 1624.7112
134.0560, 1713.8229, 3720.1086, 1790.6894, 4831.4626, 1691.3148, 4724.6472, 1611.4164, 2324.4525, 1654.2255, 3444.3174, 1596.9846, 1627.0237, 1594.5881, 1625.3768
135.0560, 1713.7397, 3694.7935, 1790.7916, 4836.8021, 1690.9308, 4725.7583, 1611.8164, 2322.3475, 1653.7844, 3441.5659, 1596.6894, 1626.7015, 1593.3666, 1624.8709
136.0560, 1714.3160, 3708.3503, 1789.7693, 4839.4404, 1691.9951, 4727.1228, 1609.1639, 2325.1639, 1655.3024, 3443.5220, 1595.8051, 1627.8260, 1594.2585, 1624.9595
137.0560, 1711.8033, 3726.0930, 1788.5780, 4841.3748, 1692.2037, 4719.7641, 1609.2426, 2321.6689, 1652.7016, 3441.9441, 1595.6360, 1626.8018, 1594.6286, 1626.3573
138.0560, 1713.3160, 3739.4677, 1790.1022, 4851.7942, 1691.3538, 4715.1589, 1608.6328, 2321.2164, 1654.2545, 3440.6238, 1595.3161, 1627.6525, 1594.2821, 1625.6254
139.0560, 1714.1791, 3704.7153, 1788.4482, 4858.8008, 1690.3236, 4717.8947, 1609.4033, 2320.2131, 1654.3423, 3440.3713, 1596.2726, 1627.3420, 1593.4788, 1624.2643
140.0560, 1712.6311, 3721.9530, 1787.8257, 4861.3211, 1690.7563, 4715.8645, 1609.0000, 2322.0885, 1653.0409, 3443.1417, 1595.3607, 1628.3634, 1594.0261, 1624.2879
141.0560, 1711.7994, 3736.5460, 1788.0944, 4863.9725, 1690.6618, 4703.6979, 1609.8361, 2321.4295, 1653.1816, 3436.9012, 1595.8662, 1628.6757, 1594.0580, 1625.5018
142.0560, 1711.4883, 3753.5959, 1787.1835, 4867.4102, 1690.1696, 4697.9698, 1608.9770, 2319.0033, 1653.1657, 3437.2984, 1595.4361, 1626.5617, 1593.6707, 1625.1725
143.0560, 1710.2652, 3766.6155, 1788.2267, 4867.3735, 1690.0390, 4690.4133, 1607.9246, 2318.1902, 1654.2305, 3435.8633, 1596.1421, 1626.2522, 1593.1674, 1624.6666
144.0560, 1710.9256, 3776.5108, 1788.5518, 4883.4286, 1690.5263, 4685.5848, 1610.7672, 2321.0230, 1653.2036, 3433.1916, 1595.8502, 1627.0804, 1594.1632, 1624.9076
145.0560, 1709.2309, 3790.3728, 1788.8270, 4874.1992, 1691.4912, 4675.7329, 1609.9115, 2312.5443, 1653.4511, 3430.4581, 1595.8260, 1625.3194, 1593.3733, 1624.6484
146.0560, 1709.5753, 3754.0020, 1786.7628, 4875.0039, 1690.3314, 4670.8879, 1611.1836, 2314.6951, 1652.7006, 3426.5888, 1594.6933, 1626.2896, 1592.4071, 1624.3267
147.0560, 1709.3063, 3761.9579, 1787.6094, 4876.1520, 1691.8977, 4658.1413, 1609.7836, 2312.0689, 1651.6068, 3423.7695, 1596.2616, 1625.8601, 1594.2298, 1624.5920
148.0560, 1708.1438, 3769.5049, 1784.9751, 4864.0721, 1689.6179, 4645.1248, 1610.2197, 2308.9738, 1653.1986, 3416.7226, 1595.4857, 1626.0066, 1594.0733, 1623.6127
149.0560, 1705.7994, 3771.6096, 1783.8794, 4853.9056, 1689.7632, 4632.7797, 1609.6820, 2308.9016, 1652.2615, 3408.7794, 1595.7390, 1626.2054, 1594.4307, 1624.2117
150.0560, 1703.9648, 3726.4168, 1778.8912, 4783.5544, 1688.6871, 4587.2310, 1608.3443, 2290.2492, 1650.5409, 3371.2565, 1596.0209, 1626.6250, 1593.3889, 1624.0771
151.0560, 1702.7202, 3714.0538, 1777.3644, 4753.2713, 1686.7495, 4567.7154, 1610.4852, 2283.0426, 1650.3812, 3356.7425, 1595.3199, 1626.5242, 1593.8601, 1624.2286
152.0560, 1701.4697, 3714.4237, 1778.0931, 4729.5623, 1686.0205, 4558.4591, 1607.1803, 2281.2164, 1650.0649, 3347.9870, 1595.3111, 1627.3034, 1594.5304, 1624.6223
153.0560, 1700.7407, 3710.0665, 1775.2726, 4714.3434, 1687.4834, 4550.3635, 1608.3311, 2277.2557, 1649.6517, 3341.2285, 1597.4312, 1625.6536, 1594.2286, 1625.1983
154.0560, 1699.2759, 3704.5059, 1774.1415, 4705.0341, 1689.1910, 4536.7183, 1608.0885, 2271.6426, 1649.9022, 3326.4351, 1595.4868, 1625.1399, 1593.8741, 1624.6054
155.0560, 1698.7798, 3698.6047, 1771.8611, 4688.0393, 1686.8265, 4522.5039, 1609.8590, 2270.2393, 1649.7535, 3322.3114, 1595.6878, 1627.0419, 1593.6493, 1623.5391
156.0560, 1698.0832, 3699.4286, 1770.6946, 4666.2661, 1687.8538, 4511.6862, 1608.3803, 2268.0131, 1650.6507, 3310.6138, 1596.1768, 1626.7285, 1593.4201, 1624.9962
157.0560, 1697.4315, 3696.2661, 1771.6435, 4646.4862, 1687.2427, 4499.5185, 1608.7410, 2257.0492, 1650.0699, 3300.7555, 1596.0529, 1627.1134, 1593.6130, 1624.4227
158.0560, 1697.6575, 3692.8855, 1769.8453, 4634.9659, 1687.0682, 4486.2583, 1606.8590, 2248.4295, 1650.3054, 3293.1627, 1597.0358, 1627.3425, 1595.0628, 1624.6420
159.0560, 1694.7241, 3689.7583, 1768.3801, 4612.5111, 1685.5419, 4471.6871, 1608.1607, 2250.7115, 1647.2525, 3280.2186, 1595.5391, 1627.7423, 1594.0886, 1624.7271
160.0560, 1695.2750, 3678.3738, 1764.7864, 4594.4102, 1683.3177, 4458.8363, 1608.3180, 2242.5443, 1648.0719, 3272.9162, 1596.2808, 1627.1988, 1593.6583, 1625.0414
161.0560, 1691.6712, 3668.9530, 1764.5059, 4581.9096, 1685.2076, 4450.3255, 1608.4066, 2235.9311, 1647.3084, 3260.8174, 1596.3216, 1625.8464, 1594.2576, 1624.9675
162.0560, 1692.0900, 3662.5636, 1763.7602, 4572.3696, 1683.6004, 4431.8489, 1610.2033, 2226.2754, 1647.2465, 3252.0269, 1596.0044, 1625.8188, 1593.7689, 1625.1696
163.0560, 1690.1820, 3661.3258, 1762.8834, 4553.7641, 1683.4181, 4422.0702, 1607.0689, 2221.1541, 1646.6158, 3243.7365, 1595.1520, 1627.5512, 1593.8438, 1624.8154
164.0560, 1689.3777, 3654.4374, 1760.1048, 4540.5282, 1682.2222, 4411.0663, 1606.5279, 2217.0066, 1645.8453, 3234.0369, 1596.2483, 1627.0909, 1593.5448, 1625.1036
165.0560, 1691.3757, 3655.3219, 1760.8047, 4531.6448, 1682.2290, 4404.9006, 1607.4656, 2217.3869, 1647.6188, 3232.3094, 1596.6107, 1627.4295, 1593.7692, 1624.7112
166.0560, 1690.7162, 3658.3337, 1759.5452, 4525.1887, 1683.3060, 4398.8265, 1607.7574, 2212.6852, 1646.4321, 3225.7685, 1597.2671, 1627.8414, 1594.2270, 1624.3867
167.0560, 1688.8004, 3658.3611, 1756.4902, 4521.9332, 1681.4366, 4391.2739, 1607.4852, 2207.7967, 1646.7974, 3218.2285, 1595.6239, 1627.6426, 1593.6933, 1624.9257
168.0560, 1688.5793, 3654.3699, 1758.2674, 4514.0931, 1680.6189, 4382.3060, 1606.0820, 2203.3803, 1645.2764, 3218.3184, 1596.5165, 1628.1233, 1593.2458, 1623.4527
169.0560, 1687.6722, 3660.6663, 1756.7274, 4511.9069, 1681.3489, 4383.4084, 1609.1967, 2204.0721, 1646.8762, 3213.0868, 1595.5931, 1627.5694, 1594.4520, 1624.5748
170.0560, 1689.6429, 3668.2701, 1757.8650, 4513.9371, 1681.0789, 4380.6082, 1606.0000, 2202.1246, 1647.4591, 3213.6587, 1596.1393, 1628.1680, 1593.7157, 1625.2400
171.0560, 1686.8699, 3668.5763, 1754.9908, 4512.0380, 1681.6082, 4371.8499, 1606.9607, 2204.8295, 1644.6178, 3210.0279, 1596.7671, 1627.7351, 1593.5100, 1624.9321
172.0560, 1687.0656, 3674.4648, 1757.6435, 4509.4928, 1681.7583, 4372.4971, 1608.3541, 2201.8393, 1645.8623, 3210.5998, 1595.1052, 1628.3183, 1593.9821, 1625.5528
173.0560, 1687.0108, 3675.4374, 1754.9712, 4511.4626, 1681.8431, 4372.0331, 1607.8230, 2201.3508, 1645.3802, 3213.4661, 1596.8464, 1627.2115, 1592.7386, 1624.7657
174.0560, 1687.4902, 3679.0577, 1756.5767, 4509.9934, 1680.4327, 4366.1413, 1606.6262, 2202.0787, 1645.2166, 3206.0649, 1595.8651, 1627.5132, 1594.2072, 1624.5502
175.0560, 1686.2133, 3679.6037, 1756.2163, 4515.0786, 1681.6053, 4366.4698, 1606.9148, 2203.2230, 1646.4930, 3209.0220, 1596.0606, 1628.1294, 1593.4444, 1624.7558
176.0560, 1687.4237, 3675.0450, 1755.3408, 4517.3277, 1681.4152, 4365.0400, 1607.5082, 2205.3639, 1646.5150, 3208.1228, 1596.3722, 1627.7599, 1593.1001, 1624.6659
177.0560, 1687.2896, 3680.8258, 1755.2005, 4513.2294, 1681.3986, 4367.6199, 1609.1541, 2200.9344, 1646.3074, 3202.2864, 1596.0909, 1628.1746, 1593.1658, 1625.3631
178.0560, 1687.5059, 3679.6742, 1756.6042, 4516.1520, 1679.4181, 4366.0614, 1608.0066, 2197.1770, 1646.3513, 3207.4172, 1594.7483, 1627.9229, 1592.8817, 1623.9866
179.0560, 1686.1556, 3683.6047, 1756.8375, 4509.7208, 1681.7222, 4369.5556, 1606.6557, 2197.6262, 1646.1627, 3203.8603, 1596.7472, 1627.4064, 1593.9563, 1625.1788
180.0560, 1686.3826, 3689.4579, 1754.7431, 4517.7326, 1680.8869, 4365.4649, 1609.7410, 2198.1180, 1644.5000, 3205.2046, 1595.8623, 1627.0837, 1593.8110, 1624.5709
181.0560, 1687.2534, 3686.3757, 1754.1782, 4510.8191, 1682.8402, 4365.7212, 1609.2590, 2200.4525, 1645.1806, 3206.1467, 1595.9895, 1626.4157, 1594.0743, 1625.4555
182.0560, 1685.8023, 3695.4658, 1755.6029, 4519.1927, 1681.8918, 4362.3635, 1607.1443, 2196.9967, 1643.7934, 3204.2725, 1595.3970, 1626.6228, 1593.4979, 1624.7953
183.0560, 1685.2202, 3693.2505, 1753.5256, 4515.0799, 1680.5283, 4352.0994, 1606.2131, 2201.2689, 1645.4790, 3208.1347, 1594.7797, 1627.7539, 1593.8259, 1624.9904
184.0560, 1685.5460, 3693.9883, 1756.1376, 4423.2529, 1678.7632, 4351.7807, 1606.1443, 2198.4852, 1643.6238, 3203.4830, 1595.5732, 1627.0083, 1594.3290, 1625.4708
185.0560, 1685.8053, 3692.2534, 1756.8113, 4336.5872, 1680.0429, 4279.3850, 1606.4656, 2191.1213, 1646.0868, 3199.8323, 1595.6068, 1627.9862, 1593.8298, 1625.8524
186.0560, 1684.6115, 3664.7211, 1750.8073, 4277.5465, 1674.9542, 4172.1706, 1607.1508, 2183.4984, 1646.0329, 3196.6417, 1595.1278, 1628.2610, 1594.0258, 1626.1976
187.0560, 1685.2935, 3655.7652, 1749.9777, 4265.2490, 1672.8635, 4131.3343, 1605.4328, 2179.7770, 1646.5908, 3192.6457, 1596.1790, 1628.3744, 1594.0099, 1625.6487
188.0560, 1683.4374, 3649.6076, 1748.7366, 4254.8493, 1673.8558, 4107.0175, 1607.5574, 2180.3311, 1644.2615, 3189.5299, 1596.1514, 1628.7698, 1594.3440, 1626.4294
189.0560, 1684.4031, 3646.8102, 1747.7051, 4248.5636, 1673.0409, 4089.1871, 1606.8721, 2183.7639, 1644.9671, 3193.9331, 1596.6432, 1628.8596, 1593.6092, 1626.1489
190.0560, 1682.9295, 3645.0930, 1746.0944, 4246.9699, 1671.4571, 4070.0809, 1608.4295, 2180.3115, 1644.9611, 3190.8942, 1596.9554, 1629.4257, 1593.9630, 1625.9570
191.0560, 1684.4687, 3647.8072, 1746.1088, 4248.5374, 1672.3694, 4050.9990, 1606.0918, 2181.5738, 1644.6766, 3186.3204, 1598.0661, 1630.2456, 1594.2815, 1626.5260
192.0560, 1683.5558, 3642.3982, 1744.0354, 4244.8899, 1669.3957, 4039.3587, 1607.7115, 2184.8164, 1645.6277, 3189.2056, 1596.2913, 1629.9345, 1594.5916, 1625.9111
193.0560, 1681.9716, 3640.2280, 1743.8375, 4241.5491, 1670.1589, 4026.6920, 1607.9344, 2180.5934, 1645.0569, 3186.5659, 1596.3855, 1628.3282, 1593.6876, 1625.7689
194.0560, 1682.5656, 3644.0920, 1742.5649, 4242.1232, 1670.2359, 4019.1345, 1608.0525, 2179.7541, 1644.7635, 3185.7246, 1595.4240, 1628.3177, 1593.8199, 1627.0889
195.0560, 1684.0988, 3646.7857, 1743.4312, 4242.1573, 1671.3772, 4000.8548, 1606.7508, 2179.0328, 1644.7156, 3186.3234, 1595.8029, 1629.6685, 1593.6659, 1626.8001
196.0560, 1682.9863, 3648.1350, 1740.1678, 4242.2975, 1671.0107, 3989.6969, 1607.6754, 2176.4557, 1644.0230, 3192.8822, 1595.7880, 1628.1459, 1594.1925, 1626.0338
197.0560, 1683.6204, 3650.1282, 1740.5714, 4239.0406, 1670.7096, 3977.4211, 1607.0197, 2178.0230, 1644.8293, 3185.5000, 1596.8662, 1629.3056, 1593.9888, 1626.7032
198.0560, 1682.7241, 3648.8356, 1740.2294, 4242.7837, 1670.1228, 3962.4961, 1606.9934, 2181.4918, 1643.6597, 3184.0070, 1596.7131, 1627.4581, 1593.3519, 1625.8387
199.0560, 1683.8043, 3653.9442, 1740.4194, 4241.6828, 1668.4298, 3952.8947, 1604.3082, 2180.9803, 1642.5319, 3185.1986, 1596.0391, 1628.0870, 1593.7667, 1625.7080
200.0560, 1682.9100, 3655.7955, 1739.4954, 4255.5950, 1668.6082, 3934.9620, 1607.8426, 2178.6689, 1646.1747, 3182.6487, 1596.8855, 1628.0672, 1593.7329, 1625.7995
201.0560, 1682.9530, 3656.1507, 1740.4561, 4255.0577, 1669.3772, 3924.3431, 1608.7672, 2176.4721, 1644.1717, 3182.3683, 1596.1619, 1628.7996, 1595.1957, 1626.3497
202.0560, 1682.8532, 3657.3708, 1740.3971, 4259.2896, 1667.4844, 3919.2495, 1607.3148, 2180.2623, 1645.0719, 3184.6257, 1595.7880, 1627.3337, 1593.0899, 1626.3134
203.0560, 1682.8307, 3656.8591, 1737.2516, 4262.6750, 1668.1735, 3913.9883, 1605.9705, 2181.0131, 1642.9072, 3183.5040, 1595.6470, 1628.0826, 1593.6965, 1627.6092
204.0560, 1681.8229, 3665.4511, 1740.6553, 4262.1664, 1669.1082, 3908.3031, 1606.2164, 2178.5803, 1643.7884, 3182.7555, 1595.6872, 1628.6569, 1593.6401, 1625.4237
205.0560, 1681.7485, 3665.2319, 1739.4849, 4260.7588, 1666.8830, 3897.7602, 1607.7705, 2177.1607, 1644.9651, 3185.3772, 1595.3612, 1628.8932, 1594.3277, 1626.9828
206.0560, 1684.5342, 3663.3219, 1738.8204, 4262.1704, 1668.2203, 3886.7115, 1607.0918, 2179.1607, 1645.1657, 3181.3074, 1596.7357, 1629.5253, 1593.9582, 1626.2266
207.0560, 1680.5812, 3655.7006, 1737.2975, 4256.7549, 1667.4162, 3872.9055, 1607.6492, 2176.0820, 1643.6866, 3175.3792, 1597.1195, 1628.8062, 1594.1406, 1626.9860
208.0560, 1681.6292, 3645.9070, 1737.0550, 4240.9895, 1666.2671, 3856.7895, 1607.4590, 2168.6000, 1643.1058, 3171.0519, 1596.0622, 1629.5072, 1592.3921, 1626.2448
209.0560, 1681.4755, 3639.3170, 1733.2582, 4233.8218, 1666.4493, 3842.8899, 1605.4885, 2165.5049, 1643.2635, 3162.0968, 1595.2693, 1628.8106, 1595.6079, 1626.3685
210.0560, 1679.9129, 3636.2280, 1733.7405, 4222.6540, 1666.6988, 3838.0088, 1606.9311, 2165.4557, 1642.9301, 3160.3493, 1595.5633, 1630.2731, 1594.1202, 1626.4543
211.0560, 1678.7759, 3635.3454, 1732.7221, 4217.2857, 1664.1998, 3825.1774, 1604.8393, 2164.4918, 1643.7605, 3161.2415, 1595.5694, 1628.0694, 1593.5135, 1626.3175
212.0560, 1679.9883, 3630.2632, 1733.5203, 4232.6933, 1667.0166, 3819.9250, 1605.5902, 2163.5213, 1642.4152, 3153.3433, 1597.1096, 1627.1085, 1593.7660, 1626.7829
213.0560, 1681.3503, 3626.1869, 1732.7117, 4225.1376, 1665.1813, 3807.8752, 1604.7377, 2159.8459, 1643.4920, 3157.8303, 1596.0419, 1628.9862, 1593.4989, 1626.2286
214.0560, 1681.7319, 3621.0959, 1733.6802, 4227.5046, 1665.3255, 3798.0292, 1607.3836, 2159.1082, 1643.4770, 3157.9022, 1595.1553, 1628.9708, 1594.5317, 1625.8744
215.0560, 1680.3708, 3621.9472, 1733.2307, 4227.5845, 1665.9610, 3794.4064, 1604.8328, 2165.0361, 1643.6717, 3153.3343, 1595.5347, 1628.3122, 1594.2474, 1627.3570
216.0560, 1680.7397, 3616.7935, 1731.3801, 4215.0708, 1662.6979, 3783.6413, 1606.1934, 2157.3902, 1642.9351, 3151.6856, 1595.8805, 1629.7076, 1593.9136, 1626.4763
217.0560, 1680.7368, 3612.6027, 1730.6566, 4219.3434, 1663.5887, 3770.6306, 1606.7475, 2159.8623, 1643.8922, 3149.7994, 1596.6691, 1627.9499, 1594.0469, 1626.7029
218.0560, 1679.6986, 3601.5108, 1733.4168, 4217.5636, 1663.9727, 3770.0702, 1605.8066, 2159.0754, 1643.5170, 3153.3094, 1595.6944, 1628.7104, 1593.1639, 1627.7163
219.0560, 1681.3366, 3603.7740, 1730.4810, 4210.6147, 1664.0702, 3761.2066, 1607.5344, 2158.4164, 1642.5389, 3149.6317, 1596.3579, 1628.2032, 1593.7217, 1626.8317
220.0560, 1678.5059, 3593.3307, 1730.8113, 4206.0131, 1664.6608, 3756.4542, 1606.2590, 2158.2426, 1642.1198, 3150.2685, 1596.7919, 1628.4989, 1593.9621, 1626.3181
221.0560, 1679.5861, 3596.5802, 1729.2608, 4207.6684, 1664.4639, 3748.9756, 1605.1344, 2157.0066, 1643.8623, 3145.9830, 1595.7346, 1628.3403, 1593.4010, 1626.5990
222.0560, 1680.8043, 3594.5470, 1730.5845, 4208.5125, 1664.5712, 3742.2349, 1605.6852, 2160.2066, 1644.0758, 3149.4132, 1595.7726, 1628.7313, 1594.3089, 1627.1106
223.0560, 1679.7456, 3591.8141, 1730.7287, 4204.6239, 1663.6442, 3734.2865, 1607.6459, 2160.7049, 1642.4860, 3146.0479, 1595.7285, 1628.0721, 1593.2777, 1626.4441
224.0560, 1679.7397, 3593.2153, 1730.0734, 4205.2647, 1664.8596, 3724.2193, 1606.7410, 2151.3180, 1642.8114, 3145.3683, 1596.3045, 1629.5419, 1594.7893, 1626.1725
225.0560, 1679.9335, 3595.0029, 1730.0537, 4204.4522, 1664.4922, 3720.5283, 1606.6393, 2153.8557, 1644.4351, 3141.8563, 1596.6476, 1628.7115, 1594.6513, 1627.5091
226.0560, 1679.0000, 3592.2485, 1728.3172, 4197.9371, 1663.6287, 3718.4220, 1606.8262, 2159.8197, 1642.8932, 3146.5469, 1596.4185, 1629.4868, 1593.9522, 1627.2477
227.0560, 1679.2065, 3589.9139, 1728.5491, 4200.8598, 1663.0712, 3712.1131, 1606.3475, 2157.0295, 1643.6547, 3144.2625, 1596.7517, 1628.2015, 1594.7753, 1626.6379
228.0560, 1680.2123, 3588.6477, 1728.6029, 4195.0642, 1662.5653, 3703.7222, 1607.3607, 2157.4131, 1643.2914, 3138.0858, 1596.4961, 1628.0997, 1593.1294, 1626.8817
229.0560, 1680.9883, 3587.2740, 1727.5662, 4201.3539, 1661.7904, 3696.0409, 1607.1869, 2157.4098, 1642.2764, 3145.0569, 1596.8354, 1628.9548, 1594.0204, 1627.0485
230.0560, 1678.6174, 3588.8796, 1728.9358, 4202.8322, 1662.6257, 3689.8869, 1607.7377, 2154.1115, 1642.4331, 3138.9750, 1595.9972, 1628.4972, 1594.0953, 1626.7925
231.0560, 1678.8699, 3583.5294, 1729.9921, 4211.0957, 1662.4805, 3684.6433, 1606.3803, 2155.7279, 1642.1607, 3143.1796, 1596.5248, 1628.4780, 1594.0360, 1627.1017
232.0560, 1679.8386, 3580.5519, 1727.1350, 4209.4377, 1662.9435, 3677.3723, 1607.6098, 2154.9443, 1641.3683, 3136.2116, 1596.9482, 1628.3822, 1594.5480, 1627.6557
233.0560, 1679.5744, 3585.8023, 1725.6239, 4209.6566, 1661.5117, 3677.2076, 1604.7836, 2152.6492, 1642.5868, 3141.4242, 1595.9422, 1628.2814, 1593.8008, 1626.8138
234.0560, 1677.6732, 3586.4012, 1727.2569, 4215.0406, 1662.1179, 3665.5166, 1606.6951, 2154.1869, 1642.0150, 3137.7575, 1595.1448, 1627.9813, 1594.7434, 1627.5652
235.0560, 1679.7172, 3580.5440, 1727.9463, 4207.7942, 1662.5117, 3668.3353, 1606.2164, 2153.1738, 1643.6477, 3138.1816, 1595.5347, 1628.8315, 1594.8027, 1628.0794
236.0560, 1679.3063, 3582.9354, 1727.9109, 4211.8414, 1661.5906, 3654.3158, 1607.9443, 2155.8033, 1643.2255, 3135.9461, 1596.0672, 1628.9031, 1594.9742, 1626.0465
237.0560, 1679.1986, 3582.9569, 1726.9607, 4207.1992, 1661.7368, 3651.7212, 1606.9770, 2156.8361, 1642.9481, 3132.3992, 1596.0325, 1627.5705, 1593.4386, 1625.9767
238.0560, 1679.5127, 3590.0969, 1726.1966, 4204.2451, 1661.2797, 3646.7300, 1606.6852, 2148.7607, 1643.6148, 3136.4132, 1596.6393, 1629.1663, 1593.3376, 1627.0185
239.0560, 1679.5391, 3598.8151, 1725.4941, 4207.3630, 1659.6725, 3635.4084, 1606.4590, 2153.4984, 1643.0958, 3133.6407, 1596.4075, 1628.5446, 1593.9305, 1627.2420
240.0560, 1679.4207, 3600.0763, 1726.5583, 4211.5636, 1661.3938, 3631.4425, 1606.1115, 2151.3508, 1641.8982, 3132.0888, 1596.7307, 1628.2318, 1593.7836, 1626.8059
241.0560, 1679.0098, 3603.1076, 1725.6488, 4201.8322, 1661.1092, 3623.7271, 1607.3377, 2153.1443, 1641.2635, 3126.6158, 1596.9769, 1629.8029, 1593.1983, 1626.5703
242.0560, 1678.1419, 3604.4393, 1724.1612, 4201.7326, 1660.1871, 3617.9513, 1603.8295, 2152.6557, 1643.6028, 3128.1257, 1595.2241, 1627.8789, 1594.3258, 1625.6675
243.0560, 1676.0401, 3610.7935, 1726.0524, 4202.6252, 1659.6550, 3617.2407, 1604.9311, 2152.7213, 1640.5729, 3128.1657, 1596.7968, 1628.5176, 1593.4313, 1626.0204
244.0560, 1679.5822, 3617.9364, 1725.3670, 4202.9345, 1659.5663, 3608.1862, 1606.0623, 2152.1607, 1642.9072, 3128.7924, 1596.4339, 1628.1949, 1593.2133, 1627.0408
245.0560, 1679.6986, 3611.6389, 1723.5872, 4195.3512, 1661.0838, 3606.0107, 1605.2852, 2151.2885, 1642.6826, 3125.1557, 1596.1635, 1630.1669, 1593.9936, 1625.7227
246.0560, 1679.1722, 3638.0313, 1727.1913, 4261.2123, 1661.3567, 3691.1676, 1607.1180, 2159.8459, 1642.1826, 3130.7884, 1596.2588, 1628.2885, 1593.8674, 1626.3749
247.0560, 1679.0851, 3647.1517, 1726.4718, 4278.8991, 1662.1852, 3712.9211, 1604.9836, 2162.1213, 1641.4521, 3133.9321, 1597.1856, 1626.8331, 1593.9531, 1625.2573
248.0560, 1680.2906, 3653.2808, 1728.5701, 4298.4692, 1662.8187, 3732.5565, 1606.5213, 2157.4623, 1642.6507, 3135.9261, 1596.6415, 1627.5512, 1595.0268, 1626.1071
249.0560, 1679.5372, 3661.8816, 1726.5321, 4302.1494, 1662.9591, 3738.0770, 1605.8754, 2159.9443, 1643.0798, 3136.9421, 1594.7825, 1628.0297, 1593.6337, 1625.4587
250.0560, 1679.4726, 3669.1634, 1728.6422, 4314.6068, 1663.0146, 3751.1657, 1605.4295, 2163.1279, 1644.2435, 3135.0848, 1596.5066, 1628.6773, 1593.9649, 1624.6353
251.0560, 1680.1037, 3675.8669, 1730.0262, 4321.9161, 1663.8869, 3763.7281, 1606.2262, 2156.9934, 1642.1996, 3136.9970, 1596.6090, 1627.6663, 1593.4963, 1624.6165
252.0560, 1678.7505, 3682.0294, 1727.9148, 4327.8296, 1663.7992, 3762.5975, 1605.6262, 2156.8066, 1641.4381, 3137.3124, 1596.0903, 1627.2814, 1593.7354, 1624.0644
253.0560, 1678.9286, 3682.3327, 1728.7602, 4342.0157, 1663.3548, 3775.0029, 1605.0787, 2161.0262, 1643.0659, 3134.0948, 1596.3238, 1627.5061, 1593.8779, 1625.2461
254.0560, 1679.2202, 3691.5489, 1729.4010, 4340.3237, 1663.4240, 3779.1452, 1606.4426, 2158.8984, 1644.1727, 3139.7106, 1596.3899, 1628.4708, 1593.4721, 1624.3188
255.0560, 1678.9677, 3698.2299, 1728.5164, 4350.1258, 1663.0955, 3780.6979, 1607.6525, 2160.6328, 1644.1008, 3138.5000, 1596.4741, 1626.9873, 1594.2158, 1624.8387
256.0560, 1679.1898, 3711.6037, 1728.7117, 4354.2307, 1663.2154, 3790.3226, 1608.6164, 2158.2262, 1642.7794, 3140.3902, 1596.2302, 1627.6228, 1594.0934, 1624.8355
257.0560, 1681.1292, 3709.4041, 1728.7274, 4358.8296, 1664.1559, 3789.5263, 1606.7738, 2159.1082, 1641.8683, 3139.4311, 1595.5209, 1627.7230, 1592.9598, 1624.2812
258.0560, 1679.7084, 3713.7221, 1729.5125, 4373.6212, 1663.8236, 3793.8869, 1608.5082, 2154.6098, 1642.1287, 3139.4820, 1595.6889, 1627.4218, 1594.0858, 1624.0666
259.0560, 1679.0245, 3713.3796, 1728.1835, 4380.0262, 1663.6335, 3795.3109, 1604.3770, 2159.7770, 1641.2126, 3143.2156, 1595.9686, 1627.5253, 1593.7099, 1625.0752
260.0560, 1678.0029, 3720.7691, 1729.9161, 4377.9987, 1663.6296, 3793.6121, 1607.5016, 2160.4525, 1644.5818, 3141.4481, 1595.9994, 1627.8150, 1593.8065, 1624.6940
261.0560, 1680.3151, 3722.9413, 1727.6841, 4384.1612, 1664.2934, 3793.1569, 1606.9377, 2155.8557, 1642.9022, 3138.9950, 1597.1228, 1626.8612, 1593.9522, 1624.8773
262.0560, 1680.0744, 3726.5636, 1728.0721, 4332.9489, 1664.5702, 3793.0526, 1605.5213, 2160.2656, 1642.7036, 3142.1796, 1596.0259, 1626.1823, 1593.6567, 1625.0673
263.0560, 1679.2622, 3723.7652, 1728.8178, 4343.9371, 1662.8489, 3793.8255, 1604.8295, 2157.6557, 1642.6487, 3139.8114, 1595.7489, 1626.7401, 1593.8597, 1624.9770
264.0560, 1679.5577, 3717.9804, 1728.0878, 4344.3447, 1663.9415, 3790.4094, 1604.1475, 2162.1279, 1641.6916, 3138.8573, 1595.6949, 1627.6327, 1593.2891, 1626.0905
265.0560, 1678.8278, 3719.4344, 1730.4482, 4345.6920, 1664.5409, 3795.6969, 1606.4295, 2156.3279, 1643.6238, 3140.1936, 1596.8998, 1627.7919, 1594.5649, 1625.2050
266.0560, 1678.7750, 3722.4922, 1729.1271, 4353.7366, 1663.0585, 3793.4357, 1605.6361, 2159.0164, 1644.2665, 3141.6916, 1596.5947, 1627.8414, 1593.5783, 1624.5674
267.0560, 1680.0802, 3722.4286, 1728.9751, 4362.1599, 1665.0585, 3796.9698, 1605.9377, 2156.6656, 1642.9072, 3140.1028, 1595.1289, 1626.7649, 1593.5014, 1624.1049
268.0560, 1679.3170, 3724.3072, 1728.4836, 4358.1402, 1665.3489, 3796.0517, 1605.9082, 2153.7508, 1642.2954, 3145.4561, 1596.3062, 1627.5121, 1594.9946, 1625.4629
269.0560, 1679.9227, 3728.4462, 1728.8860, 4369.3958, 1665.9347, 3793.1715, 1604.2197, 2158.8951, 1643.9361, 3139.0639, 1596.1294, 1628.4807, 1593.3940, 1625.0647
270.0560, 1678.0744, 3727.6037, 1728.5085, 4376.7720, 1664.3733, 3796.4240, 1606.6656, 2154.6754, 1643.6497, 3139.5080, 1595.4306, 1628.0083, 1594.2187, 1624.8489
271.0560, 1678.6106, 3733.0440, 1730.3788, 4275.8322, 1663.3821, 3798.9347, 1605.7475, 2151.9902, 1643.8124, 3141.3393, 1595.7021, 1626.9378, 1593.9213, 1624.0032
272.0560, 1679.8386, 3736.3454, 1730.5950, 4289.4692, 1665.1101, 3803.4756, 1606.3475, 2155.8787, 1642.3643, 3142.7745, 1596.6261, 1627.3497, 1593.6089, 1626.0711
273.0560, 1681.1292, 3730.8102, 1732.5675, 4297.9436, 1664.5185, 3801.2856, 1606.5115, 2154.5049, 1643.5749, 3141.0319, 1597.0688, 1627.6355, 1593.3609, 1624.5375
274.0560, 1679.4247, 3734.9491, 1729.8585, 4303.4509, 1664.2193, 3805.0507, 1607.8164, 2155.3475, 1643.7665, 3137.8234, 1596.0039, 1628.1702, 1593.1463, 1624.6143
275.0560, 1678.3601, 3729.9873, 1730.3539, 4308.9436, 1663.8294, 3807.4444, 1605.9377, 2151.8393, 1643.7355, 3141.0838, 1596.1079, 1626.7109, 1593.7902, 1624.6774
276.0560, 1678.3033, 3736.8209, 1730.0878, 4316.9725, 1663.9961, 3801.9766, 1605.7213, 2153.3180, 1642.0589, 3138.1946, 1596.1311, 1627.3243, 1594.6841, 1625.0239
277.0560, 1678.7789, 3737.0930, 1729.8794, 4315.5963, 1663.8031, 3799.4708, 1606.2525, 2144.8656, 1642.4731, 3140.6228, 1596.6465, 1628.5776, 1593.6653, 1623.9095
278.0560, 1679.3689, 3731.9061, 1730.8204, 4319.7366, 1662.7251, 3801.3099, 1604.8426, 2150.9934, 1642.7824, 3140.0309, 1595.9268, 1625.3943, 1593.6640, 1624.5862
279.0560, 1679.2417, 3731.6771, 1731.1048, 4325.3001, 1665.2115, 3801.3460, 1605.6852, 2151.0459, 1642.7904, 3141.6806, 1595.3111, 1625.9345, 1593.9139, 1624.8515
280.0560, 1678.6233, 3732.4491, 1729.4784, 4330.3342, 1663.2573, 3800.9474, 1607.0459, 2153.0918, 1642.8782, 3140.3124, 1596.0870, 1627.5677, 1592.3631, 1623.9624
281.0560, 1678.0812, 3729.6321, 1729.8165, 4335.7457, 1664.8421, 3801.9298, 1606.1082, 2150.6033, 1642.5240, 3142.7455, 1596.9730, 1628.3656, 1593.7963, 1624.1925
282.0560, 1679.4022, 3727.2211, 1728.2031, 4340.2477, 1663.7476, 3798.7924, 1605.8754, 2148.2164, 1641.4701, 3140.1008, 1596.3464, 1626.9295, 1593.7813, 1623.9002
283.0560, 1678.8777, 3731.5568, 1726.8493, 4342.9384, 1663.2173, 3798.5156, 1606.7836, 2152.0066, 1642.8333, 3142.0419, 1596.4130, 1627.4378, 1592.5196, 1624.9018
284.0560, 1678.7789, 3728.4687, 1728.6645, 4353.6448, 1663.1433, 3790.8421, 1605.6393, 2153.2295, 1643.2156, 3142.4890, 1596.0815, 1627.7461, 1593.8722, 1624.7938
285.0560, 1678.2671, 3729.5890, 1729.8401, 4358.2490, 1663.3021, 3795.3811, 1606.3049, 2150.4590, 1643.3074, 3137.6537, 1596.3414, 1627.7021, 1592.3408, 1624.4195
286.0560, 1679.9912, 3725.4883, 1729.2647, 4362.8440, 1663.8762, 3791.4776, 1606.7279, 2149.7607, 1644.0100, 3141.3982, 1596.7803, 1625.6046, 1593.3634, 1624.5250
287.0560, 1676.6859, 3729.0264, 1727.9135, 4365.8847, 1663.9756, 3793.8850, 1604.3180, 2148.0623, 1641.8653, 3140.3164, 1595.2533, 1626.7285, 1593.4157, 1624.0255
288.0560, 1678.5793, 3729.8190, 1727.7156, 4367.2647, 1664.5487, 3790.0643, 1605.7803, 2147.0262, 1641.7735, 3142.4790, 1596.3348, 1628.8392, 1593.1591, 1624.5996
289.0560, 1677.4217, 3735.5978, 1727.2779, 4364.1311, 1664.2817, 3786.9610, 1606.1377, 2147.6689, 1643.1886, 3140.0978, 1595.0545, 1626.8458, 1594.0819, 1624.4686
290.0560, 1676.4472, 3736.2593, 1726.9725, 4372.8702, 1663.2164, 3786.8090, 1606.4951, 2146.1967, 1642.8403, 3141.4890, 1596.6382, 1626.7770, 1594.2282, 1625.8585
291.0560, 1678.8239, 3737.8816, 1728.9987, 4374.7431, 1663.4893, 3786.6862, 1607.6066, 2149.6754, 1641.9950, 3141.0878, 1595.5771, 1626.2285, 1594.3975, 1624.6458
292.0560, 1678.0597, 3739.9002, 1728.3355, 4371.5740, 1663.4181, 3779.1511, 1608.1148, 2145.8590, 1641.9261, 3140.7495, 1595.4091, 1626.6718, 1593.8792, 1624.3201
293.0560, 1677.9344, 3739.2485, 1728.1048, 4379.7877, 1663.9327, 3784.6316, 1605.7344, 2149.6393, 1642.4750, 3142.4371, 1594.8276, 1626.6553, 1595.2053, 1625.3347
294.0560, 1678.0342, 3730.7544, 1728.2202, 4386.6370, 1664.0292, 3778.5058, 1606.6492, 2151.3836, 1641.9960, 3139.8633, 1595.6156, 1626.5991, 1593.3602, 1623.9806
295.0560, 1679.4501, 3694.7104, 1726.5478, 4386.4771, 1663.4357, 3776.9971, 1603.0689, 2146.5410, 1641.6078, 3139.7435, 1595.2863, 1628.8315, 1593.9493, 1623.9248
296.0560, 1680.8102, 3698.9432, 1727.5020, 4391.1717, 1663.0614, 3779.8782, 1606.6656, 2145.6492, 1642.5818, 3140.7315, 1595.9053, 1626.4449, 1593.5027, 1624.5505
297.0560, 1677.7613, 3704.6536, 1727.4246, 4392.7117, 1662.6257, 3776.2885, 1606.9180, 2146.9344, 1641.0838, 3142.5719, 1595.9372, 1626.9543, 1593.3009, 1623.7201
298.0560, 1678.6458, 3708.0391, 1728.8480, 4393.1219, 1663.5127, 3776.8012, 1607.6066, 2147.4262, 1642.2814, 3141.8832, 1595.6129, 1628.2373, 1594.5199, 1624.9914
299.0560, 1679.3973, 3717.2339, 1728.2490, 4396.6448, 1665.8519, 3776.3577, 1606.3770, 2149.5443, 1643.3054, 3141.5838, 1596.9356, 1627.1938, 1593.2576, 1625.1256
300.0560, 1679.3004, 3706.4090, 1726.5937, 4402.1284, 1663.6462, 3778.2807, 1606.4590, 2147.1311, 1643.2405, 3141.1367, 1596.0573, 1627.4152, 1593.5751, 1624.6490
301.0560, 1677.7818, 3714.6742, 1727.6671, 4398.6920, 1663.7827, 3779.3012, 1605.2885, 2146.6984, 1642.5788, 3145.1946, 1595.6096, 1627.0314, 1593.5218, 1625.8476
302.0560, 1678.0998, 3710.6536, 1729.0393, 4402.5308, 1663.3236, 3775.3275, 1606.8033, 2143.0852, 1641.9321, 3143.6387, 1596.1619, 1626.7522, 1595.0102, 1625.0762
303.0560, 1678.0568, 3714.6076, 1728.6422, 4408.3054, 1664.8324, 3781.4503, 1604.8328, 2147.2787, 1642.2625, 3143.8094, 1595.5292, 1626.4648, 1594.5945, 1624.9480
304.0560, 1679.4961, 3717.5333, 1729.1180, 4410.0472, 1662.1501, 3773.6920, 1605.1082, 2144.0197, 1642.8234, 3147.0160, 1596.5116, 1627.1421, 1594.2534, 1624.6360
305.0560, 1677.7094, 3719.5998, 1726.0262, 4407.9083, 1664.7573, 3770.9561, 1609.0295, 2149.5443, 1641.8074, 3143.1128, 1595.0143, 1627.1063, 1594.0797, 1624.7625
306.0560, 1678.1008, 3721.2084, 1728.5845, 4409.2058, 1663.3635, 3772.2154, 1608.5770, 2144.7672, 1642.1038, 3142.6467, 1596.6966, 1626.8398, 1594.5987, 1625.2496
307.0560, 1679.2691, 3720.0303, 1727.2779, 4403.9423, 1663.8694, 3767.3986, 1608.0918, 2145.3410, 1642.0749, 3140.6018, 1596.2720, 1627.3458, 1594.1654, 1624.9936
308.0560, 1678.6301, 3729.7407, 1726.6239, 4412.0039, 1664.1940, 3764.6033, 1605.5574, 2143.0787, 1641.1487, 3147.7804, 1597.0132, 1626.8744, 1594.5142, 1625.4727
309.0560, 1679.5841, 3727.0489, 1727.1560, 4363.6461, 1664.3402, 3763.6745, 1605.7770, 2141.2328, 1643.0659, 3145.2934, 1595.8062, 1626.5182, 1593.8916, 1623.3554
310.0560, 1678.0196, 3732.5020, 1727.6946, 4315.1848, 1664.5292, 3758.7407, 1607.3672, 2140.9869, 1640.6697, 3143.6896, 1595.0314, 1627.0920, 1594.4026, 1624.7051
311.0560, 1677.6047, 3731.4481, 1730.4640, 4276.1953, 1664.3051, 3761.7895, 1606.1082, 2142.4885, 1641.1158, 3146.3174, 1595.7963, 1627.2302, 1594.2400, 1624.1329
312.0560, 1678.9090, 3736.3806, 1728.3827, 4293.6501, 1662.9045, 3755.5507, 1607.0984, 2139.1344, 1640.7715, 3146.5080, 1596.0083, 1627.3992, 1594.0230, 1624.7345
313.0560, 1678.7886, 3738.4472, 1727.8453, 4299.8702, 1662.3957, 3753.3587, 1607.2918, 2140.7049, 1642.8852, 3145.0569, 1596.3535, 1625.7500, 1593.4399, 1624.3143
314.0560, 1678.3787, 3732.9687, 1727.8702, 4243.3801, 1659.8119, 3687.2378, 1605.3475, 2136.5672, 1643.6657, 3141.4301, 1596.2026, 1626.5721, 1593.4367, 1624.8891
315.0560, 1676.2319, 3723.9423, 1724.6435, 4238.7274, 1661.4795, 3658.7846, 1605.4262, 2135.9738, 1643.1238, 3140.0958, 1595.7170, 1626.9604, 1594.8355, 1625.3765
316.0560, 1676.4755, 3720.8346, 1725.9201, 4230.6081, 1660.4113, 3646.5117, 1605.1213, 2137.3016, 1641.5190, 3139.2076, 1596.0964, 1628.6415, 1594.1674, 1624.6847
317.0560, 1674.6458, 3724.1076, 1724.3578, 4227.7090, 1658.9084, 3634.2836, 1607.0000, 2139.7705, 1640.5120, 3141.9401, 1595.8987, 1626.1123, 1593.2289, 1623.9665
318.0560, 1676.0196, 3725.5881, 1722.1782, 4228.9764, 1659.6647, 3623.7281, 1604.4197, 2135.6951, 1641.8004, 3138.8972, 1596.4791, 1626.1366, 1594.2098, 1624.3688
319.0560, 1676.5078, 3720.7299, 1721.1573, 4224.5177, 1659.3860, 3620.9016, 1606.4984, 2137.5180, 1640.3633, 3138.1737, 1596.1195, 1626.2037, 1593.8897, 1625.0689
320.0560, 1674.1810, 3721.8963, 1723.0223, 4222.1193, 1661.0302, 3615.4376, 1604.4197, 2133.1639, 1640.3253, 3134.0040, 1594.6580, 1625.5622, 1593.4166, 1623.8269
321.0560, 1675.1096, 3723.1614, 1721.4469, 4226.5583, 1658.1345, 3605.9269, 1606.0066, 2132.4197, 1640.1717, 3135.5938, 1595.7511, 1627.0573, 1593.9388, 1625.0398
322.0560, 1675.2808, 3718.0235, 1721.0301, 4223.5125, 1658.6023, 3595.5682, 1606.3607, 2132.5902, 1640.4741, 3134.8293, 1594.6228, 1626.6812, 1592.6666, 1624.4370
323.0560, 1676.2495, 3712.8483, 1717.3237, 4219.0695, 1658.0127, 3591.3246, 1604.6033, 2134.6787, 1641.5629, 3133.5369, 1596.6580, 1626.0644, 1593.6666, 1624.2056
324.0560, 1676.4746, 3713.6047, 1721.5911, 4176.2674, 1658.6501, 3584.5604, 1606.4197, 2135.0623, 1641.4381, 3134.4980, 1595.8287, 1626.6118, 1593.6066, 1624.4068
325.0560, 1676.0039, 3708.0010, 1719.8034, 4173.2307, 1655.9035, 3577.8187, 1606.7115, 2134.1607, 1641.5928, 3132.9431, 1594.0661, 1626.9994, 1593.4820, 1624.3864
326.0560, 1675.0078, 3705.5675, 1720.0917, 4170.6291, 1656.6725, 3573.4503, 1604.7705, 2132.0852, 1642.0679, 3129.9850, 1595.7148, 1626.3706, 1594.6503, 1624.4941
327.0560, 1676.2133, 3704.3542, 1719.3657, 4170.1887, 1656.4162, 3566.3021, 1605.6000, 2134.4328, 1640.4182, 3135.4830, 1596.8453, 1626.6002, 1593.1568, 1625.2512
328.0560, 1676.0978, 3705.1928, 1719.5688, 4167.7667, 1656.6647, 3566.0478, 1607.1934, 2132.9246, 1641.3333, 3130.0170, 1594.8568, 1625.2874, 1594.0449, 1624.7823
329.0560, 1674.8249, 3709.6869, 1719.3106, 4165.2765, 1658.5731, 3565.1023, 1606.0459, 2131.4885, 1641.4671, 3133.7934, 1596.3144, 1627.0286, 1593.9037, 1623.3143
330.0560, 1676.3777, 3705.9932, 1720.2739, 4169.0813, 1657.4571, 3556.7641, 1604.9082, 2133.9672, 1639.7874, 3126.2834, 1595.9268, 1625.5044, 1593.7727, 1625.1074
331.0560, 1675.2446, 3711.8894, 1720.6147, 4163.2398, 1656.0263, 3549.7378, 1605.6459, 2138.5443, 1642.1856, 3127.0200, 1595.2032, 1625.1828, 1593.8897, 1624.5222
332.0560, 1675.2231, 3714.3102, 1717.9450, 4160.1114, 1657.5322, 3545.2807, 1605.9508, 2131.1639, 1640.8922, 3127.2076, 1595.1079, 1626.4741, 1593.8495, 1625.0201
333.0560, 1675.6830, 3719.3072, 1718.3001, 4180.6435, 1655.5019, 3544.0117, 1607.1016, 2133.7311, 1641.2445, 3129.9271, 1595.8155, 1626.4152, 1594.8674, 1623.6570
334.0560, 1675.5734, 3717.1399, 1718.1664, 4183.4194, 1656.5224, 3534.2242, 1605.7672, 2133.2525, 1642.1477, 3130.0619, 1596.2313, 1626.9983, 1593.1294, 1624.9522
335.0560, 1676.0734, 3720.2505, 1718.3552, 4190.6461, 1653.6686, 3533.0809, 1603.2885, 2130.0361, 1642.6297, 3126.2435, 1595.1641, 1627.1107, 1593.7048, 1623.9662
336.0560, 1674.9550, 3721.2750, 1715.7379, 4193.2241, 1656.2057, 3524.3519, 1606.8295, 2127.5311, 1641.1287, 3130.2934, 1597.3998, 1627.3117, 1593.2066, 1624.4998
337.0560, 1676.6654, 3724.6448, 1718.7300, 4191.6881, 1654.7963, 3516.6667, 1604.2033, 2130.1180, 1643.0170, 3127.5589, 1596.3111, 1626.9328, 1593.8004, 1624.8492
338.0560, 1675.1184, 3728.3151, 1716.4548, 4192.1533, 1655.5926, 3518.3947, 1606.4131, 2131.2033, 1641.0539, 3128.0349, 1595.5837, 1627.1261, 1593.6611, 1623.5394
339.0560, 1674.3268, 3730.5587, 1717.4391, 4199.9004, 1655.9698, 3506.9123, 1603.8525, 2128.6590, 1639.3034, 3128.1926, 1595.7478, 1625.5308, 1593.5241, 1624.1639
340.0560, 1675.5470, 3731.3601, 1716.2045, 4201.1180, 1655.6189, 3500.1345, 1605.4000, 2125.4197, 1639.7984, 3127.3154, 1595.7357, 1625.2599, 1593.4029, 1624.3111
341.0560, 1674.4530, 3723.7632, 1717.7392, 4202.4797, 1654.4357, 3500.0010, 1605.8820, 2130.8033, 1639.7555, 3124.2006, 1595.2263, 1624.6872, 1593.9155, 1623.6790
342.0560, 1673.6115, 3730.6595, 1717.4653, 4162.7969, 1655.9298, 3492.5741, 1604.3967, 2130.8754, 1642.5489, 3130.4910, 1596.0022, 1625.9631, 1593.6168, 1624.6924
343.0560, 1675.3894, 3730.7153, 1717.5675, 4170.9633, 1655.9035, 3492.4698, 1606.3213, 2131.8984, 1640.7395, 3127.3084, 1596.6514, 1626.6735, 1594.7310, 1624.8827
344.0560, 1673.4139, 3731.6605, 1716.7549, 4177.7064, 1656.5994, 3487.1930, 1604.3508, 2126.2787, 1641.7295, 3129.4531, 1595.2577, 1626.6823, 1593.4380, 1623.8878
345.0560, 1673.9579, 3726.1458, 1715.8637, 4178.8834, 1653.9230, 3480.8246, 1604.6820, 2122.7475, 1640.8962, 3129.4012, 1595.7346, 1626.3293, 1592.5738, 1624.7115
346.0560, 1675.8141, 3722.5920, 1718.5531, 4183.8283, 1654.3918, 3480.1618, 1607.2656, 2132.0328, 1640.6816, 3128.3164, 1596.0363, 1626.3343, 1593.2407, 1623.9095
347.0560, 1675.3317, 3721.8973, 1715.9790, 4189.7706, 1654.1969, 3475.8723, 1606.3410, 2129.6951, 1640.3723, 3126.0868, 1596.6591, 1626.6366, 1592.7491, 1623.9675
348.0560, 1676.1419, 3722.1849, 1716.3997, 4179.4364, 1654.0400, 3473.6433, 1604.3115, 2126.9541, 1641.3194, 3127.8932, 1596.1030, 1627.8194, 1593.7947, 1623.5011
349.0560, 1674.4648, 3721.0871, 1716.2569, 4136.3617, 1654.8392, 3467.2807, 1606.7902, 2126.4557, 1640.7735, 3126.6986, 1596.1228, 1626.0121, 1593.7271, 1624.4303
350.0560, 1675.0812, 3720.5450, 1716.4718, 4143.5059, 1652.4756, 3463.9834, 1606.0131, 2133.8557, 1640.0549, 3128.5509, 1596.0655, 1626.9268, 1593.3016, 1623.9535
351.0560, 1673.6204, 3718.7769, 1717.8336, 4151.2045, 1654.2690, 3462.6462, 1608.6754, 2123.6033, 1641.1487, 3129.3044, 1596.4824, 1626.3662, 1593.6325, 1624.4310
352.0560, 1674.0753, 3708.8943, 1717.1560, 4152.6815, 1654.5058, 3459.0214, 1605.1049, 2127.5934, 1641.0489, 3131.7206, 1597.2533, 1625.6426, 1593.7848, 1624.7820
353.0560, 1674.9061, 3701.8268, 1717.3526, 4158.3159, 1653.5682, 3456.5322, 1606.4426, 2125.4984, 1640.5729, 3132.0559, 1595.5446, 1627.3315, 1593.3522, 1623.3028
354.0560, 1676.2172, 3665.0215, 1717.0367, 4155.7654, 1654.0390, 3450.5819, 1604.3574, 2127.3508, 1640.5838, 3126.0788, 1596.1459, 1626.7858, 1594.3762, 1623.9350
355.0560, 1675.6605, 3656.5832, 1716.6042, 4158.1140, 1653.6404, 3448.3996, 1604.9607, 2127.2098, 1641.8533, 3132.4112, 1595.9157, 1625.9240, 1592.8846, 1623.7785
356.0560, 1676.2427, 3659.2965, 1718.2647, 4158.0813, 1652.5692, 3442.6014, 1605.5770, 2126.1607, 1640.1238, 3131.6507, 1596.2236, 1626.2296, 1592.8001, 1623.4017
357.0560, 1676.2123, 3623.6937, 1717.0760, 4160.2241, 1654.3762, 3442.7788, 1605.7770, 2126.2656, 1641.7665, 3130.8174, 1596.4615, 1626.3392, 1594.1109, 1624.3220
358.0560, 1675.3562, 3619.3219, 1715.1337, 4156.8231, 1654.4074, 3438.5965, 1605.2262, 2125.6066, 1641.2605, 3128.5749, 1596.5380, 1626.9791, 1594.2212, 1624.3526
359.0560, 1677.2828, 3587.4932, 1714.8938, 4160.1874, 1653.2622, 3432.6930, 1605.6656, 2126.0820, 1639.7545, 3131.5998, 1595.9515, 1626.2126, 1593.4893, 1623.7931
360.0560, 1676.2427, 3582.3444, 1715.7824, 4163.6815, 1651.7943, 3426.2992, 1604.0230, 2123.0033, 1639.4012, 3132.3353, 1595.4416, 1625.5677, 1593.8865, 1625.0708
361.0560, 1676.5587, 3537.8043, 1714.6802, 4167.9830, 1652.6306, 3426.1657, 1607.1016, 2127.3607, 1640.7665, 3131.1038, 1595.5330, 1625.5463, 1593.8148, 1623.7172
362.0560, 1677.2290, 3547.9902, 1715.2910, 4167.4744, 1653.3080, 3422.1959, 1606.2000, 2127.2656, 1641.1956, 3132.3144, 1596.1927, 1625.4747, 1593.8652, 1625.2547
363.0560, 1676.9168, 3550.0900, 1715.2962, 4172.7837, 1653.9191, 3418.4084, 1605.9869, 2124.4098, 1641.1487, 3130.1687, 1596.5083, 1627.4829, 1594.3054, 1624.1827
364.0560, 1677.9022, 3545.5117, 1716.1442, 4173.2359, 1654.1969, 3414.6472, 1607.5475, 2122.1607, 1641.0429, 3132.2804, 1595.4884, 1626.7852, 1593.3379, 1623.3430
365.0560, 1678.8601, 3518.5685, 1713.6356, 4191.8978, 1653.9552, 3425.8411, 1606.1279, 2127.2230, 1640.6148, 3131.6477, 1595.9290, 1626.5363, 1593.4029, 1624.4543
366.0560, 1677.8239, 3528.4325, 1717.7497, 4215.8218, 1654.0156, 3440.3324, 1606.9213, 2126.6393, 1640.2954, 3134.3343, 1595.7649, 1625.1872, 1594.8138, 1624.4128
367.0560, 1679.3053, 3531.1233, 1713.1468, 4212.4889, 1655.0341, 3448.3109, 1606.3115, 2123.9443, 1640.4631, 3132.7335, 1594.9323, 1625.2340, 1594.1109, 1623.9241
368.0560, 1679.1712, 3535.8855, 1718.6042, 4222.0970, 1655.3324, 3453.6559, 1607.2492, 2129.2098, 1640.2106, 3137.8353, 1596.5204, 1626.0920, 1593.7109, 1624.0979
369.0560, 1679.3170, 3549.0597, 1717.0092, 4233.0275, 1654.0010, 3460.3460, 1607.2590, 2124.5115, 1640.3503, 3140.3303, 1595.5419, 1626.6729, 1594.6082, 1624.6691
370.0560, 1678.8571, 3561.7769, 1715.3145, 4234.7392, 1654.0507, 3460.2018, 1605.1869, 2130.3574, 1641.2475, 3143.9072, 1595.6123, 1626.5193, 1594.5945, 1622.9506
371.0560, 1675.8816, 3568.4198, 1715.8113, 4251.4758, 1653.4571, 3456.4191, 1603.7311, 2128.6230, 1639.5279, 3143.0798, 1595.8838, 1626.7533, 1593.4992, 1625.2187
372.0560, 1679.0411, 3571.0783, 1715.1730, 4252.6160, 1655.3548, 3458.5536, 1604.9443, 2129.0787, 1639.3463, 3142.0749, 1594.3177, 1627.1349, 1592.5033, 1624.7284
373.0560, 1678.5969, 3582.9188, 1714.3447, 4261.4705, 1654.6647, 3464.2388, 1607.4689, 2126.9639, 1641.8483, 3141.2505, 1595.9499, 1625.4890, 1593.8511, 1623.5237
374.0560, 1679.5088, 3552.5205, 1716.6697, 4267.8847, 1656.0692, 3462.8879, 1605.2525, 2127.4623, 1641.3343, 3148.4311, 1596.1057, 1626.3045, 1595.0287, 1624.9315
375.0560, 1679.1859, 3557.3630, 1718.2372, 4270.5426, 1657.1891, 3465.0263, 1606.3410, 2124.7836, 1640.6527, 3150.5419, 1596.9416, 1626.8144, 1594.6784, 1624.2212
376.0560, 1679.5137, 3563.5920, 1716.3028, 4276.1612, 1654.8353, 3469.3450, 1607.2459, 2124.7377, 1641.2794, 3152.9301, 1595.8656, 1627.6999, 1593.7625, 1624.2726
377.0560, 1679.6654, 3574.7065, 1716.6029, 4283.1219, 1654.5673, 3467.5897, 1606.2393, 2127.3574, 1641.6327, 3148.3762, 1595.7467, 1627.0573, 1594.2942, 1624.3985
378.0560, 1678.6301, 3578.0959, 1715.9384, 4288.6972, 1656.9074, 3468.3626, 1605.0164, 2125.9574, 1642.1657, 3151.8743, 1596.7285, 1627.0975, 1594.6242, 1625.0877
379.0560, 1679.8562, 3589.4873, 1718.0826, 4294.4509, 1654.9337, 3469.0741, 1609.1738, 2123.7869, 1641.0868, 3151.7545, 1595.5975, 1626.7852, 1593.9216, 1623.4460
380.0560, 1677.5362, 3584.6575, 1716.8427, 4293.1848, 1655.4513, 3467.9678, 1604.6590, 2129.1279, 1640.4800, 3152.6457, 1596.3326, 1626.2583, 1593.2681, 1624.1941
381.0560, 1677.5284, 3595.2632, 1717.5885, 4271.6042, 1654.7661, 3469.4474, 1606.9279, 2126.1967, 1640.7884, 3151.2036, 1594.8767, 1625.8915, 1594.4157, 1624.6793
382.0560, 1678.4207, 3596.5196, 1718.4456, 4270.8965, 1655.4376, 3472.0195, 1606.0098, 2124.6230, 1640.3473, 3154.8832, 1595.4301, 1626.5110, 1594.0800, 1623.9296
383.0560, 1679.6204, 3562.2055, 1718.4797, 4277.5583, 1655.9737, 3473.9006, 1605.1508, 2125.6328, 1640.4571, 3154.2725, 1595.0028, 1626.1635, 1593.9420, 1623.7501
384.0560, 1677.4413, 3570.5695, 1719.3512, 4279.8362, 1657.2212, 3474.5887, 1606.2951, 2128.5115, 1639.5758, 3154.6946, 1596.0876, 1625.9708, 1593.5461, 1624.6127
385.0560, 1679.2368, 3582.8982, 1717.1442, 4285.3853, 1654.4620, 3476.9922, 1606.5049, 2124.4459, 1640.9531, 3152.6846, 1595.8596, 1626.5297, 1593.4928, 1623.8706
386.0560, 1678.2720, 3592.9726, 1719.3329, 4293.9895, 1654.8519, 3473.4893, 1605.5574, 2125.0000, 1639.9521, 3154.5539, 1595.2428, 1626.3073, 1593.8977, 1624.7985
387.0560, 1677.7270, 3597.6213, 1717.6278, 4289.7903, 1655.6238, 3468.7164, 1605.6000, 2123.4230, 1641.6836, 3155.3802, 1595.3717, 1624.5198, 1594.0293, 1625.7858
388.0560, 1677.6311, 3605.3620, 1717.9397, 4294.4902, 1654.8928, 3467.3840, 1605.4885, 2125.6197, 1639.8393, 3154.5080, 1595.0160, 1625.4312, 1594.3108, 1624.4428
389.0560, 1678.7006, 3606.2661, 1718.7431, 4289.9476, 1655.8743, 3472.3499, 1606.1508, 2122.8951, 1641.8034, 3151.9641, 1596.4851, 1625.5677, 1593.8703, 1622.7762
390.0560, 1676.8307, 3610.5558, 1718.5020, 4294.0446, 1656.5409, 3468.1891, 1604.2984, 2127.1770, 1641.7834, 3156.6537, 1595.8062, 1625.8882, 1595.0086, 1624.1266
391.0560, 1678.4315, 3613.5499, 1717.1704, 4299.8309, 1655.3587, 3469.7797, 1605.8590, 2125.1607, 1641.9721, 3156.1487, 1594.7825, 1626.5215, 1593.9493, 1622.6682
392.0560, 1680.0587, 3586.2573, 1716.8624, 4299.6684, 1655.0195, 3470.5507, 1606.2754, 2124.6131, 1641.0529, 3158.7096, 1595.8409, 1625.9785, 1593.8636, 1624.0386
393.0560, 1677.8562, 3594.7975, 1718.2739, 4305.1940, 1655.2261, 3467.5526, 1604.6852, 2125.6164, 1640.9112, 3157.5319, 1594.2990, 1626.1289, 1593.4377, 1624.5273
394.0560, 1677.7515, 3605.8924, 1719.2228, 4305.1088, 1655.8021, 3470.4230, 1605.9770, 2124.6033, 1640.7465, 3156.2605, 1595.3365, 1626.0633, 1594.1450, 1623.6650
395.0560, 1676.9384, 3610.9648, 1717.0419, 4298.6723, 1655.6881, 3465.5263, 1605.8328, 2125.9016, 1640.0409, 3160.9731, 1595.9218, 1626.4268, 1594.0389, 1624.0032
396.0560, 1676.9100, 3613.7720, 1716.5754, 4293.1887, 1655.5536, 3466.2602, 1604.0295, 2125.4623, 1639.2984, 3156.6118, 1594.8557, 1624.6916, 1593.3714, 1624.1077
397.0560, 1677.0313, 3619.7299, 1715.8611, 4299.8021, 1655.0780, 3468.1004, 1605.4492, 2122.7607, 1640.3363, 3161.8822, 1595.4653, 1626.1316, 1593.3784, 1624.5215
398.0560, 1678.6301, 3621.7661, 1717.8047, 4293.6737, 1655.4435, 3466.5409, 1606.3869, 2123.9180, 1640.9082, 3158.5160, 1594.4972, 1626.0606, 1593.0363, 1623.3915
399.0560, 1678.8875, 3632.5509, 1719.2621, 4298.2228, 1654.6267, 3476.7437, 1605.0721, 2123.0754, 1639.5299, 3154.0060, 1596.5270, 1625.2781, 1593.3258, 1623.4931
400.0560, 1676.6957, 3632.9374, 1719.6592, 4302.3316, 1654.9035, 3472.8977, 1604.8164, 2122.7311, 1639.2216, 3157.3503, 1593.7985, 1626.3822, 1594.0328, 1623.7376
401.0560, 1677.5401, 3627.8924, 1717.5203, 4307.0760, 1654.8558, 3475.4795, 1604.6984, 2123.8393, 1640.6208, 3158.2116, 1595.1432, 1625.1817, 1593.0019, 1623.2231
402.0560, 1678.3620, 3632.0509, 1718.1966, 4302.3394, 1652.9620, 3474.6715, 1604.8328, 2116.6393, 1640.7884, 3155.6916, 1595.2610, 1625.7996, 1593.3398, 1623.5505
403.0560, 1675.6106, 3630.9403, 1716.1586, 4306.1088, 1654.2271, 3472.3168, 1606.4951, 2120.2984, 1640.8353, 3157.0020, 1595.6008, 1626.7225, 1593.4603, 1623.3672
404.0560, 1676.0020, 3632.9765, 1716.0262, 4312.0852, 1654.3889, 3471.8255, 1605.0328, 2120.5672, 1639.2186, 3158.9860, 1595.5077, 1625.8177, 1593.4351, 1624.4256
405.0560, 1678.1468, 3637.9834, 1716.2163, 4312.1835, 1655.1988, 3470.7018, 1605.1049, 2117.2230, 1640.3453, 3158.2655, 1597.2395, 1626.5490, 1593.9908, 1623.5445
406.0560, 1676.7202, 3639.0010, 1716.3853, 4306.1468, 1654.7076, 3468.6082, 1605.0820, 2120.0361, 1640.4132, 3159.1916, 1594.8469, 1627.5876, 1593.3357, 1623.8862
407.0560, 1677.8640, 3646.7965, 1718.8493, 4308.8611, 1655.4405, 3471.5283, 1604.8426, 2118.2984, 1640.3473, 3156.1936, 1595.9378, 1625.7450, 1593.5384, 1624.3012
408.0560, 1675.8249, 3652.2867, 1716.7274, 4306.5557, 1655.3450, 3474.3382, 1605.2951, 2125.1803, 1641.1427, 3158.9860, 1596.0215, 1625.5452, 1592.8766, 1623.9468
409.0560, 1677.4716, 3623.5245, 1716.2779, 4311.7195, 1654.9415, 3472.1901, 1605.4820, 2119.8393, 1640.9032, 3160.9212, 1595.3585, 1627.1454, 1594.3083, 1624.5193
410.0560, 1676.6595, 3577.8757, 1717.8676, 4303.1219, 1655.2827, 3470.9951, 1606.6852, 2115.2754, 1640.1946, 3155.4202, 1594.1547, 1626.4983, 1593.9417, 1624.1399
411.0560, 1677.1350, 3592.8728, 1718.1271, 4307.4875, 1655.1715, 3481.1121, 1605.4033, 2121.4393, 1640.0858, 3155.7814, 1596.0815, 1624.7324, 1593.6557, 1624.2694
412.0560, 1679.8405, 3586.1115, 1718.8820, 4310.4744, 1653.9834, 3476.3840, 1606.0393, 2118.0000, 1640.2735, 3158.9930, 1595.3816, 1626.5622, 1594.3672, 1624.7090
413.0560, 1677.6820, 3587.5528, 1717.2647, 4300.2202, 1655.6540, 3478.7641, 1607.1016, 2117.5770, 1640.2275, 3155.6178, 1595.8320, 1625.8205, 1594.8314, 1624.1489
414.0560, 1677.7994, 3582.5401, 1717.1730, 4303.7379, 1657.1179, 3478.3626, 1607.4230, 2120.7246, 1641.6467, 3157.8912, 1597.1002, 1625.8133, 1594.5081, 1624.9296
415.0560, 1677.2339, 3585.3317, 1715.8021, 4309.1638, 1653.9990, 3477.7797, 1605.3377, 2117.7967, 1638.4760, 3154.2924, 1596.1327, 1625.8976, 1594.0003, 1623.8253
416.0560, 1677.7603, 3579.6517, 1716.7418, 4307.1206, 1655.9591, 3481.0663, 1603.4590, 2118.9049, 1639.8962, 3153.9461, 1595.6553, 1627.4653, 1593.5955, 1623.9809
417.0560, 1678.8278, 3552.6585, 1716.7995, 4311.3499, 1655.7193, 3483.1072, 1608.5148, 2119.7475, 1640.3433, 3154.6128, 1595.4813, 1626.6718, 1594.4619, 1624.8652
418.0560, 1680.5920, 3551.7495, 1716.8047, 4305.6173, 1655.8694, 3480.9630, 1605.1803, 2119.4328, 1641.1707, 3154.5749, 1596.1278, 1626.9697, 1594.9130, 1623.7504
419.0560, 1679.0059, 3521.7554, 1717.2634, 4308.4509, 1655.3752, 3478.8811, 1607.1803, 2115.4230, 1640.6647, 3153.7784, 1595.3937, 1626.6740, 1594.0379, 1625.1811
420.0560, 1679.8748, 3464.8170, 1717.3172, 4308.0603, 1655.0731, 3479.4045, 1605.4623, 2117.2525, 1641.2675, 3156.5329, 1596.4482, 1625.4570, 1593.3742, 1623.8897
421.0560, 1680.5861, 3437.6096, 1718.1245, 4296.2490, 1655.2544, 3476.7729, 1606.0885, 2119.0426, 1639.0968, 3154.3204, 1595.4020, 1626.4477, 1594.3363, 1623.8970
422.0560, 1680.3581, 3447.7534, 1716.6186, 4292.0105, 1655.1540, 3482.2563, 1606.0164, 2120.5311, 1639.6567, 3150.4321, 1596.7048, 1626.3954, 1593.8741, 1624.5355
423.0560, 1682.2603, 3393.6380, 1716.3670, 4291.7759, 1654.3713, 3479.1423, 1607.1738, 2115.4689, 1638.7824, 3151.6667, 1595.7506, 1625.4895, 1594.3931, 1624.5161
424.0560, 1680.5861, 3403.9227, 1717.4535, 4296.0197, 1654.8002, 3480.5302, 1605.0295, 2114.9508, 1638.6836, 3149.9870, 1595.1030, 1625.0771, 1594.2337, 1623.9959
425.0560, 1680.1986, 3419.9736, 1716.3368, 4288.8807, 1655.3372, 3475.4269, 1605.4295, 2121.0951, 1640.2226, 3153.4870, 1595.8442, 1625.9356, 1593.5875, 1623.6994
426.0560, 1681.8836, 3337.6272, 1709.0406, 3956.9502, 1650.2836, 3290.0409, 1604.2721, 2107.5443, 1640.6487, 3138.2455, 1596.8926, 1625.8442, 1594.3382, 1623.7836
427.0560, 1684.3346, 3137.2896, 1709.8716, 3842.2202, 1648.0575, 3244.5614, 1604.4295, 2102.6918, 1637.6128, 3137.5299, 1594.1211, 1626.6652, 1593.5139, 1624.4425
428.0560, 1687.2613, 2997.5705, 1713.1455, 3717.7942, 1647.0731, 3220.6394, 1604.7705, 2101.7967, 1638.4092, 3136.6487, 1595.2335, 1624.6096, 1593.9493, 1624.6764
429.0560, 1689.1380, 2864.1673, 1714.2779, 3459.3722, 1645.7456, 3200.0673, 1605.3246, 2101.6787, 1639.8812, 3135.6387, 1595.9780, 1625.6520, 1593.4131, 1623.8358
430.0560, 1691.7241, 2763.4530, 1718.6409, 3240.9554, 1647.3674, 3185.5302, 1604.7377, 2098.2262, 1640.2226, 3130.3313, 1595.5831, 1625.2456, 1593.6841, 1624.8527
431.0560, 1694.1879, 2668.8875, 1721.2503, 3010.5740, 1647.5010, 3173.0253, 1604.4557, 2099.2164, 1640.9112, 3130.8942, 1596.4416, 1625.9752, 1594.3318, 1623.4001
432.0560, 1694.8562, 2598.0978, 1714.4391, 2804.9777, 1642.7271, 3023.6725, 1604.3377, 2044.0230, 1638.3593, 3135.7754, 1595.9279, 1625.9983, 1593.7858, 1624.6146
433.0560, 1695.7045, 2549.0861, 1716.4220, 2703.3408, 1642.3489, 3022.0409, 1605.0820, 2046.4164, 1639.0469, 3127.2445, 1595.3056, 1625.1746, 1593.7453, 1624.3615
434.0560, 1693.8620, 2513.6644, 1713.5570, 2750.8834, 1642.7885, 3015.0614, 1602.8393, 2042.2787, 1638.2894, 3117.5250, 1594.5798, 1627.2384, 1594.4023, 1625.0124
435.0560, 1694.2123, 2466.7642, 1711.7353, 2784.5950, 1641.2096, 3010.9318, 1604.8885, 2030.7574, 1639.5080, 3107.6028, 1595.6200, 1627.0099, 1593.9254, 1624.6427
436.0560, 1693.3992, 2445.1986, 1709.8676, 2820.1166, 1642.1608, 3004.0906, 1605.3770, 2014.0459, 1639.0529, 3101.2186, 1594.6283, 1626.4515, 1594.5875, 1624.6111
437.0560, 1694.5519, 2445.1908, 1710.5033, 2831.2910, 1643.4990, 3001.1920, 1601.7574, 1971.2885, 1639.2545, 3096.6148, 1595.9091, 1626.1492, 1593.2901, 1625.0322
438.0560, 1692.3562, 2426.5626, 1708.0996, 2870.4718, 1640.8275, 2999.7427, 1603.6689, 1915.9705, 1638.8373, 3093.4471, 1594.5352, 1626.1977, 1592.4829, 1624.9994
439.0560, 1694.0362, 2399.6634, 1709.5937, 2898.4600, 1642.6813, 2992.4230, 1604.3836, 1868.4852, 1638.3772, 3089.4790, 1595.6228, 1626.3040, 1593.4641, 1623.7698
440.0560, 1694.4638, 2380.8845, 1707.4561, 2929.0931, 1640.8704, 2988.6598, 1605.4000, 1846.4131, 1636.5908, 3089.9790, 1595.9405, 1626.4730, 1593.3146, 1623.1266
441.0560, 1693.8943, 2373.0382, 1706.0550, 2952.0734, 1642.2632, 2989.7251, 1604.8525, 1831.8459, 1637.9850, 3088.8962, 1595.1145, 1625.3987, 1594.0434, 1623.7102
442.0560, 1694.3014, 2375.0851, 1704.1769, 2977.6461, 1641.5058, 2987.7027, 1605.7279, 1823.1279, 1639.9321, 3085.8263, 1596.9774, 1626.2649, 1593.8183, 1623.7734
443.0560, 1694.2691, 2365.5010, 1703.1900, 3000.8702, 1641.1735, 2986.1891, 1604.0033, 1817.7148, 1638.9212, 3089.1856, 1594.9306, 1627.5413, 1593.4157, 1624.4664
444.0560, 1695.4178, 2357.2035, 1706.1009, 3022.3421, 1641.2290, 2977.5049, 1606.8393, 1813.0262, 1638.2525, 3089.9441, 1595.7990, 1625.4681, 1594.3711, 1623.4071
445.0560, 1694.4569, 2353.9119, 1704.9699, 3047.0288, 1642.5439, 2971.4844, 1604.8000, 1809.0459, 1637.3982, 3093.8024, 1595.0628, 1626.1256, 1593.9624, 1623.5738
446.0560, 1696.5479, 2376.6458, 1703.4587, 3070.2176, 1641.4542, 2967.7271, 1605.6131, 1805.5869, 1640.3014, 3095.2685, 1595.7373, 1626.7764, 1593.5805, 1624.6847
447.0560, 1695.8659, 2366.6321, 1702.7877, 3082.4915, 1641.4444, 2965.7505, 1604.5148, 1801.0656, 1639.6866, 3094.5639, 1595.7026, 1625.5044, 1593.2375, 1623.9362
448.0560, 1695.7417, 2366.0049, 1703.4168, 3107.6186, 1640.3197, 2965.0019, 1607.8262, 1801.3311, 1640.0629, 3099.0279, 1596.5413, 1628.0319, 1593.9560, 1624.6455
449.0560, 1695.0988, 2368.1135, 1701.9581, 3124.2883, 1640.4240, 2963.0341, 1604.2852, 1799.6787, 1637.4331, 3095.4142, 1596.1498, 1626.5446, 1594.9547, 1624.5135
450.0560, 1696.2466, 2368.8434, 1700.9843, 3141.0092, 1640.7895, 2963.7700, 1604.2197, 1796.7836, 1639.2255, 3098.6477, 1594.4350, 1626.9774, 1594.0685, 1623.9493
451.0560, 1695.4892, 2360.9384, 1699.9908, 3157.3145, 1640.7271, 2957.4181, 1604.4656, 1795.0689, 1637.5299, 3100.2106, 1596.2203, 1627.0363, 1594.1489, 1624.1619
452.0560, 1696.9667, 2344.8366, 1699.0183, 3176.7523, 1640.8821, 2957.2368, 1603.5672, 1790.2230, 1640.2784, 3099.5998, 1596.8921, 1626.1619, 1592.5614, 1623.6780
453.0560, 1696.7661, 2340.1438, 1700.8873, 3194.4246, 1639.1511, 2953.4708, 1605.9803, 1789.0197, 1637.6058, 3099.4840, 1595.6454, 1625.9301, 1594.6933, 1624.5215
454.0560, 1696.0352, 2330.9677, 1699.4810, 3210.3748, 1642.0283, 2950.2183, 1603.3508, 1788.0787, 1640.5778, 3100.6637, 1595.4135, 1627.3018, 1593.6468, 1624.8534
455.0560, 1696.5127, 2343.7221, 1700.5256, 3220.1350, 1641.6715, 2948.5156, 1601.8852, 1788.3869, 1638.7665, 3102.0818, 1596.0011, 1625.4372, 1594.6031, 1624.0099
456.0560, 1696.5597, 2353.0832, 1699.2739, 3232.3775, 1640.4396, 2947.2846, 1604.4623, 1783.4098, 1638.7595, 3101.6257, 1596.4752, 1626.3133, 1594.2034, 1624.9149
457.0560, 1696.7681, 2373.0636, 1701.0642, 3123.8558, 1641.2378, 2937.5906, 1606.0754, 1785.4361, 1640.2864, 3107.1337, 1595.9328, 1626.4191, 1594.3577, 1624.5732
458.0560, 1696.4374, 2385.9315, 1702.4050, 2993.6265, 1642.4766, 2933.9795, 1606.6984, 1783.0656, 1639.6727, 3107.6267, 1595.3420, 1626.8805, 1593.9146, 1623.4527
459.0560, 1696.4305, 2384.1135, 1702.4535, 3026.9240, 1640.7544, 2932.0097, 1604.2262, 1779.5705, 1639.9571, 3102.3224, 1596.8194, 1626.2043, 1593.6462, 1623.5330
460.0560, 1696.5147, 2387.1429, 1698.3368, 3042.1782, 1639.4269, 2930.8928, 1604.5967, 1779.6033, 1639.5399, 3108.8184, 1595.3684, 1626.7170, 1592.5888, 1623.8317
461.0560, 1695.8072, 2381.8395, 1702.5360, 3061.0852, 1642.0575, 2929.5361, 1605.5410, 1777.6033, 1638.2924, 3104.8403, 1594.5501, 1626.4950, 1594.8046, 1624.2496
462.0560, 1694.6292, 2382.0088, 1698.5649, 3078.0249, 1640.1014, 2927.7242, 1603.4459, 1775.4623, 1639.0868, 3107.0359, 1595.2098, 1625.8706, 1593.4737, 1625.0249
463.0560, 1695.0352, 2398.3620, 1700.8834, 3097.8113, 1640.0575, 2928.0634, 1604.0492, 1774.9934, 1639.6697, 3106.2944, 1595.3293, 1625.3293, 1594.0539, 1624.7376
464.0560, 1696.2378, 2389.9834, 1698.2398, 3116.8336, 1641.3353, 2926.8021, 1602.6852, 1775.3639, 1639.4122, 3106.7685, 1596.7996, 1625.5182, 1594.4826, 1625.1326
465.0560, 1696.9814, 2392.5029, 1698.5360, 3133.5609, 1639.6910, 2922.3002, 1605.4590, 1772.6721, 1639.1158, 3107.6896, 1595.7280, 1625.9251, 1595.2875, 1623.9426
466.0560, 1696.1135, 2390.0959, 1697.7693, 3151.9554, 1639.2222, 2925.3158, 1604.4590, 1776.4590, 1639.5130, 3106.5888, 1595.1041, 1625.9670, 1593.6478, 1624.6471
467.0560, 1695.8072, 2378.6047, 1697.9266, 3137.6763, 1640.4308, 2918.5409, 1605.4000, 1768.7475, 1639.3124, 3104.7924, 1594.6338, 1625.7919, 1593.2200, 1624.2604
468.0560, 1695.6311, 2381.4980, 1696.9030, 3157.5649, 1639.8138, 2924.3645, 1604.2066, 1771.3016, 1638.0569, 3105.0429, 1595.7941, 1626.2506, 1593.5735, 1623.6761
469.0560, 1695.6937, 2388.5724, 1696.7130, 3172.6029, 1640.5292, 2916.8314, 1604.5508, 1770.1902, 1640.0180, 3104.3972, 1595.4785, 1626.0264, 1593.5926, 1623.9060
470.0560, 1695.0362, 2383.3933, 1696.5374, 3184.6881, 1640.5517, 2913.8304, 1605.5475, 1768.0557, 1639.1836, 3107.3164, 1595.7417, 1625.2137, 1593.4294, 1624.3105
471.0560, 1695.0832, 2388.4540, 1695.9161, 3191.4705, 1642.1832, 2910.5039, 1604.0066, 1766.9475, 1638.9920, 3110.0559, 1595.9873, 1626.8849, 1594.3395, 1623.8240
472.0560, 1695.9941, 2411.4951, 1696.4548, 3208.6422, 1640.4776, 2909.3138, 1606.7574, 1766.7344, 1638.6297, 3109.9980, 1595.9653, 1626.0441, 1594.5186, 1624.9841
473.0560, 1696.6556, 2416.5284, 1696.8087, 3222.7261, 1639.9279, 2905.1881, 1606.2590, 1764.1377, 1639.1317, 3108.3673, 1597.4207, 1625.9884, 1594.0045, 1624.5018
474.0560, 1696.7358, 2425.8063, 1694.9790, 3232.1756, 1641.1189, 2900.9327, 1604.2820, 1762.3311, 1639.7505, 3110.4331, 1596.6834, 1626.9279, 1594.8177, 1624.8087
475.0560, 1696.6106, 2445.9462, 1694.2543, 3240.1245, 1640.5750, 2902.1442, 1605.0820, 1760.5541, 1638.8293, 3104.6497, 1596.2594, 1626.4686, 1593.7960, 1624.8852
476.0560, 1693.7720, 2447.7994, 1695.1560, 3253.5570, 1641.1170, 2895.4561, 1604.4295, 1762.8262, 1639.4022, 3110.4032, 1595.9025, 1626.5754, 1594.4852, 1624.9178
477.0560, 1696.8875, 2444.2622, 1694.7051, 3261.8453, 1640.9113, 2890.2476, 1603.6590, 1761.4885, 1639.0958, 3109.1537, 1595.9202, 1626.1074, 1594.2346, 1625.0354
478.0560, 1696.5636, 2415.5519, 1694.4941, 3263.7195, 1640.9357, 2890.0546, 1605.3246, 1762.4098, 1640.0230, 3111.1437, 1596.5391, 1626.4488, 1594.1839, 1624.7227
479.0560, 1695.6566, 2427.9892, 1695.5780, 3248.0066, 1641.0906, 2886.9474, 1604.4787, 1756.1836, 1639.0110, 3112.3762, 1597.1536, 1626.8959, 1594.8887, 1624.0437
480.0560, 1694.9677, 2441.4775, 1693.6723, 3256.7405, 1639.9552, 2884.9532, 1603.6098, 1757.5246, 1640.0858, 3113.4770, 1596.0154, 1626.9069, 1594.7580, 1623.3510
481.0560, 1694.0851, 2433.3816, 1693.4482, 3266.7392, 1640.7251, 2886.3743, 1604.0590, 1756.2361, 1638.8713, 3113.5180, 1595.8579, 1626.1691, 1593.7823, 1623.5161
482.0560, 1695.2162, 2439.8033, 1693.2608, 3276.0682, 1640.2446, 2883.3509, 1604.5213, 1755.6164, 1639.4870, 3115.3144, 1595.5292, 1625.6024, 1594.6933, 1624.7169
483.0560, 1694.7730, 2438.0274, 1693.6710, 3281.4823, 1640.6423, 2884.1725, 1602.7082, 1752.0951, 1640.0619, 3114.2435, 1597.0887, 1626.2693, 1594.6018, 1624.0233
484.0560, 1693.6223, 2448.8718, 1691.5334, 3289.8414, 1640.7661, 2879.8246, 1604.5902, 1755.3344, 1640.9661, 3112.0868, 1595.6861, 1625.9796, 1593.9053, 1624.2168
485.0560, 1693.0303, 2479.0538, 1691.9423, 3295.3591, 1639.8460, 2879.3879, 1601.2000, 1751.9443, 1638.9461, 3117.7774, 1594.1988, 1625.7164, 1594.0249, 1623.8240
486.0560, 1696.8229, 2486.0235, 1695.0485, 3364.6579, 1642.3148, 2926.3558, 1603.3246, 1752.8852, 1639.7216, 3126.0409, 1596.1443, 1625.6239, 1594.8406, 1625.4278
487.0560, 1694.4804, 2501.1155, 1698.2241, 3371.2136, 1641.3255, 2952.2271, 1602.6131, 1750.8852, 1639.3723, 3125.1257, 1595.9581, 1625.9637, 1595.1237, 1623.5559
488.0560, 1694.5059, 2535.0470, 1701.3591, 3377.3159, 1644.4854, 2980.0731, 1603.9967, 1752.3574, 1639.7465, 3129.0250, 1595.2797, 1625.9659, 1594.5996, 1624.5738
489.0560, 1694.8092, 2571.5108, 1702.1258, 3376.0629, 1644.3879, 2990.1413, 1602.9836, 1746.8623, 1640.5768, 3131.2874, 1595.3183, 1626.1790, 1593.7004, 1623.8693
490.0560, 1693.4687, 2602.6223, 1701.0537, 3362.0328, 1642.8830, 3001.8782, 1604.1803, 1748.7279, 1639.1557, 3129.6737, 1595.6002, 1626.5523, 1594.9665, 1622.8980
491.0560, 1692.8767, 2635.6654, 1700.8925, 3381.7706, 1645.3694, 3012.7632, 1603.5049, 1746.5148, 1639.5509, 3135.2186, 1595.9791, 1624.9350, 1594.0657, 1623.5553
492.0560, 1693.4706, 2670.7035, 1701.5596, 3392.6776, 1643.3996, 3019.3558, 1603.4492, 1746.4754, 1638.8872, 3130.0110, 1595.1421, 1626.1828, 1594.8250, 1623.6015
493.0560, 1693.2945, 2702.1869, 1699.2543, 3410.3604, 1643.3138, 3026.0029, 1603.1016, 1745.6721, 1638.2385, 3125.0659, 1595.5407, 1625.5044, 1593.3159, 1623.2904
494.0560, 1691.0890, 2737.3141, 1702.0983, 3417.0642, 1645.4786, 3030.9298, 1603.7934, 1746.1475, 1640.0110, 3121.7186, 1595.2654, 1625.0556, 1593.5011, 1623.4514
495.0560, 1691.8405, 2765.6751, 1701.5531, 3433.5400, 1644.7427, 3041.7671, 1603.6328, 1742.3475, 1641.1397, 3114.9701, 1595.9565, 1626.0187, 1594.2219, 1623.6908
496.0560, 1691.3239, 2794.7211, 1704.1022, 3441.4404, 1645.0945, 3044.9571, 1602.1115, 1742.0951, 1640.0798, 3118.9990, 1596.4273, 1624.7269, 1593.8365, 1623.8342
497.0560, 1690.0264, 2829.7025, 1703.1599, 3443.2582, 1644.2524, 3050.8986, 1603.2590, 1741.6951, 1637.0279, 3114.0978, 1595.3882, 1624.9890, 1594.0057, 1623.0513
498.0560, 1692.6751, 2852.7515, 1698.9633, 3440.9803, 1643.3246, 3037.6101, 1601.7541, 1739.0230, 1639.7295, 3107.3772, 1596.4130, 1625.5650, 1592.8776, 1623.0462
499.0560, 1690.3072, 2874.9706, 1698.7733, 3416.3198, 1643.0770, 3019.5565, 1603.0984, 1739.6885, 1639.9641, 3100.7236, 1595.5116, 1625.5765, 1594.1189, 1623.7262
500.0560, 1689.8483, 2898.6830, 1695.9043, 3416.3054, 1642.3879, 3010.2281, 1601.8787, 1742.5377, 1641.5778, 3059.5190, 1595.7737, 1624.6162, 1593.8601, 1624.2107
501.0560, 1687.5421, 2920.8180, 1698.3041, 3387.3473, 1643.6891, 3005.6686, 1600.2525, 1736.1213, 1640.5918, 3030.1677, 1594.8387, 1624.1052, 1594.1307, 1623.7727
502.0560, 1688.1164, 2941.7065, 1696.4653, 3395.3132, 1642.0341, 3005.8840, 1601.5279, 1735.6426, 1640.8433, 3023.6108, 1595.9273, 1625.4091, 1594.1419, 1623.3943
503.0560, 1689.3523, 2959.4990, 1698.6068, 3325.8991, 1643.5351, 3004.3031, 1602.2689, 1735.2689, 1640.5798, 3032.1068, 1596.6393, 1625.2142, 1594.2369, 1623.5314
504.0560, 1687.9393, 2979.5675, 1713.2883, 2419.5256, 1643.3596, 3001.5994, 1602.1180, 1734.6262, 1641.4810, 3032.3822, 1597.1079, 1625.1988, 1594.2821, 1623.7823
505.0560, 1688.4883, 2995.9521, 1714.1966, 2277.0917, 1643.2378, 3001.9844, 1601.2131, 1732.2361, 1640.3563, 3029.2735, 1595.8194, 1625.6222, 1594.2391, 1622.7494
506.0560, 1688.7074, 3014.7808, 1714.9148, 2233.0000, 1642.1598, 3002.3382, 1602.0557, 1735.6393, 1642.6826, 3025.5020, 1597.4317, 1624.9543, 1595.7982, 1622.9107
507.0560, 1689.3924, 3029.1751, 1716.4010, 2213.3761, 1641.8879, 3002.4259, 1601.8590, 1733.3705, 1642.3074, 3025.5808, 1596.7858, 1626.3513, 1593.5783, 1622.3720
508.0560, 1687.7740, 3041.0978, 1715.0996, 2206.4823, 1643.5419, 3003.0936, 1600.4721, 1733.5869, 1640.5958, 3031.6617, 1597.1646, 1625.9262, 1593.2435, 1622.4469
509.0560, 1687.6810, 3053.4853, 1713.4509, 2196.3932, 1643.3548, 3005.4016, 1601.5246, 1729.8131, 1643.5369, 3025.3683, 1596.1382, 1624.8563, 1593.6863, 1623.3076
510.0560, 1687.0900, 3062.8728, 1715.3054, 2195.2438, 1641.4776, 3003.0750, 1602.7443, 1732.7180, 1641.2565, 3021.3483, 1596.9058, 1624.2120, 1595.2420, 1622.9123
511.0560, 1684.9922, 3078.7299, 1713.6383, 2200.3001, 1640.3246, 3001.0370, 1601.6230, 1730.7770, 1642.5758, 3023.4621, 1597.2065, 1625.8337, 1594.7514, 1623.1948
512.0560, 1685.9188, 3090.2779, 1716.4640, 2194.1782, 1641.2953, 3000.4552, 1601.6197, 1728.7869, 1643.4112, 3018.1697, 1596.9537, 1624.2792, 1594.0427, 1622.1530
513.0560, 1685.7916, 3107.5538, 1712.8401, 2195.3145, 1642.1160, 3000.8587, 1600.3541, 1731.5246, 1642.7385, 3019.3713, 1596.0479, 1625.0765, 1594.5400, 1624.4058
514.0560, 1685.7299, 3120.6693, 1714.0052, 2186.9633, 1641.4883, 2997.5263, 1601.1377, 1726.7016, 1640.5130, 3019.0559, 1596.8282, 1625.1311, 1594.5046, 1622.7759
515.0560, 1686.2642, 3128.8229, 1715.1782, 2180.2477, 1640.8363, 2997.0750, 1600.7869, 1726.6721, 1642.7146, 3016.6936, 1596.7770, 1624.9185, 1594.1884, 1622.5767
516.0560, 1685.7994, 3141.6634, 1715.0393, 2185.2988, 1642.1618, 2997.9142, 1601.3574, 1725.8295, 1642.7006, 3017.2844, 1597.0143, 1624.9708, 1593.7284, 1621.8457
517.0560, 1685.5362, 3148.7476, 1715.2254, 2176.4089, 1641.2407, 2999.8655, 1602.2295, 1725.2164, 1642.1148, 3013.6367, 1595.5721, 1624.9862, 1594.2416, 1622.7571
518.0560, 1685.1184, 3156.3679, 1713.1756, 2178.2346, 1642.3733, 2991.9113, 1601.6623, 1726.5246, 1640.4760, 3009.8433, 1596.4604, 1625.1949, 1594.6870, 1623.1132
519.0560, 1684.4824, 3161.0352, 1712.1507, 2173.1638, 1640.9006, 2989.3869, 1602.9180, 1725.0885, 1640.5948, 3008.5589, 1597.3992, 1624.9686, 1593.3401, 1622.5037
520.0560, 1686.2358, 3152.6067, 1714.9227, 2176.0577, 1642.8606, 2986.5370, 1600.7607, 1724.0197, 1641.3034, 3007.7365, 1596.3067, 1625.5644, 1593.8221, 1623.1285
521.0560, 1685.2906, 3162.6223, 1712.2163, 2166.0891, 1642.3090, 2983.7476, 1600.8033, 1724.3869, 1642.8343, 3008.8313, 1597.0843, 1625.6300, 1594.1310, 1622.6694
522.0560, 1685.2622, 3165.5010, 1711.6461, 2166.8270, 1641.2982, 2987.8187, 1600.5639, 1723.6295, 1642.7056, 3008.8812, 1596.7896, 1625.7544, 1593.2289, 1622.4511
523.0560, 1684.3366, 3170.6057, 1712.1206, 2180.1337, 1641.4912, 2983.8216, 1601.2721, 1723.3541, 1642.4162, 3002.9012, 1596.3629, 1625.9994, 1594.0899, 1622.2273
524.0560, 1683.5401, 3173.7025, 1710.7536, 2185.6448, 1640.9269, 2979.8938, 1598.4492, 1725.5836, 1640.8513, 3004.8074, 1596.5132, 1625.2643, 1594.3921, 1622.9088
525.0560, 1682.7750, 3181.2016, 1711.8060, 2192.0734, 1640.8947, 2981.0507, 1600.8754, 1721.5279, 1642.5279, 2999.9261, 1596.2830, 1625.6256, 1594.3188, 1621.2748
526.0560, 1683.2789, 3184.5734, 1711.1691, 2190.3932, 1641.0780, 2976.0429, 1600.0590, 1721.9279, 1642.5279, 2995.4601, 1595.9515, 1624.3728, 1593.6159, 1622.6309
527.0560, 1683.7652, 3194.9658, 1712.0406, 2194.2569, 1640.3723, 2974.1511, 1599.5869, 1720.8098, 1643.6896, 2996.8892, 1595.7087, 1625.0975, 1593.7995, 1621.9675
528.0560, 1684.3689, 3203.8562, 1710.9803, 2197.3106, 1639.4669, 2975.4396, 1601.1443, 1718.2459, 1641.3693, 2994.4770, 1595.7990, 1625.6790, 1594.3535, 1622.2675
529.0560, 1684.0421, 3210.3777, 1711.1206, 2199.8073, 1640.5419, 2972.5166, 1601.2754, 1719.1639, 1641.4441, 2994.0729, 1595.4609, 1624.7087, 1594.3401, 1622.6911
530.0560, 1683.6859, 3219.9168, 1710.9685, 2200.4797, 1639.7144, 2974.1209, 1601.9115, 1718.3311, 1643.2944, 2992.1078, 1595.6790, 1624.7357, 1594.6838, 1622.8798
531.0560, 1684.0431, 3229.7779, 1708.7077, 2201.9069, 1640.3811, 2968.1803, 1600.2525, 1715.2164, 1642.1098, 2990.9960, 1595.2070, 1624.4620, 1594.5014, 1622.5904
532.0560, 1684.6429, 3234.1507, 1709.0393, 2205.1468, 1641.5926, 2969.9844, 1599.1902, 1717.5082, 1643.3493, 2989.6637, 1597.3585, 1625.8987, 1594.3070, 1622.9107
533.0560, 1683.6272, 3230.5861, 1710.6540, 2204.0236, 1641.2963, 2964.9873, 1598.9180, 1716.2426, 1641.0120, 2986.2924, 1597.0876, 1625.6641, 1594.7810, 1622.9694
534.0560, 1683.5068, 3233.6389, 1709.5439, 2204.8781, 1641.7037, 2962.6433, 1600.7672, 1714.8557, 1641.8263, 2974.1178, 1595.8645, 1625.5330, 1594.9455, 1623.0019
535.0560, 1681.7143, 3237.9873, 1710.5072, 2198.1298, 1639.7593, 2963.6842, 1599.7770, 1715.3902, 1643.1547, 2972.0978, 1596.3287, 1625.0589, 1595.0363, 1623.4138
536.0560, 1682.6292, 3235.8787, 1709.8702, 2196.9830, 1641.4581, 2958.4912, 1599.7738, 1714.5639, 1643.0689, 2960.1427, 1596.2015, 1625.3882, 1594.6165, 1622.7979
537.0560, 1685.0078, 3252.9237, 1709.0839, 2202.3080, 1640.6257, 2967.4883, 1598.9377, 1715.2918, 1642.7465, 2965.6896, 1596.0644, 1625.7285, 1593.1313, 1622.5244
538.0560, 1685.6458, 3263.9305, 1709.5505, 2207.5491, 1640.0175, 2968.5341, 1602.0033, 1716.2721, 1642.9501, 2965.3194, 1596.6503, 1625.8073, 1594.8830, 1622.7976
539.0560, 1685.6096, 3232.3924, 1711.4142, 2201.6540, 1640.4386, 2970.2856, 1599.7705, 1715.3180, 1642.4910, 2962.1507, 1596.9246, 1625.7032, 1594.6089, 1623.3006
540.0560, 1683.2495, 3222.3748, 1710.2058, 2202.2831, 1640.8986, 2966.4162, 1599.8852, 1716.4721, 1644.0259, 2953.9291, 1595.8888, 1626.2577, 1594.5426, 1623.0650
541.0560, 1685.8307, 3206.2916, 1713.4128, 2202.3106, 1639.1043, 2967.4435, 1601.1311, 1714.6656, 1643.9531, 2948.1667, 1595.8789, 1625.6096, 1594.2923, 1623.5094
542.0560, 1687.3757, 3176.9452, 1710.3827, 2200.4233, 1640.8002, 2967.7388, 1601.3705, 1712.7115, 1643.6058, 2942.5908, 1595.8331, 1625.3684, 1594.8687, 1623.2655
543.0560, 1686.6233, 3153.2994, 1711.3132, 2197.7379, 1641.4425, 2964.4737, 1599.2656, 1714.1115, 1643.8842, 2939.5928, 1596.5017, 1626.0534, 1594.4342, 1623.1683
544.0560, 1686.8249, 3161.3200, 1709.8362, 2195.1088, 1640.0234, 2962.2086, 1600.2885, 1710.2951, 1644.1208, 2937.2894, 1595.3491, 1624.2054, 1594.2620, 1622.3624
545.0560, 1685.6458, 3171.7564, 1710.4784, 2202.4286, 1639.7417, 2960.6384, 1601.6590, 1713.7410, 1643.5619, 2929.1667, 1595.8502, 1625.7990, 1593.6481, 1623.2094
546.0560, 1692.5998, 2850.5000, 1708.9908, 2156.3932, 1645.7690, 2535.1852, 1600.2328, 1709.4328, 1644.5629, 2924.3553, 1596.3965, 1625.5099, 1594.1929, 1624.2407
547.0560, 1707.7329, 2303.4276, 1704.1075, 2114.7077, 1653.2680, 2030.8255, 1599.9443, 1711.1803, 1643.8992, 2927.1956, 1595.3254, 1624.9978, 1593.0271, 1621.8151
548.0560, 1708.9883, 2212.1673, 1703.2031, 2110.6147, 1655.6462, 1991.2758, 1601.1541, 1710.4787, 1644.0459, 2928.7425, 1596.3524, 1624.8436, 1594.9468, 1623.3185
549.0560, 1709.1556, 2193.9540, 1702.1507, 2111.7772, 1652.7037, 1987.3353, 1601.5082, 1711.2262, 1644.9251, 2929.1138, 1596.2170, 1624.9427, 1594.4068, 1622.8282
550.0560, 1709.5127, 2188.0773, 1702.2280, 2113.4469, 1653.4113, 1990.5000, 1598.9180, 1708.7934, 1645.7485, 2931.2435, 1596.7285, 1625.5815, 1594.1600, 1623.6076
551.0560, 1708.3513, 2202.3816, 1701.1468, 2121.5793, 1652.9259, 2008.2320, 1599.2754, 1709.2492, 1646.8952, 2934.3633, 1597.3232, 1623.5727, 1594.0427, 1622.0249
552.0560, 1706.0108, 2239.1067, 1703.6081, 2151.1022, 1652.9366, 2049.8460, 1600.7377, 1708.2951, 1646.1707, 2927.3214, 1595.7164, 1624.5352, 1593.1517, 1622.6009
553.0560, 1704.8973, 2271.3474, 1706.3932, 2172.0354, 1652.5156, 2073.4552, 1600.3410, 1708.3377, 1645.7685, 2920.2904, 1596.3921, 1624.0545, 1594.9821, 1622.3771
554.0560, 1702.2975, 2295.9051, 1707.4771, 2181.3132, 1653.1462, 2087.4805, 1600.3508, 1708.5902, 1645.1876, 2916.3303, 1596.1300, 1624.1382, 1594.4077, 1622.3207
555.0560, 1702.0969, 2323.2622, 1707.9332, 2190.8165, 1653.6696, 2098.2505, 1601.2066, 1707.6525, 1643.3743, 2910.4780, 1595.6977, 1624.7472, 1595.4128, 1623.3363
556.0560, 1700.2632, 2338.1389, 1707.0904, 2197.6147, 1651.4708, 2106.6598, 1600.0885, 1707.4426, 1646.4411, 2905.0010, 1595.5661, 1625.0253, 1595.0669, 1622.3870
557.0560, 1700.8209, 2353.0489, 1708.1402, 2201.2464, 1653.1277, 2110.4376, 1598.3705, 1705.1934, 1645.2715, 2898.4701, 1596.1294, 1623.9692, 1594.5426, 1622.2585
558.0560, 1702.2593, 2372.3131, 1705.1062, 2205.4679, 1652.9581, 2117.4669, 1601.6754, 1705.6492, 1645.0160, 2890.7236, 1595.3822, 1623.9983, 1594.0787, 1621.5821
559.0560, 1700.6888, 2386.3209, 1705.5374, 2205.9751, 1652.8421, 2122.1316, 1599.7508, 1706.9377, 1645.4900, 2885.3283, 1596.9934, 1624.3337, 1594.2372, 1622.5789
560.0560, 1702.0117, 2403.9706, 1706.3591, 2209.8008, 1653.3480, 2125.1442, 1598.5279, 1707.6951, 1645.8523, 2882.4022, 1596.0688, 1623.9345, 1594.6812, 1623.1533
561.0560, 1699.1389, 2420.7681, 1707.2713, 2202.3827, 1653.4503, 2131.2865, 1599.2754, 1709.7639, 1645.9261, 2874.2814, 1595.7368, 1624.3943, 1593.4861, 1623.1371
562.0560, 1700.9501, 2433.1517, 1706.8755, 2182.6173, 1652.7173, 2137.2368, 1599.4721, 1705.6721, 1646.3952, 2872.6597, 1596.1680, 1623.6096, 1594.4415, 1622.7523
563.0560, 1698.9853, 2444.5978, 1708.2805, 2158.3801, 1652.9016, 2144.5760, 1600.5115, 1706.9279, 1644.8283, 2865.5469, 1597.3343, 1624.6134, 1594.9732, 1622.9525
564.0560, 1700.8346, 2458.0372, 1707.5976, 2149.7326, 1654.1511, 2153.1901, 1599.8754, 1704.7869, 1646.1617, 2861.6168, 1596.8331, 1623.9780, 1593.8929, 1621.6640
565.0560, 1699.4530, 2479.1086, 1707.2451, 2151.0917, 1652.0955, 2159.3411, 1600.0820, 1702.7902, 1644.5259, 2863.0539, 1594.7638, 1624.4218, 1593.6688, 1622.4750
566.0560, 1697.9237, 2489.6771, 1706.3434, 2148.3303, 1651.0400, 2168.9912, 1598.8262, 1705.3180, 1643.5659, 2854.7705, 1595.4813, 1624.7759, 1594.1600, 1622.7552
567.0560, 1698.8757, 2492.7427, 1706.2267, 2150.1953, 1651.9825, 2176.7037, 1597.5311, 1703.0852, 1645.7784, 2850.6916, 1595.3855, 1624.7302, 1593.5907, 1622.9235
568.0560, 1697.5734, 2516.2290, 1705.8860, 2146.8047, 1652.4220, 2189.1131, 1597.9115, 1704.5115, 1645.0150, 2849.9900, 1597.0121, 1624.0463, 1594.4903, 1623.0689
569.0560, 1699.5616, 2538.5059, 1706.9161, 2149.8899, 1652.5945, 2194.5351, 1598.1115, 1703.1344, 1645.1547, 2845.0898, 1596.1580, 1623.7307, 1593.9002, 1621.9624
570.0560, 1697.1849, 2556.9569, 1705.2398, 2150.8270, 1651.9513, 2207.3363, 1599.8721, 1703.2066, 1644.3333, 2842.0080, 1595.6988, 1623.2390, 1595.4530, 1623.6184
571.0560, 1696.9002, 2580.2965, 1706.0236, 2154.2621, 1651.3577, 2216.3577, 1598.8951, 1704.2721, 1645.6118, 2839.2136, 1596.1514, 1624.5463, 1594.6822, 1623.4326
572.0560, 1696.7387, 2605.6507, 1707.3526, 2154.2700, 1651.5224, 2225.2914, 1600.2066, 1700.1738, 1645.0988, 2836.1048, 1595.5088, 1625.0997, 1594.4536, 1621.9257
573.0560, 1697.2025, 2625.5802, 1706.9214, 2154.9948, 1651.1579, 2233.8567, 1599.8787, 1701.7410, 1646.6208, 2830.5070, 1596.6762, 1624.2070, 1595.2853, 1622.4718
574.0560, 1695.1556, 2645.5313, 1706.4784, 2159.2896, 1651.4971, 2246.9025, 1599.8459, 1701.4033, 1645.8273, 2830.4501, 1595.3739, 1624.2351, 1594.1135, 1622.5990
575.0560, 1695.5284, 2669.3229, 1704.1376, 2159.9423, 1649.2924, 2259.6092, 1601.0000, 1702.9803, 1644.9641, 2825.8413, 1596.0639, 1623.9405, 1595.1186, 1622.0912
576.0560, 1695.9599, 2694.2211, 1703.3670, 2163.5649, 1649.2641, 2269.3811, 1599.6885, 1698.4656, 1647.3214, 2822.0689, 1596.1294, 1623.8943, 1594.7721, 1622.3997
577.0560, 1695.9070, 2694.1840, 1704.8991, 2165.7759, 1649.1296, 2282.4259, 1598.1410, 1703.2066, 1645.3413, 2819.8802, 1596.0540, 1621.8442, 1593.8929, 1622.4345
578.0560, 1694.3151, 2718.2192, 1703.1468, 2162.6317, 1649.0214, 2294.3694, 1599.4033, 1702.4033, 1647.2206, 2818.6188, 1595.2715, 1624.7170, 1593.3022, 1621.5371
579.0560, 1696.2984, 2720.6184, 1705.4875, 2163.8650, 1649.7544, 2305.6579, 1600.4525, 1699.9279, 1645.2515, 2815.4850, 1595.2814, 1625.9301, 1594.2802, 1622.8100
580.0560, 1694.3845, 2722.9677, 1704.3906, 2167.1311, 1648.0731, 2315.5624, 1596.8098, 1699.8754, 1646.4401, 2812.6218, 1596.1762, 1623.5991, 1594.2573, 1620.9605
581.0560, 1694.8679, 2680.5724, 1705.2503, 2171.7641, 1648.4756, 2323.7554, 1597.9803, 1699.3475, 1646.3772, 2813.9531, 1596.2605, 1624.1977, 1593.7112, 1621.8387
582.0560, 1696.7779, 2622.0714, 1704.5125, 2167.2543, 1648.3879, 2336.8674, 1599.9672, 1700.5836, 1646.7295, 2808.7635, 1595.9174, 1622.9080, 1594.2955, 1620.4992
583.0560, 1696.3708, 2620.2162, 1705.9817, 2166.8047, 1647.1832, 2347.8392, 1598.4852, 1698.0230, 1647.2545, 2806.5379, 1595.7313, 1624.8976, 1595.4291, 1622.7985
584.0560, 1696.5489, 2616.7984, 1704.3866, 2168.4535, 1648.3333, 2359.4834, 1598.5607, 1697.3377, 1647.5319, 2803.4012, 1595.9152, 1624.1894, 1594.9490, 1623.2907
585.0560, 1697.2515, 2612.0930, 1704.8545, 2173.1481, 1646.6540, 2368.5897, 1599.7016, 1696.5344, 1646.6926, 2802.6667, 1595.3535, 1624.0749, 1593.9863, 1622.5843
586.0560, 1696.2084, 2590.3650, 1703.6370, 2173.0773, 1645.1218, 2379.3928, 1597.8984, 1696.3672, 1646.1078, 2799.5519, 1596.8409, 1624.0253, 1594.4192, 1622.5215
587.0560, 1696.0489, 2586.6223, 1701.9830, 2170.6986, 1646.8314, 2390.9357, 1597.8984, 1697.6098, 1646.0230, 2798.1088, 1597.0358, 1624.8899, 1593.8412, 1622.6140
588.0560, 1696.7446, 2571.8170, 1702.7864, 2170.2818, 1645.7359, 2402.1384, 1597.2885, 1696.6426, 1646.9860, 2795.2715, 1596.4229, 1623.0507, 1594.3956, 1622.9337
589.0560, 1698.5587, 2566.2055, 1705.0485, 2170.9817, 1645.4318, 2411.5994, 1598.9049, 1696.7016, 1647.2505, 2793.0339, 1595.2489, 1624.7076, 1593.9672, 1622.7026
590.0560, 1697.1429, 2563.4824, 1705.3028, 2172.0249, 1645.3762, 2423.0478, 1599.4820, 1696.5115, 1645.7994, 2796.9561, 1595.5859, 1624.0540, 1593.6414, 1622.7816
591.0560, 1696.6996, 2589.4755, 1704.3329, 2173.8427, 1644.3060, 2433.2865, 1598.8656, 1696.1639, 1646.9242, 2794.6447, 1595.3023, 1624.3667, 1594.1473, 1623.6650
592.0560, 1697.1928, 2620.0313, 1702.2398, 2172.8244, 1644.6170, 2445.6209, 1600.7967, 1694.8131, 1647.0459, 2791.1218, 1596.4653, 1623.4912, 1593.9538, 1622.1460
593.0560, 1695.4325, 2637.2446, 1702.8873, 2173.9423, 1644.4600, 2453.6618, 1595.8000, 1696.4098, 1645.2695, 2791.5070, 1595.7957, 1625.2406, 1593.8696, 1622.9267
594.0560, 1696.2632, 2632.6957, 1701.6383, 2177.7641, 1643.1189, 2460.6676, 1600.7049, 1695.8066, 1645.4810, 2788.8363, 1596.4906, 1623.3287, 1594.5910, 1622.4938
595.0560, 1695.5773, 2630.7759, 1701.3001, 2176.5505, 1643.7105, 2473.0858, 1599.7443, 1695.1705, 1646.6597, 2786.5749, 1595.3601, 1624.6878, 1594.0909, 1622.3542
596.0560, 1696.2789, 2618.7192, 1703.7523, 2178.2870, 1642.7485, 2483.4464, 1599.2951, 1694.4787, 1646.5998, 2784.1637, 1595.0870, 1624.4268, 1594.4221, 1622.8942
597.0560, 1695.8131, 2652.8376, 1702.8742, 2177.9987, 1644.1589, 2493.0906, 1597.5148, 1694.1738, 1646.1577, 2784.1517, 1594.7863, 1624.7126, 1592.2384, 1621.6764
598.0560, 1694.3102, 2634.5068, 1701.6094, 2175.7772, 1642.3587, 2499.4425, 1597.9705, 1694.7246, 1646.1996, 2781.3703, 1594.9934, 1623.2786, 1594.1470, 1621.5805
599.0560, 1696.7133, 2598.4726, 1701.6278, 2174.8702, 1644.2671, 2507.7446, 1595.8951, 1693.7213, 1645.5768, 2781.3483, 1595.4213, 1623.7037, 1593.6595, 1622.2843
600.0560, 1698.3464, 2563.1321, 1703.4522, 2173.0655, 1642.8840, 2513.3314, 1598.1574, 1693.7738, 1645.3872, 2778.5918, 1595.5997, 1623.1134, 1594.7969, 1622.1524
601.0560, 1700.4765, 2521.1272, 1702.8060, 2173.8965, 1642.4766, 2522.3967, 1598.9246, 1692.6721, 1646.9242, 2777.4092, 1596.1757, 1623.8497, 1593.1167, 1622.2853
602.0560, 1698.2378, 2472.9051, 1702.1664, 2176.8401, 1642.9942, 2528.9747, 1597.6066, 1691.3311, 1646.6487, 2775.9202, 1596.8711, 1625.6619, 1595.1623, 1621.3172
603.0560, 1698.7867, 2470.9237, 1703.1062, 2176.8440, 1641.2671, 2536.6491, 1596.4557, 1694.3508, 1647.3054, 2778.2834, 1596.4686, 1623.8111, 1592.7631, 1622.1291
604.0560, 1698.8004, 2475.1164, 1702.8100, 2174.5754, 1641.0127, 2542.7417, 1598.4590, 1692.6098, 1647.4581, 2772.3533, 1597.3287, 1625.4323, 1593.7794, 1622.0567
605.0560, 1698.5333, 2434.6282, 1701.9227, 2170.8375, 1641.9552, 2547.2963, 1599.1705, 1692.2197, 1647.4251, 2770.0749, 1595.8987, 1625.2880, 1594.0462, 1621.5582